21:02:17 DEBUG : Logs will be stored at 'C:/Users/14435/Desktop/ECE385/lab7_2_workspace/IDE.log'.
21:02:21 INFO  : Platform repository initialization has completed.
21:02:21 INFO  : Registering command handlers for Vitis TCF services
21:02:21 INFO  : Launching XSCT server: xsct.bat -n  -interactive C:\Users\14435\Desktop\ECE385\lab7_2_workspace\temp_xsdb_launch_script.tcl
21:02:25 INFO  : XSCT server has started successfully.
21:02:32 INFO  : Successfully done setting XSCT server connection channel  
21:02:32 INFO  : plnx-install-location is set to ''
21:02:32 INFO  : Successfully done query RDI_DATADIR 
21:02:32 INFO  : Successfully done setting workspace for the tool. 
21:19:24 ERROR : (XSDB Server)ERROR: [Hsi 55-1562] Source directory C:/Users/14435/Desktop/ECE385/lab7_2_workspace/lab7_2_toplevel/hw/drivers\hdmi_text_controller_v1_0/src does not exist or is not a directory.

21:19:26 INFO  : Result from executing command 'getProjects': lab7_2_toplevel
21:19:26 INFO  : Result from executing command 'getPlatforms': 
21:19:26 WARN  : An unexpected exception occurred in the module 'platform project logging'
21:19:26 INFO  : Platform 'lab7_2_toplevel' is added to custom repositories.
21:19:28 INFO  : Platform 'lab7_2_toplevel' is added to custom repositories.
21:29:11 INFO  : Result from executing command 'getProjects': lab7_2_toplevel
21:29:11 INFO  : Result from executing command 'getPlatforms': lab7_2_toplevel|C:/Users/14435/Desktop/ECE385/lab7_2_workspace/lab7_2_toplevel/export/lab7_2_toplevel/lab7_2_toplevel.xpfm
21:29:11 INFO  : Checking for BSP changes to sync application flags for project 'Lab7_2'...
21:33:39 DEBUG : Logs will be stored at 'C:/Users/14435/Desktop/ECE385/lab7_2_workspace/IDE.log'.
21:33:40 INFO  : Launching XSCT server: xsct.bat -n  -interactive C:\Users\14435\Desktop\ECE385\lab7_2_workspace\temp_xsdb_launch_script.tcl
21:33:42 INFO  : Platform repository initialization has completed.
21:33:43 INFO  : Registering command handlers for Vitis TCF services
21:33:45 INFO  : XSCT server has started successfully.
21:33:45 INFO  : Successfully done setting XSCT server connection channel  
21:33:53 INFO  : plnx-install-location is set to ''
21:33:53 INFO  : Successfully done setting workspace for the tool. 
21:33:53 INFO  : Successfully done query RDI_DATADIR 
21:34:56 INFO  : Connected to target on host '127.0.0.1' and port '3121'.
21:35:14 INFO  : ----------------XSDB Script----------------
connect -url tcp:127.0.0.1:3121
----------------End of Script----------------

21:35:14 ERROR : Could not find FPGA device on the board for connection 'Local'.


Troubleshooting hints:
1. Check whether board is connected to system properly.
2. In case of zynq board, check whether Digilent/Xilinx cable switch settings are correct.
3. If you are using Xilinx Platform Cable USB, ensure that status LED is green.
21:36:09 INFO  : Connected to target on host '127.0.0.1' and port '3121'.
21:36:09 INFO  : Jtag cable 'RealDigital Boo 8874292301C2A' is selected.
21:36:09 INFO  : 'jtag frequency' command is executed.
21:36:09 INFO  : 'targets -set -filter {jtag_cable_name =~ "RealDigital Boo 8874292301C2A" && level==0 && jtag_device_ctx=="jsn1-0362f093-0"}' command is executed.
21:36:11 INFO  : Device configured successfully with "C:/Users/14435/Desktop/ECE385/lab7_2_workspace/Lab7_2/_ide/bitstream/lab7_2_toplevel.bit"
21:36:11 INFO  : Context for processor 'microblaze_0' is selected.
21:36:11 INFO  : Hardware design and registers information is loaded from 'C:/Users/14435/Desktop/ECE385/lab7_2_workspace/lab7_2_toplevel/export/lab7_2_toplevel/hw/lab7_2_toplevel.xsa'.
21:36:11 INFO  : 'configparams mdm-detect-bscan-mask 2' command is executed.
21:36:11 INFO  : Context for processor 'microblaze_0' is selected.
21:36:11 INFO  : System reset is completed.
21:36:14 INFO  : 'after 3000' command is executed.
21:36:14 INFO  : Context for processor 'microblaze_0' is selected.
21:36:15 INFO  : The application 'C:/Users/14435/Desktop/ECE385/lab7_2_workspace/Lab7_2/Debug/Lab7_2.elf' is downloaded to processor 'microblaze_0'.
21:36:15 INFO  : ----------------XSDB Script----------------
connect -url tcp:127.0.0.1:3121
targets -set -filter {jtag_cable_name =~ "RealDigital Boo 8874292301C2A" && level==0 && jtag_device_ctx=="jsn1-0362f093-0"}
fpga -file C:/Users/14435/Desktop/ECE385/lab7_2_workspace/Lab7_2/_ide/bitstream/lab7_2_toplevel.bit
targets -set -nocase -filter {name =~ "*microblaze*#0" && bscan=="USER2" }
loadhw -hw C:/Users/14435/Desktop/ECE385/lab7_2_workspace/lab7_2_toplevel/export/lab7_2_toplevel/hw/lab7_2_toplevel.xsa -regs
configparams mdm-detect-bscan-mask 2
targets -set -nocase -filter {name =~ "*microblaze*#0" && bscan=="USER2" }
rst -system
after 3000
targets -set -nocase -filter {name =~ "*microblaze*#0" && bscan=="USER2" }
dow C:/Users/14435/Desktop/ECE385/lab7_2_workspace/Lab7_2/Debug/Lab7_2.elf
----------------End of Script----------------

21:36:15 INFO  : Context for processor 'microblaze_0' is selected.
21:36:15 INFO  : 'con' command is executed.
21:36:15 INFO  : ----------------XSDB Script (After Launch)----------------
targets -set -nocase -filter {name =~ "*microblaze*#0" && bscan=="USER2" }
con
----------------End of Script----------------

21:36:15 INFO  : Disconnected from the channel tcfchan#1.
21:37:30 INFO  : Connected to target on host '127.0.0.1' and port '3121'.
21:37:31 INFO  : Jtag cable 'RealDigital Boo 8874292301C2A' is selected.
21:37:31 INFO  : 'jtag frequency' command is executed.
21:37:31 INFO  : 'targets -set -filter {jtag_cable_name =~ "RealDigital Boo 8874292301C2A" && level==0 && jtag_device_ctx=="jsn1-0362f093-0"}' command is executed.
21:37:32 INFO  : Device configured successfully with "C:/Users/14435/Desktop/ECE385/lab7_2_workspace/Lab7_2/_ide/bitstream/lab7_2_toplevel.bit"
21:37:32 INFO  : Context for processor 'microblaze_0' is selected.
21:37:33 INFO  : Hardware design and registers information is loaded from 'C:/Users/14435/Desktop/ECE385/lab7_2_workspace/lab7_2_toplevel/export/lab7_2_toplevel/hw/lab7_2_toplevel.xsa'.
21:37:33 INFO  : 'configparams mdm-detect-bscan-mask 2' command is executed.
21:37:33 INFO  : Context for processor 'microblaze_0' is selected.
21:37:33 INFO  : System reset is completed.
21:37:36 INFO  : 'after 3000' command is executed.
21:37:36 INFO  : Context for processor 'microblaze_0' is selected.
21:37:36 INFO  : The application 'C:/Users/14435/Desktop/ECE385/lab7_2_workspace/Lab7_2/Debug/Lab7_2.elf' is downloaded to processor 'microblaze_0'.
21:37:36 INFO  : ----------------XSDB Script----------------
connect -url tcp:127.0.0.1:3121
targets -set -filter {jtag_cable_name =~ "RealDigital Boo 8874292301C2A" && level==0 && jtag_device_ctx=="jsn1-0362f093-0"}
fpga -file C:/Users/14435/Desktop/ECE385/lab7_2_workspace/Lab7_2/_ide/bitstream/lab7_2_toplevel.bit
targets -set -nocase -filter {name =~ "*microblaze*#0" && bscan=="USER2" }
loadhw -hw C:/Users/14435/Desktop/ECE385/lab7_2_workspace/lab7_2_toplevel/export/lab7_2_toplevel/hw/lab7_2_toplevel.xsa -regs
configparams mdm-detect-bscan-mask 2
targets -set -nocase -filter {name =~ "*microblaze*#0" && bscan=="USER2" }
rst -system
after 3000
targets -set -nocase -filter {name =~ "*microblaze*#0" && bscan=="USER2" }
dow C:/Users/14435/Desktop/ECE385/lab7_2_workspace/Lab7_2/Debug/Lab7_2.elf
----------------End of Script----------------

21:37:36 INFO  : Context for processor 'microblaze_0' is selected.
21:37:36 INFO  : 'con' command is executed.
21:37:36 INFO  : ----------------XSDB Script (After Launch)----------------
targets -set -nocase -filter {name =~ "*microblaze*#0" && bscan=="USER2" }
con
----------------End of Script----------------

21:37:36 INFO  : Disconnected from the channel tcfchan#2.
21:39:19 INFO  : Connected to target on host '127.0.0.1' and port '3121'.
21:39:20 INFO  : Jtag cable 'RealDigital Boo 8874292301C2A' is selected.
21:39:20 INFO  : 'jtag frequency' command is executed.
21:39:20 INFO  : 'targets -set -filter {jtag_cable_name =~ "RealDigital Boo 8874292301C2A" && level==0 && jtag_device_ctx=="jsn1-0362f093-0"}' command is executed.
21:39:21 INFO  : Device configured successfully with "C:/Users/14435/Desktop/ECE385/lab7_2_workspace/Lab7_2/_ide/bitstream/lab7_2_toplevel.bit"
21:39:21 INFO  : Context for processor 'microblaze_0' is selected.
21:39:21 INFO  : Hardware design and registers information is loaded from 'C:/Users/14435/Desktop/ECE385/lab7_2_workspace/lab7_2_toplevel/export/lab7_2_toplevel/hw/lab7_2_toplevel.xsa'.
21:39:21 INFO  : 'configparams mdm-detect-bscan-mask 2' command is executed.
21:39:21 INFO  : Context for processor 'microblaze_0' is selected.
21:39:21 INFO  : System reset is completed.
21:39:24 INFO  : 'after 3000' command is executed.
21:39:24 INFO  : Connected to target on host '127.0.0.1' and port '3121'.
21:39:24 INFO  : Context for processor 'microblaze_0' is selected.
21:39:25 INFO  : The application 'C:/Users/14435/Desktop/ECE385/lab7_2_workspace/Lab7_2/Debug/Lab7_2.elf' is downloaded to processor 'microblaze_0'.
21:39:25 INFO  : ----------------XSDB Script----------------
connect -url tcp:127.0.0.1:3121
targets -set -filter {jtag_cable_name =~ "RealDigital Boo 8874292301C2A" && level==0 && jtag_device_ctx=="jsn1-0362f093-0"}
fpga -file C:/Users/14435/Desktop/ECE385/lab7_2_workspace/Lab7_2/_ide/bitstream/lab7_2_toplevel.bit
targets -set -nocase -filter {name =~ "*microblaze*#0" && bscan=="USER2" }
loadhw -hw C:/Users/14435/Desktop/ECE385/lab7_2_workspace/lab7_2_toplevel/export/lab7_2_toplevel/hw/lab7_2_toplevel.xsa -regs
configparams mdm-detect-bscan-mask 2
targets -set -nocase -filter {name =~ "*microblaze*#0" && bscan=="USER2" }
rst -system
after 3000
targets -set -nocase -filter {name =~ "*microblaze*#0" && bscan=="USER2" }
dow C:/Users/14435/Desktop/ECE385/lab7_2_workspace/Lab7_2/Debug/Lab7_2.elf
----------------End of Script----------------

21:39:25 INFO  : Context for processor 'microblaze_0' is selected.
21:39:25 INFO  : 'con' command is executed.
21:39:25 INFO  : ----------------XSDB Script (After Launch)----------------
targets -set -nocase -filter {name =~ "*microblaze*#0" && bscan=="USER2" }
con
----------------End of Script----------------

21:39:25 INFO  : Disconnected from the channel tcfchan#3.
21:39:25 INFO  : ----------------XSDB Script----------------
connect -url tcp:127.0.0.1:3121
----------------End of Script----------------

21:39:25 ERROR : Invalid target. Use "connect" command to connect to hw_server/TCF agent
22:07:51 INFO  : Result from executing command 'removePlatformRepo': 
22:08:07 INFO  : Result from executing command 'getProjects': lab7_2_toplevel
22:08:07 INFO  : Result from executing command 'getPlatforms': 
22:08:07 INFO  : Checking for BSP changes to sync application flags for project 'Lab7_2'...
22:09:42 INFO  : Connected to target on host '127.0.0.1' and port '3121'.
22:09:43 INFO  : Jtag cable 'RealDigital Boo 8874292301C2A' is selected.
22:09:43 INFO  : 'jtag frequency' command is executed.
22:09:43 INFO  : 'targets -set -filter {jtag_cable_name =~ "RealDigital Boo 8874292301C2A" && level==0 && jtag_device_ctx=="jsn1-0362f093-0"}' command is executed.
22:09:44 INFO  : Device configured successfully with "C:/Users/14435/Desktop/ECE385/lab7_2_workspace/Lab7_2/_ide/bitstream/lab7_2_toplevel.bit"
22:09:44 INFO  : Context for processor 'microblaze_0' is selected.
22:09:44 INFO  : Hardware design and registers information is loaded from 'C:/Users/14435/Desktop/ECE385/lab7_2_workspace/lab7_2_toplevel/export/lab7_2_toplevel/hw/lab7_2_toplevel.xsa'.
22:09:44 INFO  : 'configparams mdm-detect-bscan-mask 2' command is executed.
22:09:44 INFO  : Context for processor 'microblaze_0' is selected.
22:09:44 INFO  : System reset is completed.
22:09:47 INFO  : 'after 3000' command is executed.
22:09:47 INFO  : Context for processor 'microblaze_0' is selected.
22:09:48 INFO  : The application 'C:/Users/14435/Desktop/ECE385/lab7_2_workspace/Lab7_2/Debug/Lab7_2.elf' is downloaded to processor 'microblaze_0'.
22:09:48 INFO  : ----------------XSDB Script----------------
connect -url tcp:127.0.0.1:3121
targets -set -filter {jtag_cable_name =~ "RealDigital Boo 8874292301C2A" && level==0 && jtag_device_ctx=="jsn1-0362f093-0"}
fpga -file C:/Users/14435/Desktop/ECE385/lab7_2_workspace/Lab7_2/_ide/bitstream/lab7_2_toplevel.bit
targets -set -nocase -filter {name =~ "*microblaze*#0" && bscan=="USER2" }
loadhw -hw C:/Users/14435/Desktop/ECE385/lab7_2_workspace/lab7_2_toplevel/export/lab7_2_toplevel/hw/lab7_2_toplevel.xsa -regs
configparams mdm-detect-bscan-mask 2
targets -set -nocase -filter {name =~ "*microblaze*#0" && bscan=="USER2" }
rst -system
after 3000
targets -set -nocase -filter {name =~ "*microblaze*#0" && bscan=="USER2" }
dow C:/Users/14435/Desktop/ECE385/lab7_2_workspace/Lab7_2/Debug/Lab7_2.elf
----------------End of Script----------------

22:09:48 INFO  : Context for processor 'microblaze_0' is selected.
22:09:48 INFO  : 'con' command is executed.
22:09:48 INFO  : ----------------XSDB Script (After Launch)----------------
targets -set -nocase -filter {name =~ "*microblaze*#0" && bscan=="USER2" }
con
----------------End of Script----------------

22:09:48 INFO  : Disconnected from the channel tcfchan#6.
22:10:12 INFO  : Connected to target on host '127.0.0.1' and port '3121'.
22:10:13 INFO  : Jtag cable 'RealDigital Boo 8874292301C2A' is selected.
22:10:13 INFO  : 'jtag frequency' command is executed.
22:10:13 INFO  : 'targets -set -filter {jtag_cable_name =~ "RealDigital Boo 8874292301C2A" && level==0 && jtag_device_ctx=="jsn1-0362f093-0"}' command is executed.
22:10:14 INFO  : Device configured successfully with "C:/Users/14435/Desktop/ECE385/lab7_2_workspace/Lab7_2/_ide/bitstream/lab7_2_toplevel.bit"
22:10:14 INFO  : Context for processor 'microblaze_0' is selected.
22:10:14 INFO  : Hardware design and registers information is loaded from 'C:/Users/14435/Desktop/ECE385/lab7_2_workspace/lab7_2_toplevel/export/lab7_2_toplevel/hw/lab7_2_toplevel.xsa'.
22:10:14 INFO  : 'configparams mdm-detect-bscan-mask 2' command is executed.
22:10:14 INFO  : Context for processor 'microblaze_0' is selected.
22:10:14 INFO  : System reset is completed.
22:10:17 INFO  : 'after 3000' command is executed.
22:10:17 INFO  : Context for processor 'microblaze_0' is selected.
22:10:18 INFO  : The application 'C:/Users/14435/Desktop/ECE385/lab7_2_workspace/Lab7_2/Debug/Lab7_2.elf' is downloaded to processor 'microblaze_0'.
22:10:18 INFO  : ----------------XSDB Script----------------
connect -url tcp:127.0.0.1:3121
targets -set -filter {jtag_cable_name =~ "RealDigital Boo 8874292301C2A" && level==0 && jtag_device_ctx=="jsn1-0362f093-0"}
fpga -file C:/Users/14435/Desktop/ECE385/lab7_2_workspace/Lab7_2/_ide/bitstream/lab7_2_toplevel.bit
targets -set -nocase -filter {name =~ "*microblaze*#0" && bscan=="USER2" }
loadhw -hw C:/Users/14435/Desktop/ECE385/lab7_2_workspace/lab7_2_toplevel/export/lab7_2_toplevel/hw/lab7_2_toplevel.xsa -regs
configparams mdm-detect-bscan-mask 2
targets -set -nocase -filter {name =~ "*microblaze*#0" && bscan=="USER2" }
rst -system
after 3000
targets -set -nocase -filter {name =~ "*microblaze*#0" && bscan=="USER2" }
dow C:/Users/14435/Desktop/ECE385/lab7_2_workspace/Lab7_2/Debug/Lab7_2.elf
----------------End of Script----------------

22:10:18 INFO  : Context for processor 'microblaze_0' is selected.
22:10:18 INFO  : 'con' command is executed.
22:10:18 INFO  : ----------------XSDB Script (After Launch)----------------
targets -set -nocase -filter {name =~ "*microblaze*#0" && bscan=="USER2" }
con
----------------End of Script----------------

22:10:18 INFO  : Disconnected from the channel tcfchan#7.
22:15:07 INFO  : Hardware specification for platform project 'lab7_2_toplevel' is updated.
22:15:37 INFO  : Result from executing command 'removePlatformRepo': 
22:15:51 INFO  : Result from executing command 'getProjects': lab7_2_toplevel
22:15:51 INFO  : Result from executing command 'getPlatforms': 
22:15:51 INFO  : Checking for BSP changes to sync application flags for project 'Lab7_2'...
22:15:54 INFO  : The hardware specification used by project 'Lab7_2' is out of sync with the platform. Resource files extracted from the hardware specification will be updated.
22:15:54 INFO  : The file 'C:\Users\14435\Desktop\ECE385\lab7_2_workspace\Lab7_2\_ide\bitstream\lab7_2_toplevel.bit' stored in project is removed.
22:15:54 INFO  : The file 'C:\Users\14435\Desktop\ECE385\lab7_2_workspace\Lab7_2\_ide\bitstream\lab7_2_toplevel.mmi' stored in project is removed.
22:15:54 INFO  : The updated bitstream files are copied from platform to folder 'C:\Users\14435\Desktop\ECE385\lab7_2_workspace\Lab7_2\_ide\bitstream' in project 'Lab7_2'.
22:16:20 INFO  : Connected to target on host '127.0.0.1' and port '3121'.
22:16:21 INFO  : Jtag cable 'RealDigital Boo 8874292301C2A' is selected.
22:16:21 INFO  : 'jtag frequency' command is executed.
22:16:21 INFO  : 'targets -set -filter {jtag_cable_name =~ "RealDigital Boo 8874292301C2A" && level==0 && jtag_device_ctx=="jsn1-0362f093-0"}' command is executed.
22:16:22 INFO  : Device configured successfully with "C:/Users/14435/Desktop/ECE385/lab7_2_workspace/Lab7_2/_ide/bitstream/lab7_2_toplevel.bit"
22:16:22 INFO  : Context for processor 'microblaze_0' is selected.
22:16:22 INFO  : Hardware design and registers information is loaded from 'C:/Users/14435/Desktop/ECE385/lab7_2_workspace/lab7_2_toplevel/export/lab7_2_toplevel/hw/lab7_2_toplevel.xsa'.
22:16:22 INFO  : 'configparams mdm-detect-bscan-mask 2' command is executed.
22:16:22 INFO  : Context for processor 'microblaze_0' is selected.
22:16:22 INFO  : System reset is completed.
22:16:25 INFO  : 'after 3000' command is executed.
22:16:25 INFO  : Context for processor 'microblaze_0' is selected.
22:16:26 INFO  : The application 'C:/Users/14435/Desktop/ECE385/lab7_2_workspace/Lab7_2/Debug/Lab7_2.elf' is downloaded to processor 'microblaze_0'.
22:16:26 INFO  : ----------------XSDB Script----------------
connect -url tcp:127.0.0.1:3121
targets -set -filter {jtag_cable_name =~ "RealDigital Boo 8874292301C2A" && level==0 && jtag_device_ctx=="jsn1-0362f093-0"}
fpga -file C:/Users/14435/Desktop/ECE385/lab7_2_workspace/Lab7_2/_ide/bitstream/lab7_2_toplevel.bit
targets -set -nocase -filter {name =~ "*microblaze*#0" && bscan=="USER2" }
loadhw -hw C:/Users/14435/Desktop/ECE385/lab7_2_workspace/lab7_2_toplevel/export/lab7_2_toplevel/hw/lab7_2_toplevel.xsa -regs
configparams mdm-detect-bscan-mask 2
targets -set -nocase -filter {name =~ "*microblaze*#0" && bscan=="USER2" }
rst -system
after 3000
targets -set -nocase -filter {name =~ "*microblaze*#0" && bscan=="USER2" }
dow C:/Users/14435/Desktop/ECE385/lab7_2_workspace/Lab7_2/Debug/Lab7_2.elf
----------------End of Script----------------

22:16:26 INFO  : Context for processor 'microblaze_0' is selected.
22:16:26 INFO  : 'con' command is executed.
22:16:26 INFO  : ----------------XSDB Script (After Launch)----------------
targets -set -nocase -filter {name =~ "*microblaze*#0" && bscan=="USER2" }
con
----------------End of Script----------------

22:16:26 INFO  : Disconnected from the channel tcfchan#10.
22:18:15 INFO  : Hardware specification for platform project 'lab7_2_toplevel' is updated.
22:18:26 INFO  : Result from executing command 'removePlatformRepo': 
22:18:38 INFO  : Result from executing command 'getProjects': lab7_2_toplevel
22:18:38 INFO  : Result from executing command 'getPlatforms': 
22:18:39 INFO  : Checking for BSP changes to sync application flags for project 'Lab7_2'...
22:18:41 INFO  : The hardware specification used by project 'Lab7_2' is out of sync with the platform. Resource files extracted from the hardware specification will be updated.
22:18:41 INFO  : The file 'C:\Users\14435\Desktop\ECE385\lab7_2_workspace\Lab7_2\_ide\bitstream\lab7_2_toplevel.bit' stored in project is removed.
22:18:41 INFO  : The file 'C:\Users\14435\Desktop\ECE385\lab7_2_workspace\Lab7_2\_ide\bitstream\lab7_2_toplevel.mmi' stored in project is removed.
22:18:41 INFO  : The updated bitstream files are copied from platform to folder 'C:\Users\14435\Desktop\ECE385\lab7_2_workspace\Lab7_2\_ide\bitstream' in project 'Lab7_2'.
22:19:04 INFO  : Connected to target on host '127.0.0.1' and port '3121'.
22:19:04 INFO  : Jtag cable 'RealDigital Boo 8874292301C2A' is selected.
22:19:04 INFO  : 'jtag frequency' command is executed.
22:19:05 INFO  : 'targets -set -filter {jtag_cable_name =~ "RealDigital Boo 8874292301C2A" && level==0 && jtag_device_ctx=="jsn1-0362f093-0"}' command is executed.
22:19:05 ERROR : couldn't open "C:/Users/14435/Desktop/ECE385/lab7_2_workspace/Lab7_2/_ide/bitstream/lab7_2_toplevel.bit": no such file or directory
22:19:05 ERROR : Exception occured while running Program Device.
java.lang.RuntimeException: couldn't open "C:/Users/14435/Desktop/ECE385/lab7_2_workspace/Lab7_2/_ide/bitstream/lab7_2_toplevel.bit": no such file or directory
22:19:05 INFO  : ----------------XSDB Script----------------
connect -url tcp:127.0.0.1:3121
----------------End of Script----------------

22:19:05 ERROR : couldn't open "C:/Users/14435/Desktop/ECE385/lab7_2_workspace/Lab7_2/_ide/bitstream/lab7_2_toplevel.bit": no such file or directory
22:20:05 INFO  : Hardware specification for platform project 'lab7_2_toplevel' is updated.
22:58:43 INFO  : Hardware specification for platform project 'lab7_2_toplevel' is updated.
22:58:54 INFO  : Result from executing command 'removePlatformRepo': 
22:59:14 INFO  : Result from executing command 'getProjects': lab7_2_toplevel
22:59:14 INFO  : Result from executing command 'getPlatforms': 
22:59:15 INFO  : Checking for BSP changes to sync application flags for project 'Lab7_2'...
22:59:17 INFO  : The hardware specification used by project 'Lab7_2' is out of sync with the platform. Resource files extracted from the hardware specification will be updated.
22:59:17 INFO  : The file 'C:\Users\14435\Desktop\ECE385\lab7_2_workspace\Lab7_2\_ide\bitstream\toplevel.bit' stored in project is removed.
22:59:17 INFO  : The file 'C:\Users\14435\Desktop\ECE385\lab7_2_workspace\Lab7_2\_ide\bitstream\toplevel.mmi' stored in project is removed.
22:59:17 INFO  : The updated bitstream files are copied from platform to folder 'C:\Users\14435\Desktop\ECE385\lab7_2_workspace\Lab7_2\_ide\bitstream' in project 'Lab7_2'.
22:59:33 INFO  : Connected to target on host '127.0.0.1' and port '3121'.
22:59:33 INFO  : Jtag cable 'RealDigital Boo 8874292301C2A' is selected.
22:59:33 INFO  : 'jtag frequency' command is executed.
22:59:33 INFO  : 'targets -set -filter {jtag_cable_name =~ "RealDigital Boo 8874292301C2A" && level==0 && jtag_device_ctx=="jsn1-0362f093-0"}' command is executed.
22:59:34 INFO  : Device configured successfully with "C:/Users/14435/Desktop/ECE385/lab7_2_workspace/Lab7_2/_ide/bitstream/lab7_2_toplevel.bit"
22:59:35 INFO  : Context for processor 'microblaze_0' is selected.
22:59:35 INFO  : Hardware design and registers information is loaded from 'C:/Users/14435/Desktop/ECE385/lab7_2_workspace/lab7_2_toplevel/export/lab7_2_toplevel/hw/lab7_2_toplevel.xsa'.
22:59:35 INFO  : 'configparams mdm-detect-bscan-mask 2' command is executed.
22:59:35 INFO  : Context for processor 'microblaze_0' is selected.
22:59:35 INFO  : System reset is completed.
22:59:38 INFO  : 'after 3000' command is executed.
22:59:38 INFO  : Context for processor 'microblaze_0' is selected.
22:59:38 INFO  : The application 'C:/Users/14435/Desktop/ECE385/lab7_2_workspace/Lab7_2/Debug/Lab7_2.elf' is downloaded to processor 'microblaze_0'.
22:59:38 INFO  : ----------------XSDB Script----------------
connect -url tcp:127.0.0.1:3121
targets -set -filter {jtag_cable_name =~ "RealDigital Boo 8874292301C2A" && level==0 && jtag_device_ctx=="jsn1-0362f093-0"}
fpga -file C:/Users/14435/Desktop/ECE385/lab7_2_workspace/Lab7_2/_ide/bitstream/lab7_2_toplevel.bit
targets -set -nocase -filter {name =~ "*microblaze*#0" && bscan=="USER2" }
loadhw -hw C:/Users/14435/Desktop/ECE385/lab7_2_workspace/lab7_2_toplevel/export/lab7_2_toplevel/hw/lab7_2_toplevel.xsa -regs
configparams mdm-detect-bscan-mask 2
targets -set -nocase -filter {name =~ "*microblaze*#0" && bscan=="USER2" }
rst -system
after 3000
targets -set -nocase -filter {name =~ "*microblaze*#0" && bscan=="USER2" }
dow C:/Users/14435/Desktop/ECE385/lab7_2_workspace/Lab7_2/Debug/Lab7_2.elf
----------------End of Script----------------

22:59:38 INFO  : Context for processor 'microblaze_0' is selected.
22:59:38 INFO  : 'con' command is executed.
22:59:38 INFO  : ----------------XSDB Script (After Launch)----------------
targets -set -nocase -filter {name =~ "*microblaze*#0" && bscan=="USER2" }
con
----------------End of Script----------------

22:59:38 INFO  : Disconnected from the channel tcfchan#13.
23:35:37 INFO  : Hardware specification for platform project 'lab7_2_toplevel' is updated.
23:36:46 INFO  : Result from executing command 'removePlatformRepo': 
23:37:43 INFO  : Result from executing command 'getProjects': lab7_2_toplevel
23:37:43 INFO  : Result from executing command 'getPlatforms': 
23:37:44 INFO  : Checking for BSP changes to sync application flags for project 'Lab7_2'...
23:37:46 INFO  : The hardware specification used by project 'Lab7_2' is out of sync with the platform. Resource files extracted from the hardware specification will be updated.
23:37:46 INFO  : The file 'C:\Users\14435\Desktop\ECE385\lab7_2_workspace\Lab7_2\_ide\bitstream\lab7_2_toplevel.bit' stored in project is removed.
23:37:46 INFO  : The file 'C:\Users\14435\Desktop\ECE385\lab7_2_workspace\Lab7_2\_ide\bitstream\lab7_2_toplevel.mmi' stored in project is removed.
23:37:46 INFO  : The updated bitstream files are copied from platform to folder 'C:\Users\14435\Desktop\ECE385\lab7_2_workspace\Lab7_2\_ide\bitstream' in project 'Lab7_2'.
23:38:04 INFO  : Connected to target on host '127.0.0.1' and port '3121'.
23:38:04 INFO  : Jtag cable 'RealDigital Boo 8874292301C2A' is selected.
23:38:04 INFO  : 'jtag frequency' command is executed.
23:38:05 INFO  : 'targets -set -filter {jtag_cable_name =~ "RealDigital Boo 8874292301C2A" && level==0 && jtag_device_ctx=="jsn1-0362f093-0"}' command is executed.
23:38:06 INFO  : Device configured successfully with "C:/Users/14435/Desktop/ECE385/lab7_2_workspace/Lab7_2/_ide/bitstream/lab7_2_toplevel.bit"
23:38:06 INFO  : Context for processor 'microblaze_0' is selected.
23:38:06 INFO  : Hardware design and registers information is loaded from 'C:/Users/14435/Desktop/ECE385/lab7_2_workspace/lab7_2_toplevel/export/lab7_2_toplevel/hw/lab7_2_toplevel.xsa'.
23:38:06 INFO  : 'configparams mdm-detect-bscan-mask 2' command is executed.
23:38:06 INFO  : Context for processor 'microblaze_0' is selected.
23:38:06 INFO  : System reset is completed.
23:38:09 INFO  : 'after 3000' command is executed.
23:38:09 INFO  : Context for processor 'microblaze_0' is selected.
23:38:09 INFO  : The application 'C:/Users/14435/Desktop/ECE385/lab7_2_workspace/Lab7_2/Debug/Lab7_2.elf' is downloaded to processor 'microblaze_0'.
23:38:09 INFO  : ----------------XSDB Script----------------
connect -url tcp:127.0.0.1:3121
targets -set -filter {jtag_cable_name =~ "RealDigital Boo 8874292301C2A" && level==0 && jtag_device_ctx=="jsn1-0362f093-0"}
fpga -file C:/Users/14435/Desktop/ECE385/lab7_2_workspace/Lab7_2/_ide/bitstream/lab7_2_toplevel.bit
targets -set -nocase -filter {name =~ "*microblaze*#0" && bscan=="USER2" }
loadhw -hw C:/Users/14435/Desktop/ECE385/lab7_2_workspace/lab7_2_toplevel/export/lab7_2_toplevel/hw/lab7_2_toplevel.xsa -regs
configparams mdm-detect-bscan-mask 2
targets -set -nocase -filter {name =~ "*microblaze*#0" && bscan=="USER2" }
rst -system
after 3000
targets -set -nocase -filter {name =~ "*microblaze*#0" && bscan=="USER2" }
dow C:/Users/14435/Desktop/ECE385/lab7_2_workspace/Lab7_2/Debug/Lab7_2.elf
----------------End of Script----------------

23:38:09 INFO  : Context for processor 'microblaze_0' is selected.
23:38:09 INFO  : 'con' command is executed.
23:38:09 INFO  : ----------------XSDB Script (After Launch)----------------
targets -set -nocase -filter {name =~ "*microblaze*#0" && bscan=="USER2" }
con
----------------End of Script----------------

23:38:10 INFO  : Disconnected from the channel tcfchan#18.
23:47:40 INFO  : Hardware specification for platform project 'lab7_2_toplevel' is updated.
23:47:54 INFO  : Result from executing command 'removePlatformRepo': 
23:48:05 ERROR : Error from executing command 'removePlatformRepo': ERROR: No valid directory exists at given path.
23:48:14 INFO  : Result from executing command 'getProjects': lab7_2_toplevel
23:48:14 INFO  : Result from executing command 'getPlatforms': 
23:48:14 INFO  : Checking for BSP changes to sync application flags for project 'Lab7_2'...
23:48:16 INFO  : The hardware specification used by project 'Lab7_2' is out of sync with the platform. Resource files extracted from the hardware specification will be updated.
23:48:16 INFO  : The file 'C:\Users\14435\Desktop\ECE385\lab7_2_workspace\Lab7_2\_ide\bitstream\lab7_2_toplevel.bit' stored in project is removed.
23:48:16 INFO  : The file 'C:\Users\14435\Desktop\ECE385\lab7_2_workspace\Lab7_2\_ide\bitstream\lab7_2_toplevel.mmi' stored in project is removed.
23:48:16 INFO  : The updated bitstream files are copied from platform to folder 'C:\Users\14435\Desktop\ECE385\lab7_2_workspace\Lab7_2\_ide\bitstream' in project 'Lab7_2'.
23:48:50 INFO  : Connected to target on host '127.0.0.1' and port '3121'.
23:48:50 INFO  : Jtag cable 'RealDigital Boo 8874292301C2A' is selected.
23:48:50 INFO  : 'jtag frequency' command is executed.
23:48:50 INFO  : 'targets -set -filter {jtag_cable_name =~ "RealDigital Boo 8874292301C2A" && level==0 && jtag_device_ctx=="jsn1-0362f093-0"}' command is executed.
23:48:52 INFO  : Device configured successfully with "C:/Users/14435/Desktop/ECE385/lab7_2_workspace/Lab7_2/_ide/bitstream/lab7_2_toplevel.bit"
23:48:52 INFO  : Context for processor 'microblaze_0' is selected.
23:48:52 INFO  : Hardware design and registers information is loaded from 'C:/Users/14435/Desktop/ECE385/lab7_2_workspace/lab7_2_toplevel/export/lab7_2_toplevel/hw/lab7_2_toplevel.xsa'.
23:48:52 INFO  : 'configparams mdm-detect-bscan-mask 2' command is executed.
23:48:52 INFO  : Context for processor 'microblaze_0' is selected.
23:48:52 INFO  : System reset is completed.
23:48:55 INFO  : 'after 3000' command is executed.
23:48:55 INFO  : Context for processor 'microblaze_0' is selected.
23:48:55 INFO  : The application 'C:/Users/14435/Desktop/ECE385/lab7_2_workspace/Lab7_2/Debug/Lab7_2.elf' is downloaded to processor 'microblaze_0'.
23:48:55 INFO  : ----------------XSDB Script----------------
connect -url tcp:127.0.0.1:3121
targets -set -filter {jtag_cable_name =~ "RealDigital Boo 8874292301C2A" && level==0 && jtag_device_ctx=="jsn1-0362f093-0"}
fpga -file C:/Users/14435/Desktop/ECE385/lab7_2_workspace/Lab7_2/_ide/bitstream/lab7_2_toplevel.bit
targets -set -nocase -filter {name =~ "*microblaze*#0" && bscan=="USER2" }
loadhw -hw C:/Users/14435/Desktop/ECE385/lab7_2_workspace/lab7_2_toplevel/export/lab7_2_toplevel/hw/lab7_2_toplevel.xsa -regs
configparams mdm-detect-bscan-mask 2
targets -set -nocase -filter {name =~ "*microblaze*#0" && bscan=="USER2" }
rst -system
after 3000
targets -set -nocase -filter {name =~ "*microblaze*#0" && bscan=="USER2" }
dow C:/Users/14435/Desktop/ECE385/lab7_2_workspace/Lab7_2/Debug/Lab7_2.elf
----------------End of Script----------------

23:48:55 INFO  : Context for processor 'microblaze_0' is selected.
23:48:55 INFO  : 'con' command is executed.
23:48:55 INFO  : ----------------XSDB Script (After Launch)----------------
targets -set -nocase -filter {name =~ "*microblaze*#0" && bscan=="USER2" }
con
----------------End of Script----------------

23:48:55 INFO  : Disconnected from the channel tcfchan#22.
17:21:44 INFO  : Connected to target on host '127.0.0.1' and port '3121'.
17:21:45 INFO  : Jtag cable 'RealDigital Boo 8874292301C2A' is selected.
17:21:45 INFO  : 'jtag frequency' command is executed.
17:21:45 INFO  : 'targets -set -filter {jtag_cable_name =~ "RealDigital Boo 8874292301C2A" && level==0 && jtag_device_ctx=="jsn1-0362f093-0"}' command is executed.
17:21:46 INFO  : Device configured successfully with "C:/Users/14435/Desktop/ECE385/lab7_2_workspace/Lab7_2/_ide/bitstream/lab7_2_toplevel.bit"
17:21:46 INFO  : Context for processor 'microblaze_0' is selected.
17:21:46 INFO  : Hardware design and registers information is loaded from 'C:/Users/14435/Desktop/ECE385/lab7_2_workspace/lab7_2_toplevel/export/lab7_2_toplevel/hw/lab7_2_toplevel.xsa'.
17:21:46 INFO  : 'configparams mdm-detect-bscan-mask 2' command is executed.
17:21:46 INFO  : Context for processor 'microblaze_0' is selected.
17:21:46 INFO  : System reset is completed.
17:21:49 INFO  : 'after 3000' command is executed.
17:21:49 INFO  : Context for processor 'microblaze_0' is selected.
17:21:50 INFO  : The application 'C:/Users/14435/Desktop/ECE385/lab7_2_workspace/Lab7_2/Debug/Lab7_2.elf' is downloaded to processor 'microblaze_0'.
17:21:50 INFO  : ----------------XSDB Script----------------
connect -url tcp:127.0.0.1:3121
targets -set -filter {jtag_cable_name =~ "RealDigital Boo 8874292301C2A" && level==0 && jtag_device_ctx=="jsn1-0362f093-0"}
fpga -file C:/Users/14435/Desktop/ECE385/lab7_2_workspace/Lab7_2/_ide/bitstream/lab7_2_toplevel.bit
targets -set -nocase -filter {name =~ "*microblaze*#0" && bscan=="USER2" }
loadhw -hw C:/Users/14435/Desktop/ECE385/lab7_2_workspace/lab7_2_toplevel/export/lab7_2_toplevel/hw/lab7_2_toplevel.xsa -regs
configparams mdm-detect-bscan-mask 2
targets -set -nocase -filter {name =~ "*microblaze*#0" && bscan=="USER2" }
rst -system
after 3000
targets -set -nocase -filter {name =~ "*microblaze*#0" && bscan=="USER2" }
dow C:/Users/14435/Desktop/ECE385/lab7_2_workspace/Lab7_2/Debug/Lab7_2.elf
----------------End of Script----------------

17:21:50 INFO  : Context for processor 'microblaze_0' is selected.
17:21:50 INFO  : 'con' command is executed.
17:21:50 INFO  : ----------------XSDB Script (After Launch)----------------
targets -set -nocase -filter {name =~ "*microblaze*#0" && bscan=="USER2" }
con
----------------End of Script----------------

17:21:50 INFO  : Disconnected from the channel tcfchan#23.
