#-----------------------------------------------------------
# Vivado v2022.2 (64-bit)
# SW Build 3671981 on Fri Oct 14 05:00:03 MDT 2022
# IP Build 3669848 on Fri Oct 14 08:30:02 MDT 2022
# Start of session at: Mon Apr 29 19:14:19 2024
# Process ID: 331296
# Current directory: C:/Users/14435/Desktop/ECE385/Final Project/Final Project
# Command line: vivado.exe -gui_launcher_event rodinguilauncherevent169208 C:\Users\14435\Desktop\ECE385\Final Project\Final Project\Final Project.xpr
# Log file: C:/Users/14435/Desktop/ECE385/Final Project/Final Project/vivado.log
# Journal file: C:/Users/14435/Desktop/ECE385/Final Project/Final Project\vivado.jou
# Running On: BOOK-SIO57HHSUH, OS: Windows, CPU Frequency: 2611 MHz, CPU Physical cores: 12, Host memory: 16706 MB
#-----------------------------------------------------------
start_gui
open_project {C:/Users/14435/Desktop/ECE385/Final Project/Final Project/Final Project.xpr}
WARNING: [Board 49-26] cannot add Board Part xilinx.com:ac701:part0:1.4 available at C:/Users/14435/Desktop/Vivado/2022.2/data/xhub/boards/XilinxBoardStore/boards/Xilinx/ac701/1.4/board.xml as part xc7a200tfbg676-2 specified in board_part file is either invalid or not available
WARNING: [Board 49-26] cannot add Board Part xilinx.com:k26c:part0:1.2 available at C:/Users/14435/Desktop/Vivado/2022.2/data/xhub/boards/XilinxBoardStore/boards/Xilinx/k26c/1.2/board.xml as part xck26-sfvc784-2lv-c specified in board_part file is either invalid or not available
WARNING: [Board 49-26] cannot add Board Part xilinx.com:k26c:part0:1.3 available at C:/Users/14435/Desktop/Vivado/2022.2/data/xhub/boards/XilinxBoardStore/boards/Xilinx/k26c/1.3/board.xml as part xck26-sfvc784-2lv-c specified in board_part file is either invalid or not available
WARNING: [Board 49-26] cannot add Board Part xilinx.com:k26c:part0:1.4 available at C:/Users/14435/Desktop/Vivado/2022.2/data/xhub/boards/XilinxBoardStore/boards/Xilinx/k26c/1.4/board.xml as part xck26-sfvc784-2lv-c specified in board_part file is either invalid or not available
WARNING: [Board 49-26] cannot add Board Part xilinx.com:k26i:part0:1.2 available at C:/Users/14435/Desktop/Vivado/2022.2/data/xhub/boards/XilinxBoardStore/boards/Xilinx/k26i/1.2/board.xml as part xck26-sfvc784-2lvi-i specified in board_part file is either invalid or not available
WARNING: [Board 49-26] cannot add Board Part xilinx.com:k26i:part0:1.3 available at C:/Users/14435/Desktop/Vivado/2022.2/data/xhub/boards/XilinxBoardStore/boards/Xilinx/k26i/1.3/board.xml as part xck26-sfvc784-2lvi-i specified in board_part file is either invalid or not available
WARNING: [Board 49-26] cannot add Board Part xilinx.com:k26i:part0:1.4 available at C:/Users/14435/Desktop/Vivado/2022.2/data/xhub/boards/XilinxBoardStore/boards/Xilinx/k26i/1.4/board.xml as part xck26-sfvc784-2lvi-i specified in board_part file is either invalid or not available
WARNING: [Board 49-26] cannot add Board Part xilinx.com:kc705:part0:1.6 available at C:/Users/14435/Desktop/Vivado/2022.2/data/xhub/boards/XilinxBoardStore/boards/Xilinx/kc705/1.6/board.xml as part xc7k325tffg900-2 specified in board_part file is either invalid or not available
WARNING: [Board 49-26] cannot add Board Part xilinx.com:kcu105:part0:1.6 available at C:/Users/14435/Desktop/Vivado/2022.2/data/xhub/boards/XilinxBoardStore/boards/Xilinx/kcu105/1.6/board.xml as part xcku040-ffva1156-2-e specified in board_part file is either invalid or not available
WARNING: [Board 49-26] cannot add Board Part xilinx.com:kcu105:part0:1.7 available at C:/Users/14435/Desktop/Vivado/2022.2/data/xhub/boards/XilinxBoardStore/boards/Xilinx/kcu105/1.7/board.xml as part xcku040-ffva1156-2-e specified in board_part file is either invalid or not available
WARNING: [Board 49-26] cannot add Board Part xilinx.com:kcu116:part0:1.4 available at C:/Users/14435/Desktop/Vivado/2022.2/data/xhub/boards/XilinxBoardStore/boards/Xilinx/kcu116/1.4/board.xml as part xcku5p-ffvb676-2-e specified in board_part file is either invalid or not available
WARNING: [Board 49-26] cannot add Board Part xilinx.com:kcu116:part0:1.5 available at C:/Users/14435/Desktop/Vivado/2022.2/data/xhub/boards/XilinxBoardStore/boards/Xilinx/kcu116/1.5/board.xml as part xcku5p-ffvb676-2-e specified in board_part file is either invalid or not available
WARNING: [Board 49-26] cannot add Board Part xilinx.com:kcu1500:part0:1.2 available at C:/Users/14435/Desktop/Vivado/2022.2/data/xhub/boards/XilinxBoardStore/boards/Xilinx/kcu1500/1.2/board.xml as part xcku115-flvb2104-2-e specified in board_part file is either invalid or not available
WARNING: [Board 49-26] cannot add Board Part xilinx.com:kr260_som:part0:1.0 available at C:/Users/14435/Desktop/Vivado/2022.2/data/xhub/boards/XilinxBoardStore/boards/Xilinx/kr260_som/1.0/board.xml as part xck26-sfvc784-2lv-c specified in board_part file is either invalid or not available
WARNING: [Board 49-26] cannot add Board Part xilinx.com:kr260_som:part0:1.1 available at C:/Users/14435/Desktop/Vivado/2022.2/data/xhub/boards/XilinxBoardStore/boards/Xilinx/kr260_som/1.1/board.xml as part xck26-sfvc784-2lv-c specified in board_part file is either invalid or not available
WARNING: [Board 49-26] cannot add Board Part xilinx.com:kv260_som:part0:1.2 available at C:/Users/14435/Desktop/Vivado/2022.2/data/xhub/boards/XilinxBoardStore/boards/Xilinx/kv260_som/1.2/board.xml as part xck26-sfvc784-2lv-c specified in board_part file is either invalid or not available
WARNING: [Board 49-26] cannot add Board Part xilinx.com:kv260_som:part0:1.3 available at C:/Users/14435/Desktop/Vivado/2022.2/data/xhub/boards/XilinxBoardStore/boards/Xilinx/kv260_som/1.3/board.xml as part xck26-sfvc784-2lv-c specified in board_part file is either invalid or not available
WARNING: [Board 49-26] cannot add Board Part xilinx.com:kv260_som:part0:1.4 available at C:/Users/14435/Desktop/Vivado/2022.2/data/xhub/boards/XilinxBoardStore/boards/Xilinx/kv260_som/1.4/board.xml as part xck26-sfvc784-2lv-c specified in board_part file is either invalid or not available
WARNING: [Board 49-26] cannot add Board Part xilinx.com:vc707:part0:1.4 available at C:/Users/14435/Desktop/Vivado/2022.2/data/xhub/boards/XilinxBoardStore/boards/Xilinx/vc707/1.4/board.xml as part xc7vx485tffg1761-2 specified in board_part file is either invalid or not available
WARNING: [Board 49-26] cannot add Board Part xilinx.com:vc709:part0:1.8 available at C:/Users/14435/Desktop/Vivado/2022.2/data/xhub/boards/XilinxBoardStore/boards/Xilinx/vc709/1.8/board.xml as part xc7vx690tffg1761-2 specified in board_part file is either invalid or not available
WARNING: [Board 49-26] cannot add Board Part xilinx.com:vck190:part0:2.2 available at C:/Users/14435/Desktop/Vivado/2022.2/data/xhub/boards/XilinxBoardStore/boards/Xilinx/vck190/production/2.2/board.xml as part xcvc1902-vsva2197-2mp-e-s specified in board_part file is either invalid or not available
WARNING: [Board 49-26] cannot add Board Part xilinx.com:vck190:part0:3.0 available at C:/Users/14435/Desktop/Vivado/2022.2/data/xhub/boards/XilinxBoardStore/boards/Xilinx/vck190/production/3.0/board.xml as part xcvc1902-vsva2197-2mp-e-s specified in board_part file is either invalid or not available
WARNING: [Board 49-26] cannot add Board Part xilinx.com:vck190:part0:3.1 available at C:/Users/14435/Desktop/Vivado/2022.2/data/xhub/boards/XilinxBoardStore/boards/Xilinx/vck190/production/3.1/board.xml as part xcvc1902-vsva2197-2mp-e-s specified in board_part file is either invalid or not available
WARNING: [Board 49-26] cannot add Board Part xilinx.com:vck190_newl:part0:1.0 available at C:/Users/14435/Desktop/Vivado/2022.2/data/xhub/boards/XilinxBoardStore/boards/Xilinx/vck190_newl/production/1.0/board.xml as part xcvc1902-vsva2197-2mp-e-s specified in board_part file is either invalid or not available
WARNING: [Board 49-26] cannot add Board Part xilinx.com:vcu108:part0:1.6 available at C:/Users/14435/Desktop/Vivado/2022.2/data/xhub/boards/XilinxBoardStore/boards/Xilinx/vcu108/1.6/board.xml as part xcvu095-ffva2104-2-e specified in board_part file is either invalid or not available
WARNING: [Board 49-26] cannot add Board Part xilinx.com:vcu108:part0:1.7 available at C:/Users/14435/Desktop/Vivado/2022.2/data/xhub/boards/XilinxBoardStore/boards/Xilinx/vcu108/1.7/board.xml as part xcvu095-ffva2104-2-e specified in board_part file is either invalid or not available
WARNING: [Board 49-26] cannot add Board Part xilinx.com:vcu110:part0:1.4 available at C:/Users/14435/Desktop/Vivado/2022.2/data/xhub/boards/XilinxBoardStore/boards/Xilinx/vcu110/1.4/board.xml as part xcvu190-flgc2104-2-e specified in board_part file is either invalid or not available
WARNING: [Board 49-26] cannot add Board Part xilinx.com:vcu118:part0:2.0 available at C:/Users/14435/Desktop/Vivado/2022.2/data/xhub/boards/XilinxBoardStore/boards/Xilinx/vcu118/2.0/board.xml as part xcvu9p-flga2104-2l-e specified in board_part file is either invalid or not available
WARNING: [Board 49-26] cannot add Board Part xilinx.com:vcu118:part0:2.3 available at C:/Users/14435/Desktop/Vivado/2022.2/data/xhub/boards/XilinxBoardStore/boards/Xilinx/vcu118/2.3/board.xml as part xcvu9p-flga2104-2l-e specified in board_part file is either invalid or not available
WARNING: [Board 49-26] cannot add Board Part xilinx.com:vcu118:part0:2.4 available at C:/Users/14435/Desktop/Vivado/2022.2/data/xhub/boards/XilinxBoardStore/boards/Xilinx/vcu118/2.4/board.xml as part xcvu9p-flga2104-2l-e specified in board_part file is either invalid or not available
WARNING: [Board 49-26] cannot add Board Part xilinx.com:vcu128:part0:1.0 available at C:/Users/14435/Desktop/Vivado/2022.2/data/xhub/boards/XilinxBoardStore/boards/Xilinx/vcu128/production/1.0/board.xml as part xcvu37p-fsvh2892-2l-e specified in board_part file is either invalid or not available
WARNING: [Board 49-26] cannot add Board Part xilinx.com:vcu129:part0:1.0 available at C:/Users/14435/Desktop/Vivado/2022.2/data/xhub/boards/XilinxBoardStore/boards/Xilinx/vcu129/production/1.0/board.xml as part xcvu29p-fsga2577-2l-e specified in board_part file is either invalid or not available
WARNING: [Board 49-26] cannot add Board Part xilinx.com:vcu1525:part0:1.3 available at C:/Users/14435/Desktop/Vivado/2022.2/data/xhub/boards/XilinxBoardStore/boards/Xilinx/vcu1525/1.3/board.xml as part xcvu9p-fsgd2104-2l-e specified in board_part file is either invalid or not available
WARNING: [Board 49-26] cannot add Board Part xilinx.com:vek280_es:part0:1.0 available at C:/Users/14435/Desktop/Vivado/2022.2/data/xhub/boards/XilinxBoardStore/boards/Xilinx/vek280/es/1.0/board.xml as part xcve2802-vsvh1760-2lp-e-s-es1 specified in board_part file is either invalid or not available
WARNING: [Board 49-26] cannot add Board Part xilinx.com:vermeo_t1_mpsoc:part0:1.0 available at C:/Users/14435/Desktop/Vivado/2022.2/data/xhub/boards/XilinxBoardStore/boards/Xilinx/vermeo_t1_mpsoc/1.0/board.xml as part xczu19eg-ffvd1760-2l-e specified in board_part file is either invalid or not available
WARNING: [Board 49-26] cannot add Board Part xilinx.com:vermeo_t1_rfsoc:part0:1.0 available at C:/Users/14435/Desktop/Vivado/2022.2/data/xhub/boards/XilinxBoardStore/boards/Xilinx/vermeo_t1_rfsoc/1.0/board.xml as part xczu21dr-ffvd1156-2l-e specified in board_part file is either invalid or not available
WARNING: [Board 49-26] cannot add Board Part xilinx.com:vhk158_es:part0:1.0 available at C:/Users/14435/Desktop/Vivado/2022.2/data/xhub/boards/XilinxBoardStore/boards/Xilinx/vhk158/es/1.0/board.xml as part xcvh1582-vsva3697-2mp-e-s-es1 specified in board_part file is either invalid or not available
WARNING: [Board 49-26] cannot add Board Part xilinx.com:vmk180:part0:2.2 available at C:/Users/14435/Desktop/Vivado/2022.2/data/xhub/boards/XilinxBoardStore/boards/Xilinx/vmk180/production/2.2/board.xml as part xcvm1802-vsva2197-2mp-e-s specified in board_part file is either invalid or not available
WARNING: [Board 49-26] cannot add Board Part xilinx.com:vmk180:part0:3.0 available at C:/Users/14435/Desktop/Vivado/2022.2/data/xhub/boards/XilinxBoardStore/boards/Xilinx/vmk180/production/3.0/board.xml as part xcvm1802-vsva2197-2mp-e-s specified in board_part file is either invalid or not available
WARNING: [Board 49-26] cannot add Board Part xilinx.com:vmk180:part0:3.1 available at C:/Users/14435/Desktop/Vivado/2022.2/data/xhub/boards/XilinxBoardStore/boards/Xilinx/vmk180/production/3.1/board.xml as part xcvm1802-vsva2197-2mp-e-s specified in board_part file is either invalid or not available
WARNING: [Board 49-26] cannot add Board Part xilinx.com:vmk180_newl:part0:1.0 available at C:/Users/14435/Desktop/Vivado/2022.2/data/xhub/boards/XilinxBoardStore/boards/Xilinx/vmk180_newl/production/1.0/board.xml as part xcvm1802-vsva2197-2mp-e-s specified in board_part file is either invalid or not available
WARNING: [Board 49-26] cannot add Board Part xilinx.com:vpk120:part0:1.0 available at C:/Users/14435/Desktop/Vivado/2022.2/data/xhub/boards/XilinxBoardStore/boards/Xilinx/vpk120/production/1.0/board.xml as part xcvp1202-vsva2785-2mp-e-s specified in board_part file is either invalid or not available
WARNING: [Board 49-26] cannot add Board Part xilinx.com:vpk120_es:part0:1.2 available at C:/Users/14435/Desktop/Vivado/2022.2/data/xhub/boards/XilinxBoardStore/boards/Xilinx/vpk120/es/1.2/board.xml as part xcvp1202-vsva2785-2mp-e-s-es1 specified in board_part file is either invalid or not available
WARNING: [Board 49-26] cannot add Board Part xilinx.com:vpk120_es_revb:part0:1.0 available at C:/Users/14435/Desktop/Vivado/2022.2/data/xhub/boards/XilinxBoardStore/boards/Xilinx/vpk120_revb/es/1.0/board.xml as part xcvp1202-vsva2785-2mp-e-s-es1 specified in board_part file is either invalid or not available
WARNING: [Board 49-26] cannot add Board Part xilinx.com:vpk180_es:part0:1.0 available at C:/Users/14435/Desktop/Vivado/2022.2/data/xhub/boards/XilinxBoardStore/boards/Xilinx/vpk180/es/1.0/board.xml as part xcvp1802-lsvc4072-2mp-e-s-es1 specified in board_part file is either invalid or not available
WARNING: [Board 49-26] cannot add Board Part xilinx.com:zc702:part0:1.4 available at C:/Users/14435/Desktop/Vivado/2022.2/data/xhub/boards/XilinxBoardStore/boards/Xilinx/zc702/1.4/board.xml as part xc7z020clg484-1 specified in board_part file is either invalid or not available
WARNING: [Board 49-26] cannot add Board Part xilinx.com:zc706:part0:1.4 available at C:/Users/14435/Desktop/Vivado/2022.2/data/xhub/boards/XilinxBoardStore/boards/Xilinx/zc706/1.4/board.xml as part xc7z045ffg900-2 specified in board_part file is either invalid or not available
WARNING: [Board 49-26] cannot add Board Part xilinx.com:zcu102:part0:3.3 available at C:/Users/14435/Desktop/Vivado/2022.2/data/xhub/boards/XilinxBoardStore/boards/Xilinx/zcu102/3.3/board.xml as part xczu9eg-ffvb1156-2-e specified in board_part file is either invalid or not available
WARNING: [Board 49-26] cannot add Board Part xilinx.com:zcu102:part0:3.4 available at C:/Users/14435/Desktop/Vivado/2022.2/data/xhub/boards/XilinxBoardStore/boards/Xilinx/zcu102/3.4/board.xml as part xczu9eg-ffvb1156-2-e specified in board_part file is either invalid or not available
WARNING: [Board 49-26] cannot add Board Part xilinx.com:zcu104:part0:1.1 available at C:/Users/14435/Desktop/Vivado/2022.2/data/xhub/boards/XilinxBoardStore/boards/Xilinx/zcu104/1.1/board.xml as part xczu7ev-ffvc1156-2-e specified in board_part file is either invalid or not available
WARNING: [Board 49-26] cannot add Board Part xilinx.com:zcu106:part0:2.4 available at C:/Users/14435/Desktop/Vivado/2022.2/data/xhub/boards/XilinxBoardStore/boards/Xilinx/zcu106/2.4/board.xml as part xczu7ev-ffvc1156-2-e specified in board_part file is either invalid or not available
WARNING: [Board 49-26] cannot add Board Part xilinx.com:zcu106:part0:2.5 available at C:/Users/14435/Desktop/Vivado/2022.2/data/xhub/boards/XilinxBoardStore/boards/Xilinx/zcu106/2.5/board.xml as part xczu7ev-ffvc1156-2-e specified in board_part file is either invalid or not available
WARNING: [Board 49-26] cannot add Board Part xilinx.com:zcu106:part0:2.6 available at C:/Users/14435/Desktop/Vivado/2022.2/data/xhub/boards/XilinxBoardStore/boards/Xilinx/zcu106/2.6/board.xml as part xczu7ev-ffvc1156-2-e specified in board_part file is either invalid or not available
WARNING: [Board 49-26] cannot add Board Part xilinx.com:zcu111:part0:1.2 available at C:/Users/14435/Desktop/Vivado/2022.2/data/xhub/boards/XilinxBoardStore/boards/Xilinx/zcu111/1.2/board.xml as part xczu28dr-ffvg1517-2-e specified in board_part file is either invalid or not available
WARNING: [Board 49-26] cannot add Board Part xilinx.com:zcu111:part0:1.3 available at C:/Users/14435/Desktop/Vivado/2022.2/data/xhub/boards/XilinxBoardStore/boards/Xilinx/zcu111/1.3/board.xml as part xczu28dr-ffvg1517-2-e specified in board_part file is either invalid or not available
WARNING: [Board 49-26] cannot add Board Part xilinx.com:zcu111:part0:1.4 available at C:/Users/14435/Desktop/Vivado/2022.2/data/xhub/boards/XilinxBoardStore/boards/Xilinx/zcu111/1.4/board.xml as part xczu28dr-ffvg1517-2-e specified in board_part file is either invalid or not available
WARNING: [Board 49-26] cannot add Board Part xilinx.com:zcu1275:part0:1.0 available at C:/Users/14435/Desktop/Vivado/2022.2/data/xhub/boards/XilinxBoardStore/boards/Xilinx/zcu1275/1.0/board.xml as part xczu29dr-ffvf1760-2-e specified in board_part file is either invalid or not available
WARNING: [Board 49-26] cannot add Board Part xilinx.com:zcu1285:part0:1.0 available at C:/Users/14435/Desktop/Vivado/2022.2/data/xhub/boards/XilinxBoardStore/boards/Xilinx/zcu1285/1.0/board.xml as part xczu39dr-ffvf1760-2-i specified in board_part file is either invalid or not available
WARNING: [Board 49-26] cannot add Board Part xilinx.com:zcu208:part0:2.0 available at C:/Users/14435/Desktop/Vivado/2022.2/data/xhub/boards/XilinxBoardStore/boards/Xilinx/zcu208/production/2.0/board.xml as part xczu48dr-fsvg1517-2-e specified in board_part file is either invalid or not available
WARNING: [Board 49-26] cannot add Board Part xilinx.com:zcu208ld:part0:2.0 available at C:/Users/14435/Desktop/Vivado/2022.2/data/xhub/boards/XilinxBoardStore/boards/Xilinx/zcu208ld/production/2.0/board.xml as part xczu58dr-fsvg1517-2-i specified in board_part file is either invalid or not available
WARNING: [Board 49-26] cannot add Board Part xilinx.com:zcu216:part0:2.0 available at C:/Users/14435/Desktop/Vivado/2022.2/data/xhub/boards/XilinxBoardStore/boards/Xilinx/zcu216/production/2.0/board.xml as part xczu49dr-ffvf1760-2-e specified in board_part file is either invalid or not available
WARNING: [Board 49-26] cannot add Board Part xilinx.com:zcu216ld:part0:2.0 available at C:/Users/14435/Desktop/Vivado/2022.2/data/xhub/boards/XilinxBoardStore/boards/Xilinx/zcu216ld/production/2.0/board.xml as part xczu59dr-ffvf1760-2-i specified in board_part file is either invalid or not available
WARNING: [Board 49-26] cannot add Board Part xilinx.com:zcu670:part0:2.0 available at C:/Users/14435/Desktop/Vivado/2022.2/data/xhub/boards/XilinxBoardStore/boards/Xilinx/zcu670/2.0/board.xml as part xczu67dr-fsve1156-2-i specified in board_part file is either invalid or not available
WARNING: [Board 49-26] cannot add Board Part xilinx.com:zcu670ld:part0:1.0 available at C:/Users/14435/Desktop/Vivado/2022.2/data/xhub/boards/XilinxBoardStore/boards/Xilinx/zcu670ld/1.0/board.xml as part xczu57dr-fsve1156-2-i specified in board_part file is either invalid or not available
Scanning sources...
Finished scanning sources
INFO: [IP_Flow 19-234] Refreshing IP repositories
INFO: [IP_Flow 19-1700] Loaded user IP repository 'c:/Users/14435/Desktop/ECE385/Final Project/provided/RD_hdmi_ip2020'.
INFO: [IP_Flow 19-2313] Loaded Vivado IP repository 'C:/Users/14435/Desktop/Vivado/2022.2/data/ip'.
open_project: Time (s): cpu = 00:00:29 ; elapsed = 00:00:41 . Memory (MB): peak = 1296.254 ; gain = 492.113
update_compile_order -fileset sources_1
WARNING: [IP_Flow 19-4067] Ignoring invalid widget type specified checkbox.Providing a default widget
WARNING: [IP_Flow 19-4067] Ignoring invalid widget type specified checkbox.Providing a default widget
WARNING: [IP_Flow 19-4067] Ignoring invalid widget type specified checkbox.Providing a default widget
WARNING: [IP_Flow 19-4067] Ignoring invalid widget type specified checkbox.Providing a default widget
INFO: [IP_Flow 19-3484] Absolute path of file 'c:/Users/14435/Desktop/ECE385/Final Project/ME.coe' provided. It will be converted relative to IP Instance files '../../../../../ME.coe'
create_ip -name blk_mem_gen -vendor xilinx.com -library ip -version 8.4 -module_name blk_mem_gen_ME
set_property -dict [list \
  CONFIG.Coe_File {C:/Users/14435/Desktop/ECE385/Final Project/ME.coe} \
  CONFIG.Component_Name {blk_mem_gen_ME} \
  CONFIG.Load_Init_File {true} \
  CONFIG.Memory_Type {Single_Port_ROM} \
  CONFIG.Write_Depth_A {3072} \
  CONFIG.Write_Width_A {24} \
] [get_ips blk_mem_gen_ME]
WARNING: [Vivado 12-3523] Attempt to change 'Component_Name' from 'blk_mem_gen_ME' to 'blk_mem_gen_ME' is not allowed and is ignored.
INFO: [IP_Flow 19-3484] Absolute path of file 'c:/Users/14435/Desktop/ECE385/Final Project/ME.coe' provided. It will be converted relative to IP Instance files '../../../../../ME.coe'
generate_target {instantiation_template} [get_files {{c:/Users/14435/Desktop/ECE385/Final Project/Final Project/Final Project.srcs/sources_1/ip/blk_mem_gen_ME/blk_mem_gen_ME.xci}}]
INFO: [IP_Flow 19-1686] Generating 'Instantiation Template' target for IP 'blk_mem_gen_ME'...
update_compile_order -fileset sources_1
generate_target all [get_files  {{c:/Users/14435/Desktop/ECE385/Final Project/Final Project/Final Project.srcs/sources_1/ip/blk_mem_gen_ME/blk_mem_gen_ME.xci}}]
INFO: [IP_Flow 19-1686] Generating 'Synthesis' target for IP 'blk_mem_gen_ME'...
INFO: [IP_Flow 19-1686] Generating 'Simulation' target for IP 'blk_mem_gen_ME'...
INFO: [IP_Flow 19-1686] Generating 'Miscellaneous' target for IP 'blk_mem_gen_ME'...
INFO: [IP_Flow 19-1686] Generating 'Change Log' target for IP 'blk_mem_gen_ME'...
catch { config_ip_cache -export [get_ips -all blk_mem_gen_ME] }
INFO: [IP_Flow 19-6924] IPCACHE: Running cache check for IP inst: blk_mem_gen_ME
export_ip_user_files -of_objects [get_files {{c:/Users/14435/Desktop/ECE385/Final Project/Final Project/Final Project.srcs/sources_1/ip/blk_mem_gen_ME/blk_mem_gen_ME.xci}}] -no_script -sync -force -quiet
create_ip_run [get_files -of_objects [get_fileset sources_1] {{c:/Users/14435/Desktop/ECE385/Final Project/Final Project/Final Project.srcs/sources_1/ip/blk_mem_gen_ME/blk_mem_gen_ME.xci}}]
launch_runs blk_mem_gen_ME_synth_1 -jobs 8
INFO: [IP_Flow 19-6924] IPCACHE: Running cache check for IP inst: blk_mem_gen_ME
[Mon Apr 29 19:18:08 2024] Launched blk_mem_gen_ME_synth_1...
Run output will be captured here: C:/Users/14435/Desktop/ECE385/Final Project/Final Project/Final Project.runs/blk_mem_gen_ME_synth_1/runme.log
export_simulation -of_objects [get_files {{c:/Users/14435/Desktop/ECE385/Final Project/Final Project/Final Project.srcs/sources_1/ip/blk_mem_gen_ME/blk_mem_gen_ME.xci}}] -directory {C:/Users/14435/Desktop/ECE385/Final Project/Final Project/Final Project.ip_user_files/sim_scripts} -ip_user_files_dir {C:/Users/14435/Desktop/ECE385/Final Project/Final Project/Final Project.ip_user_files} -ipstatic_source_dir {C:/Users/14435/Desktop/ECE385/Final Project/Final Project/Final Project.ip_user_files/ipstatic} -lib_map_path [list {modelsim=C:/Users/14435/Desktop/ECE385/Final Project/Final Project/Final Project.cache/compile_simlib/modelsim} {questa=C:/Users/14435/Desktop/ECE385/Final Project/Final Project/Final Project.cache/compile_simlib/questa} {riviera=C:/Users/14435/Desktop/ECE385/Final Project/Final Project/Final Project.cache/compile_simlib/riviera} {activehdl=C:/Users/14435/Desktop/ECE385/Final Project/Final Project/Final Project.cache/compile_simlib/activehdl}] -use_ip_compiled_libs -force -quiet
WARNING: [IP_Flow 19-4067] Ignoring invalid widget type specified checkbox.Providing a default widget
WARNING: [IP_Flow 19-4067] Ignoring invalid widget type specified checkbox.Providing a default widget
INFO: [IP_Flow 19-3484] Absolute path of file 'c:/Users/14435/Desktop/ECE385/Final Project/OV.coe' provided. It will be converted relative to IP Instance files '../../../../../OV.coe'
create_ip -name blk_mem_gen -vendor xilinx.com -library ip -version 8.4 -module_name blk_mem_gen_OV
set_property -dict [list \
  CONFIG.Coe_File {C:/Users/14435/Desktop/ECE385/Final Project/OV.coe} \
  CONFIG.Component_Name {blk_mem_gen_OV} \
  CONFIG.Load_Init_File {true} \
  CONFIG.Memory_Type {Single_Port_ROM} \
  CONFIG.Write_Depth_A {3072} \
  CONFIG.Write_Width_A {24} \
] [get_ips blk_mem_gen_OV]
WARNING: [Vivado 12-3523] Attempt to change 'Component_Name' from 'blk_mem_gen_OV' to 'blk_mem_gen_OV' is not allowed and is ignored.
INFO: [IP_Flow 19-3484] Absolute path of file 'c:/Users/14435/Desktop/ECE385/Final Project/OV.coe' provided. It will be converted relative to IP Instance files '../../../../../OV.coe'
generate_target {instantiation_template} [get_files {{c:/Users/14435/Desktop/ECE385/Final Project/Final Project/Final Project.srcs/sources_1/ip/blk_mem_gen_OV/blk_mem_gen_OV.xci}}]
INFO: [IP_Flow 19-1686] Generating 'Instantiation Template' target for IP 'blk_mem_gen_OV'...
generate_target all [get_files  {{c:/Users/14435/Desktop/ECE385/Final Project/Final Project/Final Project.srcs/sources_1/ip/blk_mem_gen_OV/blk_mem_gen_OV.xci}}]
INFO: [IP_Flow 19-1686] Generating 'Synthesis' target for IP 'blk_mem_gen_OV'...
INFO: [IP_Flow 19-1686] Generating 'Simulation' target for IP 'blk_mem_gen_OV'...
INFO: [IP_Flow 19-1686] Generating 'Miscellaneous' target for IP 'blk_mem_gen_OV'...
INFO: [IP_Flow 19-1686] Generating 'Change Log' target for IP 'blk_mem_gen_OV'...
catch { config_ip_cache -export [get_ips -all blk_mem_gen_OV] }
INFO: [IP_Flow 19-6924] IPCACHE: Running cache check for IP inst: blk_mem_gen_OV
export_ip_user_files -of_objects [get_files {{c:/Users/14435/Desktop/ECE385/Final Project/Final Project/Final Project.srcs/sources_1/ip/blk_mem_gen_OV/blk_mem_gen_OV.xci}}] -no_script -sync -force -quiet
create_ip_run [get_files -of_objects [get_fileset sources_1] {{c:/Users/14435/Desktop/ECE385/Final Project/Final Project/Final Project.srcs/sources_1/ip/blk_mem_gen_OV/blk_mem_gen_OV.xci}}]
launch_runs blk_mem_gen_OV_synth_1 -jobs 8
INFO: [IP_Flow 19-6924] IPCACHE: Running cache check for IP inst: blk_mem_gen_OV
[Mon Apr 29 19:19:26 2024] Launched blk_mem_gen_OV_synth_1...
Run output will be captured here: C:/Users/14435/Desktop/ECE385/Final Project/Final Project/Final Project.runs/blk_mem_gen_OV_synth_1/runme.log
export_simulation -of_objects [get_files {{c:/Users/14435/Desktop/ECE385/Final Project/Final Project/Final Project.srcs/sources_1/ip/blk_mem_gen_OV/blk_mem_gen_OV.xci}}] -directory {C:/Users/14435/Desktop/ECE385/Final Project/Final Project/Final Project.ip_user_files/sim_scripts} -ip_user_files_dir {C:/Users/14435/Desktop/ECE385/Final Project/Final Project/Final Project.ip_user_files} -ipstatic_source_dir {C:/Users/14435/Desktop/ECE385/Final Project/Final Project/Final Project.ip_user_files/ipstatic} -lib_map_path [list {modelsim=C:/Users/14435/Desktop/ECE385/Final Project/Final Project/Final Project.cache/compile_simlib/modelsim} {questa=C:/Users/14435/Desktop/ECE385/Final Project/Final Project/Final Project.cache/compile_simlib/questa} {riviera=C:/Users/14435/Desktop/ECE385/Final Project/Final Project/Final Project.cache/compile_simlib/riviera} {activehdl=C:/Users/14435/Desktop/ECE385/Final Project/Final Project/Final Project.cache/compile_simlib/activehdl}] -use_ip_compiled_libs -force -quiet
WARNING: [IP_Flow 19-4067] Ignoring invalid widget type specified checkbox.Providing a default widget
WARNING: [IP_Flow 19-4067] Ignoring invalid widget type specified checkbox.Providing a default widget
INFO: [IP_Flow 19-3484] Absolute path of file 'c:/Users/14435/Desktop/ECE385/Final Project/ER.coe' provided. It will be converted relative to IP Instance files '../../../../../ER.coe'
create_ip -name blk_mem_gen -vendor xilinx.com -library ip -version 8.4 -module_name blk_mem_gen_ER
set_property -dict [list \
  CONFIG.Coe_File {C:/Users/14435/Desktop/ECE385/Final Project/ER.coe} \
  CONFIG.Component_Name {blk_mem_gen_ER} \
  CONFIG.Load_Init_File {true} \
  CONFIG.Memory_Type {Single_Port_ROM} \
  CONFIG.Write_Depth_A {3072} \
  CONFIG.Write_Width_A {24} \
] [get_ips blk_mem_gen_ER]
WARNING: [Vivado 12-3523] Attempt to change 'Component_Name' from 'blk_mem_gen_ER' to 'blk_mem_gen_ER' is not allowed and is ignored.
INFO: [IP_Flow 19-3484] Absolute path of file 'c:/Users/14435/Desktop/ECE385/Final Project/ER.coe' provided. It will be converted relative to IP Instance files '../../../../../ER.coe'
generate_target {instantiation_template} [get_files {{c:/Users/14435/Desktop/ECE385/Final Project/Final Project/Final Project.srcs/sources_1/ip/blk_mem_gen_ER/blk_mem_gen_ER.xci}}]
INFO: [IP_Flow 19-1686] Generating 'Instantiation Template' target for IP 'blk_mem_gen_ER'...
update_compile_order -fileset sources_1
generate_target all [get_files  {{c:/Users/14435/Desktop/ECE385/Final Project/Final Project/Final Project.srcs/sources_1/ip/blk_mem_gen_ER/blk_mem_gen_ER.xci}}]
INFO: [IP_Flow 19-1686] Generating 'Synthesis' target for IP 'blk_mem_gen_ER'...
INFO: [IP_Flow 19-1686] Generating 'Simulation' target for IP 'blk_mem_gen_ER'...
INFO: [IP_Flow 19-1686] Generating 'Miscellaneous' target for IP 'blk_mem_gen_ER'...
INFO: [IP_Flow 19-1686] Generating 'Change Log' target for IP 'blk_mem_gen_ER'...
catch { config_ip_cache -export [get_ips -all blk_mem_gen_ER] }
INFO: [IP_Flow 19-6924] IPCACHE: Running cache check for IP inst: blk_mem_gen_ER
export_ip_user_files -of_objects [get_files {{c:/Users/14435/Desktop/ECE385/Final Project/Final Project/Final Project.srcs/sources_1/ip/blk_mem_gen_ER/blk_mem_gen_ER.xci}}] -no_script -sync -force -quiet
create_ip_run [get_files -of_objects [get_fileset sources_1] {{c:/Users/14435/Desktop/ECE385/Final Project/Final Project/Final Project.srcs/sources_1/ip/blk_mem_gen_ER/blk_mem_gen_ER.xci}}]
launch_runs blk_mem_gen_ER_synth_1 -jobs 8
INFO: [IP_Flow 19-6924] IPCACHE: Running cache check for IP inst: blk_mem_gen_ER
[Mon Apr 29 19:25:07 2024] Launched blk_mem_gen_ER_synth_1...
Run output will be captured here: C:/Users/14435/Desktop/ECE385/Final Project/Final Project/Final Project.runs/blk_mem_gen_ER_synth_1/runme.log
export_simulation -of_objects [get_files {{c:/Users/14435/Desktop/ECE385/Final Project/Final Project/Final Project.srcs/sources_1/ip/blk_mem_gen_ER/blk_mem_gen_ER.xci}}] -directory {C:/Users/14435/Desktop/ECE385/Final Project/Final Project/Final Project.ip_user_files/sim_scripts} -ip_user_files_dir {C:/Users/14435/Desktop/ECE385/Final Project/Final Project/Final Project.ip_user_files} -ipstatic_source_dir {C:/Users/14435/Desktop/ECE385/Final Project/Final Project/Final Project.ip_user_files/ipstatic} -lib_map_path [list {modelsim=C:/Users/14435/Desktop/ECE385/Final Project/Final Project/Final Project.cache/compile_simlib/modelsim} {questa=C:/Users/14435/Desktop/ECE385/Final Project/Final Project/Final Project.cache/compile_simlib/questa} {riviera=C:/Users/14435/Desktop/ECE385/Final Project/Final Project/Final Project.cache/compile_simlib/riviera} {activehdl=C:/Users/14435/Desktop/ECE385/Final Project/Final Project/Final Project.cache/compile_simlib/activehdl}] -use_ip_compiled_libs -force -quiet
WARNING: [IP_Flow 19-4067] Ignoring invalid widget type specified checkbox.Providing a default widget
WARNING: [IP_Flow 19-4067] Ignoring invalid widget type specified checkbox.Providing a default widget
reset_run synth_1
INFO: [Project 1-1161] Replacing file C:/Users/14435/Desktop/ECE385/Final Project/Final Project/Final Project.srcs/utils_1/imports/synth_1/mb_usb_hdmi_top.dcp with file C:/Users/14435/Desktop/ECE385/Final Project/Final Project/Final Project.runs/synth_1/mb_usb_hdmi_top.dcp
launch_runs synth_1 -jobs 8
[Mon Apr 29 20:03:39 2024] Launched synth_1...
Run output will be captured here: C:/Users/14435/Desktop/ECE385/Final Project/Final Project/Final Project.runs/synth_1/runme.log
launch_runs impl_1 -jobs 8
[Mon Apr 29 20:07:06 2024] Launched impl_1...
Run output will be captured here: C:/Users/14435/Desktop/ECE385/Final Project/Final Project/Final Project.runs/impl_1/runme.log
launch_runs impl_1 -to_step write_bitstream -jobs 8
[Mon Apr 29 20:14:22 2024] Launched impl_1...
Run output will be captured here: C:/Users/14435/Desktop/ECE385/Final Project/Final Project/Final Project.runs/impl_1/runme.log
WARNING: [Vivado 12-818] No files matched 'C:/Users/14435/Desktop/ECE385/Final'
WARNING: [Vivado 12-818] No files matched 'Project/Final'
WARNING: [Vivado 12-818] No files matched 'Project/Final'
WARNING: [Vivado 12-818] No files matched 'Project.srcs/sources_1/bd/Final_mb/Final_mb.bd'
ERROR: [Common 17-55] 'get_property' expects at least one object.
Resolution: If [get_<value>] was used to populate the object, check to make sure this command returns at least one valid object.
WARNING: [Vivado 12-818] No files matched 'C:/Users/14435/Desktop/ECE385/Final'
WARNING: [Vivado 12-818] No files matched 'Project/Final'
WARNING: [Vivado 12-818] No files matched 'Project/Final'
WARNING: [Vivado 12-818] No files matched 'Project.srcs/sources_1/bd/Final_mb/Final_mb.bd'
ERROR: [Common 17-55] 'get_property' expects at least one object.
Resolution: If [get_<value>] was used to populate the object, check to make sure this command returns at least one valid object.
WARNING: [Vivado 12-818] No files matched 'C:/Users/14435/Desktop/ECE385/Final'
WARNING: [Vivado 12-818] No files matched 'Project/Final'
WARNING: [Vivado 12-818] No files matched 'Project/Final'
WARNING: [Vivado 12-818] No files matched 'Project.srcs/sources_1/bd/Final_mb/Final_mb.bd'
ERROR: [Common 17-55] 'get_property' expects at least one object.
Resolution: If [get_<value>] was used to populate the object, check to make sure this command returns at least one valid object.
WARNING: [Vivado 12-818] No files matched 'C:/Users/14435/Desktop/ECE385/Final'
WARNING: [Vivado 12-818] No files matched 'Project/Final'
WARNING: [Vivado 12-818] No files matched 'Project/Final'
WARNING: [Vivado 12-818] No files matched 'Project.srcs/sources_1/bd/Final_mb/Final_mb.bd'
ERROR: [Common 17-55] 'get_property' expects at least one object.
Resolution: If [get_<value>] was used to populate the object, check to make sure this command returns at least one valid object.
write_hw_platform -fixed -force -file {C:/Users/14435/Desktop/ECE385/Final Project/Final Project/mb_usb_hdmi_top.xsa}
INFO: [Project 1-1918] Creating Hardware Platform: C:/Users/14435/Desktop/ECE385/Final Project/Final Project/mb_usb_hdmi_top.xsa ...
INFO: [Project 1-1943] The Hardware Platform can be used for Hardware
INFO: [Project 1-1941] Successfully created Hardware Platform: C:/Users/14435/Desktop/ECE385/Final Project/Final Project/mb_usb_hdmi_top.xsa
INFO: [Hsi 55-2053] elapsed time for repository (C:/Users/14435/Desktop/Vivado/2022.2/data/embeddedsw) loading 2 seconds
open_project {C:/Users/14435/Desktop/ECE385/Lab 6/Lab_6_2/Lab_6_2.xpr}
Scanning sources...
Finished scanning sources
INFO: [IP_Flow 19-234] Refreshing IP repositories
INFO: [IP_Flow 19-1700] Loaded user IP repository 'c:/Users/14435/Desktop/ECE385/Lab 6/Lab_6_2/RD_hdmi_ip2020'.
INFO: [IP_Flow 19-2313] Loaded Vivado IP repository 'C:/Users/14435/Desktop/Vivado/2022.2/data/ip'.
WARNING: [Board 49-26] cannot add Board Part xilinx.com:ac701:part0:1.4 available at C:/Users/14435/Desktop/Vivado/2022.2/data/xhub/boards/XilinxBoardStore/boards/Xilinx/ac701/1.4/board.xml as part xc7a200tfbg676-2 specified in board_part file is either invalid or not available
WARNING: [Board 49-26] cannot add Board Part xilinx.com:k26c:part0:1.2 available at C:/Users/14435/Desktop/Vivado/2022.2/data/xhub/boards/XilinxBoardStore/boards/Xilinx/k26c/1.2/board.xml as part xck26-sfvc784-2lv-c specified in board_part file is either invalid or not available
WARNING: [Board 49-26] cannot add Board Part xilinx.com:k26c:part0:1.3 available at C:/Users/14435/Desktop/Vivado/2022.2/data/xhub/boards/XilinxBoardStore/boards/Xilinx/k26c/1.3/board.xml as part xck26-sfvc784-2lv-c specified in board_part file is either invalid or not available
WARNING: [Board 49-26] cannot add Board Part xilinx.com:k26c:part0:1.4 available at C:/Users/14435/Desktop/Vivado/2022.2/data/xhub/boards/XilinxBoardStore/boards/Xilinx/k26c/1.4/board.xml as part xck26-sfvc784-2lv-c specified in board_part file is either invalid or not available
WARNING: [Board 49-26] cannot add Board Part xilinx.com:k26i:part0:1.2 available at C:/Users/14435/Desktop/Vivado/2022.2/data/xhub/boards/XilinxBoardStore/boards/Xilinx/k26i/1.2/board.xml as part xck26-sfvc784-2lvi-i specified in board_part file is either invalid or not available
WARNING: [Board 49-26] cannot add Board Part xilinx.com:k26i:part0:1.3 available at C:/Users/14435/Desktop/Vivado/2022.2/data/xhub/boards/XilinxBoardStore/boards/Xilinx/k26i/1.3/board.xml as part xck26-sfvc784-2lvi-i specified in board_part file is either invalid or not available
WARNING: [Board 49-26] cannot add Board Part xilinx.com:k26i:part0:1.4 available at C:/Users/14435/Desktop/Vivado/2022.2/data/xhub/boards/XilinxBoardStore/boards/Xilinx/k26i/1.4/board.xml as part xck26-sfvc784-2lvi-i specified in board_part file is either invalid or not available
WARNING: [Board 49-26] cannot add Board Part xilinx.com:kc705:part0:1.6 available at C:/Users/14435/Desktop/Vivado/2022.2/data/xhub/boards/XilinxBoardStore/boards/Xilinx/kc705/1.6/board.xml as part xc7k325tffg900-2 specified in board_part file is either invalid or not available
WARNING: [Board 49-26] cannot add Board Part xilinx.com:kcu105:part0:1.6 available at C:/Users/14435/Desktop/Vivado/2022.2/data/xhub/boards/XilinxBoardStore/boards/Xilinx/kcu105/1.6/board.xml as part xcku040-ffva1156-2-e specified in board_part file is either invalid or not available
WARNING: [Board 49-26] cannot add Board Part xilinx.com:kcu105:part0:1.7 available at C:/Users/14435/Desktop/Vivado/2022.2/data/xhub/boards/XilinxBoardStore/boards/Xilinx/kcu105/1.7/board.xml as part xcku040-ffva1156-2-e specified in board_part file is either invalid or not available
WARNING: [Board 49-26] cannot add Board Part xilinx.com:kcu116:part0:1.4 available at C:/Users/14435/Desktop/Vivado/2022.2/data/xhub/boards/XilinxBoardStore/boards/Xilinx/kcu116/1.4/board.xml as part xcku5p-ffvb676-2-e specified in board_part file is either invalid or not available
WARNING: [Board 49-26] cannot add Board Part xilinx.com:kcu116:part0:1.5 available at C:/Users/14435/Desktop/Vivado/2022.2/data/xhub/boards/XilinxBoardStore/boards/Xilinx/kcu116/1.5/board.xml as part xcku5p-ffvb676-2-e specified in board_part file is either invalid or not available
WARNING: [Board 49-26] cannot add Board Part xilinx.com:kcu1500:part0:1.2 available at C:/Users/14435/Desktop/Vivado/2022.2/data/xhub/boards/XilinxBoardStore/boards/Xilinx/kcu1500/1.2/board.xml as part xcku115-flvb2104-2-e specified in board_part file is either invalid or not available
WARNING: [Board 49-26] cannot add Board Part xilinx.com:kr260_som:part0:1.0 available at C:/Users/14435/Desktop/Vivado/2022.2/data/xhub/boards/XilinxBoardStore/boards/Xilinx/kr260_som/1.0/board.xml as part xck26-sfvc784-2lv-c specified in board_part file is either invalid or not available
WARNING: [Board 49-26] cannot add Board Part xilinx.com:kr260_som:part0:1.1 available at C:/Users/14435/Desktop/Vivado/2022.2/data/xhub/boards/XilinxBoardStore/boards/Xilinx/kr260_som/1.1/board.xml as part xck26-sfvc784-2lv-c specified in board_part file is either invalid or not available
WARNING: [Board 49-26] cannot add Board Part xilinx.com:kv260_som:part0:1.2 available at C:/Users/14435/Desktop/Vivado/2022.2/data/xhub/boards/XilinxBoardStore/boards/Xilinx/kv260_som/1.2/board.xml as part xck26-sfvc784-2lv-c specified in board_part file is either invalid or not available
WARNING: [Board 49-26] cannot add Board Part xilinx.com:kv260_som:part0:1.3 available at C:/Users/14435/Desktop/Vivado/2022.2/data/xhub/boards/XilinxBoardStore/boards/Xilinx/kv260_som/1.3/board.xml as part xck26-sfvc784-2lv-c specified in board_part file is either invalid or not available
WARNING: [Board 49-26] cannot add Board Part xilinx.com:kv260_som:part0:1.4 available at C:/Users/14435/Desktop/Vivado/2022.2/data/xhub/boards/XilinxBoardStore/boards/Xilinx/kv260_som/1.4/board.xml as part xck26-sfvc784-2lv-c specified in board_part file is either invalid or not available
WARNING: [Board 49-26] cannot add Board Part xilinx.com:vc707:part0:1.4 available at C:/Users/14435/Desktop/Vivado/2022.2/data/xhub/boards/XilinxBoardStore/boards/Xilinx/vc707/1.4/board.xml as part xc7vx485tffg1761-2 specified in board_part file is either invalid or not available
WARNING: [Board 49-26] cannot add Board Part xilinx.com:vc709:part0:1.8 available at C:/Users/14435/Desktop/Vivado/2022.2/data/xhub/boards/XilinxBoardStore/boards/Xilinx/vc709/1.8/board.xml as part xc7vx690tffg1761-2 specified in board_part file is either invalid or not available
WARNING: [Board 49-26] cannot add Board Part xilinx.com:vck190:part0:2.2 available at C:/Users/14435/Desktop/Vivado/2022.2/data/xhub/boards/XilinxBoardStore/boards/Xilinx/vck190/production/2.2/board.xml as part xcvc1902-vsva2197-2mp-e-s specified in board_part file is either invalid or not available
WARNING: [Board 49-26] cannot add Board Part xilinx.com:vck190:part0:3.0 available at C:/Users/14435/Desktop/Vivado/2022.2/data/xhub/boards/XilinxBoardStore/boards/Xilinx/vck190/production/3.0/board.xml as part xcvc1902-vsva2197-2mp-e-s specified in board_part file is either invalid or not available
WARNING: [Board 49-26] cannot add Board Part xilinx.com:vck190:part0:3.1 available at C:/Users/14435/Desktop/Vivado/2022.2/data/xhub/boards/XilinxBoardStore/boards/Xilinx/vck190/production/3.1/board.xml as part xcvc1902-vsva2197-2mp-e-s specified in board_part file is either invalid or not available
WARNING: [Board 49-26] cannot add Board Part xilinx.com:vck190_newl:part0:1.0 available at C:/Users/14435/Desktop/Vivado/2022.2/data/xhub/boards/XilinxBoardStore/boards/Xilinx/vck190_newl/production/1.0/board.xml as part xcvc1902-vsva2197-2mp-e-s specified in board_part file is either invalid or not available
WARNING: [Board 49-26] cannot add Board Part xilinx.com:vcu108:part0:1.6 available at C:/Users/14435/Desktop/Vivado/2022.2/data/xhub/boards/XilinxBoardStore/boards/Xilinx/vcu108/1.6/board.xml as part xcvu095-ffva2104-2-e specified in board_part file is either invalid or not available
WARNING: [Board 49-26] cannot add Board Part xilinx.com:vcu108:part0:1.7 available at C:/Users/14435/Desktop/Vivado/2022.2/data/xhub/boards/XilinxBoardStore/boards/Xilinx/vcu108/1.7/board.xml as part xcvu095-ffva2104-2-e specified in board_part file is either invalid or not available
WARNING: [Board 49-26] cannot add Board Part xilinx.com:vcu110:part0:1.4 available at C:/Users/14435/Desktop/Vivado/2022.2/data/xhub/boards/XilinxBoardStore/boards/Xilinx/vcu110/1.4/board.xml as part xcvu190-flgc2104-2-e specified in board_part file is either invalid or not available
WARNING: [Board 49-26] cannot add Board Part xilinx.com:vcu118:part0:2.0 available at C:/Users/14435/Desktop/Vivado/2022.2/data/xhub/boards/XilinxBoardStore/boards/Xilinx/vcu118/2.0/board.xml as part xcvu9p-flga2104-2l-e specified in board_part file is either invalid or not available
WARNING: [Board 49-26] cannot add Board Part xilinx.com:vcu118:part0:2.3 available at C:/Users/14435/Desktop/Vivado/2022.2/data/xhub/boards/XilinxBoardStore/boards/Xilinx/vcu118/2.3/board.xml as part xcvu9p-flga2104-2l-e specified in board_part file is either invalid or not available
WARNING: [Board 49-26] cannot add Board Part xilinx.com:vcu118:part0:2.4 available at C:/Users/14435/Desktop/Vivado/2022.2/data/xhub/boards/XilinxBoardStore/boards/Xilinx/vcu118/2.4/board.xml as part xcvu9p-flga2104-2l-e specified in board_part file is either invalid or not available
WARNING: [Board 49-26] cannot add Board Part xilinx.com:vcu128:part0:1.0 available at C:/Users/14435/Desktop/Vivado/2022.2/data/xhub/boards/XilinxBoardStore/boards/Xilinx/vcu128/production/1.0/board.xml as part xcvu37p-fsvh2892-2l-e specified in board_part file is either invalid or not available
WARNING: [Board 49-26] cannot add Board Part xilinx.com:vcu129:part0:1.0 available at C:/Users/14435/Desktop/Vivado/2022.2/data/xhub/boards/XilinxBoardStore/boards/Xilinx/vcu129/production/1.0/board.xml as part xcvu29p-fsga2577-2l-e specified in board_part file is either invalid or not available
WARNING: [Board 49-26] cannot add Board Part xilinx.com:vcu1525:part0:1.3 available at C:/Users/14435/Desktop/Vivado/2022.2/data/xhub/boards/XilinxBoardStore/boards/Xilinx/vcu1525/1.3/board.xml as part xcvu9p-fsgd2104-2l-e specified in board_part file is either invalid or not available
WARNING: [Board 49-26] cannot add Board Part xilinx.com:vek280_es:part0:1.0 available at C:/Users/14435/Desktop/Vivado/2022.2/data/xhub/boards/XilinxBoardStore/boards/Xilinx/vek280/es/1.0/board.xml as part xcve2802-vsvh1760-2lp-e-s-es1 specified in board_part file is either invalid or not available
WARNING: [Board 49-26] cannot add Board Part xilinx.com:vermeo_t1_mpsoc:part0:1.0 available at C:/Users/14435/Desktop/Vivado/2022.2/data/xhub/boards/XilinxBoardStore/boards/Xilinx/vermeo_t1_mpsoc/1.0/board.xml as part xczu19eg-ffvd1760-2l-e specified in board_part file is either invalid or not available
WARNING: [Board 49-26] cannot add Board Part xilinx.com:vermeo_t1_rfsoc:part0:1.0 available at C:/Users/14435/Desktop/Vivado/2022.2/data/xhub/boards/XilinxBoardStore/boards/Xilinx/vermeo_t1_rfsoc/1.0/board.xml as part xczu21dr-ffvd1156-2l-e specified in board_part file is either invalid or not available
WARNING: [Board 49-26] cannot add Board Part xilinx.com:vhk158_es:part0:1.0 available at C:/Users/14435/Desktop/Vivado/2022.2/data/xhub/boards/XilinxBoardStore/boards/Xilinx/vhk158/es/1.0/board.xml as part xcvh1582-vsva3697-2mp-e-s-es1 specified in board_part file is either invalid or not available
WARNING: [Board 49-26] cannot add Board Part xilinx.com:vmk180:part0:2.2 available at C:/Users/14435/Desktop/Vivado/2022.2/data/xhub/boards/XilinxBoardStore/boards/Xilinx/vmk180/production/2.2/board.xml as part xcvm1802-vsva2197-2mp-e-s specified in board_part file is either invalid or not available
WARNING: [Board 49-26] cannot add Board Part xilinx.com:vmk180:part0:3.0 available at C:/Users/14435/Desktop/Vivado/2022.2/data/xhub/boards/XilinxBoardStore/boards/Xilinx/vmk180/production/3.0/board.xml as part xcvm1802-vsva2197-2mp-e-s specified in board_part file is either invalid or not available
WARNING: [Board 49-26] cannot add Board Part xilinx.com:vmk180:part0:3.1 available at C:/Users/14435/Desktop/Vivado/2022.2/data/xhub/boards/XilinxBoardStore/boards/Xilinx/vmk180/production/3.1/board.xml as part xcvm1802-vsva2197-2mp-e-s specified in board_part file is either invalid or not available
WARNING: [Board 49-26] cannot add Board Part xilinx.com:vmk180_newl:part0:1.0 available at C:/Users/14435/Desktop/Vivado/2022.2/data/xhub/boards/XilinxBoardStore/boards/Xilinx/vmk180_newl/production/1.0/board.xml as part xcvm1802-vsva2197-2mp-e-s specified in board_part file is either invalid or not available
WARNING: [Board 49-26] cannot add Board Part xilinx.com:vpk120:part0:1.0 available at C:/Users/14435/Desktop/Vivado/2022.2/data/xhub/boards/XilinxBoardStore/boards/Xilinx/vpk120/production/1.0/board.xml as part xcvp1202-vsva2785-2mp-e-s specified in board_part file is either invalid or not available
WARNING: [Board 49-26] cannot add Board Part xilinx.com:vpk120_es:part0:1.2 available at C:/Users/14435/Desktop/Vivado/2022.2/data/xhub/boards/XilinxBoardStore/boards/Xilinx/vpk120/es/1.2/board.xml as part xcvp1202-vsva2785-2mp-e-s-es1 specified in board_part file is either invalid or not available
WARNING: [Board 49-26] cannot add Board Part xilinx.com:vpk120_es_revb:part0:1.0 available at C:/Users/14435/Desktop/Vivado/2022.2/data/xhub/boards/XilinxBoardStore/boards/Xilinx/vpk120_revb/es/1.0/board.xml as part xcvp1202-vsva2785-2mp-e-s-es1 specified in board_part file is either invalid or not available
WARNING: [Board 49-26] cannot add Board Part xilinx.com:vpk180_es:part0:1.0 available at C:/Users/14435/Desktop/Vivado/2022.2/data/xhub/boards/XilinxBoardStore/boards/Xilinx/vpk180/es/1.0/board.xml as part xcvp1802-lsvc4072-2mp-e-s-es1 specified in board_part file is either invalid or not available
WARNING: [Board 49-26] cannot add Board Part xilinx.com:zc702:part0:1.4 available at C:/Users/14435/Desktop/Vivado/2022.2/data/xhub/boards/XilinxBoardStore/boards/Xilinx/zc702/1.4/board.xml as part xc7z020clg484-1 specified in board_part file is either invalid or not available
WARNING: [Board 49-26] cannot add Board Part xilinx.com:zc706:part0:1.4 available at C:/Users/14435/Desktop/Vivado/2022.2/data/xhub/boards/XilinxBoardStore/boards/Xilinx/zc706/1.4/board.xml as part xc7z045ffg900-2 specified in board_part file is either invalid or not available
WARNING: [Board 49-26] cannot add Board Part xilinx.com:zcu102:part0:3.3 available at C:/Users/14435/Desktop/Vivado/2022.2/data/xhub/boards/XilinxBoardStore/boards/Xilinx/zcu102/3.3/board.xml as part xczu9eg-ffvb1156-2-e specified in board_part file is either invalid or not available
WARNING: [Board 49-26] cannot add Board Part xilinx.com:zcu102:part0:3.4 available at C:/Users/14435/Desktop/Vivado/2022.2/data/xhub/boards/XilinxBoardStore/boards/Xilinx/zcu102/3.4/board.xml as part xczu9eg-ffvb1156-2-e specified in board_part file is either invalid or not available
WARNING: [Board 49-26] cannot add Board Part xilinx.com:zcu104:part0:1.1 available at C:/Users/14435/Desktop/Vivado/2022.2/data/xhub/boards/XilinxBoardStore/boards/Xilinx/zcu104/1.1/board.xml as part xczu7ev-ffvc1156-2-e specified in board_part file is either invalid or not available
WARNING: [Board 49-26] cannot add Board Part xilinx.com:zcu106:part0:2.4 available at C:/Users/14435/Desktop/Vivado/2022.2/data/xhub/boards/XilinxBoardStore/boards/Xilinx/zcu106/2.4/board.xml as part xczu7ev-ffvc1156-2-e specified in board_part file is either invalid or not available
WARNING: [Board 49-26] cannot add Board Part xilinx.com:zcu106:part0:2.5 available at C:/Users/14435/Desktop/Vivado/2022.2/data/xhub/boards/XilinxBoardStore/boards/Xilinx/zcu106/2.5/board.xml as part xczu7ev-ffvc1156-2-e specified in board_part file is either invalid or not available
WARNING: [Board 49-26] cannot add Board Part xilinx.com:zcu106:part0:2.6 available at C:/Users/14435/Desktop/Vivado/2022.2/data/xhub/boards/XilinxBoardStore/boards/Xilinx/zcu106/2.6/board.xml as part xczu7ev-ffvc1156-2-e specified in board_part file is either invalid or not available
WARNING: [Board 49-26] cannot add Board Part xilinx.com:zcu111:part0:1.2 available at C:/Users/14435/Desktop/Vivado/2022.2/data/xhub/boards/XilinxBoardStore/boards/Xilinx/zcu111/1.2/board.xml as part xczu28dr-ffvg1517-2-e specified in board_part file is either invalid or not available
WARNING: [Board 49-26] cannot add Board Part xilinx.com:zcu111:part0:1.3 available at C:/Users/14435/Desktop/Vivado/2022.2/data/xhub/boards/XilinxBoardStore/boards/Xilinx/zcu111/1.3/board.xml as part xczu28dr-ffvg1517-2-e specified in board_part file is either invalid or not available
WARNING: [Board 49-26] cannot add Board Part xilinx.com:zcu111:part0:1.4 available at C:/Users/14435/Desktop/Vivado/2022.2/data/xhub/boards/XilinxBoardStore/boards/Xilinx/zcu111/1.4/board.xml as part xczu28dr-ffvg1517-2-e specified in board_part file is either invalid or not available
WARNING: [Board 49-26] cannot add Board Part xilinx.com:zcu1275:part0:1.0 available at C:/Users/14435/Desktop/Vivado/2022.2/data/xhub/boards/XilinxBoardStore/boards/Xilinx/zcu1275/1.0/board.xml as part xczu29dr-ffvf1760-2-e specified in board_part file is either invalid or not available
WARNING: [Board 49-26] cannot add Board Part xilinx.com:zcu1285:part0:1.0 available at C:/Users/14435/Desktop/Vivado/2022.2/data/xhub/boards/XilinxBoardStore/boards/Xilinx/zcu1285/1.0/board.xml as part xczu39dr-ffvf1760-2-i specified in board_part file is either invalid or not available
WARNING: [Board 49-26] cannot add Board Part xilinx.com:zcu208:part0:2.0 available at C:/Users/14435/Desktop/Vivado/2022.2/data/xhub/boards/XilinxBoardStore/boards/Xilinx/zcu208/production/2.0/board.xml as part xczu48dr-fsvg1517-2-e specified in board_part file is either invalid or not available
WARNING: [Board 49-26] cannot add Board Part xilinx.com:zcu208ld:part0:2.0 available at C:/Users/14435/Desktop/Vivado/2022.2/data/xhub/boards/XilinxBoardStore/boards/Xilinx/zcu208ld/production/2.0/board.xml as part xczu58dr-fsvg1517-2-i specified in board_part file is either invalid or not available
WARNING: [Board 49-26] cannot add Board Part xilinx.com:zcu216:part0:2.0 available at C:/Users/14435/Desktop/Vivado/2022.2/data/xhub/boards/XilinxBoardStore/boards/Xilinx/zcu216/production/2.0/board.xml as part xczu49dr-ffvf1760-2-e specified in board_part file is either invalid or not available
WARNING: [Board 49-26] cannot add Board Part xilinx.com:zcu216ld:part0:2.0 available at C:/Users/14435/Desktop/Vivado/2022.2/data/xhub/boards/XilinxBoardStore/boards/Xilinx/zcu216ld/production/2.0/board.xml as part xczu59dr-ffvf1760-2-i specified in board_part file is either invalid or not available
WARNING: [Board 49-26] cannot add Board Part xilinx.com:zcu670:part0:2.0 available at C:/Users/14435/Desktop/Vivado/2022.2/data/xhub/boards/XilinxBoardStore/boards/Xilinx/zcu670/2.0/board.xml as part xczu67dr-fsve1156-2-i specified in board_part file is either invalid or not available
WARNING: [Board 49-26] cannot add Board Part xilinx.com:zcu670ld:part0:1.0 available at C:/Users/14435/Desktop/Vivado/2022.2/data/xhub/boards/XilinxBoardStore/boards/Xilinx/zcu670ld/1.0/board.xml as part xczu57dr-fsve1156-2-i specified in board_part file is either invalid or not available
INFO: [Vivado 12-8231] Launching Vitis
INFO: [Vivado 12-417] Running vitis
INFO: [Vivado 12-8232] Vitis launch initiated. Please check console for any further messages.
update_compile_order -fileset sources_1
WARNING: [Vivado 12-818] No files matched 'C:/Users/14435/Desktop/ECE385/Final'
WARNING: [Vivado 12-818] No files matched 'Project/Final'
WARNING: [Vivado 12-818] No files matched 'Project/Final'
WARNING: [Vivado 12-818] No files matched 'Project.srcs/sources_1/bd/Final_mb/Final_mb.bd'
ERROR: [Common 17-55] 'get_property' expects at least one object.
Resolution: If [get_<value>] was used to populate the object, check to make sure this command returns at least one valid object.
WARNING: [Vivado 12-818] No files matched 'C:/Users/14435/Desktop/ECE385/Final'
WARNING: [Vivado 12-818] No files matched 'Project/Final'
WARNING: [Vivado 12-818] No files matched 'Project/Final'
WARNING: [Vivado 12-818] No files matched 'Project.srcs/sources_1/bd/Final_mb/Final_mb.bd'
ERROR: [Common 17-55] 'get_property' expects at least one object.
Resolution: If [get_<value>] was used to populate the object, check to make sure this command returns at least one valid object.
WARNING: [Vivado 12-818] No files matched 'C:/Users/14435/Desktop/ECE385/Final'
WARNING: [Vivado 12-818] No files matched 'Project/Final'
WARNING: [Vivado 12-818] No files matched 'Project/Final'
WARNING: [Vivado 12-818] No files matched 'Project.srcs/sources_1/bd/Final_mb/Final_mb.bd'
ERROR: [Common 17-55] 'get_property' expects at least one object.
Resolution: If [get_<value>] was used to populate the object, check to make sure this command returns at least one valid object.
INFO: [Vivado 12-8217] Implementation run is out of date. Exported hardware information may be inconsistent with respect to the current state of the design. It is recommended that you re-run implementation and re-generate bitstream/PDI before doing hardware export.
WARNING: [Vivado 12-818] No files matched 'C:/Users/14435/Desktop/ECE385/Final'
WARNING: [Vivado 12-818] No files matched 'Project/Final'
WARNING: [Vivado 12-818] No files matched 'Project/Final'
WARNING: [Vivado 12-818] No files matched 'Project.srcs/sources_1/bd/Final_mb/Final_mb.bd'
ERROR: [Common 17-55] 'get_property' expects at least one object.
Resolution: If [get_<value>] was used to populate the object, check to make sure this command returns at least one valid object.
current_project {Final Project}
write_hw_platform -fixed -include_bit -force -file {C:/Users/14435/Desktop/ECE385/Final Project/Final Project/mb_usb_hdmi_top.xsa}
INFO: [Project 1-1918] Creating Hardware Platform: C:/Users/14435/Desktop/ECE385/Final Project/Final Project/mb_usb_hdmi_top.xsa ...
INFO: [Project 1-1943] The Hardware Platform can be used for Hardware
INFO: [Project 1-1941] Successfully created Hardware Platform: C:/Users/14435/Desktop/ECE385/Final Project/Final Project/mb_usb_hdmi_top.xsa
update_compile_order -fileset sim_1
update_compile_order -fileset sources_1
update_compile_order -fileset sim_1
update_compile_order -fileset sources_1
update_compile_order -fileset sources_1
close [ open {C:/Users/14435/Desktop/ECE385/Final Project/Final Project/Final Project.srcs/sources_1/new/beep_music.sv} w ]
add_files {{C:/Users/14435/Desktop/ECE385/Final Project/Final Project/Final Project.srcs/sources_1/new/beep_music.sv}}
update_compile_order -fileset sources_1
reset_run synth_1
INFO: [Project 1-1161] Replacing file C:/Users/14435/Desktop/ECE385/Final Project/Final Project/Final Project.srcs/utils_1/imports/synth_1/mb_usb_hdmi_top.dcp with file C:/Users/14435/Desktop/ECE385/Final Project/Final Project/Final Project.runs/synth_1/mb_usb_hdmi_top.dcp
launch_runs synth_1 -jobs 8
[Mon Apr 29 20:37:42 2024] Launched synth_1...
Run output will be captured here: C:/Users/14435/Desktop/ECE385/Final Project/Final Project/Final Project.runs/synth_1/runme.log
launch_runs impl_1 -jobs 8
[Mon Apr 29 20:39:32 2024] Launched impl_1...
Run output will be captured here: C:/Users/14435/Desktop/ECE385/Final Project/Final Project/Final Project.runs/impl_1/runme.log
launch_runs impl_1 -to_step write_bitstream -jobs 8
[Mon Apr 29 20:44:49 2024] Launched impl_1...
Run output will be captured here: C:/Users/14435/Desktop/ECE385/Final Project/Final Project/Final Project.runs/impl_1/runme.log
WARNING: [IP_Flow 19-4067] Ignoring invalid widget type specified checkbox.Providing a default widget
WARNING: [IP_Flow 19-4067] Ignoring invalid widget type specified checkbox.Providing a default widget
WARNING: [IP_Flow 19-4067] Ignoring invalid widget type specified checkbox.Providing a default widget
WARNING: [IP_Flow 19-4067] Ignoring invalid widget type specified checkbox.Providing a default widget
INFO: [IP_Flow 19-3484] Absolute path of file 'c:/Users/14435/Desktop/ECE385/Final Project/OV.coe' provided. It will be converted relative to IP Instance files '../../../../../OV.coe'
set_property CONFIG.Coe_File {C:/Users/14435/Desktop/ECE385/Final Project/OV.coe} [get_ips blk_mem_gen_OV]
INFO: [IP_Flow 19-3484] Absolute path of file 'c:/Users/14435/Desktop/ECE385/Final Project/OV.coe' provided. It will be converted relative to IP Instance files '../../../../../OV.coe'
reset_run synth_1
INFO: [Project 1-1161] Replacing file C:/Users/14435/Desktop/ECE385/Final Project/Final Project/Final Project.srcs/utils_1/imports/synth_1/mb_usb_hdmi_top.dcp with file C:/Users/14435/Desktop/ECE385/Final Project/Final Project/Final Project.runs/synth_1/mb_usb_hdmi_top.dcp
launch_runs synth_1 -jobs 8
[Mon Apr 29 21:07:39 2024] Launched synth_1...
Run output will be captured here: C:/Users/14435/Desktop/ECE385/Final Project/Final Project/Final Project.runs/synth_1/runme.log
launch_runs impl_1 -jobs 8
[Mon Apr 29 21:09:32 2024] Launched impl_1...
Run output will be captured here: C:/Users/14435/Desktop/ECE385/Final Project/Final Project/Final Project.runs/impl_1/runme.log
reset_run synth_1
INFO: [Project 1-1161] Replacing file C:/Users/14435/Desktop/ECE385/Final Project/Final Project/Final Project.srcs/utils_1/imports/synth_1/mb_usb_hdmi_top.dcp with file C:/Users/14435/Desktop/ECE385/Final Project/Final Project/Final Project.runs/synth_1/mb_usb_hdmi_top.dcp
launch_runs impl_1 -to_step write_bitstream -jobs 8
[Mon Apr 29 21:13:55 2024] Launched synth_1...
Run output will be captured here: C:/Users/14435/Desktop/ECE385/Final Project/Final Project/Final Project.runs/synth_1/runme.log
[Mon Apr 29 21:13:55 2024] Launched impl_1...
Run output will be captured here: C:/Users/14435/Desktop/ECE385/Final Project/Final Project/Final Project.runs/impl_1/runme.log
WARNING: [Vivado 12-818] No files matched 'C:/Users/14435/Desktop/ECE385/Final'
WARNING: [Vivado 12-818] No files matched 'Project/Final'
WARNING: [Vivado 12-818] No files matched 'Project/Final'
WARNING: [Vivado 12-818] No files matched 'Project.srcs/sources_1/bd/Final_mb/Final_mb.bd'
ERROR: [Common 17-55] 'get_property' expects at least one object.
Resolution: If [get_<value>] was used to populate the object, check to make sure this command returns at least one valid object.
WARNING: [Vivado 12-818] No files matched 'C:/Users/14435/Desktop/ECE385/Final'
WARNING: [Vivado 12-818] No files matched 'Project/Final'
WARNING: [Vivado 12-818] No files matched 'Project/Final'
WARNING: [Vivado 12-818] No files matched 'Project.srcs/sources_1/bd/Final_mb/Final_mb.bd'
ERROR: [Common 17-55] 'get_property' expects at least one object.
Resolution: If [get_<value>] was used to populate the object, check to make sure this command returns at least one valid object.
WARNING: [Vivado 12-818] No files matched 'C:/Users/14435/Desktop/ECE385/Final'
WARNING: [Vivado 12-818] No files matched 'Project/Final'
WARNING: [Vivado 12-818] No files matched 'Project/Final'
WARNING: [Vivado 12-818] No files matched 'Project.srcs/sources_1/bd/Final_mb/Final_mb.bd'
ERROR: [Common 17-55] 'get_property' expects at least one object.
Resolution: If [get_<value>] was used to populate the object, check to make sure this command returns at least one valid object.
WARNING: [Vivado 12-818] No files matched 'C:/Users/14435/Desktop/ECE385/Final'
WARNING: [Vivado 12-818] No files matched 'Project/Final'
WARNING: [Vivado 12-818] No files matched 'Project/Final'
WARNING: [Vivado 12-818] No files matched 'Project.srcs/sources_1/bd/Final_mb/Final_mb.bd'
ERROR: [Common 17-55] 'get_property' expects at least one object.
Resolution: If [get_<value>] was used to populate the object, check to make sure this command returns at least one valid object.
write_hw_platform -fixed -include_bit -force -file {C:/Users/14435/Desktop/ECE385/Final Project/Final Project/mb_usb_hdmi_top.xsa}
INFO: [Project 1-1918] Creating Hardware Platform: C:/Users/14435/Desktop/ECE385/Final Project/Final Project/mb_usb_hdmi_top.xsa ...
INFO: [Project 1-1943] The Hardware Platform can be used for Hardware
INFO: [Project 1-1941] Successfully created Hardware Platform: C:/Users/14435/Desktop/ECE385/Final Project/Final Project/mb_usb_hdmi_top.xsa
reset_run synth_1
INFO: [Project 1-1161] Replacing file C:/Users/14435/Desktop/ECE385/Final Project/Final Project/Final Project.srcs/utils_1/imports/synth_1/mb_usb_hdmi_top.dcp with file C:/Users/14435/Desktop/ECE385/Final Project/Final Project/Final Project.runs/synth_1/mb_usb_hdmi_top.dcp
launch_runs synth_1 -jobs 8
[Mon Apr 29 21:51:14 2024] Launched synth_1...
Run output will be captured here: C:/Users/14435/Desktop/ECE385/Final Project/Final Project/Final Project.runs/synth_1/runme.log
reset_run synth_1
launch_runs synth_1 -jobs 8
[Mon Apr 29 21:53:36 2024] Launched synth_1...
Run output will be captured here: C:/Users/14435/Desktop/ECE385/Final Project/Final Project/Final Project.runs/synth_1/runme.log
launch_runs impl_1 -jobs 8
[Mon Apr 29 21:55:19 2024] Launched impl_1...
Run output will be captured here: C:/Users/14435/Desktop/ECE385/Final Project/Final Project/Final Project.runs/impl_1/runme.log
launch_runs impl_1 -to_step write_bitstream -jobs 8
[Mon Apr 29 22:00:28 2024] Launched impl_1...
Run output will be captured here: C:/Users/14435/Desktop/ECE385/Final Project/Final Project/Final Project.runs/impl_1/runme.log
WARNING: [Vivado 12-818] No files matched 'C:/Users/14435/Desktop/ECE385/Final'
WARNING: [Vivado 12-818] No files matched 'Project/Final'
WARNING: [Vivado 12-818] No files matched 'Project/Final'
WARNING: [Vivado 12-818] No files matched 'Project.srcs/sources_1/bd/Final_mb/Final_mb.bd'
ERROR: [Common 17-55] 'get_property' expects at least one object.
Resolution: If [get_<value>] was used to populate the object, check to make sure this command returns at least one valid object.
WARNING: [Vivado 12-818] No files matched 'C:/Users/14435/Desktop/ECE385/Final'
WARNING: [Vivado 12-818] No files matched 'Project/Final'
WARNING: [Vivado 12-818] No files matched 'Project/Final'
WARNING: [Vivado 12-818] No files matched 'Project.srcs/sources_1/bd/Final_mb/Final_mb.bd'
ERROR: [Common 17-55] 'get_property' expects at least one object.
Resolution: If [get_<value>] was used to populate the object, check to make sure this command returns at least one valid object.
WARNING: [Vivado 12-818] No files matched 'C:/Users/14435/Desktop/ECE385/Final'
WARNING: [Vivado 12-818] No files matched 'Project/Final'
WARNING: [Vivado 12-818] No files matched 'Project/Final'
WARNING: [Vivado 12-818] No files matched 'Project.srcs/sources_1/bd/Final_mb/Final_mb.bd'
ERROR: [Common 17-55] 'get_property' expects at least one object.
Resolution: If [get_<value>] was used to populate the object, check to make sure this command returns at least one valid object.
WARNING: [Vivado 12-818] No files matched 'C:/Users/14435/Desktop/ECE385/Final'
WARNING: [Vivado 12-818] No files matched 'Project/Final'
WARNING: [Vivado 12-818] No files matched 'Project/Final'
WARNING: [Vivado 12-818] No files matched 'Project.srcs/sources_1/bd/Final_mb/Final_mb.bd'
ERROR: [Common 17-55] 'get_property' expects at least one object.
Resolution: If [get_<value>] was used to populate the object, check to make sure this command returns at least one valid object.
write_hw_platform -fixed -include_bit -force -file {C:/Users/14435/Desktop/ECE385/Final Project/Final Project/mb_usb_hdmi_top.xsa}
INFO: [Project 1-1918] Creating Hardware Platform: C:/Users/14435/Desktop/ECE385/Final Project/Final Project/mb_usb_hdmi_top.xsa ...
INFO: [Project 1-1943] The Hardware Platform can be used for Hardware
INFO: [Project 1-1941] Successfully created Hardware Platform: C:/Users/14435/Desktop/ECE385/Final Project/Final Project/mb_usb_hdmi_top.xsa
reset_run synth_1
INFO: [Project 1-1161] Replacing file C:/Users/14435/Desktop/ECE385/Final Project/Final Project/Final Project.srcs/utils_1/imports/synth_1/mb_usb_hdmi_top.dcp with file C:/Users/14435/Desktop/ECE385/Final Project/Final Project/Final Project.runs/synth_1/mb_usb_hdmi_top.dcp
launch_runs synth_1 -jobs 8
[Mon Apr 29 22:45:02 2024] Launched synth_1...
Run output will be captured here: C:/Users/14435/Desktop/ECE385/Final Project/Final Project/Final Project.runs/synth_1/runme.log
launch_runs impl_1 -jobs 8
[Mon Apr 29 22:49:22 2024] Launched impl_1...
Run output will be captured here: C:/Users/14435/Desktop/ECE385/Final Project/Final Project/Final Project.runs/impl_1/runme.log
launch_runs impl_1 -to_step write_bitstream -jobs 8
[Mon Apr 29 22:58:39 2024] Launched impl_1...
Run output will be captured here: C:/Users/14435/Desktop/ECE385/Final Project/Final Project/Final Project.runs/impl_1/runme.log
WARNING: [Vivado 12-818] No files matched 'C:/Users/14435/Desktop/ECE385/Final'
WARNING: [Vivado 12-818] No files matched 'Project/Final'
WARNING: [Vivado 12-818] No files matched 'Project/Final'
WARNING: [Vivado 12-818] No files matched 'Project.srcs/sources_1/bd/Final_mb/Final_mb.bd'
ERROR: [Common 17-55] 'get_property' expects at least one object.
Resolution: If [get_<value>] was used to populate the object, check to make sure this command returns at least one valid object.
WARNING: [Vivado 12-818] No files matched 'C:/Users/14435/Desktop/ECE385/Final'
WARNING: [Vivado 12-818] No files matched 'Project/Final'
WARNING: [Vivado 12-818] No files matched 'Project/Final'
WARNING: [Vivado 12-818] No files matched 'Project.srcs/sources_1/bd/Final_mb/Final_mb.bd'
ERROR: [Common 17-55] 'get_property' expects at least one object.
Resolution: If [get_<value>] was used to populate the object, check to make sure this command returns at least one valid object.
WARNING: [Vivado 12-818] No files matched 'C:/Users/14435/Desktop/ECE385/Final'
WARNING: [Vivado 12-818] No files matched 'Project/Final'
WARNING: [Vivado 12-818] No files matched 'Project/Final'
WARNING: [Vivado 12-818] No files matched 'Project.srcs/sources_1/bd/Final_mb/Final_mb.bd'
ERROR: [Common 17-55] 'get_property' expects at least one object.
Resolution: If [get_<value>] was used to populate the object, check to make sure this command returns at least one valid object.
WARNING: [Vivado 12-818] No files matched 'C:/Users/14435/Desktop/ECE385/Final'
WARNING: [Vivado 12-818] No files matched 'Project/Final'
WARNING: [Vivado 12-818] No files matched 'Project/Final'
WARNING: [Vivado 12-818] No files matched 'Project.srcs/sources_1/bd/Final_mb/Final_mb.bd'
ERROR: [Common 17-55] 'get_property' expects at least one object.
Resolution: If [get_<value>] was used to populate the object, check to make sure this command returns at least one valid object.
write_hw_platform -fixed -include_bit -force -file {C:/Users/14435/Desktop/ECE385/Final Project/Final Project/mb_usb_hdmi_top.xsa}
INFO: [Project 1-1918] Creating Hardware Platform: C:/Users/14435/Desktop/ECE385/Final Project/Final Project/mb_usb_hdmi_top.xsa ...
INFO: [Project 1-1943] The Hardware Platform can be used for Hardware
INFO: [Project 1-1941] Successfully created Hardware Platform: C:/Users/14435/Desktop/ECE385/Final Project/Final Project/mb_usb_hdmi_top.xsa
