15:52:46 DEBUG : Logs will be stored at 'C:/Users/14435/Desktop/ECE385/lab7_1_workspace/IDE.log'.
15:52:50 INFO  : Launching XSCT server: xsct.bat -n  -interactive C:\Users\14435\Desktop\ECE385\lab7_1_workspace\temp_xsdb_launch_script.tcl
15:52:50 INFO  : Platform repository initialization has completed.
15:52:50 INFO  : Registering command handlers for Vitis TCF services
15:52:53 INFO  : XSCT server has started successfully.
15:52:53 INFO  : plnx-install-location is set to ''
15:52:54 INFO  : Successfully done setting XSCT server connection channel  
15:52:54 INFO  : Successfully done query RDI_DATADIR 
15:52:54 INFO  : Successfully done setting workspace for the tool. 
15:54:43 ERROR : (XSDB Server)ERROR: [Hsi 55-1562] Source directory C:/Users/14435/Desktop/ECE385/lab7_1_workspace/mb_usb_hdmi_top/hw/drivers\hdmi_text_controller_v1_0/src does not exist or is not a directory.

15:54:45 INFO  : Result from executing command 'getProjects': mb_usb_hdmi_top
15:54:45 INFO  : Result from executing command 'getPlatforms': 
15:54:45 WARN  : An unexpected exception occurred in the module 'platform project logging'
15:54:45 INFO  : Platform 'mb_usb_hdmi_top' is added to custom repositories.
15:54:47 INFO  : Platform 'mb_usb_hdmi_top' is added to custom repositories.
16:00:15 INFO  : Result from executing command 'getProjects': mb_usb_hdmi_top
16:00:15 INFO  : Result from executing command 'getPlatforms': mb_usb_hdmi_top|C:/Users/14435/Desktop/ECE385/lab7_1_workspace/mb_usb_hdmi_top/export/mb_usb_hdmi_top/mb_usb_hdmi_top.xpfm
16:00:16 INFO  : Checking for BSP changes to sync application flags for project 'lab7_1'...
16:00:36 INFO  : Connected to target on host '127.0.0.1' and port '3121'.
16:00:37 INFO  : Jtag cable 'RealDigital Boo 8874292301C2A' is selected.
16:00:37 INFO  : 'jtag frequency' command is executed.
16:00:37 INFO  : 'targets -set -filter {jtag_cable_name =~ "RealDigital Boo 8874292301C2A" && level==0 && jtag_device_ctx=="jsn1-0362f093-0"}' command is executed.
16:00:38 INFO  : Device configured successfully with "C:/Users/14435/Desktop/ECE385/lab7_1_workspace/lab7_1/_ide/bitstream/mb_usb_hdmi_top.bit"
16:00:38 INFO  : Context for processor 'microblaze_0' is selected.
16:00:38 INFO  : Hardware design and registers information is loaded from 'C:/Users/14435/Desktop/ECE385/lab7_1_workspace/mb_usb_hdmi_top/export/mb_usb_hdmi_top/hw/mb_usb_hdmi_top.xsa'.
16:00:38 INFO  : 'configparams mdm-detect-bscan-mask 2' command is executed.
16:00:38 INFO  : Context for processor 'microblaze_0' is selected.
16:00:38 INFO  : System reset is completed.
16:00:41 INFO  : 'after 3000' command is executed.
16:00:41 INFO  : Context for processor 'microblaze_0' is selected.
16:00:42 INFO  : The application 'C:/Users/14435/Desktop/ECE385/lab7_1_workspace/lab7_1/Debug/lab7_1.elf' is downloaded to processor 'microblaze_0'.
16:00:42 INFO  : ----------------XSDB Script----------------
connect -url tcp:127.0.0.1:3121
targets -set -filter {jtag_cable_name =~ "RealDigital Boo 8874292301C2A" && level==0 && jtag_device_ctx=="jsn1-0362f093-0"}
fpga -file C:/Users/14435/Desktop/ECE385/lab7_1_workspace/lab7_1/_ide/bitstream/mb_usb_hdmi_top.bit
targets -set -nocase -filter {name =~ "*microblaze*#0" && bscan=="USER2" }
loadhw -hw C:/Users/14435/Desktop/ECE385/lab7_1_workspace/mb_usb_hdmi_top/export/mb_usb_hdmi_top/hw/mb_usb_hdmi_top.xsa -regs
configparams mdm-detect-bscan-mask 2
targets -set -nocase -filter {name =~ "*microblaze*#0" && bscan=="USER2" }
rst -system
after 3000
targets -set -nocase -filter {name =~ "*microblaze*#0" && bscan=="USER2" }
dow C:/Users/14435/Desktop/ECE385/lab7_1_workspace/lab7_1/Debug/lab7_1.elf
----------------End of Script----------------

16:00:42 INFO  : Context for processor 'microblaze_0' is selected.
16:00:42 INFO  : 'con' command is executed.
16:00:42 INFO  : ----------------XSDB Script (After Launch)----------------
targets -set -nocase -filter {name =~ "*microblaze*#0" && bscan=="USER2" }
con
----------------End of Script----------------

16:00:42 INFO  : Disconnected from the channel tcfchan#2.
16:02:51 INFO  : Connected to target on host '127.0.0.1' and port '3121'.
16:02:51 INFO  : Jtag cable 'RealDigital Boo 8874292301C2A' is selected.
16:02:51 INFO  : 'jtag frequency' command is executed.
16:02:51 INFO  : 'targets -set -filter {jtag_cable_name =~ "RealDigital Boo 8874292301C2A" && level==0 && jtag_device_ctx=="jsn1-0362f093-0"}' command is executed.
16:02:53 INFO  : Device configured successfully with "C:/Users/14435/Desktop/ECE385/lab7_1_workspace/lab7_1/_ide/bitstream/mb_usb_hdmi_top.bit"
16:02:53 INFO  : Context for processor 'microblaze_0' is selected.
16:02:53 INFO  : Hardware design and registers information is loaded from 'C:/Users/14435/Desktop/ECE385/lab7_1_workspace/mb_usb_hdmi_top/export/mb_usb_hdmi_top/hw/mb_usb_hdmi_top.xsa'.
16:02:53 INFO  : 'configparams mdm-detect-bscan-mask 2' command is executed.
16:02:53 INFO  : Context for processor 'microblaze_0' is selected.
16:02:53 INFO  : System reset is completed.
16:02:56 INFO  : 'after 3000' command is executed.
16:02:56 INFO  : Context for processor 'microblaze_0' is selected.
16:02:56 INFO  : The application 'C:/Users/14435/Desktop/ECE385/lab7_1_workspace/lab7_1/Debug/lab7_1.elf' is downloaded to processor 'microblaze_0'.
16:02:56 INFO  : ----------------XSDB Script----------------
connect -url tcp:127.0.0.1:3121
targets -set -filter {jtag_cable_name =~ "RealDigital Boo 8874292301C2A" && level==0 && jtag_device_ctx=="jsn1-0362f093-0"}
fpga -file C:/Users/14435/Desktop/ECE385/lab7_1_workspace/lab7_1/_ide/bitstream/mb_usb_hdmi_top.bit
targets -set -nocase -filter {name =~ "*microblaze*#0" && bscan=="USER2" }
loadhw -hw C:/Users/14435/Desktop/ECE385/lab7_1_workspace/mb_usb_hdmi_top/export/mb_usb_hdmi_top/hw/mb_usb_hdmi_top.xsa -regs
configparams mdm-detect-bscan-mask 2
targets -set -nocase -filter {name =~ "*microblaze*#0" && bscan=="USER2" }
rst -system
after 3000
targets -set -nocase -filter {name =~ "*microblaze*#0" && bscan=="USER2" }
dow C:/Users/14435/Desktop/ECE385/lab7_1_workspace/lab7_1/Debug/lab7_1.elf
----------------End of Script----------------

16:02:56 INFO  : Context for processor 'microblaze_0' is selected.
16:02:56 INFO  : 'con' command is executed.
16:02:56 INFO  : ----------------XSDB Script (After Launch)----------------
targets -set -nocase -filter {name =~ "*microblaze*#0" && bscan=="USER2" }
con
----------------End of Script----------------

16:02:56 INFO  : Disconnected from the channel tcfchan#3.
16:04:30 INFO  : Connected to target on host '127.0.0.1' and port '3121'.
16:04:31 INFO  : Jtag cable 'RealDigital Boo 8874292301C2A' is selected.
16:04:31 INFO  : 'jtag frequency' command is executed.
16:04:31 INFO  : 'targets -set -filter {jtag_cable_name =~ "RealDigital Boo 8874292301C2A" && level==0 && jtag_device_ctx=="jsn1-0362f093-0"}' command is executed.
16:04:32 INFO  : Device configured successfully with "C:/Users/14435/Desktop/ECE385/lab7_1_workspace/lab7_1/_ide/bitstream/mb_usb_hdmi_top.bit"
16:04:32 INFO  : Context for processor 'microblaze_0' is selected.
16:04:32 INFO  : Hardware design and registers information is loaded from 'C:/Users/14435/Desktop/ECE385/lab7_1_workspace/mb_usb_hdmi_top/export/mb_usb_hdmi_top/hw/mb_usb_hdmi_top.xsa'.
16:04:32 INFO  : 'configparams mdm-detect-bscan-mask 2' command is executed.
16:04:32 INFO  : Context for processor 'microblaze_0' is selected.
16:04:32 INFO  : System reset is completed.
16:04:35 INFO  : 'after 3000' command is executed.
16:04:35 INFO  : Context for processor 'microblaze_0' is selected.
16:04:36 INFO  : The application 'C:/Users/14435/Desktop/ECE385/lab7_1_workspace/lab7_1/Debug/lab7_1.elf' is downloaded to processor 'microblaze_0'.
16:04:36 INFO  : ----------------XSDB Script----------------
connect -url tcp:127.0.0.1:3121
targets -set -filter {jtag_cable_name =~ "RealDigital Boo 8874292301C2A" && level==0 && jtag_device_ctx=="jsn1-0362f093-0"}
fpga -file C:/Users/14435/Desktop/ECE385/lab7_1_workspace/lab7_1/_ide/bitstream/mb_usb_hdmi_top.bit
targets -set -nocase -filter {name =~ "*microblaze*#0" && bscan=="USER2" }
loadhw -hw C:/Users/14435/Desktop/ECE385/lab7_1_workspace/mb_usb_hdmi_top/export/mb_usb_hdmi_top/hw/mb_usb_hdmi_top.xsa -regs
configparams mdm-detect-bscan-mask 2
targets -set -nocase -filter {name =~ "*microblaze*#0" && bscan=="USER2" }
rst -system
after 3000
targets -set -nocase -filter {name =~ "*microblaze*#0" && bscan=="USER2" }
dow C:/Users/14435/Desktop/ECE385/lab7_1_workspace/lab7_1/Debug/lab7_1.elf
----------------End of Script----------------

16:04:36 INFO  : Context for processor 'microblaze_0' is selected.
16:04:36 INFO  : 'con' command is executed.
16:04:36 INFO  : ----------------XSDB Script (After Launch)----------------
targets -set -nocase -filter {name =~ "*microblaze*#0" && bscan=="USER2" }
con
----------------End of Script----------------

16:04:36 INFO  : Disconnected from the channel tcfchan#4.
17:09:37 INFO  : Connected to target on host '127.0.0.1' and port '3121'.
17:09:37 INFO  : Jtag cable 'RealDigital Boo 8874292301C2A' is selected.
17:09:37 INFO  : 'jtag frequency' command is executed.
17:09:37 INFO  : 'targets -set -filter {jtag_cable_name =~ "RealDigital Boo 8874292301C2A" && level==0 && jtag_device_ctx=="jsn1-0362f093-0"}' command is executed.
17:09:39 INFO  : Device configured successfully with "C:/Users/14435/Desktop/ECE385/lab7_1_workspace/lab7_1/_ide/bitstream/mb_usb_hdmi_top.bit"
17:09:39 INFO  : Context for processor 'microblaze_0' is selected.
17:09:39 INFO  : Hardware design and registers information is loaded from 'C:/Users/14435/Desktop/ECE385/lab7_1_workspace/mb_usb_hdmi_top/export/mb_usb_hdmi_top/hw/mb_usb_hdmi_top.xsa'.
17:09:39 INFO  : 'configparams mdm-detect-bscan-mask 2' command is executed.
17:09:39 INFO  : Context for processor 'microblaze_0' is selected.
17:09:39 INFO  : System reset is completed.
17:09:42 INFO  : 'after 3000' command is executed.
17:09:42 INFO  : Context for processor 'microblaze_0' is selected.
17:09:42 INFO  : The application 'C:/Users/14435/Desktop/ECE385/lab7_1_workspace/lab7_1/Debug/lab7_1.elf' is downloaded to processor 'microblaze_0'.
17:09:42 INFO  : ----------------XSDB Script----------------
connect -url tcp:127.0.0.1:3121
targets -set -filter {jtag_cable_name =~ "RealDigital Boo 8874292301C2A" && level==0 && jtag_device_ctx=="jsn1-0362f093-0"}
fpga -file C:/Users/14435/Desktop/ECE385/lab7_1_workspace/lab7_1/_ide/bitstream/mb_usb_hdmi_top.bit
targets -set -nocase -filter {name =~ "*microblaze*#0" && bscan=="USER2" }
loadhw -hw C:/Users/14435/Desktop/ECE385/lab7_1_workspace/mb_usb_hdmi_top/export/mb_usb_hdmi_top/hw/mb_usb_hdmi_top.xsa -regs
configparams mdm-detect-bscan-mask 2
targets -set -nocase -filter {name =~ "*microblaze*#0" && bscan=="USER2" }
rst -system
after 3000
targets -set -nocase -filter {name =~ "*microblaze*#0" && bscan=="USER2" }
dow C:/Users/14435/Desktop/ECE385/lab7_1_workspace/lab7_1/Debug/lab7_1.elf
----------------End of Script----------------

17:09:42 INFO  : Context for processor 'microblaze_0' is selected.
17:09:43 INFO  : 'con' command is executed.
17:09:43 INFO  : ----------------XSDB Script (After Launch)----------------
targets -set -nocase -filter {name =~ "*microblaze*#0" && bscan=="USER2" }
con
----------------End of Script----------------

17:09:43 INFO  : Disconnected from the channel tcfchan#5.
17:09:57 INFO  : Connected to target on host '127.0.0.1' and port '3121'.
17:09:57 INFO  : Jtag cable 'RealDigital Boo 8874292301C2A' is selected.
17:09:57 INFO  : 'jtag frequency' command is executed.
17:09:57 INFO  : 'targets -set -filter {jtag_cable_name =~ "RealDigital Boo 8874292301C2A" && level==0 && jtag_device_ctx=="jsn1-0362f093-0"}' command is executed.
17:09:59 INFO  : Device configured successfully with "C:/Users/14435/Desktop/ECE385/lab7_1_workspace/lab7_1/_ide/bitstream/mb_usb_hdmi_top.bit"
17:09:59 INFO  : Context for processor 'microblaze_0' is selected.
17:09:59 INFO  : Hardware design and registers information is loaded from 'C:/Users/14435/Desktop/ECE385/lab7_1_workspace/mb_usb_hdmi_top/export/mb_usb_hdmi_top/hw/mb_usb_hdmi_top.xsa'.
17:09:59 INFO  : 'configparams mdm-detect-bscan-mask 2' command is executed.
17:09:59 INFO  : Context for processor 'microblaze_0' is selected.
17:09:59 INFO  : System reset is completed.
17:10:02 INFO  : 'after 3000' command is executed.
17:10:02 INFO  : Context for processor 'microblaze_0' is selected.
17:10:02 INFO  : The application 'C:/Users/14435/Desktop/ECE385/lab7_1_workspace/lab7_1/Debug/lab7_1.elf' is downloaded to processor 'microblaze_0'.
17:10:02 INFO  : ----------------XSDB Script----------------
connect -url tcp:127.0.0.1:3121
targets -set -filter {jtag_cable_name =~ "RealDigital Boo 8874292301C2A" && level==0 && jtag_device_ctx=="jsn1-0362f093-0"}
fpga -file C:/Users/14435/Desktop/ECE385/lab7_1_workspace/lab7_1/_ide/bitstream/mb_usb_hdmi_top.bit
targets -set -nocase -filter {name =~ "*microblaze*#0" && bscan=="USER2" }
loadhw -hw C:/Users/14435/Desktop/ECE385/lab7_1_workspace/mb_usb_hdmi_top/export/mb_usb_hdmi_top/hw/mb_usb_hdmi_top.xsa -regs
configparams mdm-detect-bscan-mask 2
targets -set -nocase -filter {name =~ "*microblaze*#0" && bscan=="USER2" }
rst -system
after 3000
targets -set -nocase -filter {name =~ "*microblaze*#0" && bscan=="USER2" }
dow C:/Users/14435/Desktop/ECE385/lab7_1_workspace/lab7_1/Debug/lab7_1.elf
----------------End of Script----------------

17:10:02 INFO  : Context for processor 'microblaze_0' is selected.
17:10:02 INFO  : 'con' command is executed.
17:10:02 INFO  : ----------------XSDB Script (After Launch)----------------
targets -set -nocase -filter {name =~ "*microblaze*#0" && bscan=="USER2" }
con
----------------End of Script----------------

17:10:02 INFO  : Disconnected from the channel tcfchan#6.
17:10:20 INFO  : Connected to target on host '127.0.0.1' and port '3121'.
17:10:20 INFO  : Jtag cable 'RealDigital Boo 8874292301C2A' is selected.
17:10:20 INFO  : 'jtag frequency' command is executed.
17:10:20 INFO  : 'targets -set -filter {jtag_cable_name =~ "RealDigital Boo 8874292301C2A" && level==0 && jtag_device_ctx=="jsn1-0362f093-0"}' command is executed.
17:10:21 INFO  : Device configured successfully with "C:/Users/14435/Desktop/ECE385/lab7_1_workspace/lab7_1/_ide/bitstream/mb_usb_hdmi_top.bit"
17:10:21 INFO  : Context for processor 'microblaze_0' is selected.
17:10:21 INFO  : Hardware design and registers information is loaded from 'C:/Users/14435/Desktop/ECE385/lab7_1_workspace/mb_usb_hdmi_top/export/mb_usb_hdmi_top/hw/mb_usb_hdmi_top.xsa'.
17:10:21 INFO  : 'configparams mdm-detect-bscan-mask 2' command is executed.
17:10:22 INFO  : Context for processor 'microblaze_0' is selected.
17:10:22 INFO  : System reset is completed.
17:10:25 INFO  : 'after 3000' command is executed.
17:10:25 INFO  : Context for processor 'microblaze_0' is selected.
17:10:25 INFO  : The application 'C:/Users/14435/Desktop/ECE385/lab7_1_workspace/lab7_1/Debug/lab7_1.elf' is downloaded to processor 'microblaze_0'.
17:10:25 INFO  : ----------------XSDB Script----------------
connect -url tcp:127.0.0.1:3121
targets -set -filter {jtag_cable_name =~ "RealDigital Boo 8874292301C2A" && level==0 && jtag_device_ctx=="jsn1-0362f093-0"}
fpga -file C:/Users/14435/Desktop/ECE385/lab7_1_workspace/lab7_1/_ide/bitstream/mb_usb_hdmi_top.bit
targets -set -nocase -filter {name =~ "*microblaze*#0" && bscan=="USER2" }
loadhw -hw C:/Users/14435/Desktop/ECE385/lab7_1_workspace/mb_usb_hdmi_top/export/mb_usb_hdmi_top/hw/mb_usb_hdmi_top.xsa -regs
configparams mdm-detect-bscan-mask 2
targets -set -nocase -filter {name =~ "*microblaze*#0" && bscan=="USER2" }
rst -system
after 3000
targets -set -nocase -filter {name =~ "*microblaze*#0" && bscan=="USER2" }
dow C:/Users/14435/Desktop/ECE385/lab7_1_workspace/lab7_1/Debug/lab7_1.elf
----------------End of Script----------------

17:10:25 INFO  : Context for processor 'microblaze_0' is selected.
17:10:25 INFO  : 'con' command is executed.
17:10:25 INFO  : ----------------XSDB Script (After Launch)----------------
targets -set -nocase -filter {name =~ "*microblaze*#0" && bscan=="USER2" }
con
----------------End of Script----------------

17:10:25 INFO  : Disconnected from the channel tcfchan#7.
17:11:09 INFO  : Connected to target on host '127.0.0.1' and port '3121'.
17:11:10 INFO  : Jtag cable 'RealDigital Boo 8874292301C2A' is selected.
17:11:10 INFO  : 'jtag frequency' command is executed.
17:11:10 INFO  : 'targets -set -filter {jtag_cable_name =~ "RealDigital Boo 8874292301C2A" && level==0 && jtag_device_ctx=="jsn1-0362f093-0"}' command is executed.
17:11:11 INFO  : Device configured successfully with "C:/Users/14435/Desktop/ECE385/lab7_1_workspace/lab7_1/_ide/bitstream/mb_usb_hdmi_top.bit"
17:11:11 INFO  : Context for processor 'microblaze_0' is selected.
17:11:11 INFO  : Hardware design and registers information is loaded from 'C:/Users/14435/Desktop/ECE385/lab7_1_workspace/mb_usb_hdmi_top/export/mb_usb_hdmi_top/hw/mb_usb_hdmi_top.xsa'.
17:11:11 INFO  : 'configparams mdm-detect-bscan-mask 2' command is executed.
17:11:11 INFO  : Context for processor 'microblaze_0' is selected.
17:11:11 INFO  : System reset is completed.
17:11:14 INFO  : 'after 3000' command is executed.
17:11:14 INFO  : Context for processor 'microblaze_0' is selected.
17:11:15 INFO  : The application 'C:/Users/14435/Desktop/ECE385/lab7_1_workspace/lab7_1/Debug/lab7_1.elf' is downloaded to processor 'microblaze_0'.
17:11:15 INFO  : ----------------XSDB Script----------------
connect -url tcp:127.0.0.1:3121
targets -set -filter {jtag_cable_name =~ "RealDigital Boo 8874292301C2A" && level==0 && jtag_device_ctx=="jsn1-0362f093-0"}
fpga -file C:/Users/14435/Desktop/ECE385/lab7_1_workspace/lab7_1/_ide/bitstream/mb_usb_hdmi_top.bit
targets -set -nocase -filter {name =~ "*microblaze*#0" && bscan=="USER2" }
loadhw -hw C:/Users/14435/Desktop/ECE385/lab7_1_workspace/mb_usb_hdmi_top/export/mb_usb_hdmi_top/hw/mb_usb_hdmi_top.xsa -regs
configparams mdm-detect-bscan-mask 2
targets -set -nocase -filter {name =~ "*microblaze*#0" && bscan=="USER2" }
rst -system
after 3000
targets -set -nocase -filter {name =~ "*microblaze*#0" && bscan=="USER2" }
dow C:/Users/14435/Desktop/ECE385/lab7_1_workspace/lab7_1/Debug/lab7_1.elf
----------------End of Script----------------

17:11:15 INFO  : Context for processor 'microblaze_0' is selected.
17:11:15 INFO  : 'con' command is executed.
17:11:15 INFO  : ----------------XSDB Script (After Launch)----------------
targets -set -nocase -filter {name =~ "*microblaze*#0" && bscan=="USER2" }
con
----------------End of Script----------------

17:11:15 INFO  : Disconnected from the channel tcfchan#8.
17:11:54 INFO  : Connected to target on host '127.0.0.1' and port '3121'.
17:11:54 INFO  : Jtag cable 'RealDigital Boo 8874292301C2A' is selected.
17:11:54 INFO  : 'jtag frequency' command is executed.
17:11:54 INFO  : 'targets -set -filter {jtag_cable_name =~ "RealDigital Boo 8874292301C2A" && level==0 && jtag_device_ctx=="jsn1-0362f093-0"}' command is executed.
17:11:56 INFO  : Device configured successfully with "C:/Users/14435/Desktop/ECE385/lab7_1_workspace/lab7_1/_ide/bitstream/mb_usb_hdmi_top.bit"
17:11:56 INFO  : Context for processor 'microblaze_0' is selected.
17:11:56 INFO  : Hardware design and registers information is loaded from 'C:/Users/14435/Desktop/ECE385/lab7_1_workspace/mb_usb_hdmi_top/export/mb_usb_hdmi_top/hw/mb_usb_hdmi_top.xsa'.
17:11:56 INFO  : 'configparams mdm-detect-bscan-mask 2' command is executed.
17:11:56 INFO  : Context for processor 'microblaze_0' is selected.
17:11:56 INFO  : System reset is completed.
17:11:59 INFO  : 'after 3000' command is executed.
17:11:59 INFO  : Context for processor 'microblaze_0' is selected.
17:11:59 INFO  : The application 'C:/Users/14435/Desktop/ECE385/lab7_1_workspace/lab7_1/Debug/lab7_1.elf' is downloaded to processor 'microblaze_0'.
17:11:59 INFO  : ----------------XSDB Script----------------
connect -url tcp:127.0.0.1:3121
targets -set -filter {jtag_cable_name =~ "RealDigital Boo 8874292301C2A" && level==0 && jtag_device_ctx=="jsn1-0362f093-0"}
fpga -file C:/Users/14435/Desktop/ECE385/lab7_1_workspace/lab7_1/_ide/bitstream/mb_usb_hdmi_top.bit
targets -set -nocase -filter {name =~ "*microblaze*#0" && bscan=="USER2" }
loadhw -hw C:/Users/14435/Desktop/ECE385/lab7_1_workspace/mb_usb_hdmi_top/export/mb_usb_hdmi_top/hw/mb_usb_hdmi_top.xsa -regs
configparams mdm-detect-bscan-mask 2
targets -set -nocase -filter {name =~ "*microblaze*#0" && bscan=="USER2" }
rst -system
after 3000
targets -set -nocase -filter {name =~ "*microblaze*#0" && bscan=="USER2" }
dow C:/Users/14435/Desktop/ECE385/lab7_1_workspace/lab7_1/Debug/lab7_1.elf
----------------End of Script----------------

17:11:59 INFO  : Context for processor 'microblaze_0' is selected.
17:11:59 INFO  : 'con' command is executed.
17:11:59 INFO  : ----------------XSDB Script (After Launch)----------------
targets -set -nocase -filter {name =~ "*microblaze*#0" && bscan=="USER2" }
con
----------------End of Script----------------

17:11:59 INFO  : Disconnected from the channel tcfchan#9.
