INFO: [VRFC 10-2263] Analyzing SystemVerilog file "C:/Users/14435/Desktop/ECE385/Lab3/design_source/adder_toplevel.sv" into library xil_defaultlib
INFO: [VRFC 10-311] analyzing module adder_toplevel
INFO: [VRFC 10-2263] Analyzing SystemVerilog file "C:/Users/14435/Desktop/ECE385/Lab3/design_source/hex_driver.sv" into library xil_defaultlib
INFO: [VRFC 10-311] analyzing module hex_driver
INFO: [VRFC 10-311] analyzing module nibble_to_hex
INFO: [VRFC 10-2263] Analyzing SystemVerilog file "C:/Users/14435/Desktop/ECE385/Lab3/design_source/load_reg.sv" into library xil_defaultlib
INFO: [VRFC 10-311] analyzing module load_reg
INFO: [VRFC 10-2263] Analyzing SystemVerilog file "C:/Users/14435/Desktop/ECE385/Lab3/design_source/negedge_detector.sv" into library xil_defaultlib
INFO: [VRFC 10-311] analyzing module negedge_detector
INFO: [VRFC 10-2263] Analyzing SystemVerilog file "C:/Users/14435/Desktop/ECE385/Lab3/design_source/ripple_adder.sv" into library xil_defaultlib
INFO: [VRFC 10-311] analyzing module full_adder
INFO: [VRFC 10-311] analyzing module Adder4
INFO: [VRFC 10-311] analyzing module ripple_adder
INFO: [VRFC 10-2263] Analyzing SystemVerilog file "C:/Users/14435/Desktop/ECE385/Lab3/design_source/select_adder.sv" into library xil_defaultlib
INFO: [VRFC 10-311] analyzing module MUX
INFO: [VRFC 10-311] analyzing module select_adder
INFO: [VRFC 10-2263] Analyzing SystemVerilog file "C:/Users/14435/Desktop/ECE385/Lab3/design_source/sync_debounce.sv" into library xil_defaultlib
INFO: [VRFC 10-311] analyzing module sync_debounce
WARNING: [VRFC 10-9336] redeclaration of ANSI port 'q' is not allowed [C:/Users/14435/Desktop/ECE385/Lab3/design_source/sync_debounce.sv:21]
INFO: [VRFC 10-2263] Analyzing SystemVerilog file "C:/Users/14435/Desktop/ECE385/Lab3/project_1/project_1.srcs/sim_1/new/testbench.sv" into library xil_defaultlib
INFO: [VRFC 10-311] analyzing module bench
