19:39:04 DEBUG : Logs will be stored at 'C:/Users/14435/Desktop/ECE385/Final_project_workspace/IDE.log'.
19:39:07 INFO  : Platform repository initialization has completed.
19:39:07 INFO  : Registering command handlers for Vitis TCF services
19:39:07 INFO  : Launching XSCT server: xsct.bat -n  -interactive C:\Users\14435\Desktop\ECE385\Final_project_workspace\temp_xsdb_launch_script.tcl
19:39:12 INFO  : XSCT server has started successfully.
19:39:20 INFO  : Successfully done setting XSCT server connection channel  
19:39:20 INFO  : plnx-install-location is set to ''
19:39:20 INFO  : Successfully done query RDI_DATADIR 
19:39:20 INFO  : Successfully done setting workspace for the tool. 
19:48:40 INFO  : Result from executing command 'getProjects': mb_usb_hdmi_top
19:48:40 INFO  : Result from executing command 'getPlatforms': 
19:48:40 WARN  : An unexpected exception occurred in the module 'platform project logging'
19:48:40 INFO  : Platform 'mb_usb_hdmi_top' is added to custom repositories.
19:48:43 INFO  : Platform 'mb_usb_hdmi_top' is added to custom repositories.
19:55:56 INFO  : Result from executing command 'removePlatformRepo': 
19:56:11 ERROR : Error from executing command 'removePlatformRepo': ERROR: No valid directory exists at given path.
19:57:06 ERROR : Invalid hardware specification '${sdxTcfLaunchFile:project=Final_project;fileType=hw;}' in launch configuration 'Debugger_Final_project-GDB'.
19:59:41 ERROR : Error from executing command 'removePlatformRepo': ERROR: No valid directory exists at given path.
19:59:58 ERROR : Error from executing command 'removePlatformRepo': ERROR: No valid directory exists at given path.
20:01:15 INFO  : Result from executing command 'getProjects': mb_usb_hdmi_top
20:01:15 INFO  : Result from executing command 'getPlatforms': 
20:01:15 INFO  : Checking for BSP changes to sync application flags for project 'Final_project'...
20:01:26 INFO  : Connected to target on host '127.0.0.1' and port '3121'.
20:01:26 INFO  : Jtag cable 'RealDigital Boo 8874292301C2A' is selected.
20:01:26 INFO  : 'jtag frequency' command is executed.
20:01:27 INFO  : 'targets -set -filter {jtag_cable_name =~ "RealDigital Boo 8874292301C2A" && level==0 && jtag_device_ctx=="jsn1-0362f093-0"}' command is executed.
20:01:28 INFO  : Device configured successfully with "C:/Users/14435/Desktop/ECE385/Final_project_workspace/Final_project/_ide/bitstream/mb_usb_hdmi_top.bit"
20:01:28 INFO  : Context for processor 'microblaze_0' is selected.
20:01:28 INFO  : Hardware design and registers information is loaded from 'C:/Users/14435/Desktop/ECE385/Final_project_workspace/mb_usb_hdmi_top/export/mb_usb_hdmi_top/hw/mb_usb_hdmi_top.xsa'.
20:01:28 INFO  : 'configparams mdm-detect-bscan-mask 2' command is executed.
20:01:28 INFO  : ----------------XSDB Script----------------
connect -url tcp:127.0.0.1:3121
targets -set -filter {jtag_cable_name =~ "RealDigital Boo 8874292301C2A" && level==0 && jtag_device_ctx=="jsn1-0362f093-0"}
fpga -file C:/Users/14435/Desktop/ECE385/Final_project_workspace/Final_project/_ide/bitstream/mb_usb_hdmi_top.bit
targets -set -nocase -filter {name =~ "*microblaze*#0" && bscan=="USER2" }
loadhw -hw C:/Users/14435/Desktop/ECE385/Final_project_workspace/mb_usb_hdmi_top/export/mb_usb_hdmi_top/hw/mb_usb_hdmi_top.xsa -regs
configparams mdm-detect-bscan-mask 2
----------------End of Script----------------

18:42:53 DEBUG : Logs will be stored at 'C:/Users/14435/Desktop/ECE385/Final_project_workspace/IDE.log'.
18:42:54 INFO  : Launching XSCT server: xsct.bat -n  -interactive C:\Users\14435\Desktop\ECE385\Final_project_workspace\temp_xsdb_launch_script.tcl
18:42:57 INFO  : XSCT server has started successfully.
18:42:57 INFO  : Successfully done setting XSCT server connection channel  
18:42:57 INFO  : plnx-install-location is set to ''
18:42:57 INFO  : Successfully done setting workspace for the tool. 
18:42:59 INFO  : Platform repository initialization has completed.
18:42:59 INFO  : Registering command handlers for Vitis TCF services
18:43:05 INFO  : Successfully done query RDI_DATADIR 
18:45:24 INFO  : Hardware specification for platform project 'mb_usb_hdmi_top' is updated.
18:45:52 INFO  : Result from executing command 'removePlatformRepo': 
18:46:05 INFO  : Result from executing command 'getProjects': mb_usb_hdmi_top
18:46:05 INFO  : Result from executing command 'getPlatforms': 
18:46:05 INFO  : Checking for BSP changes to sync application flags for project 'Final_project'...
18:46:10 INFO  : The hardware specification used by project 'Final_project' is out of sync with the platform. Resource files extracted from the hardware specification will be updated.
18:46:10 INFO  : The file 'C:\Users\14435\Desktop\ECE385\Final_project_workspace\Final_project\_ide\bitstream\mb_usb_hdmi_top.bit' stored in project is removed.
18:46:10 INFO  : The file 'C:\Users\14435\Desktop\ECE385\Final_project_workspace\Final_project\_ide\bitstream\mb_usb_hdmi_top.mmi' stored in project is removed.
18:46:10 INFO  : The updated bitstream files are copied from platform to folder 'C:\Users\14435\Desktop\ECE385\Final_project_workspace\Final_project\_ide\bitstream' in project 'Final_project'.
18:46:57 INFO  : Connected to target on host '127.0.0.1' and port '3121'.
18:46:57 INFO  : Jtag cable 'RealDigital Boo 8874292301C2A' is selected.
18:46:58 INFO  : 'jtag frequency' command is executed.
18:46:58 INFO  : 'targets -set -filter {jtag_cable_name =~ "RealDigital Boo 8874292301C2A" && level==0 && jtag_device_ctx=="jsn1-0362f093-0"}' command is executed.
18:46:59 INFO  : Device configured successfully with "C:/Users/14435/Desktop/ECE385/Final_project_workspace/Final_project/_ide/bitstream/mb_usb_hdmi_top.bit"
18:46:59 INFO  : Context for processor 'microblaze_0' is selected.
18:46:59 INFO  : Hardware design and registers information is loaded from 'C:/Users/14435/Desktop/ECE385/Final_project_workspace/mb_usb_hdmi_top/export/mb_usb_hdmi_top/hw/mb_usb_hdmi_top.xsa'.
18:46:59 INFO  : 'configparams mdm-detect-bscan-mask 2' command is executed.
18:46:59 INFO  : ----------------XSDB Script----------------
connect -url tcp:127.0.0.1:3121
targets -set -filter {jtag_cable_name =~ "RealDigital Boo 8874292301C2A" && level==0 && jtag_device_ctx=="jsn1-0362f093-0"}
fpga -file C:/Users/14435/Desktop/ECE385/Final_project_workspace/Final_project/_ide/bitstream/mb_usb_hdmi_top.bit
targets -set -nocase -filter {name =~ "*microblaze*#0" && bscan=="USER2" }
loadhw -hw C:/Users/14435/Desktop/ECE385/Final_project_workspace/mb_usb_hdmi_top/export/mb_usb_hdmi_top/hw/mb_usb_hdmi_top.xsa -regs
configparams mdm-detect-bscan-mask 2
----------------End of Script----------------

18:49:13 INFO  : Hardware specification for platform project 'mb_usb_hdmi_top' is updated.
18:49:35 INFO  : Result from executing command 'removePlatformRepo': 
18:49:46 INFO  : Result from executing command 'getProjects': mb_usb_hdmi_top
18:49:46 INFO  : Result from executing command 'getPlatforms': 
18:49:46 INFO  : Checking for BSP changes to sync application flags for project 'Final_project'...
18:49:50 INFO  : The hardware specification used by project 'Final_project' is out of sync with the platform. Resource files extracted from the hardware specification will be updated.
18:49:50 INFO  : The file 'C:\Users\14435\Desktop\ECE385\Final_project_workspace\Final_project\_ide\bitstream\mb_usb_hdmi_top.bit' stored in project is removed.
18:49:50 INFO  : The file 'C:\Users\14435\Desktop\ECE385\Final_project_workspace\Final_project\_ide\bitstream\mb_usb_hdmi_top.mmi' stored in project is removed.
18:49:50 INFO  : The updated bitstream files are copied from platform to folder 'C:\Users\14435\Desktop\ECE385\Final_project_workspace\Final_project\_ide\bitstream' in project 'Final_project'.
18:50:21 INFO  : Connected to target on host '127.0.0.1' and port '3121'.
18:50:30 INFO  : Jtag cable 'RealDigital Boo 8874292301C2A' is selected.
18:50:30 INFO  : 'jtag frequency' command is executed.
18:50:30 INFO  : 'targets -set -filter {jtag_cable_name =~ "RealDigital Boo 8874292301C2A" && level==0 && jtag_device_ctx=="jsn1-0362f093-0"}' command is executed.
18:50:31 INFO  : Device configured successfully with "C:/Users/14435/Desktop/ECE385/Final_project_workspace/Final_project/_ide/bitstream/mb_usb_hdmi_top.bit"
18:50:32 INFO  : Context for processor 'microblaze_0' is selected.
18:50:32 INFO  : Hardware design and registers information is loaded from 'C:/Users/14435/Desktop/ECE385/Final_project_workspace/mb_usb_hdmi_top/export/mb_usb_hdmi_top/hw/mb_usb_hdmi_top.xsa'.
18:50:32 INFO  : 'configparams mdm-detect-bscan-mask 2' command is executed.
18:50:32 INFO  : ----------------XSDB Script----------------
connect -url tcp:127.0.0.1:3121
targets -set -filter {jtag_cable_name =~ "RealDigital Boo 8874292301C2A" && level==0 && jtag_device_ctx=="jsn1-0362f093-0"}
fpga -file C:/Users/14435/Desktop/ECE385/Final_project_workspace/Final_project/_ide/bitstream/mb_usb_hdmi_top.bit
targets -set -nocase -filter {name =~ "*microblaze*#0" && bscan=="USER2" }
loadhw -hw C:/Users/14435/Desktop/ECE385/Final_project_workspace/mb_usb_hdmi_top/export/mb_usb_hdmi_top/hw/mb_usb_hdmi_top.xsa -regs
configparams mdm-detect-bscan-mask 2
----------------End of Script----------------

18:51:32 INFO  : Connected to target on host '127.0.0.1' and port '3121'.
18:51:50 INFO  : ----------------XSDB Script----------------
connect -url tcp:127.0.0.1:3121
----------------End of Script----------------

18:51:50 ERROR : Could not find FPGA device on the board for connection 'Local'.


Troubleshooting hints:
1. Check whether board is connected to system properly.
2. In case of zynq board, check whether Digilent/Xilinx cable switch settings are correct.
3. If you are using Xilinx Platform Cable USB, ensure that status LED is green.
18:52:10 INFO  : Hardware specification for platform project 'mb_usb_hdmi_top' is updated.
18:52:36 INFO  : Hardware specification for platform project 'mb_usb_hdmi_top' is updated.
18:52:47 INFO  : Result from executing command 'removePlatformRepo': 
18:52:57 INFO  : Result from executing command 'getProjects': mb_usb_hdmi_top
18:52:57 INFO  : Result from executing command 'getPlatforms': 
18:52:57 INFO  : Checking for BSP changes to sync application flags for project 'Final_project'...
18:53:01 INFO  : The hardware specification used by project 'Final_project' is out of sync with the platform. Resource files extracted from the hardware specification will be updated.
18:53:01 INFO  : The file 'C:\Users\14435\Desktop\ECE385\Final_project_workspace\Final_project\_ide\bitstream\mb_usb_hdmi_top.bit' stored in project is removed.
18:53:01 INFO  : The file 'C:\Users\14435\Desktop\ECE385\Final_project_workspace\Final_project\_ide\bitstream\mb_usb_hdmi_top.mmi' stored in project is removed.
18:53:01 INFO  : The updated bitstream files are copied from platform to folder 'C:\Users\14435\Desktop\ECE385\Final_project_workspace\Final_project\_ide\bitstream' in project 'Final_project'.
18:53:17 INFO  : Connected to target on host '127.0.0.1' and port '3121'.
18:53:17 INFO  : Jtag cable 'RealDigital Boo 8874292301C2A' is selected.
18:53:17 INFO  : 'jtag frequency' command is executed.
18:53:17 INFO  : 'targets -set -filter {jtag_cable_name =~ "RealDigital Boo 8874292301C2A" && level==0 && jtag_device_ctx=="jsn1-0362f093-0"}' command is executed.
18:53:18 INFO  : Device configured successfully with "C:/Users/14435/Desktop/ECE385/Final_project_workspace/Final_project/_ide/bitstream/mb_usb_hdmi_top.bit"
18:53:19 INFO  : Context for processor 'microblaze_0' is selected.
18:53:19 INFO  : Hardware design and registers information is loaded from 'C:/Users/14435/Desktop/ECE385/Final_project_workspace/mb_usb_hdmi_top/export/mb_usb_hdmi_top/hw/mb_usb_hdmi_top.xsa'.
18:53:19 INFO  : 'configparams mdm-detect-bscan-mask 2' command is executed.
18:53:19 INFO  : ----------------XSDB Script----------------
connect -url tcp:127.0.0.1:3121
targets -set -filter {jtag_cable_name =~ "RealDigital Boo 8874292301C2A" && level==0 && jtag_device_ctx=="jsn1-0362f093-0"}
fpga -file C:/Users/14435/Desktop/ECE385/Final_project_workspace/Final_project/_ide/bitstream/mb_usb_hdmi_top.bit
targets -set -nocase -filter {name =~ "*microblaze*#0" && bscan=="USER2" }
loadhw -hw C:/Users/14435/Desktop/ECE385/Final_project_workspace/mb_usb_hdmi_top/export/mb_usb_hdmi_top/hw/mb_usb_hdmi_top.xsa -regs
configparams mdm-detect-bscan-mask 2
----------------End of Script----------------

18:55:53 INFO  : Connected to target on host '127.0.0.1' and port '3121'.
18:55:53 INFO  : Jtag cable 'RealDigital Boo 8874292301C2A' is selected.
18:55:53 INFO  : 'jtag frequency' command is executed.
18:55:53 INFO  : 'targets -set -filter {jtag_cable_name =~ "RealDigital Boo 8874292301C2A" && level==0 && jtag_device_ctx=="jsn1-0362f093-0"}' command is executed.
18:55:54 INFO  : Device configured successfully with "C:/Users/14435/Desktop/ECE385/Final_project_workspace/Final_project/_ide/bitstream/mb_usb_hdmi_top.bit"
18:55:54 INFO  : Context for processor 'microblaze_0' is selected.
18:55:54 INFO  : Hardware design and registers information is loaded from 'C:/Users/14435/Desktop/ECE385/Final_project_workspace/mb_usb_hdmi_top/export/mb_usb_hdmi_top/hw/mb_usb_hdmi_top.xsa'.
18:55:54 INFO  : 'configparams mdm-detect-bscan-mask 2' command is executed.
18:55:54 INFO  : ----------------XSDB Script----------------
connect -url tcp:127.0.0.1:3121
targets -set -filter {jtag_cable_name =~ "RealDigital Boo 8874292301C2A" && level==0 && jtag_device_ctx=="jsn1-0362f093-0"}
fpga -file C:/Users/14435/Desktop/ECE385/Final_project_workspace/Final_project/_ide/bitstream/mb_usb_hdmi_top.bit
targets -set -nocase -filter {name =~ "*microblaze*#0" && bscan=="USER2" }
loadhw -hw C:/Users/14435/Desktop/ECE385/Final_project_workspace/mb_usb_hdmi_top/export/mb_usb_hdmi_top/hw/mb_usb_hdmi_top.xsa -regs
configparams mdm-detect-bscan-mask 2
----------------End of Script----------------

18:57:53 INFO  : Hardware specification for platform project 'mb_usb_hdmi_top' is updated.
18:58:10 INFO  : Result from executing command 'removePlatformRepo': 
18:58:24 INFO  : Result from executing command 'getProjects': mb_usb_hdmi_top
18:58:24 INFO  : Result from executing command 'getPlatforms': 
18:58:24 INFO  : Checking for BSP changes to sync application flags for project 'Final_project'...
18:58:29 INFO  : The hardware specification used by project 'Final_project' is out of sync with the platform. Resource files extracted from the hardware specification will be updated.
18:58:29 INFO  : The file 'C:\Users\14435\Desktop\ECE385\Final_project_workspace\Final_project\_ide\bitstream\mb_usb_hdmi_top.bit' stored in project is removed.
18:58:29 INFO  : The file 'C:\Users\14435\Desktop\ECE385\Final_project_workspace\Final_project\_ide\bitstream\mb_usb_hdmi_top.mmi' stored in project is removed.
18:58:29 INFO  : The updated bitstream files are copied from platform to folder 'C:\Users\14435\Desktop\ECE385\Final_project_workspace\Final_project\_ide\bitstream' in project 'Final_project'.
18:58:40 INFO  : Connected to target on host '127.0.0.1' and port '3121'.
18:58:49 INFO  : Jtag cable 'RealDigital Boo 8874292301C2A' is selected.
18:58:49 INFO  : 'jtag frequency' command is executed.
18:58:49 INFO  : 'targets -set -filter {jtag_cable_name =~ "RealDigital Boo 8874292301C2A" && level==0 && jtag_device_ctx=="jsn1-0362f093-0"}' command is executed.
18:58:50 INFO  : Device configured successfully with "C:/Users/14435/Desktop/ECE385/Final_project_workspace/Final_project/_ide/bitstream/mb_usb_hdmi_top.bit"
18:58:50 INFO  : Context for processor 'microblaze_0' is selected.
18:58:51 INFO  : Hardware design and registers information is loaded from 'C:/Users/14435/Desktop/ECE385/Final_project_workspace/mb_usb_hdmi_top/export/mb_usb_hdmi_top/hw/mb_usb_hdmi_top.xsa'.
18:58:51 INFO  : 'configparams mdm-detect-bscan-mask 2' command is executed.
18:58:51 INFO  : ----------------XSDB Script----------------
connect -url tcp:127.0.0.1:3121
targets -set -filter {jtag_cable_name =~ "RealDigital Boo 8874292301C2A" && level==0 && jtag_device_ctx=="jsn1-0362f093-0"}
fpga -file C:/Users/14435/Desktop/ECE385/Final_project_workspace/Final_project/_ide/bitstream/mb_usb_hdmi_top.bit
targets -set -nocase -filter {name =~ "*microblaze*#0" && bscan=="USER2" }
loadhw -hw C:/Users/14435/Desktop/ECE385/Final_project_workspace/mb_usb_hdmi_top/export/mb_usb_hdmi_top/hw/mb_usb_hdmi_top.xsa -regs
configparams mdm-detect-bscan-mask 2
----------------End of Script----------------

19:05:39 INFO  : Hardware specification for platform project 'mb_usb_hdmi_top' is updated.
19:05:52 INFO  : Result from executing command 'removePlatformRepo': 
19:06:07 INFO  : Result from executing command 'getProjects': mb_usb_hdmi_top
19:06:07 INFO  : Result from executing command 'getPlatforms': 
19:06:07 INFO  : Checking for BSP changes to sync application flags for project 'Final_project'...
19:06:12 INFO  : The hardware specification used by project 'Final_project' is out of sync with the platform. Resource files extracted from the hardware specification will be updated.
19:06:12 INFO  : The file 'C:\Users\14435\Desktop\ECE385\Final_project_workspace\Final_project\_ide\bitstream\mb_usb_hdmi_top.bit' stored in project is removed.
19:06:12 INFO  : The file 'C:\Users\14435\Desktop\ECE385\Final_project_workspace\Final_project\_ide\bitstream\mb_usb_hdmi_top.mmi' stored in project is removed.
19:06:12 INFO  : The updated bitstream files are copied from platform to folder 'C:\Users\14435\Desktop\ECE385\Final_project_workspace\Final_project\_ide\bitstream' in project 'Final_project'.
19:06:48 INFO  : Connected to target on host '127.0.0.1' and port '3121'.
19:06:57 INFO  : Jtag cable 'RealDigital Boo 8874292301C2A' is selected.
19:06:57 INFO  : 'jtag frequency' command is executed.
19:06:57 INFO  : 'targets -set -filter {jtag_cable_name =~ "RealDigital Boo 8874292301C2A" && level==0 && jtag_device_ctx=="jsn1-0362f093-0"}' command is executed.
19:06:58 INFO  : Device configured successfully with "C:/Users/14435/Desktop/ECE385/Final_project_workspace/Final_project/_ide/bitstream/mb_usb_hdmi_top.bit"
19:06:58 INFO  : Context for processor 'microblaze_0' is selected.
19:06:59 INFO  : Hardware design and registers information is loaded from 'C:/Users/14435/Desktop/ECE385/Final_project_workspace/mb_usb_hdmi_top/export/mb_usb_hdmi_top/hw/mb_usb_hdmi_top.xsa'.
19:06:59 INFO  : 'configparams mdm-detect-bscan-mask 2' command is executed.
19:06:59 INFO  : ----------------XSDB Script----------------
connect -url tcp:127.0.0.1:3121
targets -set -filter {jtag_cable_name =~ "RealDigital Boo 8874292301C2A" && level==0 && jtag_device_ctx=="jsn1-0362f093-0"}
fpga -file C:/Users/14435/Desktop/ECE385/Final_project_workspace/Final_project/_ide/bitstream/mb_usb_hdmi_top.bit
targets -set -nocase -filter {name =~ "*microblaze*#0" && bscan=="USER2" }
loadhw -hw C:/Users/14435/Desktop/ECE385/Final_project_workspace/mb_usb_hdmi_top/export/mb_usb_hdmi_top/hw/mb_usb_hdmi_top.xsa -regs
configparams mdm-detect-bscan-mask 2
----------------End of Script----------------

