22:23:13 DEBUG : Logs will be stored at 'C:/Users/14435/Desktop/ECE385/new_lab7_2_workspace/IDE.log'.
22:23:16 INFO  : Launching XSCT server: xsct.bat -n  -interactive C:\Users\14435\Desktop\ECE385\new_lab7_2_workspace\temp_xsdb_launch_script.tcl
22:23:16 INFO  : Platform repository initialization has completed.
22:23:16 INFO  : Registering command handlers for Vitis TCF services
22:23:19 INFO  : XSCT server has started successfully.
22:23:20 INFO  : Successfully done setting XSCT server connection channel  
22:23:20 INFO  : plnx-install-location is set to ''
22:23:20 INFO  : Successfully done query RDI_DATADIR 
22:23:20 INFO  : Successfully done setting workspace for the tool. 
22:23:51 ERROR : (XSDB Server)ERROR: [Hsi 55-1562] Source directory C:/Users/14435/Desktop/ECE385/new_lab7_2_workspace/haoyu/hw/drivers\hdmi_text_controller_v1_0/src does not exist or is not a directory.

22:23:52 INFO  : Result from executing command 'getProjects': haoyu
22:23:52 INFO  : Result from executing command 'getPlatforms': 
22:23:52 WARN  : An unexpected exception occurred in the module 'platform project logging'
22:23:53 INFO  : Platform 'haoyu' is added to custom repositories.
22:23:55 INFO  : Platform 'haoyu' is added to custom repositories.
22:26:27 INFO  : Result from executing command 'removePlatformRepo': 
22:26:55 INFO  : Result from executing command 'getProjects': haoyu
22:26:55 INFO  : Result from executing command 'getPlatforms': 
22:27:21 INFO  : Checking for BSP changes to sync application flags for project 'new_lab7_2'...
22:27:31 INFO  : Connected to target on host '127.0.0.1' and port '3121'.
22:27:31 INFO  : Jtag cable 'RealDigital Boo 8874292301C2A' is selected.
22:27:31 INFO  : 'jtag frequency' command is executed.
22:27:31 INFO  : 'targets -set -filter {jtag_cable_name =~ "RealDigital Boo 8874292301C2A" && level==0 && jtag_device_ctx=="jsn1-0362f093-0"}' command is executed.
22:27:33 INFO  : Device configured successfully with "C:/Users/14435/Desktop/ECE385/new_lab7_2_workspace/new_lab7_2/_ide/bitstream/toplevel.bit"
22:27:33 INFO  : Context for processor 'microblaze_0' is selected.
22:27:33 INFO  : Hardware design and registers information is loaded from 'C:/Users/14435/Desktop/ECE385/new_lab7_2_workspace/haoyu/export/haoyu/hw/haoyu.xsa'.
22:27:33 INFO  : 'configparams mdm-detect-bscan-mask 2' command is executed.
22:27:33 INFO  : Context for processor 'microblaze_0' is selected.
22:27:33 INFO  : System reset is completed.
22:27:36 INFO  : 'after 3000' command is executed.
22:27:36 INFO  : Context for processor 'microblaze_0' is selected.
22:27:36 INFO  : The application 'C:/Users/14435/Desktop/ECE385/new_lab7_2_workspace/new_lab7_2/Debug/new_lab7_2.elf' is downloaded to processor 'microblaze_0'.
22:27:36 INFO  : ----------------XSDB Script----------------
connect -url tcp:127.0.0.1:3121
targets -set -filter {jtag_cable_name =~ "RealDigital Boo 8874292301C2A" && level==0 && jtag_device_ctx=="jsn1-0362f093-0"}
fpga -file C:/Users/14435/Desktop/ECE385/new_lab7_2_workspace/new_lab7_2/_ide/bitstream/toplevel.bit
targets -set -nocase -filter {name =~ "*microblaze*#0" && bscan=="USER2" }
loadhw -hw C:/Users/14435/Desktop/ECE385/new_lab7_2_workspace/haoyu/export/haoyu/hw/haoyu.xsa -regs
configparams mdm-detect-bscan-mask 2
targets -set -nocase -filter {name =~ "*microblaze*#0" && bscan=="USER2" }
rst -system
after 3000
targets -set -nocase -filter {name =~ "*microblaze*#0" && bscan=="USER2" }
dow C:/Users/14435/Desktop/ECE385/new_lab7_2_workspace/new_lab7_2/Debug/new_lab7_2.elf
----------------End of Script----------------

22:27:36 INFO  : Context for processor 'microblaze_0' is selected.
22:27:36 INFO  : 'con' command is executed.
22:27:36 INFO  : ----------------XSDB Script (After Launch)----------------
targets -set -nocase -filter {name =~ "*microblaze*#0" && bscan=="USER2" }
con
----------------End of Script----------------

22:27:36 INFO  : Disconnected from the channel tcfchan#3.
18:41:27 DEBUG : Logs will be stored at 'C:/Users/14435/Desktop/ECE385/new_lab7_2_workspace/IDE.log'.
18:41:27 INFO  : Launching XSCT server: xsct.bat -n  -interactive C:\Users\14435\Desktop\ECE385\new_lab7_2_workspace\temp_xsdb_launch_script.tcl
18:41:33 INFO  : Platform repository initialization has completed.
18:41:33 INFO  : Registering command handlers for Vitis TCF services
18:41:34 INFO  : XSCT server has started successfully.
18:41:43 INFO  : Successfully done setting XSCT server connection channel  
18:41:43 INFO  : plnx-install-location is set to ''
18:41:43 INFO  : Successfully done query RDI_DATADIR 
18:41:43 INFO  : Successfully done setting workspace for the tool. 
