20:28:35 DEBUG : Logs will be stored at 'C:/Users/14435/Desktop/ECE385/Lab6_workspace/IDE.log'.
20:28:39 INFO  : Launching XSCT server: xsct.bat -n  -interactive C:\Users\14435\Desktop\ECE385\Lab6_workspace\temp_xsdb_launch_script.tcl
20:28:39 INFO  : Platform repository initialization has completed.
20:28:40 INFO  : Registering command handlers for Vitis TCF services
20:28:43 INFO  : XSCT server has started successfully.
20:28:51 INFO  : Successfully done setting XSCT server connection channel  
20:28:51 INFO  : plnx-install-location is set to ''
20:28:51 INFO  : Successfully done query RDI_DATADIR 
20:28:51 INFO  : Successfully done setting workspace for the tool. 
20:35:42 INFO  : Result from executing command 'getProjects': mb_intro_top
20:35:42 INFO  : Result from executing command 'getPlatforms': 
20:35:42 WARN  : An unexpected exception occurred in the module 'platform project logging'
20:35:42 INFO  : Platform 'mb_intro_top' is added to custom repositories.
20:35:45 INFO  : Platform 'mb_intro_top' is added to custom repositories.
21:19:06 INFO  : Result from executing command 'getProjects': mb_intro_top
21:19:06 INFO  : Result from executing command 'getPlatforms': mb_intro_top|C:/Users/14435/Desktop/ECE385/Lab6_workspace/mb_intro_top/export/mb_intro_top/mb_intro_top.xpfm
21:19:06 INFO  : Checking for BSP changes to sync application flags for project 'mb_blink'...
13:26:53 INFO  : Checking for BSP changes to sync application flags for project 'mb_blink'...
15:38:34 INFO  : Connected to target on host '127.0.0.1' and port '3121'.
15:38:54 INFO  : ----------------XSDB Script----------------
connect -url tcp:127.0.0.1:3121
----------------End of Script----------------

15:38:54 ERROR : Could not find FPGA device on the board for connection 'Local'.


Troubleshooting hints:
1. Check whether board is connected to system properly.
2. In case of zynq board, check whether Digilent/Xilinx cable switch settings are correct.
3. If you are using Xilinx Platform Cable USB, ensure that status LED is green.
15:39:53 INFO  : Checking for BSP changes to sync application flags for project 'mb_blink'...
15:46:32 INFO  : Connected to target on host '127.0.0.1' and port '3121'.
15:46:32 INFO  : Jtag cable 'RealDigital Boo 8874292301C2A' is selected.
15:46:32 INFO  : 'jtag frequency' command is executed.
15:46:32 INFO  : 'targets -set -filter {jtag_cable_name =~ "RealDigital Boo 8874292301C2A" && level==0 && jtag_device_ctx=="jsn1-0362f093-0"}' command is executed.
15:46:33 INFO  : Device configured successfully with "C:/Users/14435/Desktop/ECE385/Lab6_workspace/mb_blink/_ide/bitstream/mb_intro_top.bit"
15:46:33 INFO  : Context for processor 'microblaze_0' is selected.
15:46:33 INFO  : Hardware design and registers information is loaded from 'C:/Users/14435/Desktop/ECE385/Lab6_workspace/mb_intro_top/export/mb_intro_top/hw/mb_intro_top.xsa'.
15:46:33 INFO  : 'configparams mdm-detect-bscan-mask 2' command is executed.
15:46:33 INFO  : Context for processor 'microblaze_0' is selected.
15:46:33 INFO  : System reset is completed.
15:46:36 INFO  : 'after 3000' command is executed.
15:46:36 INFO  : Context for processor 'microblaze_0' is selected.
15:46:37 INFO  : The application 'C:/Users/14435/Desktop/ECE385/Lab6_workspace/mb_blink/Debug/mb_blink.elf' is downloaded to processor 'microblaze_0'.
15:46:37 INFO  : ----------------XSDB Script----------------
connect -url tcp:127.0.0.1:3121
targets -set -filter {jtag_cable_name =~ "RealDigital Boo 8874292301C2A" && level==0 && jtag_device_ctx=="jsn1-0362f093-0"}
fpga -file C:/Users/14435/Desktop/ECE385/Lab6_workspace/mb_blink/_ide/bitstream/mb_intro_top.bit
targets -set -nocase -filter {name =~ "*microblaze*#0" && bscan=="USER2" }
loadhw -hw C:/Users/14435/Desktop/ECE385/Lab6_workspace/mb_intro_top/export/mb_intro_top/hw/mb_intro_top.xsa -regs
configparams mdm-detect-bscan-mask 2
targets -set -nocase -filter {name =~ "*microblaze*#0" && bscan=="USER2" }
rst -system
after 3000
targets -set -nocase -filter {name =~ "*microblaze*#0" && bscan=="USER2" }
dow C:/Users/14435/Desktop/ECE385/Lab6_workspace/mb_blink/Debug/mb_blink.elf
----------------End of Script----------------

15:46:37 INFO  : Context for processor 'microblaze_0' is selected.
15:46:37 INFO  : 'con' command is executed.
15:46:37 INFO  : ----------------XSDB Script (After Launch)----------------
targets -set -nocase -filter {name =~ "*microblaze*#0" && bscan=="USER2" }
con
----------------End of Script----------------

15:46:37 INFO  : Disconnected from the channel tcfchan#2.
17:35:08 INFO  : Result from executing command 'getProjects': lab6_1;mb_intro_top
17:35:08 INFO  : Result from executing command 'getPlatforms': mb_intro_top|C:/Users/14435/Desktop/ECE385/Lab6_workspace/mb_intro_top/export/mb_intro_top/mb_intro_top.xpfm
18:25:37 INFO  : Checking for BSP changes to sync application flags for project 'mb_blink'...
18:29:37 INFO  : Checking for BSP changes to sync application flags for project 'mb_blink'...
18:29:53 INFO  : Connected to target on host '127.0.0.1' and port '3121'.
18:29:54 INFO  : Jtag cable 'RealDigital Boo 8874292301C2A' is selected.
18:29:54 INFO  : 'jtag frequency' command is executed.
18:29:54 INFO  : 'targets -set -filter {jtag_cable_name =~ "RealDigital Boo 8874292301C2A" && level==0 && jtag_device_ctx=="jsn1-0362f093-0"}' command is executed.
18:29:56 INFO  : Device configured successfully with "C:/Users/14435/Desktop/ECE385/Lab6_workspace/mb_blink/_ide/bitstream/mb_intro_top.bit"
18:29:56 INFO  : Context for processor 'microblaze_0' is selected.
18:29:56 INFO  : Hardware design and registers information is loaded from 'C:/Users/14435/Desktop/ECE385/Lab6_workspace/mb_intro_top/export/mb_intro_top/hw/mb_intro_top.xsa'.
18:29:56 INFO  : 'configparams mdm-detect-bscan-mask 2' command is executed.
18:29:56 INFO  : Context for processor 'microblaze_0' is selected.
18:29:56 INFO  : System reset is completed.
18:29:59 INFO  : 'after 3000' command is executed.
18:29:59 INFO  : Context for processor 'microblaze_0' is selected.
18:29:59 INFO  : The application 'C:/Users/14435/Desktop/ECE385/Lab6_workspace/mb_blink/Debug/mb_blink.elf' is downloaded to processor 'microblaze_0'.
18:29:59 INFO  : ----------------XSDB Script----------------
connect -url tcp:127.0.0.1:3121
targets -set -filter {jtag_cable_name =~ "RealDigital Boo 8874292301C2A" && level==0 && jtag_device_ctx=="jsn1-0362f093-0"}
fpga -file C:/Users/14435/Desktop/ECE385/Lab6_workspace/mb_blink/_ide/bitstream/mb_intro_top.bit
targets -set -nocase -filter {name =~ "*microblaze*#0" && bscan=="USER2" }
loadhw -hw C:/Users/14435/Desktop/ECE385/Lab6_workspace/mb_intro_top/export/mb_intro_top/hw/mb_intro_top.xsa -regs
configparams mdm-detect-bscan-mask 2
targets -set -nocase -filter {name =~ "*microblaze*#0" && bscan=="USER2" }
rst -system
after 3000
targets -set -nocase -filter {name =~ "*microblaze*#0" && bscan=="USER2" }
dow C:/Users/14435/Desktop/ECE385/Lab6_workspace/mb_blink/Debug/mb_blink.elf
----------------End of Script----------------

18:29:59 INFO  : Context for processor 'microblaze_0' is selected.
18:29:59 INFO  : 'con' command is executed.
18:29:59 INFO  : ----------------XSDB Script (After Launch)----------------
targets -set -nocase -filter {name =~ "*microblaze*#0" && bscan=="USER2" }
con
----------------End of Script----------------

18:29:59 INFO  : Disconnected from the channel tcfchan#3.
18:32:32 INFO  : Connected to target on host '127.0.0.1' and port '3121'.
18:32:33 INFO  : Jtag cable 'RealDigital Boo 8874292301C2A' is selected.
18:32:33 INFO  : 'jtag frequency' command is executed.
18:32:33 INFO  : 'targets -set -filter {jtag_cable_name =~ "RealDigital Boo 8874292301C2A" && level==0 && jtag_device_ctx=="jsn1-0362f093-0"}' command is executed.
18:32:34 INFO  : Device configured successfully with "C:/Users/14435/Desktop/ECE385/Lab6_workspace/mb_blink/_ide/bitstream/mb_intro_top.bit"
18:32:34 INFO  : Context for processor 'microblaze_0' is selected.
18:32:34 INFO  : Hardware design and registers information is loaded from 'C:/Users/14435/Desktop/ECE385/Lab6_workspace/mb_intro_top/export/mb_intro_top/hw/mb_intro_top.xsa'.
18:32:34 INFO  : 'configparams mdm-detect-bscan-mask 2' command is executed.
18:32:34 INFO  : Context for processor 'microblaze_0' is selected.
18:32:34 INFO  : System reset is completed.
18:32:37 INFO  : 'after 3000' command is executed.
18:32:38 INFO  : Context for processor 'microblaze_0' is selected.
18:32:38 INFO  : The application 'C:/Users/14435/Desktop/ECE385/Lab6_workspace/mb_blink/Debug/mb_blink.elf' is downloaded to processor 'microblaze_0'.
18:32:38 INFO  : ----------------XSDB Script----------------
connect -url tcp:127.0.0.1:3121
targets -set -filter {jtag_cable_name =~ "RealDigital Boo 8874292301C2A" && level==0 && jtag_device_ctx=="jsn1-0362f093-0"}
fpga -file C:/Users/14435/Desktop/ECE385/Lab6_workspace/mb_blink/_ide/bitstream/mb_intro_top.bit
targets -set -nocase -filter {name =~ "*microblaze*#0" && bscan=="USER2" }
loadhw -hw C:/Users/14435/Desktop/ECE385/Lab6_workspace/mb_intro_top/export/mb_intro_top/hw/mb_intro_top.xsa -regs
configparams mdm-detect-bscan-mask 2
targets -set -nocase -filter {name =~ "*microblaze*#0" && bscan=="USER2" }
rst -system
after 3000
targets -set -nocase -filter {name =~ "*microblaze*#0" && bscan=="USER2" }
dow C:/Users/14435/Desktop/ECE385/Lab6_workspace/mb_blink/Debug/mb_blink.elf
----------------End of Script----------------

18:32:38 INFO  : Context for processor 'microblaze_0' is selected.
18:32:38 INFO  : 'con' command is executed.
18:32:38 INFO  : ----------------XSDB Script (After Launch)----------------
targets -set -nocase -filter {name =~ "*microblaze*#0" && bscan=="USER2" }
con
----------------End of Script----------------

18:32:38 INFO  : Disconnected from the channel tcfchan#4.
18:32:55 INFO  : Connected to target on host '127.0.0.1' and port '3121'.
18:32:56 INFO  : Jtag cable 'RealDigital Boo 8874292301C2A' is selected.
18:32:56 INFO  : 'jtag frequency' command is executed.
18:32:56 INFO  : 'targets -set -filter {jtag_cable_name =~ "RealDigital Boo 8874292301C2A" && level==0 && jtag_device_ctx=="jsn1-0362f093-0"}' command is executed.
18:32:57 INFO  : Device configured successfully with "C:/Users/14435/Desktop/ECE385/Lab6_workspace/mb_blink/_ide/bitstream/mb_intro_top.bit"
18:32:57 INFO  : Context for processor 'microblaze_0' is selected.
18:32:57 INFO  : Hardware design and registers information is loaded from 'C:/Users/14435/Desktop/ECE385/Lab6_workspace/mb_intro_top/export/mb_intro_top/hw/mb_intro_top.xsa'.
18:32:57 INFO  : 'configparams mdm-detect-bscan-mask 2' command is executed.
18:32:57 INFO  : Context for processor 'microblaze_0' is selected.
18:32:57 INFO  : System reset is completed.
18:33:00 INFO  : 'after 3000' command is executed.
18:33:01 INFO  : Context for processor 'microblaze_0' is selected.
18:33:01 INFO  : The application 'C:/Users/14435/Desktop/ECE385/Lab6_workspace/mb_blink/Debug/mb_blink.elf' is downloaded to processor 'microblaze_0'.
18:33:01 INFO  : ----------------XSDB Script----------------
connect -url tcp:127.0.0.1:3121
targets -set -filter {jtag_cable_name =~ "RealDigital Boo 8874292301C2A" && level==0 && jtag_device_ctx=="jsn1-0362f093-0"}
fpga -file C:/Users/14435/Desktop/ECE385/Lab6_workspace/mb_blink/_ide/bitstream/mb_intro_top.bit
targets -set -nocase -filter {name =~ "*microblaze*#0" && bscan=="USER2" }
loadhw -hw C:/Users/14435/Desktop/ECE385/Lab6_workspace/mb_intro_top/export/mb_intro_top/hw/mb_intro_top.xsa -regs
configparams mdm-detect-bscan-mask 2
targets -set -nocase -filter {name =~ "*microblaze*#0" && bscan=="USER2" }
rst -system
after 3000
targets -set -nocase -filter {name =~ "*microblaze*#0" && bscan=="USER2" }
dow C:/Users/14435/Desktop/ECE385/Lab6_workspace/mb_blink/Debug/mb_blink.elf
----------------End of Script----------------

18:33:01 INFO  : Context for processor 'microblaze_0' is selected.
18:33:01 INFO  : 'con' command is executed.
18:33:01 INFO  : ----------------XSDB Script (After Launch)----------------
targets -set -nocase -filter {name =~ "*microblaze*#0" && bscan=="USER2" }
con
----------------End of Script----------------

18:33:01 INFO  : Disconnected from the channel tcfchan#5.
19:06:21 INFO  : Checking for BSP changes to sync application flags for project 'mb_blink'...
19:07:18 INFO  : Checking for BSP changes to sync application flags for project 'mb_blink'...
19:07:40 INFO  : Checking for BSP changes to sync application flags for project 'mb_blink'...
19:08:46 INFO  : Connected to target on host '127.0.0.1' and port '3121'.
19:08:47 INFO  : Jtag cable 'RealDigital Boo 8874292301C2A' is selected.
19:08:47 INFO  : 'jtag frequency' command is executed.
19:08:47 INFO  : 'targets -set -filter {jtag_cable_name =~ "RealDigital Boo 8874292301C2A" && level==0 && jtag_device_ctx=="jsn1-0362f093-0"}' command is executed.
19:08:48 INFO  : Device configured successfully with "C:/Users/14435/Desktop/ECE385/Lab6_workspace/mb_blink/_ide/bitstream/mb_intro_top.bit"
19:08:48 INFO  : Context for processor 'microblaze_0' is selected.
19:08:48 INFO  : Hardware design and registers information is loaded from 'C:/Users/14435/Desktop/ECE385/Lab6_workspace/mb_intro_top/export/mb_intro_top/hw/mb_intro_top.xsa'.
19:08:48 INFO  : 'configparams mdm-detect-bscan-mask 2' command is executed.
19:08:48 INFO  : Context for processor 'microblaze_0' is selected.
19:08:48 INFO  : System reset is completed.
19:08:51 INFO  : 'after 3000' command is executed.
19:08:52 INFO  : Context for processor 'microblaze_0' is selected.
19:08:52 INFO  : The application 'C:/Users/14435/Desktop/ECE385/Lab6_workspace/mb_blink/Debug/mb_blink.elf' is downloaded to processor 'microblaze_0'.
19:08:52 INFO  : ----------------XSDB Script----------------
connect -url tcp:127.0.0.1:3121
targets -set -filter {jtag_cable_name =~ "RealDigital Boo 8874292301C2A" && level==0 && jtag_device_ctx=="jsn1-0362f093-0"}
fpga -file C:/Users/14435/Desktop/ECE385/Lab6_workspace/mb_blink/_ide/bitstream/mb_intro_top.bit
targets -set -nocase -filter {name =~ "*microblaze*#0" && bscan=="USER2" }
loadhw -hw C:/Users/14435/Desktop/ECE385/Lab6_workspace/mb_intro_top/export/mb_intro_top/hw/mb_intro_top.xsa -regs
configparams mdm-detect-bscan-mask 2
targets -set -nocase -filter {name =~ "*microblaze*#0" && bscan=="USER2" }
rst -system
after 3000
targets -set -nocase -filter {name =~ "*microblaze*#0" && bscan=="USER2" }
dow C:/Users/14435/Desktop/ECE385/Lab6_workspace/mb_blink/Debug/mb_blink.elf
----------------End of Script----------------

19:08:52 INFO  : Context for processor 'microblaze_0' is selected.
19:08:52 INFO  : 'con' command is executed.
19:08:52 INFO  : ----------------XSDB Script (After Launch)----------------
targets -set -nocase -filter {name =~ "*microblaze*#0" && bscan=="USER2" }
con
----------------End of Script----------------

19:08:52 INFO  : Disconnected from the channel tcfchan#6.
19:21:12 INFO  : Checking for BSP changes to sync application flags for project 'mb_blink'...
19:21:18 INFO  : Connected to target on host '127.0.0.1' and port '3121'.
19:21:18 INFO  : Jtag cable 'RealDigital Boo 8874292301C2A' is selected.
19:21:18 INFO  : 'jtag frequency' command is executed.
19:21:18 INFO  : 'targets -set -filter {jtag_cable_name =~ "RealDigital Boo 8874292301C2A" && level==0 && jtag_device_ctx=="jsn1-0362f093-0"}' command is executed.
19:21:19 INFO  : Device configured successfully with "C:/Users/14435/Desktop/ECE385/Lab6_workspace/mb_blink/_ide/bitstream/mb_intro_top.bit"
19:21:20 INFO  : Context for processor 'microblaze_0' is selected.
19:21:20 INFO  : Hardware design and registers information is loaded from 'C:/Users/14435/Desktop/ECE385/Lab6_workspace/mb_intro_top/export/mb_intro_top/hw/mb_intro_top.xsa'.
19:21:20 INFO  : 'configparams mdm-detect-bscan-mask 2' command is executed.
19:21:20 INFO  : Context for processor 'microblaze_0' is selected.
19:21:20 INFO  : System reset is completed.
19:21:23 INFO  : 'after 3000' command is executed.
19:21:23 INFO  : Context for processor 'microblaze_0' is selected.
19:21:23 INFO  : The application 'C:/Users/14435/Desktop/ECE385/Lab6_workspace/mb_blink/Debug/mb_blink.elf' is downloaded to processor 'microblaze_0'.
19:21:23 INFO  : ----------------XSDB Script----------------
connect -url tcp:127.0.0.1:3121
targets -set -filter {jtag_cable_name =~ "RealDigital Boo 8874292301C2A" && level==0 && jtag_device_ctx=="jsn1-0362f093-0"}
fpga -file C:/Users/14435/Desktop/ECE385/Lab6_workspace/mb_blink/_ide/bitstream/mb_intro_top.bit
targets -set -nocase -filter {name =~ "*microblaze*#0" && bscan=="USER2" }
loadhw -hw C:/Users/14435/Desktop/ECE385/Lab6_workspace/mb_intro_top/export/mb_intro_top/hw/mb_intro_top.xsa -regs
configparams mdm-detect-bscan-mask 2
targets -set -nocase -filter {name =~ "*microblaze*#0" && bscan=="USER2" }
rst -system
after 3000
targets -set -nocase -filter {name =~ "*microblaze*#0" && bscan=="USER2" }
dow C:/Users/14435/Desktop/ECE385/Lab6_workspace/mb_blink/Debug/mb_blink.elf
----------------End of Script----------------

19:21:23 INFO  : Context for processor 'microblaze_0' is selected.
19:21:23 INFO  : 'con' command is executed.
19:21:23 INFO  : ----------------XSDB Script (After Launch)----------------
targets -set -nocase -filter {name =~ "*microblaze*#0" && bscan=="USER2" }
con
----------------End of Script----------------

19:21:23 INFO  : Disconnected from the channel tcfchan#7.
19:46:07 INFO  : Hardware specification for platform project 'mb_intro_top' is updated.
19:46:30 INFO  : Result from executing command 'getProjects': lab6_1;mb_intro_top
19:46:30 INFO  : Result from executing command 'getPlatforms': lab6_1|C:/Users/14435/Desktop/ECE385/Lab6_workspace/lab6_1/export/lab6_1/lab6_1.xpfm;mb_intro_top|C:/Users/14435/Desktop/ECE385/Lab6_workspace/mb_intro_top/export/mb_intro_top/mb_intro_top.xpfm
19:46:37 INFO  : Connected to target on host '127.0.0.1' and port '3121'.
19:46:37 INFO  : Jtag cable 'RealDigital Boo 8874292301C2A' is selected.
19:46:37 INFO  : 'jtag frequency' command is executed.
19:46:37 INFO  : 'targets -set -filter {jtag_cable_name =~ "RealDigital Boo 8874292301C2A" && level==0 && jtag_device_ctx=="jsn1-0362f093-0"}' command is executed.
19:46:39 INFO  : Device configured successfully with "C:/Users/14435/Desktop/ECE385/Lab6_workspace/mb_blink/_ide/bitstream/mb_intro_top.bit"
19:46:39 INFO  : Context for processor 'microblaze_0' is selected.
19:46:39 INFO  : Hardware design and registers information is loaded from 'C:/Users/14435/Desktop/ECE385/Lab6_workspace/mb_intro_top/export/mb_intro_top/hw/mb_intro_top.xsa'.
19:46:39 INFO  : 'configparams mdm-detect-bscan-mask 2' command is executed.
19:46:39 INFO  : Context for processor 'microblaze_0' is selected.
19:46:39 INFO  : System reset is completed.
19:46:42 INFO  : 'after 3000' command is executed.
19:46:42 INFO  : Context for processor 'microblaze_0' is selected.
19:46:42 INFO  : The application 'C:/Users/14435/Desktop/ECE385/Lab6_workspace/mb_blink/Debug/mb_blink.elf' is downloaded to processor 'microblaze_0'.
19:46:42 INFO  : ----------------XSDB Script----------------
connect -url tcp:127.0.0.1:3121
targets -set -filter {jtag_cable_name =~ "RealDigital Boo 8874292301C2A" && level==0 && jtag_device_ctx=="jsn1-0362f093-0"}
fpga -file C:/Users/14435/Desktop/ECE385/Lab6_workspace/mb_blink/_ide/bitstream/mb_intro_top.bit
targets -set -nocase -filter {name =~ "*microblaze*#0" && bscan=="USER2" }
loadhw -hw C:/Users/14435/Desktop/ECE385/Lab6_workspace/mb_intro_top/export/mb_intro_top/hw/mb_intro_top.xsa -regs
configparams mdm-detect-bscan-mask 2
targets -set -nocase -filter {name =~ "*microblaze*#0" && bscan=="USER2" }
rst -system
after 3000
targets -set -nocase -filter {name =~ "*microblaze*#0" && bscan=="USER2" }
dow C:/Users/14435/Desktop/ECE385/Lab6_workspace/mb_blink/Debug/mb_blink.elf
----------------End of Script----------------

19:46:42 INFO  : Context for processor 'microblaze_0' is selected.
19:46:42 INFO  : 'con' command is executed.
19:46:42 INFO  : ----------------XSDB Script (After Launch)----------------
targets -set -nocase -filter {name =~ "*microblaze*#0" && bscan=="USER2" }
con
----------------End of Script----------------

19:46:42 INFO  : Disconnected from the channel tcfchan#9.
19:47:29 INFO  : Checking for BSP changes to sync application flags for project 'mb_blink'...
19:47:29 INFO  : Updating application flags with new BSP settings...
19:47:29 ERROR : Failed to update application flags from BSP for 'mb_blink'. Reason: null
java.lang.NullPointerException: null
	at com.xilinx.sdk.sw.internal.SwDb.getComponentAppCompilerFlags(SwDb.java:761) ~[com.xilinx.sdk.sw_1.0.0.202210132147.jar:?]
	at com.xilinx.sdx.sw.internal.SDxSwPlatform.getSwPlatformCompilerFlags(SDxSwPlatform.java:1177) ~[com.xilinx.sdx.sw_1.0.0.202210132147.jar:?]
	at com.xilinx.sdx.sdk.core.build.AppSwBuildOptionsHelper.inferSwPlatformFlags(AppSwBuildOptionsHelper.java:54) ~[com.xilinx.sdx.sdk.core_1.0.0.202210132147.jar:?]
	at com.xilinx.sdx.sdk.core.build.AppSwBuildOptionsHelper.updateBuildOptions(AppSwBuildOptionsHelper.java:46) ~[com.xilinx.sdx.sdk.core_1.0.0.202210132147.jar:?]
	at com.xilinx.sdx.sdk.core.build.SdkMakefileGenerationListener.updateSwBuildOptions(SdkMakefileGenerationListener.java:215) ~[com.xilinx.sdx.sdk.core_1.0.0.202210132147.jar:?]
	at com.xilinx.sdx.sdk.core.build.SdkMakefileGenerationListener.syncAppFlags(SdkMakefileGenerationListener.java:99) [com.xilinx.sdx.sdk.core_1.0.0.202210132147.jar:?]
	at com.xilinx.sdx.sdk.core.build.SdkMakefileGenerationListener.preMakefileGeneration(SdkMakefileGenerationListener.java:48) [com.xilinx.sdx.sdk.core_1.0.0.202210132147.jar:?]
	at com.xilinx.sdk.managedbuilder.XilinxGnuMakefileGenerator.notifyPreMakefileGenerationListeners(XilinxGnuMakefileGenerator.java:91) [com.xilinx.sdk.managedbuilder_1.0.0.202210132147.jar:?]
	at com.xilinx.sdk.managedbuilder.XilinxGnuMakefileGenerator.generateMakefiles(XilinxGnuMakefileGenerator.java:40) [com.xilinx.sdk.managedbuilder_1.0.0.202210132147.jar:?]
	at org.eclipse.cdt.managedbuilder.internal.core.CommonBuilder.performMakefileGeneration(CommonBuilder.java:1008) [org.eclipse.cdt.managedbuilder.core_8.6.0.201802261533.jar:?]
	at org.eclipse.cdt.managedbuilder.internal.core.CommonBuilder.performPrebuildGeneration(CommonBuilder.java:873) [org.eclipse.cdt.managedbuilder.core_8.6.0.201802261533.jar:?]
	at org.eclipse.cdt.managedbuilder.internal.core.CommonBuilder.build(CommonBuilder.java:748) [org.eclipse.cdt.managedbuilder.core_8.6.0.201802261533.jar:?]
	at org.eclipse.cdt.managedbuilder.internal.core.CommonBuilder.build(CommonBuilder.java:510) [org.eclipse.cdt.managedbuilder.core_8.6.0.201802261533.jar:?]
	at org.eclipse.cdt.managedbuilder.internal.core.CommonBuilder.build(CommonBuilder.java:459) [org.eclipse.cdt.managedbuilder.core_8.6.0.201802261533.jar:?]
	at org.eclipse.core.internal.events.BuildManager$2.run(BuildManager.java:832) [org.eclipse.core.resources_3.13.700.v20200209-1624.jar:?]
	at org.eclipse.core.runtime.SafeRunner.run(SafeRunner.java:45) [org.eclipse.equinox.common_3.11.0.v20200206-0817.jar:?]
	at org.eclipse.core.internal.events.BuildManager.basicBuild(BuildManager.java:220) [org.eclipse.core.resources_3.13.700.v20200209-1624.jar:?]
	at org.eclipse.core.internal.events.BuildManager.basicBuild(BuildManager.java:263) [org.eclipse.core.resources_3.13.700.v20200209-1624.jar:?]
	at org.eclipse.core.internal.events.BuildManager$1.run(BuildManager.java:316) [org.eclipse.core.resources_3.13.700.v20200209-1624.jar:?]
	at org.eclipse.core.runtime.SafeRunner.run(SafeRunner.java:45) [org.eclipse.equinox.common_3.11.0.v20200206-0817.jar:?]
	at org.eclipse.core.internal.events.BuildManager.basicBuild(BuildManager.java:319) [org.eclipse.core.resources_3.13.700.v20200209-1624.jar:?]
	at org.eclipse.core.internal.events.BuildManager.basicBuildLoop(BuildManager.java:371) [org.eclipse.core.resources_3.13.700.v20200209-1624.jar:?]
	at org.eclipse.core.internal.events.BuildManager.build(BuildManager.java:392) [org.eclipse.core.resources_3.13.700.v20200209-1624.jar:?]
	at org.eclipse.core.internal.resources.Workspace.buildInternal(Workspace.java:515) [org.eclipse.core.resources_3.13.700.v20200209-1624.jar:?]
	at org.eclipse.core.internal.resources.Workspace.build(Workspace.java:412) [org.eclipse.core.resources_3.13.700.v20200209-1624.jar:?]
	at org.eclipse.ui.actions.BuildAction$1.runInWorkspace(BuildAction.java:291) [org.eclipse.ui.ide_3.17.0.v20200217-1511.jar:?]
	at org.eclipse.core.internal.resources.InternalWorkspaceJob.run(InternalWorkspaceJob.java:42) [org.eclipse.core.resources_3.13.700.v20200209-1624.jar:?]
	at org.eclipse.core.internal.jobs.Worker.run(Worker.java:63) [org.eclipse.core.jobs_3.10.700.v20200106-1020.jar:?]
19:47:38 INFO  : Connected to target on host '127.0.0.1' and port '3121'.
19:47:39 INFO  : Jtag cable 'RealDigital Boo 8874292301C2A' is selected.
19:47:39 INFO  : 'jtag frequency' command is executed.
19:47:39 INFO  : 'targets -set -filter {jtag_cable_name =~ "RealDigital Boo 8874292301C2A" && level==0 && jtag_device_ctx=="jsn1-0362f093-0"}' command is executed.
19:47:40 INFO  : Device configured successfully with "C:/Users/14435/Desktop/ECE385/Lab6_workspace/mb_blink/_ide/bitstream/mb_intro_top.bit"
19:47:40 INFO  : Context for processor 'microblaze_0' is selected.
19:47:40 INFO  : Hardware design and registers information is loaded from 'C:/Users/14435/Desktop/ECE385/Lab6_workspace/mb_intro_top/export/mb_intro_top/hw/mb_intro_top.xsa'.
19:47:40 INFO  : 'configparams mdm-detect-bscan-mask 2' command is executed.
19:47:40 INFO  : Context for processor 'microblaze_0' is selected.
19:47:40 INFO  : System reset is completed.
19:47:43 INFO  : 'after 3000' command is executed.
19:47:43 INFO  : Context for processor 'microblaze_0' is selected.
19:47:44 INFO  : The application 'C:/Users/14435/Desktop/ECE385/Lab6_workspace/mb_blink/Debug/mb_blink.elf' is downloaded to processor 'microblaze_0'.
19:47:44 INFO  : ----------------XSDB Script----------------
connect -url tcp:127.0.0.1:3121
targets -set -filter {jtag_cable_name =~ "RealDigital Boo 8874292301C2A" && level==0 && jtag_device_ctx=="jsn1-0362f093-0"}
fpga -file C:/Users/14435/Desktop/ECE385/Lab6_workspace/mb_blink/_ide/bitstream/mb_intro_top.bit
targets -set -nocase -filter {name =~ "*microblaze*#0" && bscan=="USER2" }
loadhw -hw C:/Users/14435/Desktop/ECE385/Lab6_workspace/mb_intro_top/export/mb_intro_top/hw/mb_intro_top.xsa -regs
configparams mdm-detect-bscan-mask 2
targets -set -nocase -filter {name =~ "*microblaze*#0" && bscan=="USER2" }
rst -system
after 3000
targets -set -nocase -filter {name =~ "*microblaze*#0" && bscan=="USER2" }
dow C:/Users/14435/Desktop/ECE385/Lab6_workspace/mb_blink/Debug/mb_blink.elf
----------------End of Script----------------

19:47:44 INFO  : Context for processor 'microblaze_0' is selected.
19:47:44 INFO  : 'con' command is executed.
19:47:44 INFO  : ----------------XSDB Script (After Launch)----------------
targets -set -nocase -filter {name =~ "*microblaze*#0" && bscan=="USER2" }
con
----------------End of Script----------------

19:47:44 INFO  : Disconnected from the channel tcfchan#10.
19:49:56 INFO  : Result from executing command 'removePlatformRepo': 
19:49:59 INFO  : Result from executing command 'removePlatformRepo': 
19:51:30 ERROR : Error from executing command 'removePlatformRepo': ERROR: No valid directory exists at given path.
19:51:33 ERROR : Error from executing command 'removePlatformRepo': ERROR: No valid directory exists at given path.
19:51:45 INFO  : Result from executing command 'getProjects': lab6_1;mb_intro_top
19:51:45 INFO  : Result from executing command 'getPlatforms': 
19:51:45 INFO  : Checking for BSP changes to sync application flags for project 'mb_blink'...
19:51:45 INFO  : Updating application flags with new BSP settings...
19:51:45 ERROR : Failed to update application flags from BSP for 'mb_blink'. Reason: null
java.lang.NullPointerException: null
	at com.xilinx.sdk.sw.internal.SwDb.getComponentAppCompilerFlags(SwDb.java:761) ~[com.xilinx.sdk.sw_1.0.0.202210132147.jar:?]
	at com.xilinx.sdx.sw.internal.SDxSwPlatform.getSwPlatformCompilerFlags(SDxSwPlatform.java:1177) ~[com.xilinx.sdx.sw_1.0.0.202210132147.jar:?]
	at com.xilinx.sdx.sdk.core.build.AppSwBuildOptionsHelper.inferSwPlatformFlags(AppSwBuildOptionsHelper.java:54) ~[com.xilinx.sdx.sdk.core_1.0.0.202210132147.jar:?]
	at com.xilinx.sdx.sdk.core.build.AppSwBuildOptionsHelper.updateBuildOptions(AppSwBuildOptionsHelper.java:46) ~[com.xilinx.sdx.sdk.core_1.0.0.202210132147.jar:?]
	at com.xilinx.sdx.sdk.core.build.SdkMakefileGenerationListener.updateSwBuildOptions(SdkMakefileGenerationListener.java:215) ~[com.xilinx.sdx.sdk.core_1.0.0.202210132147.jar:?]
	at com.xilinx.sdx.sdk.core.build.SdkMakefileGenerationListener.syncAppFlags(SdkMakefileGenerationListener.java:99) [com.xilinx.sdx.sdk.core_1.0.0.202210132147.jar:?]
	at com.xilinx.sdx.sdk.core.build.SdkMakefileGenerationListener.preMakefileGeneration(SdkMakefileGenerationListener.java:48) [com.xilinx.sdx.sdk.core_1.0.0.202210132147.jar:?]
	at com.xilinx.sdk.managedbuilder.XilinxGnuMakefileGenerator.notifyPreMakefileGenerationListeners(XilinxGnuMakefileGenerator.java:91) [com.xilinx.sdk.managedbuilder_1.0.0.202210132147.jar:?]
	at com.xilinx.sdk.managedbuilder.XilinxGnuMakefileGenerator.regenerateMakefiles(XilinxGnuMakefileGenerator.java:75) [com.xilinx.sdk.managedbuilder_1.0.0.202210132147.jar:?]
	at org.eclipse.cdt.managedbuilder.internal.core.CommonBuilder.performMakefileGeneration(CommonBuilder.java:1006) [org.eclipse.cdt.managedbuilder.core_8.6.0.201802261533.jar:?]
	at org.eclipse.cdt.managedbuilder.internal.core.CommonBuilder.performPrebuildGeneration(CommonBuilder.java:873) [org.eclipse.cdt.managedbuilder.core_8.6.0.201802261533.jar:?]
	at org.eclipse.cdt.managedbuilder.internal.core.CommonBuilder.build(CommonBuilder.java:748) [org.eclipse.cdt.managedbuilder.core_8.6.0.201802261533.jar:?]
	at org.eclipse.cdt.managedbuilder.internal.core.CommonBuilder.build(CommonBuilder.java:513) [org.eclipse.cdt.managedbuilder.core_8.6.0.201802261533.jar:?]
	at org.eclipse.cdt.managedbuilder.internal.core.CommonBuilder.build(CommonBuilder.java:459) [org.eclipse.cdt.managedbuilder.core_8.6.0.201802261533.jar:?]
	at org.eclipse.core.internal.events.BuildManager$2.run(BuildManager.java:832) [org.eclipse.core.resources_3.13.700.v20200209-1624.jar:?]
	at org.eclipse.core.runtime.SafeRunner.run(SafeRunner.java:45) [org.eclipse.equinox.common_3.11.0.v20200206-0817.jar:?]
	at org.eclipse.core.internal.events.BuildManager.basicBuild(BuildManager.java:220) [org.eclipse.core.resources_3.13.700.v20200209-1624.jar:?]
	at org.eclipse.core.internal.events.BuildManager.basicBuild(BuildManager.java:263) [org.eclipse.core.resources_3.13.700.v20200209-1624.jar:?]
	at org.eclipse.core.internal.events.BuildManager$1.run(BuildManager.java:316) [org.eclipse.core.resources_3.13.700.v20200209-1624.jar:?]
	at org.eclipse.core.runtime.SafeRunner.run(SafeRunner.java:45) [org.eclipse.equinox.common_3.11.0.v20200206-0817.jar:?]
	at org.eclipse.core.internal.events.BuildManager.basicBuild(BuildManager.java:319) [org.eclipse.core.resources_3.13.700.v20200209-1624.jar:?]
	at org.eclipse.core.internal.events.BuildManager.basicBuildLoop(BuildManager.java:371) [org.eclipse.core.resources_3.13.700.v20200209-1624.jar:?]
	at org.eclipse.core.internal.events.BuildManager.build(BuildManager.java:392) [org.eclipse.core.resources_3.13.700.v20200209-1624.jar:?]
	at org.eclipse.core.internal.resources.Workspace.buildInternal(Workspace.java:515) [org.eclipse.core.resources_3.13.700.v20200209-1624.jar:?]
	at org.eclipse.core.internal.resources.Workspace.build(Workspace.java:412) [org.eclipse.core.resources_3.13.700.v20200209-1624.jar:?]
	at org.eclipse.ui.actions.BuildAction$1.runInWorkspace(BuildAction.java:291) [org.eclipse.ui.ide_3.17.0.v20200217-1511.jar:?]
	at org.eclipse.core.internal.resources.InternalWorkspaceJob.run(InternalWorkspaceJob.java:42) [org.eclipse.core.resources_3.13.700.v20200209-1624.jar:?]
	at org.eclipse.core.internal.jobs.Worker.run(Worker.java:63) [org.eclipse.core.jobs_3.10.700.v20200106-1020.jar:?]
19:51:53 INFO  : Connected to target on host '127.0.0.1' and port '3121'.
19:51:53 INFO  : Jtag cable 'RealDigital Boo 8874292301C2A' is selected.
19:51:53 INFO  : 'jtag frequency' command is executed.
19:51:53 INFO  : 'targets -set -filter {jtag_cable_name =~ "RealDigital Boo 8874292301C2A" && level==0 && jtag_device_ctx=="jsn1-0362f093-0"}' command is executed.
19:51:55 INFO  : Device configured successfully with "C:/Users/14435/Desktop/ECE385/Lab6_workspace/mb_blink/_ide/bitstream/mb_intro_top.bit"
19:51:55 INFO  : Context for processor 'microblaze_0' is selected.
19:51:55 INFO  : Hardware design and registers information is loaded from 'C:/Users/14435/Desktop/ECE385/Lab6_workspace/mb_intro_top/export/mb_intro_top/hw/mb_intro_top.xsa'.
19:51:55 INFO  : 'configparams mdm-detect-bscan-mask 2' command is executed.
19:51:55 INFO  : Context for processor 'microblaze_0' is selected.
19:51:55 INFO  : System reset is completed.
19:51:58 INFO  : 'after 3000' command is executed.
19:51:58 INFO  : Context for processor 'microblaze_0' is selected.
19:51:58 INFO  : The application 'C:/Users/14435/Desktop/ECE385/Lab6_workspace/mb_blink/Debug/mb_blink.elf' is downloaded to processor 'microblaze_0'.
19:51:58 INFO  : ----------------XSDB Script----------------
connect -url tcp:127.0.0.1:3121
targets -set -filter {jtag_cable_name =~ "RealDigital Boo 8874292301C2A" && level==0 && jtag_device_ctx=="jsn1-0362f093-0"}
fpga -file C:/Users/14435/Desktop/ECE385/Lab6_workspace/mb_blink/_ide/bitstream/mb_intro_top.bit
targets -set -nocase -filter {name =~ "*microblaze*#0" && bscan=="USER2" }
loadhw -hw C:/Users/14435/Desktop/ECE385/Lab6_workspace/mb_intro_top/export/mb_intro_top/hw/mb_intro_top.xsa -regs
configparams mdm-detect-bscan-mask 2
targets -set -nocase -filter {name =~ "*microblaze*#0" && bscan=="USER2" }
rst -system
after 3000
targets -set -nocase -filter {name =~ "*microblaze*#0" && bscan=="USER2" }
dow C:/Users/14435/Desktop/ECE385/Lab6_workspace/mb_blink/Debug/mb_blink.elf
----------------End of Script----------------

19:51:58 INFO  : Context for processor 'microblaze_0' is selected.
19:51:58 INFO  : 'con' command is executed.
19:51:58 INFO  : ----------------XSDB Script (After Launch)----------------
targets -set -nocase -filter {name =~ "*microblaze*#0" && bscan=="USER2" }
con
----------------End of Script----------------

19:51:58 INFO  : Disconnected from the channel tcfchan#16.
21:19:13 INFO  : Hardware specification for platform project 'mb_intro_top' is updated.
21:19:25 ERROR : Error from executing command 'removePlatformRepo': ERROR: No valid directory exists at given path.
21:19:28 INFO  : Result from executing command 'removePlatformRepo': 
21:20:37 INFO  : Result from executing command 'getProjects': lab6_1;mb_intro_top
21:20:37 INFO  : Result from executing command 'getPlatforms': 
21:20:37 INFO  : Checking for BSP changes to sync application flags for project 'mb_blink'...
21:20:38 INFO  : Updating application flags with new BSP settings...
21:20:38 ERROR : Failed to update application flags from BSP for 'mb_blink'. Reason: null
java.lang.NullPointerException: null
	at com.xilinx.sdk.sw.internal.SwDb.getComponentAppCompilerFlags(SwDb.java:761) ~[com.xilinx.sdk.sw_1.0.0.202210132147.jar:?]
	at com.xilinx.sdx.sw.internal.SDxSwPlatform.getSwPlatformCompilerFlags(SDxSwPlatform.java:1177) ~[com.xilinx.sdx.sw_1.0.0.202210132147.jar:?]
	at com.xilinx.sdx.sdk.core.build.AppSwBuildOptionsHelper.inferSwPlatformFlags(AppSwBuildOptionsHelper.java:54) ~[com.xilinx.sdx.sdk.core_1.0.0.202210132147.jar:?]
	at com.xilinx.sdx.sdk.core.build.AppSwBuildOptionsHelper.updateBuildOptions(AppSwBuildOptionsHelper.java:46) ~[com.xilinx.sdx.sdk.core_1.0.0.202210132147.jar:?]
	at com.xilinx.sdx.sdk.core.build.SdkMakefileGenerationListener.updateSwBuildOptions(SdkMakefileGenerationListener.java:215) ~[com.xilinx.sdx.sdk.core_1.0.0.202210132147.jar:?]
	at com.xilinx.sdx.sdk.core.build.SdkMakefileGenerationListener.syncAppFlags(SdkMakefileGenerationListener.java:99) [com.xilinx.sdx.sdk.core_1.0.0.202210132147.jar:?]
	at com.xilinx.sdx.sdk.core.build.SdkMakefileGenerationListener.preMakefileGeneration(SdkMakefileGenerationListener.java:48) [com.xilinx.sdx.sdk.core_1.0.0.202210132147.jar:?]
	at com.xilinx.sdk.managedbuilder.XilinxGnuMakefileGenerator.notifyPreMakefileGenerationListeners(XilinxGnuMakefileGenerator.java:91) [com.xilinx.sdk.managedbuilder_1.0.0.202210132147.jar:?]
	at com.xilinx.sdk.managedbuilder.XilinxGnuMakefileGenerator.regenerateMakefiles(XilinxGnuMakefileGenerator.java:75) [com.xilinx.sdk.managedbuilder_1.0.0.202210132147.jar:?]
	at org.eclipse.cdt.managedbuilder.internal.core.CommonBuilder.performMakefileGeneration(CommonBuilder.java:1006) [org.eclipse.cdt.managedbuilder.core_8.6.0.201802261533.jar:?]
	at org.eclipse.cdt.managedbuilder.internal.core.CommonBuilder.performPrebuildGeneration(CommonBuilder.java:873) [org.eclipse.cdt.managedbuilder.core_8.6.0.201802261533.jar:?]
	at org.eclipse.cdt.managedbuilder.internal.core.CommonBuilder.build(CommonBuilder.java:748) [org.eclipse.cdt.managedbuilder.core_8.6.0.201802261533.jar:?]
	at org.eclipse.cdt.managedbuilder.internal.core.CommonBuilder.build(CommonBuilder.java:513) [org.eclipse.cdt.managedbuilder.core_8.6.0.201802261533.jar:?]
	at org.eclipse.cdt.managedbuilder.internal.core.CommonBuilder.build(CommonBuilder.java:459) [org.eclipse.cdt.managedbuilder.core_8.6.0.201802261533.jar:?]
	at org.eclipse.core.internal.events.BuildManager$2.run(BuildManager.java:832) [org.eclipse.core.resources_3.13.700.v20200209-1624.jar:?]
	at org.eclipse.core.runtime.SafeRunner.run(SafeRunner.java:45) [org.eclipse.equinox.common_3.11.0.v20200206-0817.jar:?]
	at org.eclipse.core.internal.events.BuildManager.basicBuild(BuildManager.java:220) [org.eclipse.core.resources_3.13.700.v20200209-1624.jar:?]
	at org.eclipse.core.internal.events.BuildManager.basicBuild(BuildManager.java:263) [org.eclipse.core.resources_3.13.700.v20200209-1624.jar:?]
	at org.eclipse.core.internal.events.BuildManager$1.run(BuildManager.java:316) [org.eclipse.core.resources_3.13.700.v20200209-1624.jar:?]
	at org.eclipse.core.runtime.SafeRunner.run(SafeRunner.java:45) [org.eclipse.equinox.common_3.11.0.v20200206-0817.jar:?]
	at org.eclipse.core.internal.events.BuildManager.basicBuild(BuildManager.java:319) [org.eclipse.core.resources_3.13.700.v20200209-1624.jar:?]
	at org.eclipse.core.internal.events.BuildManager.basicBuildLoop(BuildManager.java:371) [org.eclipse.core.resources_3.13.700.v20200209-1624.jar:?]
	at org.eclipse.core.internal.events.BuildManager.build(BuildManager.java:392) [org.eclipse.core.resources_3.13.700.v20200209-1624.jar:?]
	at org.eclipse.core.internal.resources.Workspace.buildInternal(Workspace.java:515) [org.eclipse.core.resources_3.13.700.v20200209-1624.jar:?]
	at org.eclipse.core.internal.resources.Workspace.build(Workspace.java:412) [org.eclipse.core.resources_3.13.700.v20200209-1624.jar:?]
	at org.eclipse.ui.actions.BuildAction$1.runInWorkspace(BuildAction.java:291) [org.eclipse.ui.ide_3.17.0.v20200217-1511.jar:?]
	at org.eclipse.core.internal.resources.InternalWorkspaceJob.run(InternalWorkspaceJob.java:42) [org.eclipse.core.resources_3.13.700.v20200209-1624.jar:?]
	at org.eclipse.core.internal.jobs.Worker.run(Worker.java:63) [org.eclipse.core.jobs_3.10.700.v20200106-1020.jar:?]
21:21:14 ERROR : Error from executing command 'removePlatformRepo': ERROR: No valid directory exists at given path.
21:21:17 INFO  : Result from executing command 'removePlatformRepo': 
21:21:43 INFO  : Result from executing command 'getProjects': lab6_1;mb_intro_top
21:21:43 INFO  : Result from executing command 'getPlatforms': 
21:21:43 INFO  : Checking for BSP changes to sync application flags for project 'mb_blink'...
21:21:44 INFO  : Updating application flags with new BSP settings...
21:21:44 ERROR : Failed to update application flags from BSP for 'mb_blink'. Reason: null
java.lang.NullPointerException: null
	at com.xilinx.sdk.sw.internal.SwDb.getComponentAppCompilerFlags(SwDb.java:761) ~[com.xilinx.sdk.sw_1.0.0.202210132147.jar:?]
	at com.xilinx.sdx.sw.internal.SDxSwPlatform.getSwPlatformCompilerFlags(SDxSwPlatform.java:1177) ~[com.xilinx.sdx.sw_1.0.0.202210132147.jar:?]
	at com.xilinx.sdx.sdk.core.build.AppSwBuildOptionsHelper.inferSwPlatformFlags(AppSwBuildOptionsHelper.java:54) ~[com.xilinx.sdx.sdk.core_1.0.0.202210132147.jar:?]
	at com.xilinx.sdx.sdk.core.build.AppSwBuildOptionsHelper.updateBuildOptions(AppSwBuildOptionsHelper.java:46) ~[com.xilinx.sdx.sdk.core_1.0.0.202210132147.jar:?]
	at com.xilinx.sdx.sdk.core.build.SdkMakefileGenerationListener.updateSwBuildOptions(SdkMakefileGenerationListener.java:215) ~[com.xilinx.sdx.sdk.core_1.0.0.202210132147.jar:?]
	at com.xilinx.sdx.sdk.core.build.SdkMakefileGenerationListener.syncAppFlags(SdkMakefileGenerationListener.java:99) [com.xilinx.sdx.sdk.core_1.0.0.202210132147.jar:?]
	at com.xilinx.sdx.sdk.core.build.SdkMakefileGenerationListener.preMakefileGeneration(SdkMakefileGenerationListener.java:48) [com.xilinx.sdx.sdk.core_1.0.0.202210132147.jar:?]
	at com.xilinx.sdk.managedbuilder.XilinxGnuMakefileGenerator.notifyPreMakefileGenerationListeners(XilinxGnuMakefileGenerator.java:91) [com.xilinx.sdk.managedbuilder_1.0.0.202210132147.jar:?]
	at com.xilinx.sdk.managedbuilder.XilinxGnuMakefileGenerator.regenerateMakefiles(XilinxGnuMakefileGenerator.java:75) [com.xilinx.sdk.managedbuilder_1.0.0.202210132147.jar:?]
	at org.eclipse.cdt.managedbuilder.internal.core.CommonBuilder.performMakefileGeneration(CommonBuilder.java:1006) [org.eclipse.cdt.managedbuilder.core_8.6.0.201802261533.jar:?]
	at org.eclipse.cdt.managedbuilder.internal.core.CommonBuilder.performPrebuildGeneration(CommonBuilder.java:873) [org.eclipse.cdt.managedbuilder.core_8.6.0.201802261533.jar:?]
	at org.eclipse.cdt.managedbuilder.internal.core.CommonBuilder.build(CommonBuilder.java:748) [org.eclipse.cdt.managedbuilder.core_8.6.0.201802261533.jar:?]
	at org.eclipse.cdt.managedbuilder.internal.core.CommonBuilder.build(CommonBuilder.java:513) [org.eclipse.cdt.managedbuilder.core_8.6.0.201802261533.jar:?]
	at org.eclipse.cdt.managedbuilder.internal.core.CommonBuilder.build(CommonBuilder.java:459) [org.eclipse.cdt.managedbuilder.core_8.6.0.201802261533.jar:?]
	at org.eclipse.core.internal.events.BuildManager$2.run(BuildManager.java:832) [org.eclipse.core.resources_3.13.700.v20200209-1624.jar:?]
	at org.eclipse.core.runtime.SafeRunner.run(SafeRunner.java:45) [org.eclipse.equinox.common_3.11.0.v20200206-0817.jar:?]
	at org.eclipse.core.internal.events.BuildManager.basicBuild(BuildManager.java:220) [org.eclipse.core.resources_3.13.700.v20200209-1624.jar:?]
	at org.eclipse.core.internal.events.BuildManager.basicBuild(BuildManager.java:263) [org.eclipse.core.resources_3.13.700.v20200209-1624.jar:?]
	at org.eclipse.core.internal.events.BuildManager$1.run(BuildManager.java:316) [org.eclipse.core.resources_3.13.700.v20200209-1624.jar:?]
	at org.eclipse.core.runtime.SafeRunner.run(SafeRunner.java:45) [org.eclipse.equinox.common_3.11.0.v20200206-0817.jar:?]
	at org.eclipse.core.internal.events.BuildManager.basicBuild(BuildManager.java:319) [org.eclipse.core.resources_3.13.700.v20200209-1624.jar:?]
	at org.eclipse.core.internal.events.BuildManager.basicBuildLoop(BuildManager.java:371) [org.eclipse.core.resources_3.13.700.v20200209-1624.jar:?]
	at org.eclipse.core.internal.events.BuildManager.build(BuildManager.java:392) [org.eclipse.core.resources_3.13.700.v20200209-1624.jar:?]
	at org.eclipse.core.internal.resources.Workspace.buildInternal(Workspace.java:515) [org.eclipse.core.resources_3.13.700.v20200209-1624.jar:?]
	at org.eclipse.core.internal.resources.Workspace.build(Workspace.java:412) [org.eclipse.core.resources_3.13.700.v20200209-1624.jar:?]
	at org.eclipse.ui.actions.BuildAction$1.runInWorkspace(BuildAction.java:291) [org.eclipse.ui.ide_3.17.0.v20200217-1511.jar:?]
	at org.eclipse.core.internal.resources.InternalWorkspaceJob.run(InternalWorkspaceJob.java:42) [org.eclipse.core.resources_3.13.700.v20200209-1624.jar:?]
	at org.eclipse.core.internal.jobs.Worker.run(Worker.java:63) [org.eclipse.core.jobs_3.10.700.v20200106-1020.jar:?]
21:21:51 INFO  : Connected to target on host '127.0.0.1' and port '3121'.
21:21:52 INFO  : Jtag cable 'RealDigital Boo 8874292301C2A' is selected.
21:21:52 INFO  : 'jtag frequency' command is executed.
21:21:52 INFO  : 'targets -set -filter {jtag_cable_name =~ "RealDigital Boo 8874292301C2A" && level==0 && jtag_device_ctx=="jsn1-0362f093-0"}' command is executed.
21:21:53 INFO  : Device configured successfully with "C:/Users/14435/Desktop/ECE385/Lab6_workspace/mb_blink/_ide/bitstream/mb_intro_top.bit"
21:21:53 INFO  : Context for processor 'microblaze_0' is selected.
21:21:53 INFO  : Hardware design and registers information is loaded from 'C:/Users/14435/Desktop/ECE385/Lab6_workspace/mb_intro_top/export/mb_intro_top/hw/mb_intro_top.xsa'.
21:21:53 INFO  : 'configparams mdm-detect-bscan-mask 2' command is executed.
21:21:53 INFO  : Context for processor 'microblaze_0' is selected.
21:21:53 INFO  : System reset is completed.
21:21:57 INFO  : 'after 3000' command is executed.
21:21:57 INFO  : Context for processor 'microblaze_0' is selected.
21:21:57 INFO  : The application 'C:/Users/14435/Desktop/ECE385/Lab6_workspace/mb_blink/Debug/mb_blink.elf' is downloaded to processor 'microblaze_0'.
21:21:57 INFO  : ----------------XSDB Script----------------
connect -url tcp:127.0.0.1:3121
targets -set -filter {jtag_cable_name =~ "RealDigital Boo 8874292301C2A" && level==0 && jtag_device_ctx=="jsn1-0362f093-0"}
fpga -file C:/Users/14435/Desktop/ECE385/Lab6_workspace/mb_blink/_ide/bitstream/mb_intro_top.bit
targets -set -nocase -filter {name =~ "*microblaze*#0" && bscan=="USER2" }
loadhw -hw C:/Users/14435/Desktop/ECE385/Lab6_workspace/mb_intro_top/export/mb_intro_top/hw/mb_intro_top.xsa -regs
configparams mdm-detect-bscan-mask 2
targets -set -nocase -filter {name =~ "*microblaze*#0" && bscan=="USER2" }
rst -system
after 3000
targets -set -nocase -filter {name =~ "*microblaze*#0" && bscan=="USER2" }
dow C:/Users/14435/Desktop/ECE385/Lab6_workspace/mb_blink/Debug/mb_blink.elf
----------------End of Script----------------

21:21:57 INFO  : Context for processor 'microblaze_0' is selected.
21:21:57 INFO  : 'con' command is executed.
21:21:57 INFO  : ----------------XSDB Script (After Launch)----------------
targets -set -nocase -filter {name =~ "*microblaze*#0" && bscan=="USER2" }
con
----------------End of Script----------------

21:21:57 INFO  : Disconnected from the channel tcfchan#23.
21:52:42 INFO  : Connected to target on host '127.0.0.1' and port '3121'.
21:52:43 INFO  : Jtag cable 'RealDigital Boo 887429230122A' is selected.
21:52:43 INFO  : 'jtag frequency' command is executed.
21:52:43 INFO  : 'targets -set -filter {jtag_cable_name =~ "RealDigital Boo 887429230122A" && level==0 && jtag_device_ctx=="jsn1-0362f093-0"}' command is executed.
21:52:45 INFO  : Device configured successfully with "C:/Users/14435/Desktop/ECE385/Lab6_workspace/mb_blink/_ide/bitstream/mb_intro_top.bit"
21:52:45 INFO  : Context for processor 'microblaze_0' is selected.
21:52:45 INFO  : Hardware design and registers information is loaded from 'C:/Users/14435/Desktop/ECE385/Lab6_workspace/mb_intro_top/export/mb_intro_top/hw/mb_intro_top.xsa'.
21:52:45 INFO  : 'configparams mdm-detect-bscan-mask 2' command is executed.
21:52:45 INFO  : Context for processor 'microblaze_0' is selected.
21:52:45 INFO  : System reset is completed.
21:52:48 INFO  : 'after 3000' command is executed.
21:52:48 INFO  : Context for processor 'microblaze_0' is selected.
21:52:48 INFO  : The application 'C:/Users/14435/Desktop/ECE385/Lab6_workspace/mb_blink/Debug/mb_blink.elf' is downloaded to processor 'microblaze_0'.
21:52:48 INFO  : ----------------XSDB Script----------------
connect -url tcp:127.0.0.1:3121
targets -set -filter {jtag_cable_name =~ "RealDigital Boo 887429230122A" && level==0 && jtag_device_ctx=="jsn1-0362f093-0"}
fpga -file C:/Users/14435/Desktop/ECE385/Lab6_workspace/mb_blink/_ide/bitstream/mb_intro_top.bit
targets -set -nocase -filter {name =~ "*microblaze*#0" && bscan=="USER2" }
loadhw -hw C:/Users/14435/Desktop/ECE385/Lab6_workspace/mb_intro_top/export/mb_intro_top/hw/mb_intro_top.xsa -regs
configparams mdm-detect-bscan-mask 2
targets -set -nocase -filter {name =~ "*microblaze*#0" && bscan=="USER2" }
rst -system
after 3000
targets -set -nocase -filter {name =~ "*microblaze*#0" && bscan=="USER2" }
dow C:/Users/14435/Desktop/ECE385/Lab6_workspace/mb_blink/Debug/mb_blink.elf
----------------End of Script----------------

21:52:48 INFO  : Context for processor 'microblaze_0' is selected.
21:52:48 INFO  : 'con' command is executed.
21:52:48 INFO  : ----------------XSDB Script (After Launch)----------------
targets -set -nocase -filter {name =~ "*microblaze*#0" && bscan=="USER2" }
con
----------------End of Script----------------

21:52:48 INFO  : Disconnected from the channel tcfchan#24.
21:53:50 INFO  : Checking for BSP changes to sync application flags for project 'mb_blink'...
21:53:50 INFO  : Updating application flags with new BSP settings...
21:53:50 ERROR : Failed to update application flags from BSP for 'mb_blink'. Reason: null
java.lang.NullPointerException: null
	at com.xilinx.sdk.sw.internal.SwDb.getComponentAppCompilerFlags(SwDb.java:761) ~[com.xilinx.sdk.sw_1.0.0.202210132147.jar:?]
	at com.xilinx.sdx.sw.internal.SDxSwPlatform.getSwPlatformCompilerFlags(SDxSwPlatform.java:1177) ~[com.xilinx.sdx.sw_1.0.0.202210132147.jar:?]
	at com.xilinx.sdx.sdk.core.build.AppSwBuildOptionsHelper.inferSwPlatformFlags(AppSwBuildOptionsHelper.java:54) ~[com.xilinx.sdx.sdk.core_1.0.0.202210132147.jar:?]
	at com.xilinx.sdx.sdk.core.build.AppSwBuildOptionsHelper.updateBuildOptions(AppSwBuildOptionsHelper.java:46) ~[com.xilinx.sdx.sdk.core_1.0.0.202210132147.jar:?]
	at com.xilinx.sdx.sdk.core.build.SdkMakefileGenerationListener.updateSwBuildOptions(SdkMakefileGenerationListener.java:215) ~[com.xilinx.sdx.sdk.core_1.0.0.202210132147.jar:?]
	at com.xilinx.sdx.sdk.core.build.SdkMakefileGenerationListener.syncAppFlags(SdkMakefileGenerationListener.java:99) [com.xilinx.sdx.sdk.core_1.0.0.202210132147.jar:?]
	at com.xilinx.sdx.sdk.core.build.SdkMakefileGenerationListener.preMakefileGeneration(SdkMakefileGenerationListener.java:48) [com.xilinx.sdx.sdk.core_1.0.0.202210132147.jar:?]
	at com.xilinx.sdk.managedbuilder.XilinxGnuMakefileGenerator.notifyPreMakefileGenerationListeners(XilinxGnuMakefileGenerator.java:91) [com.xilinx.sdk.managedbuilder_1.0.0.202210132147.jar:?]
	at com.xilinx.sdk.managedbuilder.XilinxGnuMakefileGenerator.generateMakefiles(XilinxGnuMakefileGenerator.java:40) [com.xilinx.sdk.managedbuilder_1.0.0.202210132147.jar:?]
	at org.eclipse.cdt.managedbuilder.internal.core.CommonBuilder.performMakefileGeneration(CommonBuilder.java:1008) [org.eclipse.cdt.managedbuilder.core_8.6.0.201802261533.jar:?]
	at org.eclipse.cdt.managedbuilder.internal.core.CommonBuilder.performPrebuildGeneration(CommonBuilder.java:873) [org.eclipse.cdt.managedbuilder.core_8.6.0.201802261533.jar:?]
	at org.eclipse.cdt.managedbuilder.internal.core.CommonBuilder.build(CommonBuilder.java:748) [org.eclipse.cdt.managedbuilder.core_8.6.0.201802261533.jar:?]
	at org.eclipse.cdt.managedbuilder.internal.core.CommonBuilder.build(CommonBuilder.java:510) [org.eclipse.cdt.managedbuilder.core_8.6.0.201802261533.jar:?]
	at org.eclipse.cdt.managedbuilder.internal.core.CommonBuilder.build(CommonBuilder.java:459) [org.eclipse.cdt.managedbuilder.core_8.6.0.201802261533.jar:?]
	at org.eclipse.core.internal.events.BuildManager$2.run(BuildManager.java:832) [org.eclipse.core.resources_3.13.700.v20200209-1624.jar:?]
	at org.eclipse.core.runtime.SafeRunner.run(SafeRunner.java:45) [org.eclipse.equinox.common_3.11.0.v20200206-0817.jar:?]
	at org.eclipse.core.internal.events.BuildManager.basicBuild(BuildManager.java:220) [org.eclipse.core.resources_3.13.700.v20200209-1624.jar:?]
	at org.eclipse.core.internal.events.BuildManager.basicBuild(BuildManager.java:263) [org.eclipse.core.resources_3.13.700.v20200209-1624.jar:?]
	at org.eclipse.core.internal.events.BuildManager$1.run(BuildManager.java:316) [org.eclipse.core.resources_3.13.700.v20200209-1624.jar:?]
	at org.eclipse.core.runtime.SafeRunner.run(SafeRunner.java:45) [org.eclipse.equinox.common_3.11.0.v20200206-0817.jar:?]
	at org.eclipse.core.internal.events.BuildManager.basicBuild(BuildManager.java:319) [org.eclipse.core.resources_3.13.700.v20200209-1624.jar:?]
	at org.eclipse.core.internal.events.BuildManager.basicBuildLoop(BuildManager.java:371) [org.eclipse.core.resources_3.13.700.v20200209-1624.jar:?]
	at org.eclipse.core.internal.events.BuildManager.build(BuildManager.java:392) [org.eclipse.core.resources_3.13.700.v20200209-1624.jar:?]
	at org.eclipse.core.internal.resources.Workspace.buildInternal(Workspace.java:515) [org.eclipse.core.resources_3.13.700.v20200209-1624.jar:?]
	at org.eclipse.core.internal.resources.Workspace.build(Workspace.java:412) [org.eclipse.core.resources_3.13.700.v20200209-1624.jar:?]
	at org.eclipse.ui.actions.BuildAction$1.runInWorkspace(BuildAction.java:291) [org.eclipse.ui.ide_3.17.0.v20200217-1511.jar:?]
	at org.eclipse.core.internal.resources.InternalWorkspaceJob.run(InternalWorkspaceJob.java:42) [org.eclipse.core.resources_3.13.700.v20200209-1624.jar:?]
	at org.eclipse.core.internal.jobs.Worker.run(Worker.java:63) [org.eclipse.core.jobs_3.10.700.v20200106-1020.jar:?]
21:53:59 INFO  : Connected to target on host '127.0.0.1' and port '3121'.
21:54:00 INFO  : Jtag cable 'RealDigital Boo 887429230122A' is selected.
21:54:00 INFO  : 'jtag frequency' command is executed.
21:54:00 INFO  : 'targets -set -filter {jtag_cable_name =~ "RealDigital Boo 887429230122A" && level==0 && jtag_device_ctx=="jsn1-0362f093-0"}' command is executed.
21:54:01 INFO  : Device configured successfully with "C:/Users/14435/Desktop/ECE385/Lab6_workspace/mb_blink/_ide/bitstream/mb_intro_top.bit"
21:54:01 INFO  : Context for processor 'microblaze_0' is selected.
21:54:01 INFO  : Hardware design and registers information is loaded from 'C:/Users/14435/Desktop/ECE385/Lab6_workspace/mb_intro_top/export/mb_intro_top/hw/mb_intro_top.xsa'.
21:54:01 INFO  : 'configparams mdm-detect-bscan-mask 2' command is executed.
21:54:01 INFO  : Context for processor 'microblaze_0' is selected.
21:54:01 INFO  : System reset is completed.
21:54:04 INFO  : 'after 3000' command is executed.
21:54:04 INFO  : Context for processor 'microblaze_0' is selected.
21:54:05 INFO  : The application 'C:/Users/14435/Desktop/ECE385/Lab6_workspace/mb_blink/Debug/mb_blink.elf' is downloaded to processor 'microblaze_0'.
21:54:05 INFO  : ----------------XSDB Script----------------
connect -url tcp:127.0.0.1:3121
targets -set -filter {jtag_cable_name =~ "RealDigital Boo 887429230122A" && level==0 && jtag_device_ctx=="jsn1-0362f093-0"}
fpga -file C:/Users/14435/Desktop/ECE385/Lab6_workspace/mb_blink/_ide/bitstream/mb_intro_top.bit
targets -set -nocase -filter {name =~ "*microblaze*#0" && bscan=="USER2" }
loadhw -hw C:/Users/14435/Desktop/ECE385/Lab6_workspace/mb_intro_top/export/mb_intro_top/hw/mb_intro_top.xsa -regs
configparams mdm-detect-bscan-mask 2
targets -set -nocase -filter {name =~ "*microblaze*#0" && bscan=="USER2" }
rst -system
after 3000
targets -set -nocase -filter {name =~ "*microblaze*#0" && bscan=="USER2" }
dow C:/Users/14435/Desktop/ECE385/Lab6_workspace/mb_blink/Debug/mb_blink.elf
----------------End of Script----------------

21:54:05 INFO  : Context for processor 'microblaze_0' is selected.
21:54:05 INFO  : 'con' command is executed.
21:54:05 INFO  : ----------------XSDB Script (After Launch)----------------
targets -set -nocase -filter {name =~ "*microblaze*#0" && bscan=="USER2" }
con
----------------End of Script----------------

21:54:05 INFO  : Disconnected from the channel tcfchan#25.
21:55:42 INFO  : Checking for BSP changes to sync application flags for project 'mb_blink'...
21:55:42 INFO  : Updating application flags with new BSP settings...
21:55:42 ERROR : Failed to update application flags from BSP for 'mb_blink'. Reason: null
java.lang.NullPointerException: null
	at com.xilinx.sdk.sw.internal.SwDb.getComponentAppCompilerFlags(SwDb.java:761) ~[com.xilinx.sdk.sw_1.0.0.202210132147.jar:?]
	at com.xilinx.sdx.sw.internal.SDxSwPlatform.getSwPlatformCompilerFlags(SDxSwPlatform.java:1177) ~[com.xilinx.sdx.sw_1.0.0.202210132147.jar:?]
	at com.xilinx.sdx.sdk.core.build.AppSwBuildOptionsHelper.inferSwPlatformFlags(AppSwBuildOptionsHelper.java:54) ~[com.xilinx.sdx.sdk.core_1.0.0.202210132147.jar:?]
	at com.xilinx.sdx.sdk.core.build.AppSwBuildOptionsHelper.updateBuildOptions(AppSwBuildOptionsHelper.java:46) ~[com.xilinx.sdx.sdk.core_1.0.0.202210132147.jar:?]
	at com.xilinx.sdx.sdk.core.build.SdkMakefileGenerationListener.updateSwBuildOptions(SdkMakefileGenerationListener.java:215) ~[com.xilinx.sdx.sdk.core_1.0.0.202210132147.jar:?]
	at com.xilinx.sdx.sdk.core.build.SdkMakefileGenerationListener.syncAppFlags(SdkMakefileGenerationListener.java:99) [com.xilinx.sdx.sdk.core_1.0.0.202210132147.jar:?]
	at com.xilinx.sdx.sdk.core.build.SdkMakefileGenerationListener.preMakefileGeneration(SdkMakefileGenerationListener.java:48) [com.xilinx.sdx.sdk.core_1.0.0.202210132147.jar:?]
	at com.xilinx.sdk.managedbuilder.XilinxGnuMakefileGenerator.notifyPreMakefileGenerationListeners(XilinxGnuMakefileGenerator.java:91) [com.xilinx.sdk.managedbuilder_1.0.0.202210132147.jar:?]
	at com.xilinx.sdk.managedbuilder.XilinxGnuMakefileGenerator.generateMakefiles(XilinxGnuMakefileGenerator.java:40) [com.xilinx.sdk.managedbuilder_1.0.0.202210132147.jar:?]
	at org.eclipse.cdt.managedbuilder.internal.core.CommonBuilder.performMakefileGeneration(CommonBuilder.java:1008) [org.eclipse.cdt.managedbuilder.core_8.6.0.201802261533.jar:?]
	at org.eclipse.cdt.managedbuilder.internal.core.CommonBuilder.performPrebuildGeneration(CommonBuilder.java:873) [org.eclipse.cdt.managedbuilder.core_8.6.0.201802261533.jar:?]
	at org.eclipse.cdt.managedbuilder.internal.core.CommonBuilder.build(CommonBuilder.java:748) [org.eclipse.cdt.managedbuilder.core_8.6.0.201802261533.jar:?]
	at org.eclipse.cdt.managedbuilder.internal.core.CommonBuilder.build(CommonBuilder.java:510) [org.eclipse.cdt.managedbuilder.core_8.6.0.201802261533.jar:?]
	at org.eclipse.cdt.managedbuilder.internal.core.CommonBuilder.build(CommonBuilder.java:459) [org.eclipse.cdt.managedbuilder.core_8.6.0.201802261533.jar:?]
	at org.eclipse.core.internal.events.BuildManager$2.run(BuildManager.java:832) [org.eclipse.core.resources_3.13.700.v20200209-1624.jar:?]
	at org.eclipse.core.runtime.SafeRunner.run(SafeRunner.java:45) [org.eclipse.equinox.common_3.11.0.v20200206-0817.jar:?]
	at org.eclipse.core.internal.events.BuildManager.basicBuild(BuildManager.java:220) [org.eclipse.core.resources_3.13.700.v20200209-1624.jar:?]
	at org.eclipse.core.internal.events.BuildManager.basicBuild(BuildManager.java:263) [org.eclipse.core.resources_3.13.700.v20200209-1624.jar:?]
	at org.eclipse.core.internal.events.BuildManager$1.run(BuildManager.java:316) [org.eclipse.core.resources_3.13.700.v20200209-1624.jar:?]
	at org.eclipse.core.runtime.SafeRunner.run(SafeRunner.java:45) [org.eclipse.equinox.common_3.11.0.v20200206-0817.jar:?]
	at org.eclipse.core.internal.events.BuildManager.basicBuild(BuildManager.java:319) [org.eclipse.core.resources_3.13.700.v20200209-1624.jar:?]
	at org.eclipse.core.internal.events.BuildManager.basicBuildLoop(BuildManager.java:371) [org.eclipse.core.resources_3.13.700.v20200209-1624.jar:?]
	at org.eclipse.core.internal.events.BuildManager.build(BuildManager.java:392) [org.eclipse.core.resources_3.13.700.v20200209-1624.jar:?]
	at org.eclipse.core.internal.resources.Workspace.buildInternal(Workspace.java:515) [org.eclipse.core.resources_3.13.700.v20200209-1624.jar:?]
	at org.eclipse.core.internal.resources.Workspace.build(Workspace.java:412) [org.eclipse.core.resources_3.13.700.v20200209-1624.jar:?]
	at org.eclipse.ui.actions.BuildAction$1.runInWorkspace(BuildAction.java:291) [org.eclipse.ui.ide_3.17.0.v20200217-1511.jar:?]
	at org.eclipse.core.internal.resources.InternalWorkspaceJob.run(InternalWorkspaceJob.java:42) [org.eclipse.core.resources_3.13.700.v20200209-1624.jar:?]
	at org.eclipse.core.internal.jobs.Worker.run(Worker.java:63) [org.eclipse.core.jobs_3.10.700.v20200106-1020.jar:?]
21:55:52 INFO  : Connected to target on host '127.0.0.1' and port '3121'.
21:55:53 INFO  : Jtag cable 'RealDigital Boo 887429230122A' is selected.
21:55:53 INFO  : 'jtag frequency' command is executed.
21:55:53 INFO  : 'targets -set -filter {jtag_cable_name =~ "RealDigital Boo 887429230122A" && level==0 && jtag_device_ctx=="jsn1-0362f093-0"}' command is executed.
21:55:54 INFO  : Device configured successfully with "C:/Users/14435/Desktop/ECE385/Lab6_workspace/mb_blink/_ide/bitstream/mb_intro_top.bit"
21:55:54 INFO  : Context for processor 'microblaze_0' is selected.
21:55:54 INFO  : Hardware design and registers information is loaded from 'C:/Users/14435/Desktop/ECE385/Lab6_workspace/mb_intro_top/export/mb_intro_top/hw/mb_intro_top.xsa'.
21:55:54 INFO  : 'configparams mdm-detect-bscan-mask 2' command is executed.
21:55:54 INFO  : Context for processor 'microblaze_0' is selected.
21:55:54 INFO  : System reset is completed.
21:55:57 INFO  : 'after 3000' command is executed.
21:55:57 INFO  : Context for processor 'microblaze_0' is selected.
21:55:58 INFO  : The application 'C:/Users/14435/Desktop/ECE385/Lab6_workspace/mb_blink/Debug/mb_blink.elf' is downloaded to processor 'microblaze_0'.
21:55:58 INFO  : ----------------XSDB Script----------------
connect -url tcp:127.0.0.1:3121
targets -set -filter {jtag_cable_name =~ "RealDigital Boo 887429230122A" && level==0 && jtag_device_ctx=="jsn1-0362f093-0"}
fpga -file C:/Users/14435/Desktop/ECE385/Lab6_workspace/mb_blink/_ide/bitstream/mb_intro_top.bit
targets -set -nocase -filter {name =~ "*microblaze*#0" && bscan=="USER2" }
loadhw -hw C:/Users/14435/Desktop/ECE385/Lab6_workspace/mb_intro_top/export/mb_intro_top/hw/mb_intro_top.xsa -regs
configparams mdm-detect-bscan-mask 2
targets -set -nocase -filter {name =~ "*microblaze*#0" && bscan=="USER2" }
rst -system
after 3000
targets -set -nocase -filter {name =~ "*microblaze*#0" && bscan=="USER2" }
dow C:/Users/14435/Desktop/ECE385/Lab6_workspace/mb_blink/Debug/mb_blink.elf
----------------End of Script----------------

21:55:58 INFO  : Context for processor 'microblaze_0' is selected.
21:55:58 INFO  : 'con' command is executed.
21:55:58 INFO  : ----------------XSDB Script (After Launch)----------------
targets -set -nocase -filter {name =~ "*microblaze*#0" && bscan=="USER2" }
con
----------------End of Script----------------

21:55:58 INFO  : Disconnected from the channel tcfchan#26.
22:00:12 INFO  : Connected to target on host '127.0.0.1' and port '3121'.
22:00:13 INFO  : Jtag cable 'RealDigital Boo 887429230122A' is selected.
22:00:13 INFO  : 'jtag frequency' command is executed.
22:00:13 INFO  : 'targets -set -filter {jtag_cable_name =~ "RealDigital Boo 887429230122A" && level==0 && jtag_device_ctx=="jsn1-0362f093-0"}' command is executed.
22:00:14 INFO  : Device configured successfully with "C:/Users/14435/Desktop/ECE385/Lab6_workspace/mb_blink/_ide/bitstream/mb_intro_top.bit"
22:00:14 INFO  : Context for processor 'microblaze_0' is selected.
22:00:14 INFO  : Hardware design and registers information is loaded from 'C:/Users/14435/Desktop/ECE385/Lab6_workspace/mb_intro_top/export/mb_intro_top/hw/mb_intro_top.xsa'.
22:00:14 INFO  : 'configparams mdm-detect-bscan-mask 2' command is executed.
22:00:14 INFO  : Context for processor 'microblaze_0' is selected.
22:00:14 INFO  : System reset is completed.
22:00:17 INFO  : 'after 3000' command is executed.
22:00:17 INFO  : Context for processor 'microblaze_0' is selected.
22:00:17 INFO  : The application 'C:/Users/14435/Desktop/ECE385/Lab6_workspace/mb_blink/Debug/mb_blink.elf' is downloaded to processor 'microblaze_0'.
22:00:17 INFO  : ----------------XSDB Script----------------
connect -url tcp:127.0.0.1:3121
targets -set -filter {jtag_cable_name =~ "RealDigital Boo 887429230122A" && level==0 && jtag_device_ctx=="jsn1-0362f093-0"}
fpga -file C:/Users/14435/Desktop/ECE385/Lab6_workspace/mb_blink/_ide/bitstream/mb_intro_top.bit
targets -set -nocase -filter {name =~ "*microblaze*#0" && bscan=="USER2" }
loadhw -hw C:/Users/14435/Desktop/ECE385/Lab6_workspace/mb_intro_top/export/mb_intro_top/hw/mb_intro_top.xsa -regs
configparams mdm-detect-bscan-mask 2
targets -set -nocase -filter {name =~ "*microblaze*#0" && bscan=="USER2" }
rst -system
after 3000
targets -set -nocase -filter {name =~ "*microblaze*#0" && bscan=="USER2" }
dow C:/Users/14435/Desktop/ECE385/Lab6_workspace/mb_blink/Debug/mb_blink.elf
----------------End of Script----------------

22:00:17 INFO  : Context for processor 'microblaze_0' is selected.
22:00:17 INFO  : 'con' command is executed.
22:00:17 INFO  : ----------------XSDB Script (After Launch)----------------
targets -set -nocase -filter {name =~ "*microblaze*#0" && bscan=="USER2" }
con
----------------End of Script----------------

22:00:17 INFO  : Disconnected from the channel tcfchan#27.
22:13:36 INFO  : Connected to target on host '127.0.0.1' and port '3121'.
22:13:37 INFO  : Jtag cable 'RealDigital Boo 887429230122A' is selected.
22:13:37 INFO  : 'jtag frequency' command is executed.
22:13:37 INFO  : 'targets -set -filter {jtag_cable_name =~ "RealDigital Boo 887429230122A" && level==0 && jtag_device_ctx=="jsn1-0362f093-0"}' command is executed.
22:13:38 INFO  : Device configured successfully with "C:/Users/14435/Desktop/ECE385/Lab6_workspace/mb_blink/_ide/bitstream/mb_intro_top.bit"
22:13:38 INFO  : Context for processor 'microblaze_0' is selected.
22:13:38 INFO  : Hardware design and registers information is loaded from 'C:/Users/14435/Desktop/ECE385/Lab6_workspace/mb_intro_top/export/mb_intro_top/hw/mb_intro_top.xsa'.
22:13:38 INFO  : 'configparams mdm-detect-bscan-mask 2' command is executed.
22:13:38 INFO  : Context for processor 'microblaze_0' is selected.
22:13:38 INFO  : System reset is completed.
22:13:41 INFO  : 'after 3000' command is executed.
22:13:41 INFO  : Context for processor 'microblaze_0' is selected.
22:13:42 INFO  : The application 'C:/Users/14435/Desktop/ECE385/Lab6_workspace/mb_blink/Debug/mb_blink.elf' is downloaded to processor 'microblaze_0'.
22:13:42 INFO  : ----------------XSDB Script----------------
connect -url tcp:127.0.0.1:3121
targets -set -filter {jtag_cable_name =~ "RealDigital Boo 887429230122A" && level==0 && jtag_device_ctx=="jsn1-0362f093-0"}
fpga -file C:/Users/14435/Desktop/ECE385/Lab6_workspace/mb_blink/_ide/bitstream/mb_intro_top.bit
targets -set -nocase -filter {name =~ "*microblaze*#0" && bscan=="USER2" }
loadhw -hw C:/Users/14435/Desktop/ECE385/Lab6_workspace/mb_intro_top/export/mb_intro_top/hw/mb_intro_top.xsa -regs
configparams mdm-detect-bscan-mask 2
targets -set -nocase -filter {name =~ "*microblaze*#0" && bscan=="USER2" }
rst -system
after 3000
targets -set -nocase -filter {name =~ "*microblaze*#0" && bscan=="USER2" }
dow C:/Users/14435/Desktop/ECE385/Lab6_workspace/mb_blink/Debug/mb_blink.elf
----------------End of Script----------------

22:13:42 INFO  : Context for processor 'microblaze_0' is selected.
22:13:42 INFO  : 'con' command is executed.
22:13:42 INFO  : ----------------XSDB Script (After Launch)----------------
targets -set -nocase -filter {name =~ "*microblaze*#0" && bscan=="USER2" }
con
----------------End of Script----------------

22:13:42 INFO  : Disconnected from the channel tcfchan#28.
22:14:33 INFO  : Connected to target on host '127.0.0.1' and port '3121'.
22:14:33 INFO  : Jtag cable 'RealDigital Boo 8874292301C2A' is selected.
22:14:33 INFO  : 'jtag frequency' command is executed.
22:14:33 INFO  : 'targets -set -filter {jtag_cable_name =~ "RealDigital Boo 8874292301C2A" && level==0 && jtag_device_ctx=="jsn1-0362f093-0"}' command is executed.
22:14:35 INFO  : Device configured successfully with "C:/Users/14435/Desktop/ECE385/Lab6_workspace/mb_blink/_ide/bitstream/mb_intro_top.bit"
22:14:35 INFO  : Context for processor 'microblaze_0' is selected.
22:14:35 INFO  : Hardware design and registers information is loaded from 'C:/Users/14435/Desktop/ECE385/Lab6_workspace/mb_intro_top/export/mb_intro_top/hw/mb_intro_top.xsa'.
22:14:35 INFO  : 'configparams mdm-detect-bscan-mask 2' command is executed.
22:14:35 INFO  : Context for processor 'microblaze_0' is selected.
22:14:35 INFO  : System reset is completed.
22:14:38 INFO  : 'after 3000' command is executed.
22:14:38 INFO  : Context for processor 'microblaze_0' is selected.
22:14:38 INFO  : The application 'C:/Users/14435/Desktop/ECE385/Lab6_workspace/mb_blink/Debug/mb_blink.elf' is downloaded to processor 'microblaze_0'.
22:14:38 INFO  : ----------------XSDB Script----------------
connect -url tcp:127.0.0.1:3121
targets -set -filter {jtag_cable_name =~ "RealDigital Boo 8874292301C2A" && level==0 && jtag_device_ctx=="jsn1-0362f093-0"}
fpga -file C:/Users/14435/Desktop/ECE385/Lab6_workspace/mb_blink/_ide/bitstream/mb_intro_top.bit
targets -set -nocase -filter {name =~ "*microblaze*#0" && bscan=="USER2" }
loadhw -hw C:/Users/14435/Desktop/ECE385/Lab6_workspace/mb_intro_top/export/mb_intro_top/hw/mb_intro_top.xsa -regs
configparams mdm-detect-bscan-mask 2
targets -set -nocase -filter {name =~ "*microblaze*#0" && bscan=="USER2" }
rst -system
after 3000
targets -set -nocase -filter {name =~ "*microblaze*#0" && bscan=="USER2" }
dow C:/Users/14435/Desktop/ECE385/Lab6_workspace/mb_blink/Debug/mb_blink.elf
----------------End of Script----------------

22:14:38 INFO  : Context for processor 'microblaze_0' is selected.
22:14:38 INFO  : 'con' command is executed.
22:14:38 INFO  : ----------------XSDB Script (After Launch)----------------
targets -set -nocase -filter {name =~ "*microblaze*#0" && bscan=="USER2" }
con
----------------End of Script----------------

22:14:38 INFO  : Disconnected from the channel tcfchan#29.
23:07:28 INFO  : Result from executing command 'removePlatformRepo': 
23:07:44 INFO  : Result from executing command 'getProjects': mb_intro_top
23:07:44 INFO  : Result from executing command 'getPlatforms': 
23:07:44 INFO  : Checking for BSP changes to sync application flags for project 'mb_blink'...
23:07:44 INFO  : Updating application flags with new BSP settings...
23:07:44 ERROR : Failed to update application flags from BSP for 'mb_blink'. Reason: null
java.lang.NullPointerException: null
	at com.xilinx.sdk.sw.internal.SwDb.getComponentAppCompilerFlags(SwDb.java:761) ~[com.xilinx.sdk.sw_1.0.0.202210132147.jar:?]
	at com.xilinx.sdx.sw.internal.SDxSwPlatform.getSwPlatformCompilerFlags(SDxSwPlatform.java:1177) ~[com.xilinx.sdx.sw_1.0.0.202210132147.jar:?]
	at com.xilinx.sdx.sdk.core.build.AppSwBuildOptionsHelper.inferSwPlatformFlags(AppSwBuildOptionsHelper.java:54) ~[com.xilinx.sdx.sdk.core_1.0.0.202210132147.jar:?]
	at com.xilinx.sdx.sdk.core.build.AppSwBuildOptionsHelper.updateBuildOptions(AppSwBuildOptionsHelper.java:46) ~[com.xilinx.sdx.sdk.core_1.0.0.202210132147.jar:?]
	at com.xilinx.sdx.sdk.core.build.SdkMakefileGenerationListener.updateSwBuildOptions(SdkMakefileGenerationListener.java:215) ~[com.xilinx.sdx.sdk.core_1.0.0.202210132147.jar:?]
	at com.xilinx.sdx.sdk.core.build.SdkMakefileGenerationListener.syncAppFlags(SdkMakefileGenerationListener.java:99) [com.xilinx.sdx.sdk.core_1.0.0.202210132147.jar:?]
	at com.xilinx.sdx.sdk.core.build.SdkMakefileGenerationListener.preMakefileGeneration(SdkMakefileGenerationListener.java:48) [com.xilinx.sdx.sdk.core_1.0.0.202210132147.jar:?]
	at com.xilinx.sdk.managedbuilder.XilinxGnuMakefileGenerator.notifyPreMakefileGenerationListeners(XilinxGnuMakefileGenerator.java:91) [com.xilinx.sdk.managedbuilder_1.0.0.202210132147.jar:?]
	at com.xilinx.sdk.managedbuilder.XilinxGnuMakefileGenerator.regenerateMakefiles(XilinxGnuMakefileGenerator.java:75) [com.xilinx.sdk.managedbuilder_1.0.0.202210132147.jar:?]
	at org.eclipse.cdt.managedbuilder.internal.core.CommonBuilder.performMakefileGeneration(CommonBuilder.java:1006) [org.eclipse.cdt.managedbuilder.core_8.6.0.201802261533.jar:?]
	at org.eclipse.cdt.managedbuilder.internal.core.CommonBuilder.performPrebuildGeneration(CommonBuilder.java:873) [org.eclipse.cdt.managedbuilder.core_8.6.0.201802261533.jar:?]
	at org.eclipse.cdt.managedbuilder.internal.core.CommonBuilder.build(CommonBuilder.java:748) [org.eclipse.cdt.managedbuilder.core_8.6.0.201802261533.jar:?]
	at org.eclipse.cdt.managedbuilder.internal.core.CommonBuilder.build(CommonBuilder.java:513) [org.eclipse.cdt.managedbuilder.core_8.6.0.201802261533.jar:?]
	at org.eclipse.cdt.managedbuilder.internal.core.CommonBuilder.build(CommonBuilder.java:459) [org.eclipse.cdt.managedbuilder.core_8.6.0.201802261533.jar:?]
	at org.eclipse.core.internal.events.BuildManager$2.run(BuildManager.java:832) [org.eclipse.core.resources_3.13.700.v20200209-1624.jar:?]
	at org.eclipse.core.runtime.SafeRunner.run(SafeRunner.java:45) [org.eclipse.equinox.common_3.11.0.v20200206-0817.jar:?]
	at org.eclipse.core.internal.events.BuildManager.basicBuild(BuildManager.java:220) [org.eclipse.core.resources_3.13.700.v20200209-1624.jar:?]
	at org.eclipse.core.internal.events.BuildManager.basicBuild(BuildManager.java:263) [org.eclipse.core.resources_3.13.700.v20200209-1624.jar:?]
	at org.eclipse.core.internal.events.BuildManager$1.run(BuildManager.java:316) [org.eclipse.core.resources_3.13.700.v20200209-1624.jar:?]
	at org.eclipse.core.runtime.SafeRunner.run(SafeRunner.java:45) [org.eclipse.equinox.common_3.11.0.v20200206-0817.jar:?]
	at org.eclipse.core.internal.events.BuildManager.basicBuild(BuildManager.java:319) [org.eclipse.core.resources_3.13.700.v20200209-1624.jar:?]
	at org.eclipse.core.internal.events.BuildManager.basicBuildLoop(BuildManager.java:371) [org.eclipse.core.resources_3.13.700.v20200209-1624.jar:?]
	at org.eclipse.core.internal.events.BuildManager.build(BuildManager.java:392) [org.eclipse.core.resources_3.13.700.v20200209-1624.jar:?]
	at org.eclipse.core.internal.resources.Workspace.buildInternal(Workspace.java:515) [org.eclipse.core.resources_3.13.700.v20200209-1624.jar:?]
	at org.eclipse.core.internal.resources.Workspace.build(Workspace.java:412) [org.eclipse.core.resources_3.13.700.v20200209-1624.jar:?]
	at org.eclipse.ui.actions.BuildAction$1.runInWorkspace(BuildAction.java:291) [org.eclipse.ui.ide_3.17.0.v20200217-1511.jar:?]
	at org.eclipse.core.internal.resources.InternalWorkspaceJob.run(InternalWorkspaceJob.java:42) [org.eclipse.core.resources_3.13.700.v20200209-1624.jar:?]
	at org.eclipse.core.internal.jobs.Worker.run(Worker.java:63) [org.eclipse.core.jobs_3.10.700.v20200106-1020.jar:?]
23:08:09 INFO  : Connected to target on host '127.0.0.1' and port '3121'.
23:08:09 INFO  : Jtag cable 'RealDigital Boo 8874292301C2A' is selected.
23:08:09 INFO  : 'jtag frequency' command is executed.
23:08:09 INFO  : 'targets -set -filter {jtag_cable_name =~ "RealDigital Boo 8874292301C2A" && level==0 && jtag_device_ctx=="jsn1-0362f093-0"}' command is executed.
23:08:10 INFO  : Device configured successfully with "C:/Users/14435/Desktop/ECE385/Lab6_workspace/mb_blink/_ide/bitstream/mb_intro_top.bit"
23:08:10 INFO  : Context for processor 'microblaze_0' is selected.
23:08:10 INFO  : Hardware design and registers information is loaded from 'C:/Users/14435/Desktop/ECE385/Lab6_workspace/mb_intro_top/export/mb_intro_top/hw/mb_intro_top.xsa'.
23:08:10 INFO  : 'configparams mdm-detect-bscan-mask 2' command is executed.
23:08:10 INFO  : Context for processor 'microblaze_0' is selected.
23:08:10 INFO  : System reset is completed.
23:08:13 INFO  : 'after 3000' command is executed.
23:08:13 INFO  : Context for processor 'microblaze_0' is selected.
23:08:14 INFO  : The application 'C:/Users/14435/Desktop/ECE385/Lab6_workspace/mb_blink/Debug/mb_blink.elf' is downloaded to processor 'microblaze_0'.
23:08:14 INFO  : ----------------XSDB Script----------------
connect -url tcp:127.0.0.1:3121
targets -set -filter {jtag_cable_name =~ "RealDigital Boo 8874292301C2A" && level==0 && jtag_device_ctx=="jsn1-0362f093-0"}
fpga -file C:/Users/14435/Desktop/ECE385/Lab6_workspace/mb_blink/_ide/bitstream/mb_intro_top.bit
targets -set -nocase -filter {name =~ "*microblaze*#0" && bscan=="USER2" }
loadhw -hw C:/Users/14435/Desktop/ECE385/Lab6_workspace/mb_intro_top/export/mb_intro_top/hw/mb_intro_top.xsa -regs
configparams mdm-detect-bscan-mask 2
targets -set -nocase -filter {name =~ "*microblaze*#0" && bscan=="USER2" }
rst -system
after 3000
targets -set -nocase -filter {name =~ "*microblaze*#0" && bscan=="USER2" }
dow C:/Users/14435/Desktop/ECE385/Lab6_workspace/mb_blink/Debug/mb_blink.elf
----------------End of Script----------------

23:08:14 INFO  : Context for processor 'microblaze_0' is selected.
23:08:14 INFO  : 'con' command is executed.
23:08:14 INFO  : ----------------XSDB Script (After Launch)----------------
targets -set -nocase -filter {name =~ "*microblaze*#0" && bscan=="USER2" }
con
----------------End of Script----------------

23:08:14 INFO  : Disconnected from the channel tcfchan#32.
23:08:47 ERROR : An unexpected exception occurred in the module 'reading platform'
23:16:33 DEBUG : Logs will be stored at 'C:/Users/14435/Desktop/ECE385/Lab6_workspace/IDE.log'.
23:16:34 INFO  : Launching XSCT server: xsct.bat -n  -interactive C:\Users\14435\Desktop\ECE385\Lab6_workspace\temp_xsdb_launch_script.tcl
23:16:37 INFO  : XSCT server has started successfully.
23:16:37 INFO  : Successfully done setting XSCT server connection channel  
23:16:37 INFO  : plnx-install-location is set to ''
23:16:37 INFO  : Successfully done setting workspace for the tool. 
23:16:37 INFO  : Platform repository initialization has completed.
23:16:37 INFO  : Registering command handlers for Vitis TCF services
23:16:46 INFO  : Successfully done query RDI_DATADIR 
23:25:57 INFO  : Result from executing command 'getProjects': mb_intro_top
23:25:57 INFO  : Result from executing command 'getPlatforms': 
23:25:58 WARN  : An unexpected exception occurred in the module 'platform project logging'
23:25:58 INFO  : Platform 'mb_intro_top' is added to custom repositories.
23:26:00 INFO  : Platform 'mb_intro_top' is added to custom repositories.
23:32:39 INFO  : Result from executing command 'getProjects': mb_intro_top
23:32:39 INFO  : Result from executing command 'getPlatforms': mb_intro_top|C:/Users/14435/Desktop/ECE385/Lab6_workspace/mb_intro_top/export/mb_intro_top/mb_intro_top.xpfm
23:32:39 INFO  : Checking for BSP changes to sync application flags for project 'accumulate'...
23:33:50 INFO  : Connected to target on host '127.0.0.1' and port '3121'.
23:33:56 INFO  : Jtag cable 'RealDigital Boo 8874292301C2A' is selected.
23:33:56 INFO  : 'jtag frequency' command is executed.
23:33:56 INFO  : 'targets -set -filter {jtag_cable_name =~ "RealDigital Boo 8874292301C2A" && level==0 && jtag_device_ctx=="jsn1-0362f093-0"}' command is executed.
23:33:58 INFO  : Device configured successfully with "C:/Users/14435/Desktop/ECE385/Lab6_workspace/accumulate/_ide/bitstream/mb_intro_top.bit"
23:33:58 INFO  : Context for processor 'microblaze_0' is selected.
23:33:58 INFO  : Hardware design and registers information is loaded from 'C:/Users/14435/Desktop/ECE385/Lab6_workspace/mb_intro_top/export/mb_intro_top/hw/mb_intro_top.xsa'.
23:33:58 INFO  : 'configparams mdm-detect-bscan-mask 2' command is executed.
23:33:58 INFO  : Context for processor 'microblaze_0' is selected.
23:33:58 INFO  : System reset is completed.
23:34:01 INFO  : 'after 3000' command is executed.
23:34:01 INFO  : Context for processor 'microblaze_0' is selected.
23:34:01 INFO  : The application 'C:/Users/14435/Desktop/ECE385/Lab6_workspace/accumulate/Debug/accumulate.elf' is downloaded to processor 'microblaze_0'.
23:34:01 INFO  : ----------------XSDB Script----------------
connect -url tcp:127.0.0.1:3121
targets -set -filter {jtag_cable_name =~ "RealDigital Boo 8874292301C2A" && level==0 && jtag_device_ctx=="jsn1-0362f093-0"}
fpga -file C:/Users/14435/Desktop/ECE385/Lab6_workspace/accumulate/_ide/bitstream/mb_intro_top.bit
targets -set -nocase -filter {name =~ "*microblaze*#0" && bscan=="USER2" }
loadhw -hw C:/Users/14435/Desktop/ECE385/Lab6_workspace/mb_intro_top/export/mb_intro_top/hw/mb_intro_top.xsa -regs
configparams mdm-detect-bscan-mask 2
targets -set -nocase -filter {name =~ "*microblaze*#0" && bscan=="USER2" }
rst -system
after 3000
targets -set -nocase -filter {name =~ "*microblaze*#0" && bscan=="USER2" }
dow C:/Users/14435/Desktop/ECE385/Lab6_workspace/accumulate/Debug/accumulate.elf
----------------End of Script----------------

23:34:01 INFO  : Context for processor 'microblaze_0' is selected.
23:34:01 INFO  : 'con' command is executed.
23:34:01 INFO  : ----------------XSDB Script (After Launch)----------------
targets -set -nocase -filter {name =~ "*microblaze*#0" && bscan=="USER2" }
con
----------------End of Script----------------

23:34:01 INFO  : Disconnected from the channel tcfchan#2.
23:35:06 INFO  : Connected to target on host '127.0.0.1' and port '3121'.
23:35:07 INFO  : Jtag cable 'RealDigital Boo 8874292301C2A' is selected.
23:35:07 INFO  : 'jtag frequency' command is executed.
23:35:07 INFO  : 'targets -set -filter {jtag_cable_name =~ "RealDigital Boo 8874292301C2A" && level==0 && jtag_device_ctx=="jsn1-0362f093-0"}' command is executed.
23:35:08 INFO  : Device configured successfully with "C:/Users/14435/Desktop/ECE385/Lab6_workspace/accumulate/_ide/bitstream/mb_intro_top.bit"
23:35:09 INFO  : Context for processor 'microblaze_0' is selected.
23:35:09 INFO  : Hardware design and registers information is loaded from 'C:/Users/14435/Desktop/ECE385/Lab6_workspace/mb_intro_top/export/mb_intro_top/hw/mb_intro_top.xsa'.
23:35:09 INFO  : 'configparams mdm-detect-bscan-mask 2' command is executed.
23:35:09 INFO  : Context for processor 'microblaze_0' is selected.
23:35:09 INFO  : System reset is completed.
23:35:12 INFO  : 'after 3000' command is executed.
23:35:12 INFO  : Context for processor 'microblaze_0' is selected.
23:35:12 INFO  : The application 'C:/Users/14435/Desktop/ECE385/Lab6_workspace/accumulate/Debug/accumulate.elf' is downloaded to processor 'microblaze_0'.
23:35:12 INFO  : ----------------XSDB Script----------------
connect -url tcp:127.0.0.1:3121
targets -set -filter {jtag_cable_name =~ "RealDigital Boo 8874292301C2A" && level==0 && jtag_device_ctx=="jsn1-0362f093-0"}
fpga -file C:/Users/14435/Desktop/ECE385/Lab6_workspace/accumulate/_ide/bitstream/mb_intro_top.bit
targets -set -nocase -filter {name =~ "*microblaze*#0" && bscan=="USER2" }
loadhw -hw C:/Users/14435/Desktop/ECE385/Lab6_workspace/mb_intro_top/export/mb_intro_top/hw/mb_intro_top.xsa -regs
configparams mdm-detect-bscan-mask 2
targets -set -nocase -filter {name =~ "*microblaze*#0" && bscan=="USER2" }
rst -system
after 3000
targets -set -nocase -filter {name =~ "*microblaze*#0" && bscan=="USER2" }
dow C:/Users/14435/Desktop/ECE385/Lab6_workspace/accumulate/Debug/accumulate.elf
----------------End of Script----------------

23:35:12 INFO  : Context for processor 'microblaze_0' is selected.
23:35:12 INFO  : 'con' command is executed.
23:35:12 INFO  : ----------------XSDB Script (After Launch)----------------
targets -set -nocase -filter {name =~ "*microblaze*#0" && bscan=="USER2" }
con
----------------End of Script----------------

23:35:12 INFO  : Disconnected from the channel tcfchan#3.
16:35:55 INFO  : Connected to target on host '127.0.0.1' and port '3121'.
16:35:56 INFO  : Jtag cable 'RealDigital Boo 8874292301C2A' is selected.
16:35:56 INFO  : 'jtag frequency' command is executed.
16:35:56 INFO  : 'targets -set -filter {jtag_cable_name =~ "RealDigital Boo 8874292301C2A" && level==0 && jtag_device_ctx=="jsn1-0362f093-0"}' command is executed.
16:35:57 INFO  : Device configured successfully with "C:/Users/14435/Desktop/ECE385/Lab6_workspace/accumulate/_ide/bitstream/mb_intro_top.bit"
16:35:57 INFO  : Context for processor 'microblaze_0' is selected.
16:35:58 INFO  : Hardware design and registers information is loaded from 'C:/Users/14435/Desktop/ECE385/Lab6_workspace/mb_intro_top/export/mb_intro_top/hw/mb_intro_top.xsa'.
16:35:58 INFO  : 'configparams mdm-detect-bscan-mask 2' command is executed.
16:35:58 INFO  : Context for processor 'microblaze_0' is selected.
16:35:58 INFO  : System reset is completed.
16:36:01 INFO  : 'after 3000' command is executed.
16:36:01 INFO  : Context for processor 'microblaze_0' is selected.
16:36:01 INFO  : The application 'C:/Users/14435/Desktop/ECE385/Lab6_workspace/accumulate/Debug/accumulate.elf' is downloaded to processor 'microblaze_0'.
16:36:01 INFO  : ----------------XSDB Script----------------
connect -url tcp:127.0.0.1:3121
targets -set -filter {jtag_cable_name =~ "RealDigital Boo 8874292301C2A" && level==0 && jtag_device_ctx=="jsn1-0362f093-0"}
fpga -file C:/Users/14435/Desktop/ECE385/Lab6_workspace/accumulate/_ide/bitstream/mb_intro_top.bit
targets -set -nocase -filter {name =~ "*microblaze*#0" && bscan=="USER2" }
loadhw -hw C:/Users/14435/Desktop/ECE385/Lab6_workspace/mb_intro_top/export/mb_intro_top/hw/mb_intro_top.xsa -regs
configparams mdm-detect-bscan-mask 2
targets -set -nocase -filter {name =~ "*microblaze*#0" && bscan=="USER2" }
rst -system
after 3000
targets -set -nocase -filter {name =~ "*microblaze*#0" && bscan=="USER2" }
dow C:/Users/14435/Desktop/ECE385/Lab6_workspace/accumulate/Debug/accumulate.elf
----------------End of Script----------------

16:36:01 INFO  : Context for processor 'microblaze_0' is selected.
16:36:01 INFO  : 'con' command is executed.
16:36:01 INFO  : ----------------XSDB Script (After Launch)----------------
targets -set -nocase -filter {name =~ "*microblaze*#0" && bscan=="USER2" }
con
----------------End of Script----------------

16:36:01 INFO  : Disconnected from the channel tcfchan#4.
17:15:17 INFO  : Connected to target on host '127.0.0.1' and port '3121'.
17:15:17 INFO  : Jtag cable 'RealDigital Boo 8874292301C2A' is selected.
17:15:17 INFO  : 'jtag frequency' command is executed.
17:15:17 INFO  : 'targets -set -filter {jtag_cable_name =~ "RealDigital Boo 8874292301C2A" && level==0 && jtag_device_ctx=="jsn1-0362f093-0"}' command is executed.
17:15:19 INFO  : Device configured successfully with "C:/Users/14435/Desktop/ECE385/Lab6_workspace/accumulate/_ide/bitstream/mb_intro_top.bit"
17:15:19 INFO  : Context for processor 'microblaze_0' is selected.
17:15:19 INFO  : Hardware design and registers information is loaded from 'C:/Users/14435/Desktop/ECE385/Lab6_workspace/mb_intro_top/export/mb_intro_top/hw/mb_intro_top.xsa'.
17:15:19 INFO  : 'configparams mdm-detect-bscan-mask 2' command is executed.
17:15:19 INFO  : Context for processor 'microblaze_0' is selected.
17:15:19 INFO  : System reset is completed.
17:15:22 INFO  : 'after 3000' command is executed.
17:15:22 INFO  : Context for processor 'microblaze_0' is selected.
17:15:22 INFO  : The application 'C:/Users/14435/Desktop/ECE385/Lab6_workspace/accumulate/Debug/accumulate.elf' is downloaded to processor 'microblaze_0'.
17:15:22 INFO  : ----------------XSDB Script----------------
connect -url tcp:127.0.0.1:3121
targets -set -filter {jtag_cable_name =~ "RealDigital Boo 8874292301C2A" && level==0 && jtag_device_ctx=="jsn1-0362f093-0"}
fpga -file C:/Users/14435/Desktop/ECE385/Lab6_workspace/accumulate/_ide/bitstream/mb_intro_top.bit
targets -set -nocase -filter {name =~ "*microblaze*#0" && bscan=="USER2" }
loadhw -hw C:/Users/14435/Desktop/ECE385/Lab6_workspace/mb_intro_top/export/mb_intro_top/hw/mb_intro_top.xsa -regs
configparams mdm-detect-bscan-mask 2
targets -set -nocase -filter {name =~ "*microblaze*#0" && bscan=="USER2" }
rst -system
after 3000
targets -set -nocase -filter {name =~ "*microblaze*#0" && bscan=="USER2" }
dow C:/Users/14435/Desktop/ECE385/Lab6_workspace/accumulate/Debug/accumulate.elf
----------------End of Script----------------

17:15:22 INFO  : Context for processor 'microblaze_0' is selected.
17:15:22 INFO  : 'con' command is executed.
17:15:22 INFO  : ----------------XSDB Script (After Launch)----------------
targets -set -nocase -filter {name =~ "*microblaze*#0" && bscan=="USER2" }
con
----------------End of Script----------------

17:15:22 INFO  : Disconnected from the channel tcfchan#5.
17:16:20 INFO  : Connected to target on host '127.0.0.1' and port '3121'.
17:16:21 INFO  : Jtag cable 'RealDigital Boo 8874292301C2A' is selected.
17:16:21 INFO  : 'jtag frequency' command is executed.
17:16:21 INFO  : 'targets -set -filter {jtag_cable_name =~ "RealDigital Boo 8874292301C2A" && level==0 && jtag_device_ctx=="jsn1-0362f093-0"}' command is executed.
17:16:22 INFO  : Device configured successfully with "C:/Users/14435/Desktop/ECE385/Lab6_workspace/accumulate/_ide/bitstream/mb_intro_top.bit"
17:16:22 INFO  : Context for processor 'microblaze_0' is selected.
17:16:22 INFO  : Hardware design and registers information is loaded from 'C:/Users/14435/Desktop/ECE385/Lab6_workspace/mb_intro_top/export/mb_intro_top/hw/mb_intro_top.xsa'.
17:16:22 INFO  : 'configparams mdm-detect-bscan-mask 2' command is executed.
17:16:22 INFO  : Context for processor 'microblaze_0' is selected.
17:16:22 INFO  : System reset is completed.
17:16:25 INFO  : 'after 3000' command is executed.
17:16:25 INFO  : Context for processor 'microblaze_0' is selected.
17:16:25 INFO  : The application 'C:/Users/14435/Desktop/ECE385/Lab6_workspace/accumulate/Debug/accumulate.elf' is downloaded to processor 'microblaze_0'.
17:16:25 INFO  : ----------------XSDB Script----------------
connect -url tcp:127.0.0.1:3121
targets -set -filter {jtag_cable_name =~ "RealDigital Boo 8874292301C2A" && level==0 && jtag_device_ctx=="jsn1-0362f093-0"}
fpga -file C:/Users/14435/Desktop/ECE385/Lab6_workspace/accumulate/_ide/bitstream/mb_intro_top.bit
targets -set -nocase -filter {name =~ "*microblaze*#0" && bscan=="USER2" }
loadhw -hw C:/Users/14435/Desktop/ECE385/Lab6_workspace/mb_intro_top/export/mb_intro_top/hw/mb_intro_top.xsa -regs
configparams mdm-detect-bscan-mask 2
targets -set -nocase -filter {name =~ "*microblaze*#0" && bscan=="USER2" }
rst -system
after 3000
targets -set -nocase -filter {name =~ "*microblaze*#0" && bscan=="USER2" }
dow C:/Users/14435/Desktop/ECE385/Lab6_workspace/accumulate/Debug/accumulate.elf
----------------End of Script----------------

17:16:25 INFO  : Context for processor 'microblaze_0' is selected.
17:16:25 INFO  : 'con' command is executed.
17:16:25 INFO  : ----------------XSDB Script (After Launch)----------------
targets -set -nocase -filter {name =~ "*microblaze*#0" && bscan=="USER2" }
con
----------------End of Script----------------

17:16:26 INFO  : Disconnected from the channel tcfchan#6.
