Copyright 1986-2022 Xilinx, Inc. All Rights Reserved.
-----------------------------------------------------------------------------------------------------------------------------------------------------------------------------------
| Tool Version : Vivado v.2022.2 (win64) Build 3671981 Fri Oct 14 05:00:03 MDT 2022
| Date         : Mon Apr 29 22:58:15 2024
| Host         : BOOK-SIO57HHSUH running 64-bit major release  (build 9200)
| Command      : report_methodology -file mb_usb_hdmi_top_methodology_drc_routed.rpt -pb mb_usb_hdmi_top_methodology_drc_routed.pb -rpx mb_usb_hdmi_top_methodology_drc_routed.rpx
| Design       : mb_usb_hdmi_top
| Device       : xc7s50csga324-1
| Speed File   : -1
| Design State : Fully Routed
-----------------------------------------------------------------------------------------------------------------------------------------------------------------------------------

Report Methodology

Table of Contents
-----------------
1. REPORT SUMMARY
2. REPORT DETAILS

1. REPORT SUMMARY
-----------------
            Netlist: netlist
          Floorplan: design_1
      Design limits: <entire design considered>
             Max violations: <unlimited>
             Violations found: 221
+-----------+------------------+----------------------------------------------------+------------+
| Rule      | Severity         | Description                                        | Violations |
+-----------+------------------+----------------------------------------------------+------------+
| TIMING-4  | Critical Warning | Invalid primary clock redefinition on a clock tree | 2          |
| TIMING-6  | Critical Warning | No common primary clock between related clocks     | 2          |
| TIMING-7  | Critical Warning | No common node between related clocks              | 2          |
| TIMING-17 | Critical Warning | Non-clocked sequential cell                        | 72         |
| TIMING-27 | Critical Warning | Invalid primary clock on hierarchical pin          | 2          |
| LUTAR-1   | Warning          | LUT drives async reset alert                       | 8          |
| TIMING-9  | Warning          | Unknown CDC Logic                                  | 1          |
| TIMING-16 | Warning          | Large setup violation                              | 21         |
| TIMING-18 | Warning          | Missing input or output delay                      | 35         |
| TIMING-20 | Warning          | Non-clocked latch                                  | 75         |
| LATCH-1   | Advisory         | Existing latches in the design                     | 1          |
+-----------+------------------+----------------------------------------------------+------------+

2. REPORT DETAILS
-----------------
TIMING-4#1 Critical Warning
Invalid primary clock redefinition on a clock tree  
Invalid clock redefinition on a clock tree. The primary clock Final_mb/clk_wiz_1/inst/clk_in1 is defined downstream of clock clk_100 and overrides its insertion delay and/or waveform definition
Related violations: <none>

TIMING-4#2 Critical Warning
Invalid primary clock redefinition on a clock tree  
Invalid clock redefinition on a clock tree. The primary clock clk_wiz/inst/clk_in1 is defined downstream of clock clk_100 and overrides its insertion delay and/or waveform definition
Related violations: <none>

TIMING-6#1 Critical Warning
No common primary clock between related clocks  
The clocks clk_100 and clk_out1_clk_wiz_0 are related (timed together) but they have no common primary clock. The design could fail in hardware. To find a timing path between these clocks, run the following command: report_timing -from [get_clocks clk_100] -to [get_clocks clk_out1_clk_wiz_0]
Related violations: <none>

TIMING-6#2 Critical Warning
No common primary clock between related clocks  
The clocks clk_out1_clk_wiz_0 and clk_100 are related (timed together) but they have no common primary clock. The design could fail in hardware. To find a timing path between these clocks, run the following command: report_timing -from [get_clocks clk_out1_clk_wiz_0] -to [get_clocks clk_100]
Related violations: <none>

TIMING-7#1 Critical Warning
No common node between related clocks  
The clocks clk_100 and clk_out1_clk_wiz_0 are related (timed together) but they have no common node. The design could fail in hardware. To find a timing path between these clocks, run the following command: report_timing -from [get_clocks clk_100] -to [get_clocks clk_out1_clk_wiz_0]
Related violations: <none>

TIMING-7#2 Critical Warning
No common node between related clocks  
The clocks clk_out1_clk_wiz_0 and clk_100 are related (timed together) but they have no common node. The design could fail in hardware. To find a timing path between these clocks, run the following command: report_timing -from [get_clocks clk_out1_clk_wiz_0] -to [get_clocks clk_100]
Related violations: <none>

TIMING-17#1 Critical Warning
Non-clocked sequential cell  
The clock pin bomb1/FSM_onehot_state_reg[0]/C is not reached by a timing clock
Related violations: <none>

TIMING-17#2 Critical Warning
Non-clocked sequential cell  
The clock pin bomb1/FSM_onehot_state_reg[10]/C is not reached by a timing clock
Related violations: <none>

TIMING-17#3 Critical Warning
Non-clocked sequential cell  
The clock pin bomb1/FSM_onehot_state_reg[11]/C is not reached by a timing clock
Related violations: <none>

TIMING-17#4 Critical Warning
Non-clocked sequential cell  
The clock pin bomb1/FSM_onehot_state_reg[12]/C is not reached by a timing clock
Related violations: <none>

TIMING-17#5 Critical Warning
Non-clocked sequential cell  
The clock pin bomb1/FSM_onehot_state_reg[13]/C is not reached by a timing clock
Related violations: <none>

TIMING-17#6 Critical Warning
Non-clocked sequential cell  
The clock pin bomb1/FSM_onehot_state_reg[14]/C is not reached by a timing clock
Related violations: <none>

TIMING-17#7 Critical Warning
Non-clocked sequential cell  
The clock pin bomb1/FSM_onehot_state_reg[1]/C is not reached by a timing clock
Related violations: <none>

TIMING-17#8 Critical Warning
Non-clocked sequential cell  
The clock pin bomb1/FSM_onehot_state_reg[2]/C is not reached by a timing clock
Related violations: <none>

TIMING-17#9 Critical Warning
Non-clocked sequential cell  
The clock pin bomb1/FSM_onehot_state_reg[3]/C is not reached by a timing clock
Related violations: <none>

TIMING-17#10 Critical Warning
Non-clocked sequential cell  
The clock pin bomb1/FSM_onehot_state_reg[4]/C is not reached by a timing clock
Related violations: <none>

TIMING-17#11 Critical Warning
Non-clocked sequential cell  
The clock pin bomb1/FSM_onehot_state_reg[5]/C is not reached by a timing clock
Related violations: <none>

TIMING-17#12 Critical Warning
Non-clocked sequential cell  
The clock pin bomb1/FSM_onehot_state_reg[6]/C is not reached by a timing clock
Related violations: <none>

TIMING-17#13 Critical Warning
Non-clocked sequential cell  
The clock pin bomb1/FSM_onehot_state_reg[7]/C is not reached by a timing clock
Related violations: <none>

TIMING-17#14 Critical Warning
Non-clocked sequential cell  
The clock pin bomb1/FSM_onehot_state_reg[8]/C is not reached by a timing clock
Related violations: <none>

TIMING-17#15 Critical Warning
Non-clocked sequential cell  
The clock pin bomb1/FSM_onehot_state_reg[9]/C is not reached by a timing clock
Related violations: <none>

TIMING-17#16 Critical Warning
Non-clocked sequential cell  
The clock pin bomb2/FSM_onehot_state_reg[0]/C is not reached by a timing clock
Related violations: <none>

TIMING-17#17 Critical Warning
Non-clocked sequential cell  
The clock pin bomb2/FSM_onehot_state_reg[10]/C is not reached by a timing clock
Related violations: <none>

TIMING-17#18 Critical Warning
Non-clocked sequential cell  
The clock pin bomb2/FSM_onehot_state_reg[11]/C is not reached by a timing clock
Related violations: <none>

TIMING-17#19 Critical Warning
Non-clocked sequential cell  
The clock pin bomb2/FSM_onehot_state_reg[12]/C is not reached by a timing clock
Related violations: <none>

TIMING-17#20 Critical Warning
Non-clocked sequential cell  
The clock pin bomb2/FSM_onehot_state_reg[13]/C is not reached by a timing clock
Related violations: <none>

TIMING-17#21 Critical Warning
Non-clocked sequential cell  
The clock pin bomb2/FSM_onehot_state_reg[14]/C is not reached by a timing clock
Related violations: <none>

TIMING-17#22 Critical Warning
Non-clocked sequential cell  
The clock pin bomb2/FSM_onehot_state_reg[1]/C is not reached by a timing clock
Related violations: <none>

TIMING-17#23 Critical Warning
Non-clocked sequential cell  
The clock pin bomb2/FSM_onehot_state_reg[2]/C is not reached by a timing clock
Related violations: <none>

TIMING-17#24 Critical Warning
Non-clocked sequential cell  
The clock pin bomb2/FSM_onehot_state_reg[3]/C is not reached by a timing clock
Related violations: <none>

TIMING-17#25 Critical Warning
Non-clocked sequential cell  
The clock pin bomb2/FSM_onehot_state_reg[4]/C is not reached by a timing clock
Related violations: <none>

TIMING-17#26 Critical Warning
Non-clocked sequential cell  
The clock pin bomb2/FSM_onehot_state_reg[5]/C is not reached by a timing clock
Related violations: <none>

TIMING-17#27 Critical Warning
Non-clocked sequential cell  
The clock pin bomb2/FSM_onehot_state_reg[6]/C is not reached by a timing clock
Related violations: <none>

TIMING-17#28 Critical Warning
Non-clocked sequential cell  
The clock pin bomb2/FSM_onehot_state_reg[7]/C is not reached by a timing clock
Related violations: <none>

TIMING-17#29 Critical Warning
Non-clocked sequential cell  
The clock pin bomb2/FSM_onehot_state_reg[8]/C is not reached by a timing clock
Related violations: <none>

TIMING-17#30 Critical Warning
Non-clocked sequential cell  
The clock pin bomb2/FSM_onehot_state_reg[9]/C is not reached by a timing clock
Related violations: <none>

TIMING-17#31 Critical Warning
Non-clocked sequential cell  
The clock pin new_CLK_bomb/clk_out_reg/C is not reached by a timing clock
Related violations: <none>

TIMING-17#32 Critical Warning
Non-clocked sequential cell  
The clock pin new_CLK_bomb/ctr_reg[0]/C is not reached by a timing clock
Related violations: <none>

TIMING-17#33 Critical Warning
Non-clocked sequential cell  
The clock pin new_CLK_bomb/ctr_reg[1]/C is not reached by a timing clock
Related violations: <none>

TIMING-17#34 Critical Warning
Non-clocked sequential cell  
The clock pin new_CLK_bomb/ctr_reg[2]/C is not reached by a timing clock
Related violations: <none>

TIMING-17#35 Critical Warning
Non-clocked sequential cell  
The clock pin new_CLK_bomb/ctr_reg[3]/C is not reached by a timing clock
Related violations: <none>

TIMING-17#36 Critical Warning
Non-clocked sequential cell  
The clock pin new_CLK_bomb/ctr_reg[4]/C is not reached by a timing clock
Related violations: <none>

TIMING-17#37 Critical Warning
Non-clocked sequential cell  
The clock pin new_CLK_bomb/ctr_reg[5]/C is not reached by a timing clock
Related violations: <none>

TIMING-17#38 Critical Warning
Non-clocked sequential cell  
The clock pin new_CLK_bomb/ctr_reg[6]/C is not reached by a timing clock
Related violations: <none>

TIMING-17#39 Critical Warning
Non-clocked sequential cell  
The clock pin new_CLK_player/clk_out_reg/C is not reached by a timing clock
Related violations: <none>

TIMING-17#40 Critical Warning
Non-clocked sequential cell  
The clock pin new_CLK_player/ctr_reg[0]/C is not reached by a timing clock
Related violations: <none>

TIMING-17#41 Critical Warning
Non-clocked sequential cell  
The clock pin new_CLK_player/ctr_reg[1]/C is not reached by a timing clock
Related violations: <none>

TIMING-17#42 Critical Warning
Non-clocked sequential cell  
The clock pin new_CLK_player/ctr_reg[2]/C is not reached by a timing clock
Related violations: <none>

TIMING-17#43 Critical Warning
Non-clocked sequential cell  
The clock pin nolabel_line428/Life_player1_reg[0]/C is not reached by a timing clock
Related violations: <none>

TIMING-17#44 Critical Warning
Non-clocked sequential cell  
The clock pin nolabel_line428/Life_player1_reg[1]/C is not reached by a timing clock
Related violations: <none>

TIMING-17#45 Critical Warning
Non-clocked sequential cell  
The clock pin nolabel_line428/Life_player1_reg[2]/C is not reached by a timing clock
Related violations: <none>

TIMING-17#46 Critical Warning
Non-clocked sequential cell  
The clock pin nolabel_line428/Life_player1_reg[3]/C is not reached by a timing clock
Related violations: <none>

TIMING-17#47 Critical Warning
Non-clocked sequential cell  
The clock pin nolabel_line428/Life_player2_reg[0]/C is not reached by a timing clock
Related violations: <none>

TIMING-17#48 Critical Warning
Non-clocked sequential cell  
The clock pin nolabel_line428/Life_player2_reg[1]/C is not reached by a timing clock
Related violations: <none>

TIMING-17#49 Critical Warning
Non-clocked sequential cell  
The clock pin nolabel_line428/Life_player2_reg[2]/C is not reached by a timing clock
Related violations: <none>

TIMING-17#50 Critical Warning
Non-clocked sequential cell  
The clock pin nolabel_line428/Life_player2_reg[3]/C is not reached by a timing clock
Related violations: <none>

TIMING-17#51 Critical Warning
Non-clocked sequential cell  
The clock pin nolabel_line428/player1_dead_reg/C is not reached by a timing clock
Related violations: <none>

TIMING-17#52 Critical Warning
Non-clocked sequential cell  
The clock pin nolabel_line428/player2_dead_reg/C is not reached by a timing clock
Related violations: <none>

TIMING-17#53 Critical Warning
Non-clocked sequential cell  
The clock pin player1/PlayerX_reg[6]/C is not reached by a timing clock
Related violations: <none>

TIMING-17#54 Critical Warning
Non-clocked sequential cell  
The clock pin player1/PlayerX_reg[7]/C is not reached by a timing clock
Related violations: <none>

TIMING-17#55 Critical Warning
Non-clocked sequential cell  
The clock pin player1/PlayerX_reg[8]/C is not reached by a timing clock
Related violations: <none>

TIMING-17#56 Critical Warning
Non-clocked sequential cell  
The clock pin player1/PlayerX_reg[9]/C is not reached by a timing clock
Related violations: <none>

TIMING-17#57 Critical Warning
Non-clocked sequential cell  
The clock pin player1/PlayerY_reg[4]/C is not reached by a timing clock
Related violations: <none>

TIMING-17#58 Critical Warning
Non-clocked sequential cell  
The clock pin player1/PlayerY_reg[5]/C is not reached by a timing clock
Related violations: <none>

TIMING-17#59 Critical Warning
Non-clocked sequential cell  
The clock pin player1/PlayerY_reg[6]/C is not reached by a timing clock
Related violations: <none>

TIMING-17#60 Critical Warning
Non-clocked sequential cell  
The clock pin player1/PlayerY_reg[7]/C is not reached by a timing clock
Related violations: <none>

TIMING-17#61 Critical Warning
Non-clocked sequential cell  
The clock pin player1/PlayerY_reg[8]/C is not reached by a timing clock
Related violations: <none>

TIMING-17#62 Critical Warning
Non-clocked sequential cell  
The clock pin player1/PlayerY_reg[9]/C is not reached by a timing clock
Related violations: <none>

TIMING-17#63 Critical Warning
Non-clocked sequential cell  
The clock pin player2/PlayerX_reg[6]/C is not reached by a timing clock
Related violations: <none>

TIMING-17#64 Critical Warning
Non-clocked sequential cell  
The clock pin player2/PlayerX_reg[7]/C is not reached by a timing clock
Related violations: <none>

TIMING-17#65 Critical Warning
Non-clocked sequential cell  
The clock pin player2/PlayerX_reg[8]/C is not reached by a timing clock
Related violations: <none>

TIMING-17#66 Critical Warning
Non-clocked sequential cell  
The clock pin player2/PlayerX_reg[9]/C is not reached by a timing clock
Related violations: <none>

TIMING-17#67 Critical Warning
Non-clocked sequential cell  
The clock pin player2/PlayerY_reg[4]/C is not reached by a timing clock
Related violations: <none>

TIMING-17#68 Critical Warning
Non-clocked sequential cell  
The clock pin player2/PlayerY_reg[5]/C is not reached by a timing clock
Related violations: <none>

TIMING-17#69 Critical Warning
Non-clocked sequential cell  
The clock pin player2/PlayerY_reg[6]/C is not reached by a timing clock
Related violations: <none>

TIMING-17#70 Critical Warning
Non-clocked sequential cell  
The clock pin player2/PlayerY_reg[7]/C is not reached by a timing clock
Related violations: <none>

TIMING-17#71 Critical Warning
Non-clocked sequential cell  
The clock pin player2/PlayerY_reg[8]/C is not reached by a timing clock
Related violations: <none>

TIMING-17#72 Critical Warning
Non-clocked sequential cell  
The clock pin player2/PlayerY_reg[9]/C is not reached by a timing clock
Related violations: <none>

TIMING-27#1 Critical Warning
Invalid primary clock on hierarchical pin  
A primary clock Final_mb/clk_wiz_1/inst/clk_in1 is created on an inappropriate internal pin Final_mb/clk_wiz_1/inst/clk_in1. It is not recommended to create a primary clock on a hierarchical pin when its driver pin has a fanout connected to multiple clock pins
Related violations: <none>

TIMING-27#2 Critical Warning
Invalid primary clock on hierarchical pin  
A primary clock clk_wiz/inst/clk_in1 is created on an inappropriate internal pin clk_wiz/inst/clk_in1. It is not recommended to create a primary clock on a hierarchical pin when its driver pin has a fanout connected to multiple clock pins
Related violations: <none>

LUTAR-1#1 Warning
LUT drives async reset alert  
LUT cell Final_mb/mdm_1/U0/MDM_Core_I1/JTAG_CONTROL_I/sel_n_i_2, with 2 or more inputs, drives asynchronous preset/clear pin(s) Final_mb/mdm_1/U0/MDM_Core_I1/JTAG_CONTROL_I/sel_n_reg/PRE. The LUT may glitch and trigger an unexpected reset, even if it is a properly timed path.
Related violations: <none>

LUTAR-1#2 Warning
LUT drives async reset alert  
LUT cell Final_mb/microblaze_0/U0/MicroBlaze_Core_I/Area.Core/Implement_Debug_Logic.Master_Core.Debug_Area/Serial_Dbg_Intf.force_stop_cmd_rst_i_i_1, with 2 or more inputs, drives asynchronous preset/clear pin(s) Final_mb/microblaze_0/U0/MicroBlaze_Core_I/Area.Core/Implement_Debug_Logic.Master_Core.Debug_Area/Serial_Dbg_Intf.force_stop_TClk_reg/CLR. The LUT may glitch and trigger an unexpected reset, even if it is a properly timed path.
Related violations: <none>

LUTAR-1#3 Warning
LUT drives async reset alert  
LUT cell Final_mb/microblaze_0/U0/MicroBlaze_Core_I/Area.Core/Implement_Debug_Logic.Master_Core.Debug_Area/Serial_Dbg_Intf.normal_stop_cmd_rst_i_i_1, with 2 or more inputs, drives asynchronous preset/clear pin(s) Final_mb/microblaze_0/U0/MicroBlaze_Core_I/Area.Core/Implement_Debug_Logic.Master_Core.Debug_Area/Serial_Dbg_Intf.normal_stop_TClk_reg/CLR. The LUT may glitch and trigger an unexpected reset, even if it is a properly timed path.
Related violations: <none>

LUTAR-1#4 Warning
LUT drives async reset alert  
LUT cell bomb1/addra_bomb_wave_reg[11]_i_3, with 2 or more inputs, drives asynchronous preset/clear pin(s) color_instance/bomb1_wave_addr/addra_bomb_wave_reg[0]/CLR,
color_instance/bomb1_wave_addr/addra_bomb_wave_reg[10]/CLR,
color_instance/bomb1_wave_addr/addra_bomb_wave_reg[11]/CLR,
color_instance/bomb1_wave_addr/addra_bomb_wave_reg[1]/CLR,
color_instance/bomb1_wave_addr/addra_bomb_wave_reg[2]/CLR,
color_instance/bomb1_wave_addr/addra_bomb_wave_reg[3]/CLR,
color_instance/bomb1_wave_addr/addra_bomb_wave_reg[4]/CLR,
color_instance/bomb1_wave_addr/addra_bomb_wave_reg[5]/CLR,
color_instance/bomb1_wave_addr/addra_bomb_wave_reg[6]/CLR,
color_instance/bomb1_wave_addr/addra_bomb_wave_reg[7]/CLR,
color_instance/bomb1_wave_addr/addra_bomb_wave_reg[8]/CLR
color_instance/bomb1_wave_addr/addra_bomb_wave_reg[9]/CLR. The LUT may glitch and trigger an unexpected reset, even if it is a properly timed path.
Related violations: <none>

LUTAR-1#5 Warning
LUT drives async reset alert  
LUT cell bomb1/addra_player2_reg[13]_i_3, with 2 or more inputs, drives asynchronous preset/clear pin(s) color_instance/player2_addr/addra_player2_reg[0]/CLR,
color_instance/player2_addr/addra_player2_reg[10]/CLR,
color_instance/player2_addr/addra_player2_reg[11]/CLR,
color_instance/player2_addr/addra_player2_reg[12]/CLR,
color_instance/player2_addr/addra_player2_reg[13]/CLR,
color_instance/player2_addr/addra_player2_reg[1]/CLR,
color_instance/player2_addr/addra_player2_reg[2]/CLR,
color_instance/player2_addr/addra_player2_reg[3]/CLR,
color_instance/player2_addr/addra_player2_reg[4]/CLR,
color_instance/player2_addr/addra_player2_reg[5]/CLR,
color_instance/player2_addr/addra_player2_reg[6]/CLR,
color_instance/player2_addr/addra_player2_reg[7]/CLR,
color_instance/player2_addr/addra_player2_reg[8]/CLR
color_instance/player2_addr/addra_player2_reg[9]/CLR. The LUT may glitch and trigger an unexpected reset, even if it is a properly timed path.
Related violations: <none>

LUTAR-1#6 Warning
LUT drives async reset alert  
LUT cell bomb2/addra_bomb_wave_reg[11]_i_3__0, with 2 or more inputs, drives asynchronous preset/clear pin(s) color_instance/bomb2_wave_addr/addra_bomb_wave_reg[0]/CLR,
color_instance/bomb2_wave_addr/addra_bomb_wave_reg[10]/CLR,
color_instance/bomb2_wave_addr/addra_bomb_wave_reg[11]/CLR,
color_instance/bomb2_wave_addr/addra_bomb_wave_reg[1]/CLR,
color_instance/bomb2_wave_addr/addra_bomb_wave_reg[2]/CLR,
color_instance/bomb2_wave_addr/addra_bomb_wave_reg[3]/CLR,
color_instance/bomb2_wave_addr/addra_bomb_wave_reg[4]/CLR,
color_instance/bomb2_wave_addr/addra_bomb_wave_reg[5]/CLR,
color_instance/bomb2_wave_addr/addra_bomb_wave_reg[6]/CLR,
color_instance/bomb2_wave_addr/addra_bomb_wave_reg[7]/CLR,
color_instance/bomb2_wave_addr/addra_bomb_wave_reg[8]/CLR
color_instance/bomb2_wave_addr/addra_bomb_wave_reg[9]/CLR. The LUT may glitch and trigger an unexpected reset, even if it is a properly timed path.
Related violations: <none>

LUTAR-1#7 Warning
LUT drives async reset alert  
LUT cell vga/addra_player1_reg[14]_i_3, with 2 or more inputs, drives asynchronous preset/clear pin(s) color_instance/player1_addr/addra_player1_reg[9]/CLR,
color_instance/player1_addr/addra_player1_reg[8]/CLR,
color_instance/player1_addr/addra_player1_reg[7]/CLR,
color_instance/player1_addr/addra_player1_reg[6]/CLR,
color_instance/player1_addr/addra_player1_reg[5]/CLR,
color_instance/player1_addr/addra_player1_reg[4]/CLR,
color_instance/player1_addr/addra_player1_reg[3]/CLR,
color_instance/player1_addr/addra_player1_reg[2]/CLR,
color_instance/player1_addr/addra_player1_reg[1]/CLR,
color_instance/player1_addr/addra_player1_reg[14]/CLR,
color_instance/player1_addr/addra_player1_reg[13]/CLR,
color_instance/player1_addr/addra_player1_reg[12]/CLR,
color_instance/player1_addr/addra_player1_reg[11]/CLR
color_instance/player1_addr/addra_player1_reg[10]/CLR. The LUT may glitch and trigger an unexpected reset, even if it is a properly timed path.
Related violations: <none>

LUTAR-1#8 Warning
LUT drives async reset alert  
LUT cell vga_to_hdmi/inst/encr/oserdes_m_i_1, with 2 or more inputs, drives asynchronous preset/clear pin(s) vga_to_hdmi/inst/encg/dout_reg[9]/CLR,
vga_to_hdmi/inst/encr/cnt_reg[1]/CLR, vga_to_hdmi/inst/encr/cnt_reg[2]/CLR,
vga_to_hdmi/inst/encr/cnt_reg[3]/CLR, vga_to_hdmi/inst/encr/cnt_reg[4]/CLR,
vga_to_hdmi/inst/encr/dout_reg[0]/CLR,
vga_to_hdmi/inst/encr/dout_reg[1]/CLR,
vga_to_hdmi/inst/encr/dout_reg[2]/CLR,
vga_to_hdmi/inst/encr/dout_reg[3]/CLR,
vga_to_hdmi/inst/encr/dout_reg[4]/CLR,
vga_to_hdmi/inst/encr/dout_reg[5]/CLR,
vga_to_hdmi/inst/encr/dout_reg[6]/CLR,
vga_to_hdmi/inst/encr/dout_reg[7]/CLR,
vga_to_hdmi/inst/encr/dout_reg[8]/CLR,
vga_to_hdmi/inst/encr/dout_reg[9]/CLR (the first 15 of 42 listed). The LUT may glitch and trigger an unexpected reset, even if it is a properly timed path.
Related violations: <none>

TIMING-9#1 Warning
Unknown CDC Logic  
One or more asynchronous Clock Domain Crossing has been detected between 2 clock domains through a set_false_path or a set_clock_groups or set_max_delay -datapath_only constraint but no double-registers logic synchronizer has been found on the side of the capture clock. It is recommended to run report_cdc for a complete and detailed CDC coverage. Please consider using XPM_CDC to avoid Critical severities
Related violations: <none>

TIMING-16#1 Warning
Large setup violation  
There is a large setup violation of -1.042 ns between color_instance/nolabel_line534/U0/inst_blk_mem_gen/gnbram.gnativebmg.native_blk_mem_gen/valid.cstr/has_mux_a.A/douta[4]_INST_0_psbram/C (clocked by clk_100) and vga_to_hdmi/inst/srldly_0/srl[38].srl16_i_srlopt/D (clocked by clk_out1_clk_wiz_0). Large setup violations at the end of those stages might be difficult to fix during the post-placement implementation flow and could be the result of non-optimal XDC constraints or non-optimal design architecture
Related violations: <none>

TIMING-16#2 Warning
Large setup violation  
There is a large setup violation of -1.080 ns between color_instance/nolabel_line534/U0/inst_blk_mem_gen/gnbram.gnativebmg.native_blk_mem_gen/valid.cstr/has_mux_a.A/douta[4]_INST_0_psbram/C (clocked by clk_100) and vga_to_hdmi/inst/srldly_0/srl[29].srl16_i_srlopt/D (clocked by clk_out1_clk_wiz_0). Large setup violations at the end of those stages might be difficult to fix during the post-placement implementation flow and could be the result of non-optimal XDC constraints or non-optimal design architecture
Related violations: <none>

TIMING-16#3 Warning
Large setup violation  
There is a large setup violation of -1.098 ns between color_instance/nolabel_line534/U0/inst_blk_mem_gen/gnbram.gnativebmg.native_blk_mem_gen/valid.cstr/has_mux_a.A/douta[4]_INST_0_psbram/C (clocked by clk_100) and vga_to_hdmi/inst/srldly_0/srl[28].srl16_i_srlopt/D (clocked by clk_out1_clk_wiz_0). Large setup violations at the end of those stages might be difficult to fix during the post-placement implementation flow and could be the result of non-optimal XDC constraints or non-optimal design architecture
Related violations: <none>

TIMING-16#4 Warning
Large setup violation  
There is a large setup violation of -1.129 ns between color_instance/nolabel_line534/U0/inst_blk_mem_gen/gnbram.gnativebmg.native_blk_mem_gen/valid.cstr/has_mux_a.A/douta[4]_INST_0_psbram/C (clocked by clk_100) and vga_to_hdmi/inst/srldly_0/srl[25].srl16_i_srlopt/D (clocked by clk_out1_clk_wiz_0). Large setup violations at the end of those stages might be difficult to fix during the post-placement implementation flow and could be the result of non-optimal XDC constraints or non-optimal design architecture
Related violations: <none>

TIMING-16#5 Warning
Large setup violation  
There is a large setup violation of -1.137 ns between color_instance/nolabel_line513/U0/inst_blk_mem_gen/gnbram.gnativebmg.native_blk_mem_gen/valid.cstr/has_mux_a.A/no_softecc_norm_sel2.has_mem_regs.WITHOUT_ECC_PIPE.ce_pri.sel_pipe_d1_reg[1]_replica/C (clocked by clk_100) and vga_to_hdmi/inst/srldly_0/srl[22].srl16_i_srlopt/D (clocked by clk_out1_clk_wiz_0). Large setup violations at the end of those stages might be difficult to fix during the post-placement implementation flow and could be the result of non-optimal XDC constraints or non-optimal design architecture
Related violations: <none>

TIMING-16#6 Warning
Large setup violation  
There is a large setup violation of -1.178 ns between color_instance/nolabel_line513/U0/inst_blk_mem_gen/gnbram.gnativebmg.native_blk_mem_gen/valid.cstr/has_mux_a.A/no_softecc_norm_sel2.has_mem_regs.WITHOUT_ECC_PIPE.ce_pri.sel_pipe_d1_reg[1]_replica/C (clocked by clk_100) and vga_to_hdmi/inst/srldly_0/srl[18].srl16_i_srlopt/D (clocked by clk_out1_clk_wiz_0). Large setup violations at the end of those stages might be difficult to fix during the post-placement implementation flow and could be the result of non-optimal XDC constraints or non-optimal design architecture
Related violations: <none>

TIMING-16#7 Warning
Large setup violation  
There is a large setup violation of -1.184 ns between color_instance/nolabel_line534/U0/inst_blk_mem_gen/gnbram.gnativebmg.native_blk_mem_gen/valid.cstr/has_mux_a.A/douta[4]_INST_0_psbram/C (clocked by clk_100) and vga_to_hdmi/inst/srldly_0/srl[24].srl16_i_srlopt/D (clocked by clk_out1_clk_wiz_0). Large setup violations at the end of those stages might be difficult to fix during the post-placement implementation flow and could be the result of non-optimal XDC constraints or non-optimal design architecture
Related violations: <none>

TIMING-16#8 Warning
Large setup violation  
There is a large setup violation of -1.219 ns between color_instance/nolabel_line534/U0/inst_blk_mem_gen/gnbram.gnativebmg.native_blk_mem_gen/valid.cstr/has_mux_a.A/douta[4]_INST_0_psbram/C (clocked by clk_100) and vga_to_hdmi/inst/srldly_0/srl[36].srl16_i_srlopt/D (clocked by clk_out1_clk_wiz_0). Large setup violations at the end of those stages might be difficult to fix during the post-placement implementation flow and could be the result of non-optimal XDC constraints or non-optimal design architecture
Related violations: <none>

TIMING-16#9 Warning
Large setup violation  
There is a large setup violation of -1.220 ns between color_instance/nolabel_line534/U0/inst_blk_mem_gen/gnbram.gnativebmg.native_blk_mem_gen/valid.cstr/has_mux_a.A/douta[4]_INST_0_psbram/C (clocked by clk_100) and vga_to_hdmi/inst/srldly_0/srl[30].srl16_i_srlopt/D (clocked by clk_out1_clk_wiz_0). Large setup violations at the end of those stages might be difficult to fix during the post-placement implementation flow and could be the result of non-optimal XDC constraints or non-optimal design architecture
Related violations: <none>

TIMING-16#10 Warning
Large setup violation  
There is a large setup violation of -1.234 ns between color_instance/nolabel_line513/U0/inst_blk_mem_gen/gnbram.gnativebmg.native_blk_mem_gen/valid.cstr/has_mux_a.A/no_softecc_norm_sel2.has_mem_regs.WITHOUT_ECC_PIPE.ce_pri.sel_pipe_d1_reg[1]_replica/C (clocked by clk_100) and vga_to_hdmi/inst/srldly_0/srl[26].srl16_i_srlopt/D (clocked by clk_out1_clk_wiz_0). Large setup violations at the end of those stages might be difficult to fix during the post-placement implementation flow and could be the result of non-optimal XDC constraints or non-optimal design architecture
Related violations: <none>

TIMING-16#11 Warning
Large setup violation  
There is a large setup violation of -1.301 ns between color_instance/nolabel_line534/U0/inst_blk_mem_gen/gnbram.gnativebmg.native_blk_mem_gen/valid.cstr/has_mux_a.A/douta[4]_INST_0_psbram/C (clocked by clk_100) and vga_to_hdmi/inst/srldly_0/srl[27].srl16_i_srlopt/D (clocked by clk_out1_clk_wiz_0). Large setup violations at the end of those stages might be difficult to fix during the post-placement implementation flow and could be the result of non-optimal XDC constraints or non-optimal design architecture
Related violations: <none>

TIMING-16#12 Warning
Large setup violation  
There is a large setup violation of -1.323 ns between color_instance/nolabel_line534/U0/inst_blk_mem_gen/gnbram.gnativebmg.native_blk_mem_gen/valid.cstr/has_mux_a.A/douta[4]_INST_0_psbram/C (clocked by clk_100) and vga_to_hdmi/inst/srldly_0/srl[21].srl16_i/D (clocked by clk_out1_clk_wiz_0). Large setup violations at the end of those stages might be difficult to fix during the post-placement implementation flow and could be the result of non-optimal XDC constraints or non-optimal design architecture
Related violations: <none>

TIMING-16#13 Warning
Large setup violation  
There is a large setup violation of -1.327 ns between color_instance/nolabel_line513/U0/inst_blk_mem_gen/gnbram.gnativebmg.native_blk_mem_gen/valid.cstr/has_mux_a.A/no_softecc_norm_sel2.has_mem_regs.WITHOUT_ECC_PIPE.ce_pri.sel_pipe_d1_reg[1]_replica/C (clocked by clk_100) and vga_to_hdmi/inst/srldly_0/srl[35].srl16_i_srlopt/D (clocked by clk_out1_clk_wiz_0). Large setup violations at the end of those stages might be difficult to fix during the post-placement implementation flow and could be the result of non-optimal XDC constraints or non-optimal design architecture
Related violations: <none>

TIMING-16#14 Warning
Large setup violation  
There is a large setup violation of -1.372 ns between color_instance/nolabel_line534/U0/inst_blk_mem_gen/gnbram.gnativebmg.native_blk_mem_gen/valid.cstr/has_mux_a.A/douta[4]_INST_0_psbram/C (clocked by clk_100) and vga_to_hdmi/inst/srldly_0/srl[23].srl16_i/D (clocked by clk_out1_clk_wiz_0). Large setup violations at the end of those stages might be difficult to fix during the post-placement implementation flow and could be the result of non-optimal XDC constraints or non-optimal design architecture
Related violations: <none>

TIMING-16#15 Warning
Large setup violation  
There is a large setup violation of -1.389 ns between color_instance/nolabel_line534/U0/inst_blk_mem_gen/gnbram.gnativebmg.native_blk_mem_gen/valid.cstr/has_mux_a.A/douta[4]_INST_0_psbram/C (clocked by clk_100) and vga_to_hdmi/inst/srldly_0/srl[39].srl16_i_srlopt/D (clocked by clk_out1_clk_wiz_0). Large setup violations at the end of those stages might be difficult to fix during the post-placement implementation flow and could be the result of non-optimal XDC constraints or non-optimal design architecture
Related violations: <none>

TIMING-16#16 Warning
Large setup violation  
There is a large setup violation of -1.393 ns between color_instance/nolabel_line534/U0/inst_blk_mem_gen/gnbram.gnativebmg.native_blk_mem_gen/valid.cstr/has_mux_a.A/douta[4]_INST_0_psbram/C (clocked by clk_100) and vga_to_hdmi/inst/srldly_0/srl[31].srl16_i_srlopt/D (clocked by clk_out1_clk_wiz_0). Large setup violations at the end of those stages might be difficult to fix during the post-placement implementation flow and could be the result of non-optimal XDC constraints or non-optimal design architecture
Related violations: <none>

TIMING-16#17 Warning
Large setup violation  
There is a large setup violation of -1.410 ns between color_instance/nolabel_line534/U0/inst_blk_mem_gen/gnbram.gnativebmg.native_blk_mem_gen/valid.cstr/has_mux_a.A/douta[4]_INST_0_psbram/C (clocked by clk_100) and vga_to_hdmi/inst/srldly_0/srl[17].srl16_i/D (clocked by clk_out1_clk_wiz_0). Large setup violations at the end of those stages might be difficult to fix during the post-placement implementation flow and could be the result of non-optimal XDC constraints or non-optimal design architecture
Related violations: <none>

TIMING-16#18 Warning
Large setup violation  
There is a large setup violation of -1.415 ns between color_instance/nolabel_line534/U0/inst_blk_mem_gen/gnbram.gnativebmg.native_blk_mem_gen/valid.cstr/has_mux_a.A/douta[4]_INST_0_psbram/C (clocked by clk_100) and vga_to_hdmi/inst/srldly_0/srl[16].srl16_i/D (clocked by clk_out1_clk_wiz_0). Large setup violations at the end of those stages might be difficult to fix during the post-placement implementation flow and could be the result of non-optimal XDC constraints or non-optimal design architecture
Related violations: <none>

TIMING-16#19 Warning
Large setup violation  
There is a large setup violation of -1.432 ns between color_instance/nolabel_line534/U0/inst_blk_mem_gen/gnbram.gnativebmg.native_blk_mem_gen/valid.cstr/has_mux_a.A/douta[4]_INST_0_psbram/C (clocked by clk_100) and vga_to_hdmi/inst/srldly_0/srl[19].srl16_i/D (clocked by clk_out1_clk_wiz_0). Large setup violations at the end of those stages might be difficult to fix during the post-placement implementation flow and could be the result of non-optimal XDC constraints or non-optimal design architecture
Related violations: <none>

TIMING-16#20 Warning
Large setup violation  
There is a large setup violation of -1.444 ns between color_instance/nolabel_line534/U0/inst_blk_mem_gen/gnbram.gnativebmg.native_blk_mem_gen/valid.cstr/has_mux_a.A/douta[4]_INST_0_psbram/C (clocked by clk_100) and vga_to_hdmi/inst/srldly_0/srl[33].srl16_i_srlopt/D (clocked by clk_out1_clk_wiz_0). Large setup violations at the end of those stages might be difficult to fix during the post-placement implementation flow and could be the result of non-optimal XDC constraints or non-optimal design architecture
Related violations: <none>

TIMING-16#21 Warning
Large setup violation  
There is a large setup violation of -1.571 ns between color_instance/nolabel_line534/U0/inst_blk_mem_gen/gnbram.gnativebmg.native_blk_mem_gen/valid.cstr/has_mux_a.A/douta[4]_INST_0_psbram/C (clocked by clk_100) and vga_to_hdmi/inst/srldly_0/srl[20].srl16_i/D (clocked by clk_out1_clk_wiz_0). Large setup violations at the end of those stages might be difficult to fix during the post-placement implementation flow and could be the result of non-optimal XDC constraints or non-optimal design architecture
Related violations: <none>

TIMING-18#1 Warning
Missing input or output delay  
An input delay is missing on gpio_usb_int_tri_i[0] relative to clock(s) Final_mb/clk_wiz_1/inst/clk_in1
Related violations: <none>

TIMING-18#2 Warning
Missing input or output delay  
An input delay is missing on reset_rtl_0 relative to clock(s) Final_mb/clk_wiz_1/inst/clk_in1, clk_100
Related violations: <none>

TIMING-18#3 Warning
Missing input or output delay  
An input delay is missing on uart_rtl_0_rxd relative to clock(s) Final_mb/clk_wiz_1/inst/clk_in1
Related violations: <none>

TIMING-18#4 Warning
Missing input or output delay  
An input delay is missing on usb_spi_miso relative to clock(s) Final_mb/clk_wiz_1/inst/clk_in1
Related violations: <none>

TIMING-18#5 Warning
Missing input or output delay  
An output delay is missing on gpio_usb_rst_tri_o relative to clock(s) Final_mb/clk_wiz_1/inst/clk_in1
Related violations: <none>

TIMING-18#6 Warning
Missing input or output delay  
An output delay is missing on hex_gridA[0] relative to clock(s) clk_100
Related violations: <none>

TIMING-18#7 Warning
Missing input or output delay  
An output delay is missing on hex_gridA[1] relative to clock(s) clk_100
Related violations: <none>

TIMING-18#8 Warning
Missing input or output delay  
An output delay is missing on hex_gridA[2] relative to clock(s) clk_100
Related violations: <none>

TIMING-18#9 Warning
Missing input or output delay  
An output delay is missing on hex_gridA[3] relative to clock(s) clk_100
Related violations: <none>

TIMING-18#10 Warning
Missing input or output delay  
An output delay is missing on hex_gridB[0] relative to clock(s) clk_100
Related violations: <none>

TIMING-18#11 Warning
Missing input or output delay  
An output delay is missing on hex_gridB[1] relative to clock(s) clk_100
Related violations: <none>

TIMING-18#12 Warning
Missing input or output delay  
An output delay is missing on hex_gridB[2] relative to clock(s) clk_100
Related violations: <none>

TIMING-18#13 Warning
Missing input or output delay  
An output delay is missing on hex_gridB[3] relative to clock(s) clk_100
Related violations: <none>

TIMING-18#14 Warning
Missing input or output delay  
An output delay is missing on hex_segA[0] relative to clock(s) clk_100
Related violations: <none>

TIMING-18#15 Warning
Missing input or output delay  
An output delay is missing on hex_segA[1] relative to clock(s) clk_100
Related violations: <none>

TIMING-18#16 Warning
Missing input or output delay  
An output delay is missing on hex_segA[2] relative to clock(s) clk_100
Related violations: <none>

TIMING-18#17 Warning
Missing input or output delay  
An output delay is missing on hex_segA[3] relative to clock(s) clk_100
Related violations: <none>

TIMING-18#18 Warning
Missing input or output delay  
An output delay is missing on hex_segA[4] relative to clock(s) clk_100
Related violations: <none>

TIMING-18#19 Warning
Missing input or output delay  
An output delay is missing on hex_segA[5] relative to clock(s) clk_100
Related violations: <none>

TIMING-18#20 Warning
Missing input or output delay  
An output delay is missing on hex_segA[6] relative to clock(s) clk_100
Related violations: <none>

TIMING-18#21 Warning
Missing input or output delay  
An output delay is missing on hex_segA[7] relative to clock(s) clk_100
Related violations: <none>

TIMING-18#22 Warning
Missing input or output delay  
An output delay is missing on hex_segB[0] relative to clock(s) clk_100
Related violations: <none>

TIMING-18#23 Warning
Missing input or output delay  
An output delay is missing on hex_segB[1] relative to clock(s) clk_100
Related violations: <none>

TIMING-18#24 Warning
Missing input or output delay  
An output delay is missing on hex_segB[2] relative to clock(s) clk_100
Related violations: <none>

TIMING-18#25 Warning
Missing input or output delay  
An output delay is missing on hex_segB[3] relative to clock(s) clk_100
Related violations: <none>

TIMING-18#26 Warning
Missing input or output delay  
An output delay is missing on hex_segB[4] relative to clock(s) clk_100
Related violations: <none>

TIMING-18#27 Warning
Missing input or output delay  
An output delay is missing on hex_segB[5] relative to clock(s) clk_100
Related violations: <none>

TIMING-18#28 Warning
Missing input or output delay  
An output delay is missing on hex_segB[6] relative to clock(s) clk_100
Related violations: <none>

TIMING-18#29 Warning
Missing input or output delay  
An output delay is missing on hex_segB[7] relative to clock(s) clk_100
Related violations: <none>

TIMING-18#30 Warning
Missing input or output delay  
An output delay is missing on leftsound relative to clock(s) clk_100
Related violations: <none>

TIMING-18#31 Warning
Missing input or output delay  
An output delay is missing on rightsound relative to clock(s) clk_100
Related violations: <none>

TIMING-18#32 Warning
Missing input or output delay  
An output delay is missing on uart_rtl_0_txd relative to clock(s) Final_mb/clk_wiz_1/inst/clk_in1
Related violations: <none>

TIMING-18#33 Warning
Missing input or output delay  
An output delay is missing on usb_spi_mosi relative to clock(s) Final_mb/clk_wiz_1/inst/clk_in1
Related violations: <none>

TIMING-18#34 Warning
Missing input or output delay  
An output delay is missing on usb_spi_sclk relative to clock(s) Final_mb/clk_wiz_1/inst/clk_in1
Related violations: <none>

TIMING-18#35 Warning
Missing input or output delay  
An output delay is missing on usb_spi_ss relative to clock(s) Final_mb/clk_wiz_1/inst/clk_in1
Related violations: <none>

TIMING-20#1 Warning
Non-clocked latch  
The latch bomb1/Bomb_X_reg[6] cannot be properly analyzed as its control pin bomb1/Bomb_X_reg[6]/G is not reached by a timing clock
Related violations: <none>

TIMING-20#2 Warning
Non-clocked latch  
The latch bomb1/Bomb_X_reg[7] cannot be properly analyzed as its control pin bomb1/Bomb_X_reg[7]/G is not reached by a timing clock
Related violations: <none>

TIMING-20#3 Warning
Non-clocked latch  
The latch bomb1/Bomb_X_reg[8] cannot be properly analyzed as its control pin bomb1/Bomb_X_reg[8]/G is not reached by a timing clock
Related violations: <none>

TIMING-20#4 Warning
Non-clocked latch  
The latch bomb1/Bomb_X_reg[9] cannot be properly analyzed as its control pin bomb1/Bomb_X_reg[9]/G is not reached by a timing clock
Related violations: <none>

TIMING-20#5 Warning
Non-clocked latch  
The latch bomb1/Bomb_Y_reg[4] cannot be properly analyzed as its control pin bomb1/Bomb_Y_reg[4]/G is not reached by a timing clock
Related violations: <none>

TIMING-20#6 Warning
Non-clocked latch  
The latch bomb1/Bomb_Y_reg[5] cannot be properly analyzed as its control pin bomb1/Bomb_Y_reg[5]/G is not reached by a timing clock
Related violations: <none>

TIMING-20#7 Warning
Non-clocked latch  
The latch bomb1/Bomb_Y_reg[6] cannot be properly analyzed as its control pin bomb1/Bomb_Y_reg[6]/G is not reached by a timing clock
Related violations: <none>

TIMING-20#8 Warning
Non-clocked latch  
The latch bomb1/Bomb_Y_reg[7] cannot be properly analyzed as its control pin bomb1/Bomb_Y_reg[7]/G is not reached by a timing clock
Related violations: <none>

TIMING-20#9 Warning
Non-clocked latch  
The latch bomb1/Bomb_Y_reg[8] cannot be properly analyzed as its control pin bomb1/Bomb_Y_reg[8]/G is not reached by a timing clock
Related violations: <none>

TIMING-20#10 Warning
Non-clocked latch  
The latch bomb1/Bomb_Y_reg[9] cannot be properly analyzed as its control pin bomb1/Bomb_Y_reg[9]/G is not reached by a timing clock
Related violations: <none>

TIMING-20#11 Warning
Non-clocked latch  
The latch bomb1/bomb_exp_ctr_reg cannot be properly analyzed as its control pin bomb1/bomb_exp_ctr_reg/G is not reached by a timing clock
Related violations: <none>

TIMING-20#12 Warning
Non-clocked latch  
The latch bomb2/Bomb_X_reg[6] cannot be properly analyzed as its control pin bomb2/Bomb_X_reg[6]/G is not reached by a timing clock
Related violations: <none>

TIMING-20#13 Warning
Non-clocked latch  
The latch bomb2/Bomb_X_reg[7] cannot be properly analyzed as its control pin bomb2/Bomb_X_reg[7]/G is not reached by a timing clock
Related violations: <none>

TIMING-20#14 Warning
Non-clocked latch  
The latch bomb2/Bomb_X_reg[8] cannot be properly analyzed as its control pin bomb2/Bomb_X_reg[8]/G is not reached by a timing clock
Related violations: <none>

TIMING-20#15 Warning
Non-clocked latch  
The latch bomb2/Bomb_X_reg[9] cannot be properly analyzed as its control pin bomb2/Bomb_X_reg[9]/G is not reached by a timing clock
Related violations: <none>

TIMING-20#16 Warning
Non-clocked latch  
The latch bomb2/Bomb_Y_reg[4] cannot be properly analyzed as its control pin bomb2/Bomb_Y_reg[4]/G is not reached by a timing clock
Related violations: <none>

TIMING-20#17 Warning
Non-clocked latch  
The latch bomb2/Bomb_Y_reg[5] cannot be properly analyzed as its control pin bomb2/Bomb_Y_reg[5]/G is not reached by a timing clock
Related violations: <none>

TIMING-20#18 Warning
Non-clocked latch  
The latch bomb2/Bomb_Y_reg[6] cannot be properly analyzed as its control pin bomb2/Bomb_Y_reg[6]/G is not reached by a timing clock
Related violations: <none>

TIMING-20#19 Warning
Non-clocked latch  
The latch bomb2/Bomb_Y_reg[7] cannot be properly analyzed as its control pin bomb2/Bomb_Y_reg[7]/G is not reached by a timing clock
Related violations: <none>

TIMING-20#20 Warning
Non-clocked latch  
The latch bomb2/Bomb_Y_reg[8] cannot be properly analyzed as its control pin bomb2/Bomb_Y_reg[8]/G is not reached by a timing clock
Related violations: <none>

TIMING-20#21 Warning
Non-clocked latch  
The latch bomb2/Bomb_Y_reg[9] cannot be properly analyzed as its control pin bomb2/Bomb_Y_reg[9]/G is not reached by a timing clock
Related violations: <none>

TIMING-20#22 Warning
Non-clocked latch  
The latch bomb2/bomb_exp_ctr_reg cannot be properly analyzed as its control pin bomb2/bomb_exp_ctr_reg/G is not reached by a timing clock
Related violations: <none>

TIMING-20#23 Warning
Non-clocked latch  
The latch color_instance/bomb1_wave_addr/addra_bomb_wave_reg[0] cannot be properly analyzed as its control pin color_instance/bomb1_wave_addr/addra_bomb_wave_reg[0]/G is not reached by a timing clock
Related violations: <none>

TIMING-20#24 Warning
Non-clocked latch  
The latch color_instance/bomb1_wave_addr/addra_bomb_wave_reg[10] cannot be properly analyzed as its control pin color_instance/bomb1_wave_addr/addra_bomb_wave_reg[10]/G is not reached by a timing clock
Related violations: <none>

TIMING-20#25 Warning
Non-clocked latch  
The latch color_instance/bomb1_wave_addr/addra_bomb_wave_reg[11] cannot be properly analyzed as its control pin color_instance/bomb1_wave_addr/addra_bomb_wave_reg[11]/G is not reached by a timing clock
Related violations: <none>

TIMING-20#26 Warning
Non-clocked latch  
The latch color_instance/bomb1_wave_addr/addra_bomb_wave_reg[1] cannot be properly analyzed as its control pin color_instance/bomb1_wave_addr/addra_bomb_wave_reg[1]/G is not reached by a timing clock
Related violations: <none>

TIMING-20#27 Warning
Non-clocked latch  
The latch color_instance/bomb1_wave_addr/addra_bomb_wave_reg[2] cannot be properly analyzed as its control pin color_instance/bomb1_wave_addr/addra_bomb_wave_reg[2]/G is not reached by a timing clock
Related violations: <none>

TIMING-20#28 Warning
Non-clocked latch  
The latch color_instance/bomb1_wave_addr/addra_bomb_wave_reg[3] cannot be properly analyzed as its control pin color_instance/bomb1_wave_addr/addra_bomb_wave_reg[3]/G is not reached by a timing clock
Related violations: <none>

TIMING-20#29 Warning
Non-clocked latch  
The latch color_instance/bomb1_wave_addr/addra_bomb_wave_reg[4] cannot be properly analyzed as its control pin color_instance/bomb1_wave_addr/addra_bomb_wave_reg[4]/G is not reached by a timing clock
Related violations: <none>

TIMING-20#30 Warning
Non-clocked latch  
The latch color_instance/bomb1_wave_addr/addra_bomb_wave_reg[5] cannot be properly analyzed as its control pin color_instance/bomb1_wave_addr/addra_bomb_wave_reg[5]/G is not reached by a timing clock
Related violations: <none>

TIMING-20#31 Warning
Non-clocked latch  
The latch color_instance/bomb1_wave_addr/addra_bomb_wave_reg[6] cannot be properly analyzed as its control pin color_instance/bomb1_wave_addr/addra_bomb_wave_reg[6]/G is not reached by a timing clock
Related violations: <none>

TIMING-20#32 Warning
Non-clocked latch  
The latch color_instance/bomb1_wave_addr/addra_bomb_wave_reg[7] cannot be properly analyzed as its control pin color_instance/bomb1_wave_addr/addra_bomb_wave_reg[7]/G is not reached by a timing clock
Related violations: <none>

TIMING-20#33 Warning
Non-clocked latch  
The latch color_instance/bomb1_wave_addr/addra_bomb_wave_reg[8] cannot be properly analyzed as its control pin color_instance/bomb1_wave_addr/addra_bomb_wave_reg[8]/G is not reached by a timing clock
Related violations: <none>

TIMING-20#34 Warning
Non-clocked latch  
The latch color_instance/bomb1_wave_addr/addra_bomb_wave_reg[9] cannot be properly analyzed as its control pin color_instance/bomb1_wave_addr/addra_bomb_wave_reg[9]/G is not reached by a timing clock
Related violations: <none>

TIMING-20#35 Warning
Non-clocked latch  
The latch color_instance/bomb2_wave_addr/addra_bomb_wave_reg[0] cannot be properly analyzed as its control pin color_instance/bomb2_wave_addr/addra_bomb_wave_reg[0]/G is not reached by a timing clock
Related violations: <none>

TIMING-20#36 Warning
Non-clocked latch  
The latch color_instance/bomb2_wave_addr/addra_bomb_wave_reg[10] cannot be properly analyzed as its control pin color_instance/bomb2_wave_addr/addra_bomb_wave_reg[10]/G is not reached by a timing clock
Related violations: <none>

TIMING-20#37 Warning
Non-clocked latch  
The latch color_instance/bomb2_wave_addr/addra_bomb_wave_reg[11] cannot be properly analyzed as its control pin color_instance/bomb2_wave_addr/addra_bomb_wave_reg[11]/G is not reached by a timing clock
Related violations: <none>

TIMING-20#38 Warning
Non-clocked latch  
The latch color_instance/bomb2_wave_addr/addra_bomb_wave_reg[1] cannot be properly analyzed as its control pin color_instance/bomb2_wave_addr/addra_bomb_wave_reg[1]/G is not reached by a timing clock
Related violations: <none>

TIMING-20#39 Warning
Non-clocked latch  
The latch color_instance/bomb2_wave_addr/addra_bomb_wave_reg[2] cannot be properly analyzed as its control pin color_instance/bomb2_wave_addr/addra_bomb_wave_reg[2]/G is not reached by a timing clock
Related violations: <none>

TIMING-20#40 Warning
Non-clocked latch  
The latch color_instance/bomb2_wave_addr/addra_bomb_wave_reg[3] cannot be properly analyzed as its control pin color_instance/bomb2_wave_addr/addra_bomb_wave_reg[3]/G is not reached by a timing clock
Related violations: <none>

TIMING-20#41 Warning
Non-clocked latch  
The latch color_instance/bomb2_wave_addr/addra_bomb_wave_reg[4] cannot be properly analyzed as its control pin color_instance/bomb2_wave_addr/addra_bomb_wave_reg[4]/G is not reached by a timing clock
Related violations: <none>

TIMING-20#42 Warning
Non-clocked latch  
The latch color_instance/bomb2_wave_addr/addra_bomb_wave_reg[5] cannot be properly analyzed as its control pin color_instance/bomb2_wave_addr/addra_bomb_wave_reg[5]/G is not reached by a timing clock
Related violations: <none>

TIMING-20#43 Warning
Non-clocked latch  
The latch color_instance/bomb2_wave_addr/addra_bomb_wave_reg[6] cannot be properly analyzed as its control pin color_instance/bomb2_wave_addr/addra_bomb_wave_reg[6]/G is not reached by a timing clock
Related violations: <none>

TIMING-20#44 Warning
Non-clocked latch  
The latch color_instance/bomb2_wave_addr/addra_bomb_wave_reg[7] cannot be properly analyzed as its control pin color_instance/bomb2_wave_addr/addra_bomb_wave_reg[7]/G is not reached by a timing clock
Related violations: <none>

TIMING-20#45 Warning
Non-clocked latch  
The latch color_instance/bomb2_wave_addr/addra_bomb_wave_reg[8] cannot be properly analyzed as its control pin color_instance/bomb2_wave_addr/addra_bomb_wave_reg[8]/G is not reached by a timing clock
Related violations: <none>

TIMING-20#46 Warning
Non-clocked latch  
The latch color_instance/bomb2_wave_addr/addra_bomb_wave_reg[9] cannot be properly analyzed as its control pin color_instance/bomb2_wave_addr/addra_bomb_wave_reg[9]/G is not reached by a timing clock
Related violations: <none>

TIMING-20#47 Warning
Non-clocked latch  
The latch color_instance/player1_addr/addra_player1_reg[0] cannot be properly analyzed as its control pin color_instance/player1_addr/addra_player1_reg[0]/G is not reached by a timing clock
Related violations: <none>

TIMING-20#48 Warning
Non-clocked latch  
The latch color_instance/player1_addr/addra_player1_reg[10] cannot be properly analyzed as its control pin color_instance/player1_addr/addra_player1_reg[10]/G is not reached by a timing clock
Related violations: <none>

TIMING-20#49 Warning
Non-clocked latch  
The latch color_instance/player1_addr/addra_player1_reg[11] cannot be properly analyzed as its control pin color_instance/player1_addr/addra_player1_reg[11]/G is not reached by a timing clock
Related violations: <none>

TIMING-20#50 Warning
Non-clocked latch  
The latch color_instance/player1_addr/addra_player1_reg[12] cannot be properly analyzed as its control pin color_instance/player1_addr/addra_player1_reg[12]/G is not reached by a timing clock
Related violations: <none>

TIMING-20#51 Warning
Non-clocked latch  
The latch color_instance/player1_addr/addra_player1_reg[13] cannot be properly analyzed as its control pin color_instance/player1_addr/addra_player1_reg[13]/G is not reached by a timing clock
Related violations: <none>

TIMING-20#52 Warning
Non-clocked latch  
The latch color_instance/player1_addr/addra_player1_reg[14] cannot be properly analyzed as its control pin color_instance/player1_addr/addra_player1_reg[14]/G is not reached by a timing clock
Related violations: <none>

TIMING-20#53 Warning
Non-clocked latch  
The latch color_instance/player1_addr/addra_player1_reg[1] cannot be properly analyzed as its control pin color_instance/player1_addr/addra_player1_reg[1]/G is not reached by a timing clock
Related violations: <none>

TIMING-20#54 Warning
Non-clocked latch  
The latch color_instance/player1_addr/addra_player1_reg[2] cannot be properly analyzed as its control pin color_instance/player1_addr/addra_player1_reg[2]/G is not reached by a timing clock
Related violations: <none>

TIMING-20#55 Warning
Non-clocked latch  
The latch color_instance/player1_addr/addra_player1_reg[3] cannot be properly analyzed as its control pin color_instance/player1_addr/addra_player1_reg[3]/G is not reached by a timing clock
Related violations: <none>

TIMING-20#56 Warning
Non-clocked latch  
The latch color_instance/player1_addr/addra_player1_reg[4] cannot be properly analyzed as its control pin color_instance/player1_addr/addra_player1_reg[4]/G is not reached by a timing clock
Related violations: <none>

TIMING-20#57 Warning
Non-clocked latch  
The latch color_instance/player1_addr/addra_player1_reg[5] cannot be properly analyzed as its control pin color_instance/player1_addr/addra_player1_reg[5]/G is not reached by a timing clock
Related violations: <none>

TIMING-20#58 Warning
Non-clocked latch  
The latch color_instance/player1_addr/addra_player1_reg[6] cannot be properly analyzed as its control pin color_instance/player1_addr/addra_player1_reg[6]/G is not reached by a timing clock
Related violations: <none>

TIMING-20#59 Warning
Non-clocked latch  
The latch color_instance/player1_addr/addra_player1_reg[7] cannot be properly analyzed as its control pin color_instance/player1_addr/addra_player1_reg[7]/G is not reached by a timing clock
Related violations: <none>

TIMING-20#60 Warning
Non-clocked latch  
The latch color_instance/player1_addr/addra_player1_reg[8] cannot be properly analyzed as its control pin color_instance/player1_addr/addra_player1_reg[8]/G is not reached by a timing clock
Related violations: <none>

TIMING-20#61 Warning
Non-clocked latch  
The latch color_instance/player1_addr/addra_player1_reg[9] cannot be properly analyzed as its control pin color_instance/player1_addr/addra_player1_reg[9]/G is not reached by a timing clock
Related violations: <none>

TIMING-20#62 Warning
Non-clocked latch  
The latch color_instance/player2_addr/addra_player2_reg[0] cannot be properly analyzed as its control pin color_instance/player2_addr/addra_player2_reg[0]/G is not reached by a timing clock
Related violations: <none>

TIMING-20#63 Warning
Non-clocked latch  
The latch color_instance/player2_addr/addra_player2_reg[10] cannot be properly analyzed as its control pin color_instance/player2_addr/addra_player2_reg[10]/G is not reached by a timing clock
Related violations: <none>

TIMING-20#64 Warning
Non-clocked latch  
The latch color_instance/player2_addr/addra_player2_reg[11] cannot be properly analyzed as its control pin color_instance/player2_addr/addra_player2_reg[11]/G is not reached by a timing clock
Related violations: <none>

TIMING-20#65 Warning
Non-clocked latch  
The latch color_instance/player2_addr/addra_player2_reg[12] cannot be properly analyzed as its control pin color_instance/player2_addr/addra_player2_reg[12]/G is not reached by a timing clock
Related violations: <none>

TIMING-20#66 Warning
Non-clocked latch  
The latch color_instance/player2_addr/addra_player2_reg[13] cannot be properly analyzed as its control pin color_instance/player2_addr/addra_player2_reg[13]/G is not reached by a timing clock
Related violations: <none>

TIMING-20#67 Warning
Non-clocked latch  
The latch color_instance/player2_addr/addra_player2_reg[1] cannot be properly analyzed as its control pin color_instance/player2_addr/addra_player2_reg[1]/G is not reached by a timing clock
Related violations: <none>

TIMING-20#68 Warning
Non-clocked latch  
The latch color_instance/player2_addr/addra_player2_reg[2] cannot be properly analyzed as its control pin color_instance/player2_addr/addra_player2_reg[2]/G is not reached by a timing clock
Related violations: <none>

TIMING-20#69 Warning
Non-clocked latch  
The latch color_instance/player2_addr/addra_player2_reg[3] cannot be properly analyzed as its control pin color_instance/player2_addr/addra_player2_reg[3]/G is not reached by a timing clock
Related violations: <none>

TIMING-20#70 Warning
Non-clocked latch  
The latch color_instance/player2_addr/addra_player2_reg[4] cannot be properly analyzed as its control pin color_instance/player2_addr/addra_player2_reg[4]/G is not reached by a timing clock
Related violations: <none>

TIMING-20#71 Warning
Non-clocked latch  
The latch color_instance/player2_addr/addra_player2_reg[5] cannot be properly analyzed as its control pin color_instance/player2_addr/addra_player2_reg[5]/G is not reached by a timing clock
Related violations: <none>

TIMING-20#72 Warning
Non-clocked latch  
The latch color_instance/player2_addr/addra_player2_reg[6] cannot be properly analyzed as its control pin color_instance/player2_addr/addra_player2_reg[6]/G is not reached by a timing clock
Related violations: <none>

TIMING-20#73 Warning
Non-clocked latch  
The latch color_instance/player2_addr/addra_player2_reg[7] cannot be properly analyzed as its control pin color_instance/player2_addr/addra_player2_reg[7]/G is not reached by a timing clock
Related violations: <none>

TIMING-20#74 Warning
Non-clocked latch  
The latch color_instance/player2_addr/addra_player2_reg[8] cannot be properly analyzed as its control pin color_instance/player2_addr/addra_player2_reg[8]/G is not reached by a timing clock
Related violations: <none>

TIMING-20#75 Warning
Non-clocked latch  
The latch color_instance/player2_addr/addra_player2_reg[9] cannot be properly analyzed as its control pin color_instance/player2_addr/addra_player2_reg[9]/G is not reached by a timing clock
Related violations: <none>

LATCH-1#1 Advisory
Existing latches in the design  
There are 75 latches found in the design. Inferred latches are often the result of HDL coding mistakes, such as incomplete if or case statements.
Related violations: <none>


