Copyright 1986-2022 Xilinx, Inc. All Rights Reserved.
-------------------------------------------------------------------------------------------------------------------------------------------------------------------
| Tool Version     : Vivado v.2022.2 (win64) Build 3671981 Fri Oct 14 05:00:03 MDT 2022
| Date             : Tue Apr 30 23:22:31 2024
| Host             : BOOK-SIO57HHSUH running 64-bit major release  (build 9200)
| Command          : report_power -file mb_usb_hdmi_top_power_routed.rpt -pb mb_usb_hdmi_top_power_summary_routed.pb -rpx mb_usb_hdmi_top_power_routed.rpx
| Design           : mb_usb_hdmi_top
| Device           : xc7s50csga324-1
| Design State     : routed
| Grade            : commercial
| Process          : typical
| Characterization : Production
-------------------------------------------------------------------------------------------------------------------------------------------------------------------

Power Report

Table of Contents
-----------------
1. Summary
1.1 On-Chip Components
1.2 Power Supply Summary
1.3 Confidence Level
2. Settings
2.1 Environment
2.2 Clock Constraints
3. Detailed Reports
3.1 By Hierarchy

1. Summary
----------

+--------------------------+--------------+
| Total On-Chip Power (W)  | 0.497        |
| Design Power Budget (W)  | Unspecified* |
| Power Budget Margin (W)  | NA           |
| Dynamic (W)              | 0.418        |
| Device Static (W)        | 0.079        |
| Effective TJA (C/W)      | 4.9          |
| Max Ambient (C)          | 82.5         |
| Junction Temperature (C) | 27.5         |
| Confidence Level         | Low          |
| Setting File             | ---          |
| Simulation Activity File | ---          |
| Design Nets Matched      | NA           |
+--------------------------+--------------+
* Specify Design Power Budget using, set_operating_conditions -design_power_budget <value in Watts>


1.1 On-Chip Components
----------------------

+--------------------------+-----------+----------+-----------+-----------------+
| On-Chip                  | Power (W) | Used     | Available | Utilization (%) |
+--------------------------+-----------+----------+-----------+-----------------+
| Clocks                   |     0.020 |       12 |       --- |             --- |
| Slice Logic              |     0.008 |    11781 |       --- |             --- |
|   LUT as Logic           |     0.006 |     5078 |     32600 |           15.58 |
|   LUT as Distributed RAM |    <0.001 |      172 |      9600 |            1.79 |
|   CARRY4                 |    <0.001 |      576 |      8150 |            7.07 |
|   Register               |    <0.001 |     3737 |     65200 |            5.73 |
|   F7/F8 Muxes            |    <0.001 |       91 |     32600 |            0.28 |
|   LUT as Shift Register  |    <0.001 |      113 |      9600 |            1.18 |
|   BUFG                   |    <0.001 |        1 |        32 |            3.13 |
|   Others                 |     0.000 |      993 |       --- |             --- |
| Signals                  |     0.010 |     9279 |       --- |             --- |
| Block RAM                |     0.027 |     72.5 |        75 |           96.67 |
| MMCM                     |     0.212 |        2 |         5 |           40.00 |
| DSPs                     |     0.002 |        3 |       120 |            2.50 |
| I/O                      |     0.139 |       44 |       210 |           20.95 |
| Static Power             |     0.079 |          |           |                 |
| Total                    |     0.497 |          |           |                 |
+--------------------------+-----------+----------+-----------+-----------------+


1.2 Power Supply Summary
------------------------

+-----------+-------------+-----------+-------------+------------+-------------+-------------+------------+
| Source    | Voltage (V) | Total (A) | Dynamic (A) | Static (A) | Powerup (A) | Budget (A)  | Margin (A) |
+-----------+-------------+-----------+-------------+------------+-------------+-------------+------------+
| Vccint    |       1.000 |     0.079 |       0.066 |      0.013 |       NA    | Unspecified | NA         |
| Vccaux    |       1.800 |     0.130 |       0.118 |      0.013 |       NA    | Unspecified | NA         |
| Vcco33    |       3.300 |     0.041 |       0.040 |      0.001 |       NA    | Unspecified | NA         |
| Vcco25    |       2.500 |     0.003 |       0.002 |      0.001 |       NA    | Unspecified | NA         |
| Vcco18    |       1.800 |     0.000 |       0.000 |      0.000 |       NA    | Unspecified | NA         |
| Vcco15    |       1.500 |     0.000 |       0.000 |      0.000 |       NA    | Unspecified | NA         |
| Vcco135   |       1.350 |     0.000 |       0.000 |      0.000 |       NA    | Unspecified | NA         |
| Vcco12    |       1.200 |     0.000 |       0.000 |      0.000 |       NA    | Unspecified | NA         |
| Vccaux_io |       1.800 |     0.000 |       0.000 |      0.000 |       NA    | Unspecified | NA         |
| Vccbram   |       1.000 |     0.004 |       0.002 |      0.002 |       NA    | Unspecified | NA         |
| Vccadc    |       1.800 |     0.020 |       0.000 |      0.020 |       NA    | Unspecified | NA         |
+-----------+-------------+-----------+-------------+------------+-------------+-------------+------------+


1.3 Confidence Level
--------------------

+-----------------------------+------------+--------------------------------------------------------+------------------------------------------------------------------------------------------------------------+
| User Input Data             | Confidence | Details                                                | Action                                                                                                     |
+-----------------------------+------------+--------------------------------------------------------+------------------------------------------------------------------------------------------------------------+
| Design implementation state | High       | Design is routed                                       |                                                                                                            |
| Clock nodes activity        | High       | User specified more than 95% of clocks                 |                                                                                                            |
| I/O nodes activity          | Low        | More than 75% of inputs are missing user specification | Provide missing input activity with simulation results or by editing the "By Resource Type -> I/Os" view   |
| Internal nodes activity     | Medium     | User specified less than 25% of internal nodes         | Provide missing internal nodes activity with simulation results or by editing the "By Resource Type" views |
| Device models               | High       | Device models are Production                           |                                                                                                            |
|                             |            |                                                        |                                                                                                            |
| Overall confidence level    | Low        |                                                        |                                                                                                            |
+-----------------------------+------------+--------------------------------------------------------+------------------------------------------------------------------------------------------------------------+


2. Settings
-----------

2.1 Environment
---------------

+-----------------------+--------------------------+
| Ambient Temp (C)      | 25.0                     |
| ThetaJA (C/W)         | 4.9                      |
| Airflow (LFM)         | 250                      |
| Heat Sink             | medium (Medium Profile)  |
| ThetaSA (C/W)         | 4.6                      |
| Board Selection       | medium (10"x10")         |
| # of Board Layers     | 12to15 (12 to 15 Layers) |
| Board Temperature (C) | 25.0                     |
+-----------------------+--------------------------+


2.2 Clock Constraints
---------------------

+----------------------------------------------------------+-------------------------------------------------------+-----------------+
| Clock                                                    | Domain                                                | Constraint (ns) |
+----------------------------------------------------------+-------------------------------------------------------+-----------------+
| Final_mb/mdm_1/U0/Use_E2.BSCAN_I/Use_E2.BSCANE2_I/DRCK   | Final_mb/mdm_1/U0/Use_E2.BSCAN_I/DRCK                 |            33.3 |
| Final_mb/mdm_1/U0/Use_E2.BSCAN_I/Use_E2.BSCANE2_I/UPDATE | Final_mb/mdm_1/U0/Use_E2.BSCAN_I/Dbg_Update_0         |            33.3 |
| clk_100                                                  | Clk                                                   |            10.0 |
| clk_100                                                  | Clk_IBUF_BUFG                                         |            10.0 |
| clk_out1_Final_mb_clk_wiz_1_0                            | Final_mb/clk_wiz_1/inst/clk_out1_Final_mb_clk_wiz_1_0 |            10.0 |
| clk_out1_clk_wiz_0                                       | clk_wiz/inst/clk_out1_clk_wiz_0                       |            40.0 |
| clk_out2_clk_wiz_0                                       | clk_wiz/inst/clk_out2_clk_wiz_0                       |             8.0 |
| clkfbout_Final_mb_clk_wiz_1_0                            | Final_mb/clk_wiz_1/inst/clkfbout_Final_mb_clk_wiz_1_0 |            10.0 |
| clkfbout_clk_wiz_0                                       | clk_wiz/inst/clkfbout_clk_wiz_0                       |            10.0 |
+----------------------------------------------------------+-------------------------------------------------------+-----------------+


3. Detailed Reports
-------------------

3.1 By Hierarchy
----------------

+-----------------------------+-----------+
| Name                        | Power (W) |
+-----------------------------+-----------+
| mb_usb_hdmi_top             |     0.418 |
|   Final_mb                  |     0.133 |
|     clk_wiz_1               |     0.106 |
|       inst                  |     0.106 |
|     microblaze_0            |     0.013 |
|       U0                    |     0.013 |
|     microblaze_0_axi_intc   |     0.001 |
|       U0                    |     0.001 |
|     microblaze_0_axi_periph |     0.001 |
|       xbar                  |     0.001 |
|     spi_usb                 |     0.004 |
|       U0                    |     0.004 |
|     timer_usb_axi           |     0.004 |
|       U0                    |     0.004 |
|   clk_wiz                   |     0.106 |
|     inst                    |     0.106 |
|   color_instance            |     0.034 |
|     nolabel_line463         |     0.003 |
|       U0                    |     0.003 |
|     nolabel_line464         |     0.004 |
|       U0                    |     0.004 |
|     nolabel_line465         |     0.004 |
|       U0                    |     0.004 |
|     nolabel_line466         |     0.004 |
|       U0                    |     0.004 |
|     nolabel_line487         |     0.007 |
|       U0                    |     0.007 |
|     nolabel_line488         |     0.004 |
|       U0                    |     0.004 |
|     nolabel_line489         |     0.004 |
|       U0                    |     0.004 |
|     nolabel_line493         |     0.001 |
|       U0                    |     0.001 |
|   vga                       |     0.002 |
|   vga_to_hdmi               |     0.132 |
|     inst                    |     0.132 |
+-----------------------------+-----------+


