#-----------------------------------------------------------
# Vivado v2022.2 (64-bit)
# SW Build 3671981 on Fri Oct 14 05:00:03 MDT 2022
# IP Build 3669848 on Fri Oct 14 08:30:02 MDT 2022
# Start of session at: Fri Mar  8 13:51:23 2024
# Process ID: 40528
# Current directory: C:/Users/14435/Desktop/ECE385/Lab5/Lab5
# Command line: vivado.exe -gui_launcher_event rodinguilauncherevent59868 C:\Users\14435\Desktop\ECE385\Lab5\Lab5\Lab5.xpr
# Log file: C:/Users/14435/Desktop/ECE385/Lab5/Lab5/vivado.log
# Journal file: C:/Users/14435/Desktop/ECE385/Lab5/Lab5\vivado.jou
# Running On: BOOK-SIO57HHSUH, OS: Windows, CPU Frequency: 2611 MHz, CPU Physical cores: 12, Host memory: 16706 MB
#-----------------------------------------------------------
start_gui
open_project C:/Users/14435/Desktop/ECE385/Lab5/Lab5/Lab5.xpr
WARNING: [Board 49-26] cannot add Board Part xilinx.com:ac701:part0:1.4 available at C:/Users/14435/Desktop/Vivado/2022.2/data/xhub/boards/XilinxBoardStore/boards/Xilinx/ac701/1.4/board.xml as part xc7a200tfbg676-2 specified in board_part file is either invalid or not available
WARNING: [Board 49-26] cannot add Board Part xilinx.com:k26c:part0:1.2 available at C:/Users/14435/Desktop/Vivado/2022.2/data/xhub/boards/XilinxBoardStore/boards/Xilinx/k26c/1.2/board.xml as part xck26-sfvc784-2lv-c specified in board_part file is either invalid or not available
WARNING: [Board 49-26] cannot add Board Part xilinx.com:k26c:part0:1.3 available at C:/Users/14435/Desktop/Vivado/2022.2/data/xhub/boards/XilinxBoardStore/boards/Xilinx/k26c/1.3/board.xml as part xck26-sfvc784-2lv-c specified in board_part file is either invalid or not available
WARNING: [Board 49-26] cannot add Board Part xilinx.com:k26c:part0:1.4 available at C:/Users/14435/Desktop/Vivado/2022.2/data/xhub/boards/XilinxBoardStore/boards/Xilinx/k26c/1.4/board.xml as part xck26-sfvc784-2lv-c specified in board_part file is either invalid or not available
WARNING: [Board 49-26] cannot add Board Part xilinx.com:k26i:part0:1.2 available at C:/Users/14435/Desktop/Vivado/2022.2/data/xhub/boards/XilinxBoardStore/boards/Xilinx/k26i/1.2/board.xml as part xck26-sfvc784-2lvi-i specified in board_part file is either invalid or not available
WARNING: [Board 49-26] cannot add Board Part xilinx.com:k26i:part0:1.3 available at C:/Users/14435/Desktop/Vivado/2022.2/data/xhub/boards/XilinxBoardStore/boards/Xilinx/k26i/1.3/board.xml as part xck26-sfvc784-2lvi-i specified in board_part file is either invalid or not available
WARNING: [Board 49-26] cannot add Board Part xilinx.com:k26i:part0:1.4 available at C:/Users/14435/Desktop/Vivado/2022.2/data/xhub/boards/XilinxBoardStore/boards/Xilinx/k26i/1.4/board.xml as part xck26-sfvc784-2lvi-i specified in board_part file is either invalid or not available
WARNING: [Board 49-26] cannot add Board Part xilinx.com:kc705:part0:1.6 available at C:/Users/14435/Desktop/Vivado/2022.2/data/xhub/boards/XilinxBoardStore/boards/Xilinx/kc705/1.6/board.xml as part xc7k325tffg900-2 specified in board_part file is either invalid or not available
WARNING: [Board 49-26] cannot add Board Part xilinx.com:kcu105:part0:1.6 available at C:/Users/14435/Desktop/Vivado/2022.2/data/xhub/boards/XilinxBoardStore/boards/Xilinx/kcu105/1.6/board.xml as part xcku040-ffva1156-2-e specified in board_part file is either invalid or not available
WARNING: [Board 49-26] cannot add Board Part xilinx.com:kcu105:part0:1.7 available at C:/Users/14435/Desktop/Vivado/2022.2/data/xhub/boards/XilinxBoardStore/boards/Xilinx/kcu105/1.7/board.xml as part xcku040-ffva1156-2-e specified in board_part file is either invalid or not available
WARNING: [Board 49-26] cannot add Board Part xilinx.com:kcu116:part0:1.4 available at C:/Users/14435/Desktop/Vivado/2022.2/data/xhub/boards/XilinxBoardStore/boards/Xilinx/kcu116/1.4/board.xml as part xcku5p-ffvb676-2-e specified in board_part file is either invalid or not available
WARNING: [Board 49-26] cannot add Board Part xilinx.com:kcu116:part0:1.5 available at C:/Users/14435/Desktop/Vivado/2022.2/data/xhub/boards/XilinxBoardStore/boards/Xilinx/kcu116/1.5/board.xml as part xcku5p-ffvb676-2-e specified in board_part file is either invalid or not available
WARNING: [Board 49-26] cannot add Board Part xilinx.com:kcu1500:part0:1.2 available at C:/Users/14435/Desktop/Vivado/2022.2/data/xhub/boards/XilinxBoardStore/boards/Xilinx/kcu1500/1.2/board.xml as part xcku115-flvb2104-2-e specified in board_part file is either invalid or not available
WARNING: [Board 49-26] cannot add Board Part xilinx.com:kr260_som:part0:1.0 available at C:/Users/14435/Desktop/Vivado/2022.2/data/xhub/boards/XilinxBoardStore/boards/Xilinx/kr260_som/1.0/board.xml as part xck26-sfvc784-2lv-c specified in board_part file is either invalid or not available
WARNING: [Board 49-26] cannot add Board Part xilinx.com:kr260_som:part0:1.1 available at C:/Users/14435/Desktop/Vivado/2022.2/data/xhub/boards/XilinxBoardStore/boards/Xilinx/kr260_som/1.1/board.xml as part xck26-sfvc784-2lv-c specified in board_part file is either invalid or not available
WARNING: [Board 49-26] cannot add Board Part xilinx.com:kv260_som:part0:1.2 available at C:/Users/14435/Desktop/Vivado/2022.2/data/xhub/boards/XilinxBoardStore/boards/Xilinx/kv260_som/1.2/board.xml as part xck26-sfvc784-2lv-c specified in board_part file is either invalid or not available
WARNING: [Board 49-26] cannot add Board Part xilinx.com:kv260_som:part0:1.3 available at C:/Users/14435/Desktop/Vivado/2022.2/data/xhub/boards/XilinxBoardStore/boards/Xilinx/kv260_som/1.3/board.xml as part xck26-sfvc784-2lv-c specified in board_part file is either invalid or not available
WARNING: [Board 49-26] cannot add Board Part xilinx.com:kv260_som:part0:1.4 available at C:/Users/14435/Desktop/Vivado/2022.2/data/xhub/boards/XilinxBoardStore/boards/Xilinx/kv260_som/1.4/board.xml as part xck26-sfvc784-2lv-c specified in board_part file is either invalid or not available
WARNING: [Board 49-26] cannot add Board Part xilinx.com:vc707:part0:1.4 available at C:/Users/14435/Desktop/Vivado/2022.2/data/xhub/boards/XilinxBoardStore/boards/Xilinx/vc707/1.4/board.xml as part xc7vx485tffg1761-2 specified in board_part file is either invalid or not available
WARNING: [Board 49-26] cannot add Board Part xilinx.com:vc709:part0:1.8 available at C:/Users/14435/Desktop/Vivado/2022.2/data/xhub/boards/XilinxBoardStore/boards/Xilinx/vc709/1.8/board.xml as part xc7vx690tffg1761-2 specified in board_part file is either invalid or not available
WARNING: [Board 49-26] cannot add Board Part xilinx.com:vck190:part0:2.2 available at C:/Users/14435/Desktop/Vivado/2022.2/data/xhub/boards/XilinxBoardStore/boards/Xilinx/vck190/production/2.2/board.xml as part xcvc1902-vsva2197-2mp-e-s specified in board_part file is either invalid or not available
WARNING: [Board 49-26] cannot add Board Part xilinx.com:vck190:part0:3.0 available at C:/Users/14435/Desktop/Vivado/2022.2/data/xhub/boards/XilinxBoardStore/boards/Xilinx/vck190/production/3.0/board.xml as part xcvc1902-vsva2197-2mp-e-s specified in board_part file is either invalid or not available
WARNING: [Board 49-26] cannot add Board Part xilinx.com:vck190:part0:3.1 available at C:/Users/14435/Desktop/Vivado/2022.2/data/xhub/boards/XilinxBoardStore/boards/Xilinx/vck190/production/3.1/board.xml as part xcvc1902-vsva2197-2mp-e-s specified in board_part file is either invalid or not available
WARNING: [Board 49-26] cannot add Board Part xilinx.com:vck190_newl:part0:1.0 available at C:/Users/14435/Desktop/Vivado/2022.2/data/xhub/boards/XilinxBoardStore/boards/Xilinx/vck190_newl/production/1.0/board.xml as part xcvc1902-vsva2197-2mp-e-s specified in board_part file is either invalid or not available
WARNING: [Board 49-26] cannot add Board Part xilinx.com:vcu108:part0:1.6 available at C:/Users/14435/Desktop/Vivado/2022.2/data/xhub/boards/XilinxBoardStore/boards/Xilinx/vcu108/1.6/board.xml as part xcvu095-ffva2104-2-e specified in board_part file is either invalid or not available
WARNING: [Board 49-26] cannot add Board Part xilinx.com:vcu108:part0:1.7 available at C:/Users/14435/Desktop/Vivado/2022.2/data/xhub/boards/XilinxBoardStore/boards/Xilinx/vcu108/1.7/board.xml as part xcvu095-ffva2104-2-e specified in board_part file is either invalid or not available
WARNING: [Board 49-26] cannot add Board Part xilinx.com:vcu110:part0:1.4 available at C:/Users/14435/Desktop/Vivado/2022.2/data/xhub/boards/XilinxBoardStore/boards/Xilinx/vcu110/1.4/board.xml as part xcvu190-flgc2104-2-e specified in board_part file is either invalid or not available
WARNING: [Board 49-26] cannot add Board Part xilinx.com:vcu118:part0:2.0 available at C:/Users/14435/Desktop/Vivado/2022.2/data/xhub/boards/XilinxBoardStore/boards/Xilinx/vcu118/2.0/board.xml as part xcvu9p-flga2104-2l-e specified in board_part file is either invalid or not available
WARNING: [Board 49-26] cannot add Board Part xilinx.com:vcu118:part0:2.3 available at C:/Users/14435/Desktop/Vivado/2022.2/data/xhub/boards/XilinxBoardStore/boards/Xilinx/vcu118/2.3/board.xml as part xcvu9p-flga2104-2l-e specified in board_part file is either invalid or not available
WARNING: [Board 49-26] cannot add Board Part xilinx.com:vcu118:part0:2.4 available at C:/Users/14435/Desktop/Vivado/2022.2/data/xhub/boards/XilinxBoardStore/boards/Xilinx/vcu118/2.4/board.xml as part xcvu9p-flga2104-2l-e specified in board_part file is either invalid or not available
WARNING: [Board 49-26] cannot add Board Part xilinx.com:vcu128:part0:1.0 available at C:/Users/14435/Desktop/Vivado/2022.2/data/xhub/boards/XilinxBoardStore/boards/Xilinx/vcu128/production/1.0/board.xml as part xcvu37p-fsvh2892-2l-e specified in board_part file is either invalid or not available
WARNING: [Board 49-26] cannot add Board Part xilinx.com:vcu129:part0:1.0 available at C:/Users/14435/Desktop/Vivado/2022.2/data/xhub/boards/XilinxBoardStore/boards/Xilinx/vcu129/production/1.0/board.xml as part xcvu29p-fsga2577-2l-e specified in board_part file is either invalid or not available
WARNING: [Board 49-26] cannot add Board Part xilinx.com:vcu1525:part0:1.3 available at C:/Users/14435/Desktop/Vivado/2022.2/data/xhub/boards/XilinxBoardStore/boards/Xilinx/vcu1525/1.3/board.xml as part xcvu9p-fsgd2104-2l-e specified in board_part file is either invalid or not available
WARNING: [Board 49-26] cannot add Board Part xilinx.com:vek280_es:part0:1.0 available at C:/Users/14435/Desktop/Vivado/2022.2/data/xhub/boards/XilinxBoardStore/boards/Xilinx/vek280/es/1.0/board.xml as part xcve2802-vsvh1760-2lp-e-s-es1 specified in board_part file is either invalid or not available
WARNING: [Board 49-26] cannot add Board Part xilinx.com:vermeo_t1_mpsoc:part0:1.0 available at C:/Users/14435/Desktop/Vivado/2022.2/data/xhub/boards/XilinxBoardStore/boards/Xilinx/vermeo_t1_mpsoc/1.0/board.xml as part xczu19eg-ffvd1760-2l-e specified in board_part file is either invalid or not available
WARNING: [Board 49-26] cannot add Board Part xilinx.com:vermeo_t1_rfsoc:part0:1.0 available at C:/Users/14435/Desktop/Vivado/2022.2/data/xhub/boards/XilinxBoardStore/boards/Xilinx/vermeo_t1_rfsoc/1.0/board.xml as part xczu21dr-ffvd1156-2l-e specified in board_part file is either invalid or not available
WARNING: [Board 49-26] cannot add Board Part xilinx.com:vhk158_es:part0:1.0 available at C:/Users/14435/Desktop/Vivado/2022.2/data/xhub/boards/XilinxBoardStore/boards/Xilinx/vhk158/es/1.0/board.xml as part xcvh1582-vsva3697-2mp-e-s-es1 specified in board_part file is either invalid or not available
WARNING: [Board 49-26] cannot add Board Part xilinx.com:vmk180:part0:2.2 available at C:/Users/14435/Desktop/Vivado/2022.2/data/xhub/boards/XilinxBoardStore/boards/Xilinx/vmk180/production/2.2/board.xml as part xcvm1802-vsva2197-2mp-e-s specified in board_part file is either invalid or not available
WARNING: [Board 49-26] cannot add Board Part xilinx.com:vmk180:part0:3.0 available at C:/Users/14435/Desktop/Vivado/2022.2/data/xhub/boards/XilinxBoardStore/boards/Xilinx/vmk180/production/3.0/board.xml as part xcvm1802-vsva2197-2mp-e-s specified in board_part file is either invalid or not available
WARNING: [Board 49-26] cannot add Board Part xilinx.com:vmk180:part0:3.1 available at C:/Users/14435/Desktop/Vivado/2022.2/data/xhub/boards/XilinxBoardStore/boards/Xilinx/vmk180/production/3.1/board.xml as part xcvm1802-vsva2197-2mp-e-s specified in board_part file is either invalid or not available
WARNING: [Board 49-26] cannot add Board Part xilinx.com:vmk180_newl:part0:1.0 available at C:/Users/14435/Desktop/Vivado/2022.2/data/xhub/boards/XilinxBoardStore/boards/Xilinx/vmk180_newl/production/1.0/board.xml as part xcvm1802-vsva2197-2mp-e-s specified in board_part file is either invalid or not available
WARNING: [Board 49-26] cannot add Board Part xilinx.com:vpk120:part0:1.0 available at C:/Users/14435/Desktop/Vivado/2022.2/data/xhub/boards/XilinxBoardStore/boards/Xilinx/vpk120/production/1.0/board.xml as part xcvp1202-vsva2785-2mp-e-s specified in board_part file is either invalid or not available
WARNING: [Board 49-26] cannot add Board Part xilinx.com:vpk120_es:part0:1.2 available at C:/Users/14435/Desktop/Vivado/2022.2/data/xhub/boards/XilinxBoardStore/boards/Xilinx/vpk120/es/1.2/board.xml as part xcvp1202-vsva2785-2mp-e-s-es1 specified in board_part file is either invalid or not available
WARNING: [Board 49-26] cannot add Board Part xilinx.com:vpk120_es_revb:part0:1.0 available at C:/Users/14435/Desktop/Vivado/2022.2/data/xhub/boards/XilinxBoardStore/boards/Xilinx/vpk120_revb/es/1.0/board.xml as part xcvp1202-vsva2785-2mp-e-s-es1 specified in board_part file is either invalid or not available
WARNING: [Board 49-26] cannot add Board Part xilinx.com:vpk180_es:part0:1.0 available at C:/Users/14435/Desktop/Vivado/2022.2/data/xhub/boards/XilinxBoardStore/boards/Xilinx/vpk180/es/1.0/board.xml as part xcvp1802-lsvc4072-2mp-e-s-es1 specified in board_part file is either invalid or not available
WARNING: [Board 49-26] cannot add Board Part xilinx.com:zc702:part0:1.4 available at C:/Users/14435/Desktop/Vivado/2022.2/data/xhub/boards/XilinxBoardStore/boards/Xilinx/zc702/1.4/board.xml as part xc7z020clg484-1 specified in board_part file is either invalid or not available
WARNING: [Board 49-26] cannot add Board Part xilinx.com:zc706:part0:1.4 available at C:/Users/14435/Desktop/Vivado/2022.2/data/xhub/boards/XilinxBoardStore/boards/Xilinx/zc706/1.4/board.xml as part xc7z045ffg900-2 specified in board_part file is either invalid or not available
WARNING: [Board 49-26] cannot add Board Part xilinx.com:zcu102:part0:3.3 available at C:/Users/14435/Desktop/Vivado/2022.2/data/xhub/boards/XilinxBoardStore/boards/Xilinx/zcu102/3.3/board.xml as part xczu9eg-ffvb1156-2-e specified in board_part file is either invalid or not available
WARNING: [Board 49-26] cannot add Board Part xilinx.com:zcu102:part0:3.4 available at C:/Users/14435/Desktop/Vivado/2022.2/data/xhub/boards/XilinxBoardStore/boards/Xilinx/zcu102/3.4/board.xml as part xczu9eg-ffvb1156-2-e specified in board_part file is either invalid or not available
WARNING: [Board 49-26] cannot add Board Part xilinx.com:zcu104:part0:1.1 available at C:/Users/14435/Desktop/Vivado/2022.2/data/xhub/boards/XilinxBoardStore/boards/Xilinx/zcu104/1.1/board.xml as part xczu7ev-ffvc1156-2-e specified in board_part file is either invalid or not available
WARNING: [Board 49-26] cannot add Board Part xilinx.com:zcu106:part0:2.4 available at C:/Users/14435/Desktop/Vivado/2022.2/data/xhub/boards/XilinxBoardStore/boards/Xilinx/zcu106/2.4/board.xml as part xczu7ev-ffvc1156-2-e specified in board_part file is either invalid or not available
WARNING: [Board 49-26] cannot add Board Part xilinx.com:zcu106:part0:2.5 available at C:/Users/14435/Desktop/Vivado/2022.2/data/xhub/boards/XilinxBoardStore/boards/Xilinx/zcu106/2.5/board.xml as part xczu7ev-ffvc1156-2-e specified in board_part file is either invalid or not available
WARNING: [Board 49-26] cannot add Board Part xilinx.com:zcu106:part0:2.6 available at C:/Users/14435/Desktop/Vivado/2022.2/data/xhub/boards/XilinxBoardStore/boards/Xilinx/zcu106/2.6/board.xml as part xczu7ev-ffvc1156-2-e specified in board_part file is either invalid or not available
WARNING: [Board 49-26] cannot add Board Part xilinx.com:zcu111:part0:1.2 available at C:/Users/14435/Desktop/Vivado/2022.2/data/xhub/boards/XilinxBoardStore/boards/Xilinx/zcu111/1.2/board.xml as part xczu28dr-ffvg1517-2-e specified in board_part file is either invalid or not available
WARNING: [Board 49-26] cannot add Board Part xilinx.com:zcu111:part0:1.3 available at C:/Users/14435/Desktop/Vivado/2022.2/data/xhub/boards/XilinxBoardStore/boards/Xilinx/zcu111/1.3/board.xml as part xczu28dr-ffvg1517-2-e specified in board_part file is either invalid or not available
WARNING: [Board 49-26] cannot add Board Part xilinx.com:zcu111:part0:1.4 available at C:/Users/14435/Desktop/Vivado/2022.2/data/xhub/boards/XilinxBoardStore/boards/Xilinx/zcu111/1.4/board.xml as part xczu28dr-ffvg1517-2-e specified in board_part file is either invalid or not available
WARNING: [Board 49-26] cannot add Board Part xilinx.com:zcu1275:part0:1.0 available at C:/Users/14435/Desktop/Vivado/2022.2/data/xhub/boards/XilinxBoardStore/boards/Xilinx/zcu1275/1.0/board.xml as part xczu29dr-ffvf1760-2-e specified in board_part file is either invalid or not available
WARNING: [Board 49-26] cannot add Board Part xilinx.com:zcu1285:part0:1.0 available at C:/Users/14435/Desktop/Vivado/2022.2/data/xhub/boards/XilinxBoardStore/boards/Xilinx/zcu1285/1.0/board.xml as part xczu39dr-ffvf1760-2-i specified in board_part file is either invalid or not available
WARNING: [Board 49-26] cannot add Board Part xilinx.com:zcu208:part0:2.0 available at C:/Users/14435/Desktop/Vivado/2022.2/data/xhub/boards/XilinxBoardStore/boards/Xilinx/zcu208/production/2.0/board.xml as part xczu48dr-fsvg1517-2-e specified in board_part file is either invalid or not available
WARNING: [Board 49-26] cannot add Board Part xilinx.com:zcu208ld:part0:2.0 available at C:/Users/14435/Desktop/Vivado/2022.2/data/xhub/boards/XilinxBoardStore/boards/Xilinx/zcu208ld/production/2.0/board.xml as part xczu58dr-fsvg1517-2-i specified in board_part file is either invalid or not available
WARNING: [Board 49-26] cannot add Board Part xilinx.com:zcu216:part0:2.0 available at C:/Users/14435/Desktop/Vivado/2022.2/data/xhub/boards/XilinxBoardStore/boards/Xilinx/zcu216/production/2.0/board.xml as part xczu49dr-ffvf1760-2-e specified in board_part file is either invalid or not available
WARNING: [Board 49-26] cannot add Board Part xilinx.com:zcu216ld:part0:2.0 available at C:/Users/14435/Desktop/Vivado/2022.2/data/xhub/boards/XilinxBoardStore/boards/Xilinx/zcu216ld/production/2.0/board.xml as part xczu59dr-ffvf1760-2-i specified in board_part file is either invalid or not available
WARNING: [Board 49-26] cannot add Board Part xilinx.com:zcu670:part0:2.0 available at C:/Users/14435/Desktop/Vivado/2022.2/data/xhub/boards/XilinxBoardStore/boards/Xilinx/zcu670/2.0/board.xml as part xczu67dr-fsve1156-2-i specified in board_part file is either invalid or not available
WARNING: [Board 49-26] cannot add Board Part xilinx.com:zcu670ld:part0:1.0 available at C:/Users/14435/Desktop/Vivado/2022.2/data/xhub/boards/XilinxBoardStore/boards/Xilinx/zcu670ld/1.0/board.xml as part xczu57dr-fsve1156-2-i specified in board_part file is either invalid or not available
Scanning sources...
Finished scanning sources
INFO: [IP_Flow 19-234] Refreshing IP repositories
INFO: [IP_Flow 19-1704] No user IP repositories specified
INFO: [IP_Flow 19-2313] Loaded Vivado IP repository 'C:/Users/14435/Desktop/Vivado/2022.2/data/ip'.
open_project: Time (s): cpu = 00:00:06 ; elapsed = 00:00:11 . Memory (MB): peak = 1134.008 ; gain = 348.168
update_compile_order -fileset sources_1
launch_simulation
Command: launch_simulation 
INFO: [Vivado 12-12493] Simulation top is 'week1test'
WARNING: [Vivado 12-13340] Unable to auto find GCC executables from simulator install path! (path not set)
WARNING: [Vivado 12-13277] Compiled library path does not exist: ''
INFO: [Vivado 12-5698] Checking validity of IPs in the design for the 'XSim' simulator...
INFO: [Vivado 12-5682] Launching behavioral simulation in 'C:/Users/14435/Desktop/ECE385/Lab5/Lab5/Lab5.sim/sim_1/behav/xsim'
INFO: [Vivado 12-4795] Using compiled simulation libraries for IPs
INFO: [SIM-utils-51] Simulation object is 'sim_1'
INFO: [SIM-utils-72] Using boost library from 'C:/Users/14435/Desktop/Vivado/2022.2/tps/boost_1_72_0'
INFO: [USF-XSim-7] Finding pre-compiled libraries...
INFO: [USF-XSim-11] File 'C:/Users/14435/Desktop/Vivado/2022.2/data/xsim/xsim.ini' copied to run dir:'C:/Users/14435/Desktop/ECE385/Lab5/Lab5/Lab5.sim/sim_1/behav/xsim'
INFO: [SIM-utils-54] Inspecting design source files for 'week1test' in fileset 'sim_1'...
INFO: [USF-XSim-97] Finding global include files...
INFO: [USF-XSim-98] Fetching design files from 'sim_1'...
INFO: [USF-XSim-2] XSim::Compile design
INFO: [USF-XSim-61] Executing 'COMPILE and ANALYZE' step in 'C:/Users/14435/Desktop/ECE385/Lab5/Lab5/Lab5.sim/sim_1/behav/xsim'
"xvlog --incr --relax -L uvm -prj week1test_vlog.prj"
INFO: [USF-XSim-69] 'compile' step finished in '4' seconds
INFO: [USF-XSim-3] XSim::Elaborate design
INFO: [USF-XSim-61] Executing 'ELABORATE' step in 'C:/Users/14435/Desktop/ECE385/Lab5/Lab5/Lab5.sim/sim_1/behav/xsim'
"xelab --incr --debug typical --relax --mt 2 -L xil_defaultlib -L uvm -L unisims_ver -L unimacro_ver -L secureip -L xpm --snapshot week1test_behav xil_defaultlib.week1test xil_defaultlib.glbl -log elaborate.log"
Vivado Simulator v2022.2
Copyright 1986-1999, 2001-2022 Xilinx, Inc. All Rights Reserved.
Running: C:/Users/14435/Desktop/Vivado/2022.2/bin/unwrapped/win64.o/xelab.exe --incr --debug typical --relax --mt 2 -L xil_defaultlib -L uvm -L unisims_ver -L unimacro_ver -L secureip -L xpm --snapshot week1test_behav xil_defaultlib.week1test xil_defaultlib.glbl -log elaborate.log 
Using 2 slave threads.
Starting static elaboration
Pass Through NonSizing Optimizer
WARNING: [VRFC 10-3091] actual bit length 32 differs from formal bit length 16 for port 'd00' [C:/Users/14435/Desktop/ECE385/Lab5/lab5_provided_sp24/srcs/cpu.sv:143]
Completed static elaboration
INFO: [XSIM 43-4323] No Change in HDL. Linking previously generated obj files to create kernel
INFO: [USF-XSim-69] 'elaborate' step finished in '3' seconds
INFO: [USF-XSim-4] XSim::Simulate design
INFO: [USF-XSim-61] Executing 'SIMULATE' step in 'C:/Users/14435/Desktop/ECE385/Lab5/Lab5/Lab5.sim/sim_1/behav/xsim'
INFO: [USF-XSim-98] *** Running xsim
   with args "week1test_behav -key {Behavioral:sim_1:Functional:week1test} -tclbatch {week1test.tcl} -view {C:/Users/14435/Desktop/ECE385/Lab5/Lab5/tesetbenchweek2_behav.wcfg} -log {simulate.log}"
INFO: [USF-XSim-8] Loading simulator feature
Time resolution is 1 ps
open_wave_config C:/Users/14435/Desktop/ECE385/Lab5/Lab5/tesetbenchweek2_behav.wcfg
source week1test.tcl
# set curr_wave [current_wave_config]
# if { [string length $curr_wave] == 0 } {
#   if { [llength [get_objects]] > 0} {
#     add_wave /
#     set_property needs_save false [current_wave_config]
#   } else {
#      send_msg_id Add_Wave-1 WARNING "No top level signals found. Simulator will start without a wave window. If you want to open a wave window go to 'File->New Waveform Configuration' or type 'create_wave_config' in the TCL console."
#   }
# }
# run 1000ns
INFO: [USF-XSim-96] XSim completed. Design snapshot 'week1test_behav' loaded.
INFO: [USF-XSim-97] XSim simulation ran for 1000ns
launch_simulation: Time (s): cpu = 00:00:04 ; elapsed = 00:00:13 . Memory (MB): peak = 1185.516 ; gain = 48.840
run 300 ms
open_run synth_1 -name synth_1
Design is defaulting to impl run constrset: constrs_1
Design is defaulting to synth run part: xc7s50csga324-1
INFO: [Device 21-403] Loading part xc7s50csga324-1
INFO: [Project 1-454] Reading design checkpoint 'c:/Users/14435/Desktop/ECE385/Lab5/Lab5/Lab5.gen/sources_1/ip/blk_mem_gen_0/blk_mem_gen_0.dcp' for cell 'mem_subsystem/sram0'
Netlist sorting complete. Time (s): cpu = 00:00:00 ; elapsed = 00:00:00.017 . Memory (MB): peak = 1569.148 ; gain = 0.000
INFO: [Netlist 29-17] Analyzing 38 Unisim elements for replacement
INFO: [Netlist 29-28] Unisim Transformation completed in 0 CPU seconds
INFO: [Project 1-479] Netlist was created with Vivado 2022.2
INFO: [Project 1-570] Preparing netlist for logic optimization
Parsing XDC File [C:/Users/14435/Desktop/ECE385/Lab5/lab5_provided_sp24/pin_assignment/top.xdc]
WARNING: [Vivado 12-507] No nets matched 'io_bridge/cpu_rdata[0]'. [C:/Users/14435/Desktop/ECE385/Lab5/lab5_provided_sp24/pin_assignment/top.xdc:71]
WARNING: [Vivado 12-507] No nets matched 'io_bridge/cpu_rdata[1]'. [C:/Users/14435/Desktop/ECE385/Lab5/lab5_provided_sp24/pin_assignment/top.xdc:71]
WARNING: [Vivado 12-507] No nets matched 'io_bridge/cpu_rdata[2]'. [C:/Users/14435/Desktop/ECE385/Lab5/lab5_provided_sp24/pin_assignment/top.xdc:71]
WARNING: [Vivado 12-507] No nets matched 'io_bridge/cpu_rdata[3]'. [C:/Users/14435/Desktop/ECE385/Lab5/lab5_provided_sp24/pin_assignment/top.xdc:71]
WARNING: [Vivado 12-507] No nets matched 'io_bridge/cpu_rdata[4]'. [C:/Users/14435/Desktop/ECE385/Lab5/lab5_provided_sp24/pin_assignment/top.xdc:71]
WARNING: [Vivado 12-507] No nets matched 'io_bridge/cpu_rdata[5]'. [C:/Users/14435/Desktop/ECE385/Lab5/lab5_provided_sp24/pin_assignment/top.xdc:71]
WARNING: [Vivado 12-507] No nets matched 'io_bridge/cpu_rdata[6]'. [C:/Users/14435/Desktop/ECE385/Lab5/lab5_provided_sp24/pin_assignment/top.xdc:71]
WARNING: [Vivado 12-507] No nets matched 'io_bridge/cpu_rdata[7]'. [C:/Users/14435/Desktop/ECE385/Lab5/lab5_provided_sp24/pin_assignment/top.xdc:71]
WARNING: [Vivado 12-507] No nets matched 'io_bridge/cpu_rdata[8]'. [C:/Users/14435/Desktop/ECE385/Lab5/lab5_provided_sp24/pin_assignment/top.xdc:71]
WARNING: [Vivado 12-507] No nets matched 'io_bridge/cpu_rdata[9]'. [C:/Users/14435/Desktop/ECE385/Lab5/lab5_provided_sp24/pin_assignment/top.xdc:71]
WARNING: [Vivado 12-507] No nets matched 'io_bridge/cpu_rdata[10]'. [C:/Users/14435/Desktop/ECE385/Lab5/lab5_provided_sp24/pin_assignment/top.xdc:71]
WARNING: [Vivado 12-507] No nets matched 'io_bridge/cpu_rdata[11]'. [C:/Users/14435/Desktop/ECE385/Lab5/lab5_provided_sp24/pin_assignment/top.xdc:71]
WARNING: [Vivado 12-507] No nets matched 'io_bridge/cpu_rdata[12]'. [C:/Users/14435/Desktop/ECE385/Lab5/lab5_provided_sp24/pin_assignment/top.xdc:71]
WARNING: [Vivado 12-507] No nets matched 'io_bridge/cpu_rdata[13]'. [C:/Users/14435/Desktop/ECE385/Lab5/lab5_provided_sp24/pin_assignment/top.xdc:71]
WARNING: [Vivado 12-507] No nets matched 'io_bridge/cpu_rdata[14]'. [C:/Users/14435/Desktop/ECE385/Lab5/lab5_provided_sp24/pin_assignment/top.xdc:71]
WARNING: [Vivado 12-507] No nets matched 'io_bridge/cpu_rdata[15]'. [C:/Users/14435/Desktop/ECE385/Lab5/lab5_provided_sp24/pin_assignment/top.xdc:71]
CRITICAL WARNING: [Vivado 12-1419] Debug core 'u_ila_0' was not found. [C:/Users/14435/Desktop/ECE385/Lab5/lab5_provided_sp24/pin_assignment/top.xdc:71]
Finished Parsing XDC File [C:/Users/14435/Desktop/ECE385/Lab5/lab5_provided_sp24/pin_assignment/top.xdc]
INFO: [Opt 31-138] Pushed 0 inverter(s) to 0 load pin(s).
Netlist sorting complete. Time (s): cpu = 00:00:00 ; elapsed = 00:00:00.001 . Memory (MB): peak = 1668.266 ; gain = 0.000
INFO: [Project 1-111] Unisim Transformation Summary:
No Unisim elements were transformed.

open_run: Time (s): cpu = 00:00:04 ; elapsed = 00:00:22 . Memory (MB): peak = 1780.289 ; gain = 580.137
relaunch_sim
Command: launch_simulation -step compile -simset sim_1 -mode behavioral
INFO: [Vivado 12-12493] Simulation top is 'week1test'
WARNING: [Vivado 12-13340] Unable to auto find GCC executables from simulator install path! (path not set)
WARNING: [Vivado 12-13277] Compiled library path does not exist: ''
INFO: [Vivado 12-5698] Checking validity of IPs in the design for the 'XSim' simulator...
INFO: [Vivado 12-5682] Launching behavioral simulation in 'C:/Users/14435/Desktop/ECE385/Lab5/Lab5/Lab5.sim/sim_1/behav/xsim'
INFO: [Vivado 12-4795] Using compiled simulation libraries for IPs
INFO: [SIM-utils-51] Simulation object is 'sim_1'
INFO: [SIM-utils-72] Using boost library from 'C:/Users/14435/Desktop/Vivado/2022.2/tps/boost_1_72_0'
INFO: [USF-XSim-7] Finding pre-compiled libraries...
INFO: [USF-XSim-11] File 'C:/Users/14435/Desktop/Vivado/2022.2/data/xsim/xsim.ini' copied to run dir:'C:/Users/14435/Desktop/ECE385/Lab5/Lab5/Lab5.sim/sim_1/behav/xsim'
INFO: [SIM-utils-54] Inspecting design source files for 'week1test' in fileset 'sim_1'...
INFO: [USF-XSim-97] Finding global include files...
INFO: [USF-XSim-98] Fetching design files from 'sim_1'...
INFO: [USF-XSim-2] XSim::Compile design
INFO: [USF-XSim-61] Executing 'COMPILE and ANALYZE' step in 'C:/Users/14435/Desktop/ECE385/Lab5/Lab5/Lab5.sim/sim_1/behav/xsim'
"xvlog --incr --relax -L uvm -prj week1test_vlog.prj"
INFO: [VRFC 10-2263] Analyzing SystemVerilog file "C:/Users/14435/Desktop/ECE385/Lab5/Lab5/Lab5.srcs/sources_1/new/MUX.sv" into library xil_defaultlib
INFO: [VRFC 10-311] analyzing module MUX_2
INFO: [VRFC 10-311] analyzing module MUX_4
INFO: [VRFC 10-311] analyzing module MUX_16
INFO: [VRFC 10-311] analyzing module MUX_8
INFO: [VRFC 10-2263] Analyzing SystemVerilog file "C:/Users/14435/Desktop/ECE385/Lab5/Lab5/Lab5.srcs/sources_1/new/Register_file.sv" into library xil_defaultlib
INFO: [VRFC 10-311] analyzing module Register_file
INFO: [VRFC 10-2263] Analyzing SystemVerilog file "C:/Users/14435/Desktop/ECE385/Lab5/lab5_provided_sp24/srcs/control.sv" into library xil_defaultlib
INFO: [VRFC 10-311] analyzing module control
INFO: [VRFC 10-2263] Analyzing SystemVerilog file "C:/Users/14435/Desktop/ECE385/Lab5/lab5_provided_sp24/srcs/cpu.sv" into library xil_defaultlib
INFO: [VRFC 10-311] analyzing module cpu
INFO: [VRFC 10-2263] Analyzing SystemVerilog file "C:/Users/14435/Desktop/ECE385/Lab5/lab5_provided_sp24/srcs/cpu_to_io.sv" into library xil_defaultlib
INFO: [VRFC 10-311] analyzing module cpu_to_io
INFO: [VRFC 10-2263] Analyzing SystemVerilog file "C:/Users/14435/Desktop/ECE385/Lab5/lab5_provided_sp24/srcs/hex_driver.sv" into library xil_defaultlib
INFO: [VRFC 10-311] analyzing module hex_driver
INFO: [VRFC 10-311] analyzing module nibble_to_hex
INFO: [VRFC 10-2263] Analyzing SystemVerilog file "C:/Users/14435/Desktop/ECE385/Lab5/lab5_provided_sp24/srcs/instantiate_ram.sv" into library xil_defaultlib
INFO: [VRFC 10-311] analyzing module instantiate_ram
INFO: [VRFC 10-2263] Analyzing SystemVerilog file "C:/Users/14435/Desktop/ECE385/Lab5/lab5_provided_sp24/srcs/load_reg.sv" into library xil_defaultlib
INFO: [VRFC 10-311] analyzing module load_reg
INFO: [VRFC 10-2263] Analyzing SystemVerilog file "C:/Users/14435/Desktop/ECE385/Lab5/lab5_provided_sp24/srcs/memory.sv" into library xil_defaultlib
INFO: [VRFC 10-311] analyzing module memory
INFO: [VRFC 10-2263] Analyzing SystemVerilog file "C:/Users/14435/Desktop/ECE385/Lab5/lab5_provided_sp24/srcs/processor_top.sv" into library xil_defaultlib
INFO: [VRFC 10-311] analyzing module processor_top
INFO: [VRFC 10-2263] Analyzing SystemVerilog file "C:/Users/14435/Desktop/ECE385/Lab5/lab5_provided_sp24/srcs/slc3.sv" into library xil_defaultlib
INFO: [VRFC 10-311] analyzing module slc3
INFO: [VRFC 10-2263] Analyzing SystemVerilog file "C:/Users/14435/Desktop/ECE385/Lab5/lab5_provided_sp24/srcs/sync.sv" into library xil_defaultlib
INFO: [VRFC 10-311] analyzing module sync_debounce
INFO: [VRFC 10-311] analyzing module sync_flop
INFO: [VRFC 10-2263] Analyzing SystemVerilog file "C:/Users/14435/Desktop/ECE385/Lab5/lab5_provided_sp24/srcs/test_memory.sv" into library xil_defaultlib
INFO: [VRFC 10-311] analyzing module test_memory
INFO: [VRFC 10-2263] Analyzing SystemVerilog file "C:/Users/14435/Desktop/ECE385/Lab5/Lab5/Lab5.srcs/sim_1/new/week1test.sv" into library xil_defaultlib
INFO: [VRFC 10-311] analyzing module week1test
INFO: [USF-XSim-69] 'compile' step finished in '2' seconds
Command: launch_simulation -step elaborate -simset sim_1 -mode behavioral
INFO: [Vivado 12-12493] Simulation top is 'week1test'
WARNING: [Vivado 12-13340] Unable to auto find GCC executables from simulator install path! (path not set)
WARNING: [Vivado 12-13277] Compiled library path does not exist: ''
INFO: [Vivado 12-5698] Checking validity of IPs in the design for the 'XSim' simulator...
INFO: [Vivado 12-5682] Launching behavioral simulation in 'C:/Users/14435/Desktop/ECE385/Lab5/Lab5/Lab5.sim/sim_1/behav/xsim'
INFO: [Vivado 12-4795] Using compiled simulation libraries for IPs
INFO: [SIM-utils-51] Simulation object is 'sim_1'
INFO: [USF-XSim-3] XSim::Elaborate design
INFO: [USF-XSim-61] Executing 'ELABORATE' step in 'C:/Users/14435/Desktop/ECE385/Lab5/Lab5/Lab5.sim/sim_1/behav/xsim'
"xelab --incr --debug typical --relax --mt 2 -L xil_defaultlib -L uvm -L unisims_ver -L unimacro_ver -L secureip -L xpm --snapshot week1test_behav xil_defaultlib.week1test xil_defaultlib.glbl -log elaborate.log"
Vivado Simulator v2022.2
Copyright 1986-1999, 2001-2022 Xilinx, Inc. All Rights Reserved.
Running: C:/Users/14435/Desktop/Vivado/2022.2/bin/unwrapped/win64.o/xelab.exe --incr --debug typical --relax --mt 2 -L xil_defaultlib -L uvm -L unisims_ver -L unimacro_ver -L secureip -L xpm --snapshot week1test_behav xil_defaultlib.week1test xil_defaultlib.glbl -log elaborate.log 
Using 2 slave threads.
Starting static elaboration
Pass Through NonSizing Optimizer
WARNING: [VRFC 10-3091] actual bit length 32 differs from formal bit length 16 for port 'd00' [C:/Users/14435/Desktop/ECE385/Lab5/lab5_provided_sp24/srcs/cpu.sv:143]
Completed static elaboration
Starting simulation data flow analysis
Completed simulation data flow analysis
Time Resolution for simulation is 1ps
Compiling package xil_defaultlib.$unit_MUX_sv_1769562423
Compiling package xil_defaultlib.SLC3_TYPES
Compiling module xil_defaultlib.sync_debounce
Compiling module xil_defaultlib.sync_flop
Compiling module xil_defaultlib.control
Compiling module xil_defaultlib.MUX_4
Compiling module xil_defaultlib.MUX_2
Compiling module xil_defaultlib.MUX_16
Compiling module xil_defaultlib.MUX_2(width=3)
Compiling module xil_defaultlib.load_reg(DATA_WIDTH=16)
Compiling module xil_defaultlib.MUX_8
Compiling module xil_defaultlib.Register_file
Compiling module xil_defaultlib.load_reg(DATA_WIDTH=3)
Compiling module xil_defaultlib.load_reg
Compiling module xil_defaultlib.cpu
Compiling module xil_defaultlib.nibble_to_hex
Compiling module xil_defaultlib.hex_driver_default
Compiling module xil_defaultlib.cpu_to_io
Compiling module xil_defaultlib.slc3
Compiling module xil_defaultlib.test_memory
Compiling module xil_defaultlib.memory
Compiling module xil_defaultlib.processor_top_default
Compiling module xil_defaultlib.week1test
Compiling module xil_defaultlib.glbl
Built simulation snapshot week1test_behav
run_program: Time (s): cpu = 00:00:00 ; elapsed = 00:00:07 . Memory (MB): peak = 2187.961 ; gain = 0.000
INFO: [USF-XSim-69] 'elaborate' step finished in '7' seconds
launch_simulation: Time (s): cpu = 00:00:00 ; elapsed = 00:00:07 . Memory (MB): peak = 2187.961 ; gain = 0.000
Time resolution is 1 ps
relaunch_sim: Time (s): cpu = 00:00:01 ; elapsed = 00:00:13 . Memory (MB): peak = 2187.961 ; gain = 0.000
run 300 ms
relaunch_sim
Command: launch_simulation -step compile -simset sim_1 -mode behavioral
INFO: [Vivado 12-12493] Simulation top is 'week1test'
WARNING: [Vivado 12-13340] Unable to auto find GCC executables from simulator install path! (path not set)
WARNING: [Vivado 12-13277] Compiled library path does not exist: ''
INFO: [Vivado 12-5698] Checking validity of IPs in the design for the 'XSim' simulator...
INFO: [Vivado 12-5682] Launching behavioral simulation in 'C:/Users/14435/Desktop/ECE385/Lab5/Lab5/Lab5.sim/sim_1/behav/xsim'
INFO: [Vivado 12-4795] Using compiled simulation libraries for IPs
INFO: [SIM-utils-51] Simulation object is 'sim_1'
INFO: [USF-XSim-2] XSim::Compile design
INFO: [USF-XSim-61] Executing 'COMPILE and ANALYZE' step in 'C:/Users/14435/Desktop/ECE385/Lab5/Lab5/Lab5.sim/sim_1/behav/xsim'
"xvlog --incr --relax -L uvm -prj week1test_vlog.prj"
INFO: [VRFC 10-2263] Analyzing SystemVerilog file "C:/Users/14435/Desktop/ECE385/Lab5/Lab5/Lab5.srcs/sources_1/new/MUX.sv" into library xil_defaultlib
INFO: [VRFC 10-311] analyzing module MUX_2
INFO: [VRFC 10-311] analyzing module MUX_4
INFO: [VRFC 10-311] analyzing module MUX_16
INFO: [VRFC 10-311] analyzing module MUX_8
INFO: [VRFC 10-2263] Analyzing SystemVerilog file "C:/Users/14435/Desktop/ECE385/Lab5/Lab5/Lab5.srcs/sources_1/new/Register_file.sv" into library xil_defaultlib
INFO: [VRFC 10-311] analyzing module Register_file
INFO: [VRFC 10-2263] Analyzing SystemVerilog file "C:/Users/14435/Desktop/ECE385/Lab5/lab5_provided_sp24/srcs/control.sv" into library xil_defaultlib
INFO: [VRFC 10-311] analyzing module control
INFO: [VRFC 10-2263] Analyzing SystemVerilog file "C:/Users/14435/Desktop/ECE385/Lab5/lab5_provided_sp24/srcs/cpu.sv" into library xil_defaultlib
INFO: [VRFC 10-311] analyzing module cpu
INFO: [VRFC 10-2263] Analyzing SystemVerilog file "C:/Users/14435/Desktop/ECE385/Lab5/lab5_provided_sp24/srcs/cpu_to_io.sv" into library xil_defaultlib
INFO: [VRFC 10-311] analyzing module cpu_to_io
INFO: [VRFC 10-2263] Analyzing SystemVerilog file "C:/Users/14435/Desktop/ECE385/Lab5/lab5_provided_sp24/srcs/hex_driver.sv" into library xil_defaultlib
INFO: [VRFC 10-311] analyzing module hex_driver
INFO: [VRFC 10-311] analyzing module nibble_to_hex
INFO: [VRFC 10-2263] Analyzing SystemVerilog file "C:/Users/14435/Desktop/ECE385/Lab5/lab5_provided_sp24/srcs/instantiate_ram.sv" into library xil_defaultlib
INFO: [VRFC 10-311] analyzing module instantiate_ram
INFO: [VRFC 10-2263] Analyzing SystemVerilog file "C:/Users/14435/Desktop/ECE385/Lab5/lab5_provided_sp24/srcs/load_reg.sv" into library xil_defaultlib
INFO: [VRFC 10-311] analyzing module load_reg
INFO: [VRFC 10-2263] Analyzing SystemVerilog file "C:/Users/14435/Desktop/ECE385/Lab5/lab5_provided_sp24/srcs/memory.sv" into library xil_defaultlib
INFO: [VRFC 10-311] analyzing module memory
INFO: [VRFC 10-2263] Analyzing SystemVerilog file "C:/Users/14435/Desktop/ECE385/Lab5/lab5_provided_sp24/srcs/processor_top.sv" into library xil_defaultlib
INFO: [VRFC 10-311] analyzing module processor_top
INFO: [VRFC 10-2263] Analyzing SystemVerilog file "C:/Users/14435/Desktop/ECE385/Lab5/lab5_provided_sp24/srcs/slc3.sv" into library xil_defaultlib
INFO: [VRFC 10-311] analyzing module slc3
INFO: [VRFC 10-2263] Analyzing SystemVerilog file "C:/Users/14435/Desktop/ECE385/Lab5/lab5_provided_sp24/srcs/sync.sv" into library xil_defaultlib
INFO: [VRFC 10-311] analyzing module sync_debounce
INFO: [VRFC 10-311] analyzing module sync_flop
INFO: [VRFC 10-2263] Analyzing SystemVerilog file "C:/Users/14435/Desktop/ECE385/Lab5/lab5_provided_sp24/srcs/test_memory.sv" into library xil_defaultlib
INFO: [VRFC 10-311] analyzing module test_memory
INFO: [VRFC 10-2263] Analyzing SystemVerilog file "C:/Users/14435/Desktop/ECE385/Lab5/Lab5/Lab5.srcs/sim_1/new/week1test.sv" into library xil_defaultlib
INFO: [VRFC 10-311] analyzing module week1test
INFO: [USF-XSim-69] 'compile' step finished in '2' seconds
Command: launch_simulation -step elaborate -simset sim_1 -mode behavioral
INFO: [Vivado 12-12493] Simulation top is 'week1test'
WARNING: [Vivado 12-13340] Unable to auto find GCC executables from simulator install path! (path not set)
WARNING: [Vivado 12-13277] Compiled library path does not exist: ''
INFO: [Vivado 12-5698] Checking validity of IPs in the design for the 'XSim' simulator...
INFO: [Vivado 12-5682] Launching behavioral simulation in 'C:/Users/14435/Desktop/ECE385/Lab5/Lab5/Lab5.sim/sim_1/behav/xsim'
INFO: [Vivado 12-4795] Using compiled simulation libraries for IPs
INFO: [SIM-utils-51] Simulation object is 'sim_1'
INFO: [USF-XSim-3] XSim::Elaborate design
INFO: [USF-XSim-61] Executing 'ELABORATE' step in 'C:/Users/14435/Desktop/ECE385/Lab5/Lab5/Lab5.sim/sim_1/behav/xsim'
"xelab --incr --debug typical --relax --mt 2 -L xil_defaultlib -L uvm -L unisims_ver -L unimacro_ver -L secureip -L xpm --snapshot week1test_behav xil_defaultlib.week1test xil_defaultlib.glbl -log elaborate.log"
Vivado Simulator v2022.2
Copyright 1986-1999, 2001-2022 Xilinx, Inc. All Rights Reserved.
Running: C:/Users/14435/Desktop/Vivado/2022.2/bin/unwrapped/win64.o/xelab.exe --incr --debug typical --relax --mt 2 -L xil_defaultlib -L uvm -L unisims_ver -L unimacro_ver -L secureip -L xpm --snapshot week1test_behav xil_defaultlib.week1test xil_defaultlib.glbl -log elaborate.log 
Using 2 slave threads.
Starting static elaboration
Pass Through NonSizing Optimizer
WARNING: [VRFC 10-3091] actual bit length 32 differs from formal bit length 16 for port 'd00' [C:/Users/14435/Desktop/ECE385/Lab5/lab5_provided_sp24/srcs/cpu.sv:143]
Completed static elaboration
Starting simulation data flow analysis
Completed simulation data flow analysis
Time Resolution for simulation is 1ps
Compiling package xil_defaultlib.$unit_MUX_sv_1769562423
Compiling package xil_defaultlib.SLC3_TYPES
Compiling module xil_defaultlib.sync_debounce
Compiling module xil_defaultlib.sync_flop
Compiling module xil_defaultlib.control
Compiling module xil_defaultlib.MUX_4
Compiling module xil_defaultlib.MUX_2
Compiling module xil_defaultlib.MUX_16
Compiling module xil_defaultlib.MUX_2(width=3)
Compiling module xil_defaultlib.load_reg(DATA_WIDTH=16)
Compiling module xil_defaultlib.MUX_8
Compiling module xil_defaultlib.Register_file
Compiling module xil_defaultlib.load_reg(DATA_WIDTH=3)
Compiling module xil_defaultlib.load_reg
Compiling module xil_defaultlib.cpu
Compiling module xil_defaultlib.nibble_to_hex
Compiling module xil_defaultlib.hex_driver_default
Compiling module xil_defaultlib.cpu_to_io
Compiling module xil_defaultlib.slc3
Compiling module xil_defaultlib.test_memory
Compiling module xil_defaultlib.memory
Compiling module xil_defaultlib.processor_top_default
Compiling module xil_defaultlib.week1test
Compiling module xil_defaultlib.glbl
Built simulation snapshot week1test_behav
INFO: [USF-XSim-69] 'elaborate' step finished in '4' seconds
Time resolution is 1 ps
relaunch_sim: Time (s): cpu = 00:00:00 ; elapsed = 00:00:09 . Memory (MB): peak = 2342.219 ; gain = 1.254
run 300 ms
relaunch_sim
Command: launch_simulation -step compile -simset sim_1 -mode behavioral
INFO: [Vivado 12-12493] Simulation top is 'week1test'
WARNING: [Vivado 12-13340] Unable to auto find GCC executables from simulator install path! (path not set)
WARNING: [Vivado 12-13277] Compiled library path does not exist: ''
INFO: [Vivado 12-5698] Checking validity of IPs in the design for the 'XSim' simulator...
INFO: [Vivado 12-5682] Launching behavioral simulation in 'C:/Users/14435/Desktop/ECE385/Lab5/Lab5/Lab5.sim/sim_1/behav/xsim'
INFO: [Vivado 12-4795] Using compiled simulation libraries for IPs
INFO: [SIM-utils-51] Simulation object is 'sim_1'
INFO: [USF-XSim-2] XSim::Compile design
INFO: [USF-XSim-61] Executing 'COMPILE and ANALYZE' step in 'C:/Users/14435/Desktop/ECE385/Lab5/Lab5/Lab5.sim/sim_1/behav/xsim'
"xvlog --incr --relax -L uvm -prj week1test_vlog.prj"
INFO: [VRFC 10-2263] Analyzing SystemVerilog file "C:/Users/14435/Desktop/ECE385/Lab5/Lab5/Lab5.srcs/sources_1/new/MUX.sv" into library xil_defaultlib
INFO: [VRFC 10-311] analyzing module MUX_2
INFO: [VRFC 10-311] analyzing module MUX_4
INFO: [VRFC 10-311] analyzing module MUX_16
INFO: [VRFC 10-311] analyzing module MUX_8
INFO: [VRFC 10-2263] Analyzing SystemVerilog file "C:/Users/14435/Desktop/ECE385/Lab5/Lab5/Lab5.srcs/sources_1/new/Register_file.sv" into library xil_defaultlib
INFO: [VRFC 10-311] analyzing module Register_file
INFO: [VRFC 10-2263] Analyzing SystemVerilog file "C:/Users/14435/Desktop/ECE385/Lab5/lab5_provided_sp24/srcs/control.sv" into library xil_defaultlib
INFO: [VRFC 10-311] analyzing module control
INFO: [VRFC 10-2263] Analyzing SystemVerilog file "C:/Users/14435/Desktop/ECE385/Lab5/lab5_provided_sp24/srcs/cpu.sv" into library xil_defaultlib
INFO: [VRFC 10-311] analyzing module cpu
INFO: [VRFC 10-2263] Analyzing SystemVerilog file "C:/Users/14435/Desktop/ECE385/Lab5/lab5_provided_sp24/srcs/cpu_to_io.sv" into library xil_defaultlib
INFO: [VRFC 10-311] analyzing module cpu_to_io
INFO: [VRFC 10-2263] Analyzing SystemVerilog file "C:/Users/14435/Desktop/ECE385/Lab5/lab5_provided_sp24/srcs/hex_driver.sv" into library xil_defaultlib
INFO: [VRFC 10-311] analyzing module hex_driver
INFO: [VRFC 10-311] analyzing module nibble_to_hex
INFO: [VRFC 10-2263] Analyzing SystemVerilog file "C:/Users/14435/Desktop/ECE385/Lab5/lab5_provided_sp24/srcs/instantiate_ram.sv" into library xil_defaultlib
INFO: [VRFC 10-311] analyzing module instantiate_ram
INFO: [VRFC 10-2263] Analyzing SystemVerilog file "C:/Users/14435/Desktop/ECE385/Lab5/lab5_provided_sp24/srcs/load_reg.sv" into library xil_defaultlib
INFO: [VRFC 10-311] analyzing module load_reg
INFO: [VRFC 10-2263] Analyzing SystemVerilog file "C:/Users/14435/Desktop/ECE385/Lab5/lab5_provided_sp24/srcs/memory.sv" into library xil_defaultlib
INFO: [VRFC 10-311] analyzing module memory
INFO: [VRFC 10-2263] Analyzing SystemVerilog file "C:/Users/14435/Desktop/ECE385/Lab5/lab5_provided_sp24/srcs/processor_top.sv" into library xil_defaultlib
INFO: [VRFC 10-311] analyzing module processor_top
INFO: [VRFC 10-2263] Analyzing SystemVerilog file "C:/Users/14435/Desktop/ECE385/Lab5/lab5_provided_sp24/srcs/slc3.sv" into library xil_defaultlib
INFO: [VRFC 10-311] analyzing module slc3
INFO: [VRFC 10-2263] Analyzing SystemVerilog file "C:/Users/14435/Desktop/ECE385/Lab5/lab5_provided_sp24/srcs/sync.sv" into library xil_defaultlib
INFO: [VRFC 10-311] analyzing module sync_debounce
INFO: [VRFC 10-311] analyzing module sync_flop
INFO: [VRFC 10-2263] Analyzing SystemVerilog file "C:/Users/14435/Desktop/ECE385/Lab5/lab5_provided_sp24/srcs/test_memory.sv" into library xil_defaultlib
INFO: [VRFC 10-311] analyzing module test_memory
INFO: [VRFC 10-2263] Analyzing SystemVerilog file "C:/Users/14435/Desktop/ECE385/Lab5/Lab5/Lab5.srcs/sim_1/new/week1test.sv" into library xil_defaultlib
INFO: [VRFC 10-311] analyzing module week1test
INFO: [USF-XSim-69] 'compile' step finished in '2' seconds
Command: launch_simulation -step elaborate -simset sim_1 -mode behavioral
INFO: [Vivado 12-12493] Simulation top is 'week1test'
WARNING: [Vivado 12-13340] Unable to auto find GCC executables from simulator install path! (path not set)
WARNING: [Vivado 12-13277] Compiled library path does not exist: ''
INFO: [Vivado 12-5698] Checking validity of IPs in the design for the 'XSim' simulator...
INFO: [Vivado 12-5682] Launching behavioral simulation in 'C:/Users/14435/Desktop/ECE385/Lab5/Lab5/Lab5.sim/sim_1/behav/xsim'
INFO: [Vivado 12-4795] Using compiled simulation libraries for IPs
INFO: [SIM-utils-51] Simulation object is 'sim_1'
INFO: [USF-XSim-3] XSim::Elaborate design
INFO: [USF-XSim-61] Executing 'ELABORATE' step in 'C:/Users/14435/Desktop/ECE385/Lab5/Lab5/Lab5.sim/sim_1/behav/xsim'
"xelab --incr --debug typical --relax --mt 2 -L xil_defaultlib -L uvm -L unisims_ver -L unimacro_ver -L secureip -L xpm --snapshot week1test_behav xil_defaultlib.week1test xil_defaultlib.glbl -log elaborate.log"
Vivado Simulator v2022.2
Copyright 1986-1999, 2001-2022 Xilinx, Inc. All Rights Reserved.
Running: C:/Users/14435/Desktop/Vivado/2022.2/bin/unwrapped/win64.o/xelab.exe --incr --debug typical --relax --mt 2 -L xil_defaultlib -L uvm -L unisims_ver -L unimacro_ver -L secureip -L xpm --snapshot week1test_behav xil_defaultlib.week1test xil_defaultlib.glbl -log elaborate.log 
Using 2 slave threads.
Starting static elaboration
Pass Through NonSizing Optimizer
WARNING: [VRFC 10-3091] actual bit length 32 differs from formal bit length 16 for port 'd00' [C:/Users/14435/Desktop/ECE385/Lab5/lab5_provided_sp24/srcs/cpu.sv:143]
Completed static elaboration
Starting simulation data flow analysis
Completed simulation data flow analysis
Time Resolution for simulation is 1ps
Compiling package xil_defaultlib.$unit_MUX_sv_1769562423
Compiling package xil_defaultlib.SLC3_TYPES
Compiling module xil_defaultlib.sync_debounce
Compiling module xil_defaultlib.sync_flop
Compiling module xil_defaultlib.control
Compiling module xil_defaultlib.MUX_4
Compiling module xil_defaultlib.MUX_2
Compiling module xil_defaultlib.MUX_16
Compiling module xil_defaultlib.MUX_2(width=3)
Compiling module xil_defaultlib.load_reg(DATA_WIDTH=16)
Compiling module xil_defaultlib.MUX_8
Compiling module xil_defaultlib.Register_file
Compiling module xil_defaultlib.load_reg(DATA_WIDTH=3)
Compiling module xil_defaultlib.load_reg
Compiling module xil_defaultlib.cpu
Compiling module xil_defaultlib.nibble_to_hex
Compiling module xil_defaultlib.hex_driver_default
Compiling module xil_defaultlib.cpu_to_io
Compiling module xil_defaultlib.slc3
Compiling module xil_defaultlib.test_memory
Compiling module xil_defaultlib.memory
Compiling module xil_defaultlib.processor_top_default
Compiling module xil_defaultlib.week1test
Compiling module xil_defaultlib.glbl
Built simulation snapshot week1test_behav
INFO: [USF-XSim-69] 'elaborate' step finished in '4' seconds
Time resolution is 1 ps
relaunch_sim: Time (s): cpu = 00:00:00 ; elapsed = 00:00:09 . Memory (MB): peak = 2343.465 ; gain = 0.660
run 300 ms
relaunch_sim
Command: launch_simulation -step compile -simset sim_1 -mode behavioral
INFO: [Vivado 12-12493] Simulation top is 'week1test'
WARNING: [Vivado 12-13340] Unable to auto find GCC executables from simulator install path! (path not set)
WARNING: [Vivado 12-13277] Compiled library path does not exist: ''
INFO: [Vivado 12-5698] Checking validity of IPs in the design for the 'XSim' simulator...
INFO: [Vivado 12-5682] Launching behavioral simulation in 'C:/Users/14435/Desktop/ECE385/Lab5/Lab5/Lab5.sim/sim_1/behav/xsim'
INFO: [Vivado 12-4795] Using compiled simulation libraries for IPs
INFO: [SIM-utils-51] Simulation object is 'sim_1'
INFO: [USF-XSim-2] XSim::Compile design
INFO: [USF-XSim-61] Executing 'COMPILE and ANALYZE' step in 'C:/Users/14435/Desktop/ECE385/Lab5/Lab5/Lab5.sim/sim_1/behav/xsim'
"xvlog --incr --relax -L uvm -prj week1test_vlog.prj"
INFO: [VRFC 10-2263] Analyzing SystemVerilog file "C:/Users/14435/Desktop/ECE385/Lab5/Lab5/Lab5.srcs/sources_1/new/MUX.sv" into library xil_defaultlib
INFO: [VRFC 10-311] analyzing module MUX_2
INFO: [VRFC 10-311] analyzing module MUX_4
INFO: [VRFC 10-311] analyzing module MUX_16
INFO: [VRFC 10-311] analyzing module MUX_8
INFO: [VRFC 10-2263] Analyzing SystemVerilog file "C:/Users/14435/Desktop/ECE385/Lab5/Lab5/Lab5.srcs/sources_1/new/Register_file.sv" into library xil_defaultlib
INFO: [VRFC 10-311] analyzing module Register_file
INFO: [VRFC 10-2263] Analyzing SystemVerilog file "C:/Users/14435/Desktop/ECE385/Lab5/lab5_provided_sp24/srcs/control.sv" into library xil_defaultlib
INFO: [VRFC 10-311] analyzing module control
INFO: [VRFC 10-2263] Analyzing SystemVerilog file "C:/Users/14435/Desktop/ECE385/Lab5/lab5_provided_sp24/srcs/cpu.sv" into library xil_defaultlib
INFO: [VRFC 10-311] analyzing module cpu
INFO: [VRFC 10-2263] Analyzing SystemVerilog file "C:/Users/14435/Desktop/ECE385/Lab5/lab5_provided_sp24/srcs/cpu_to_io.sv" into library xil_defaultlib
INFO: [VRFC 10-311] analyzing module cpu_to_io
INFO: [VRFC 10-2263] Analyzing SystemVerilog file "C:/Users/14435/Desktop/ECE385/Lab5/lab5_provided_sp24/srcs/hex_driver.sv" into library xil_defaultlib
INFO: [VRFC 10-311] analyzing module hex_driver
INFO: [VRFC 10-311] analyzing module nibble_to_hex
INFO: [VRFC 10-2263] Analyzing SystemVerilog file "C:/Users/14435/Desktop/ECE385/Lab5/lab5_provided_sp24/srcs/instantiate_ram.sv" into library xil_defaultlib
INFO: [VRFC 10-311] analyzing module instantiate_ram
INFO: [VRFC 10-2263] Analyzing SystemVerilog file "C:/Users/14435/Desktop/ECE385/Lab5/lab5_provided_sp24/srcs/load_reg.sv" into library xil_defaultlib
INFO: [VRFC 10-311] analyzing module load_reg
INFO: [VRFC 10-2263] Analyzing SystemVerilog file "C:/Users/14435/Desktop/ECE385/Lab5/lab5_provided_sp24/srcs/memory.sv" into library xil_defaultlib
INFO: [VRFC 10-311] analyzing module memory
INFO: [VRFC 10-2263] Analyzing SystemVerilog file "C:/Users/14435/Desktop/ECE385/Lab5/lab5_provided_sp24/srcs/processor_top.sv" into library xil_defaultlib
INFO: [VRFC 10-311] analyzing module processor_top
INFO: [VRFC 10-2263] Analyzing SystemVerilog file "C:/Users/14435/Desktop/ECE385/Lab5/lab5_provided_sp24/srcs/slc3.sv" into library xil_defaultlib
INFO: [VRFC 10-311] analyzing module slc3
INFO: [VRFC 10-2263] Analyzing SystemVerilog file "C:/Users/14435/Desktop/ECE385/Lab5/lab5_provided_sp24/srcs/sync.sv" into library xil_defaultlib
INFO: [VRFC 10-311] analyzing module sync_debounce
INFO: [VRFC 10-311] analyzing module sync_flop
INFO: [VRFC 10-2263] Analyzing SystemVerilog file "C:/Users/14435/Desktop/ECE385/Lab5/lab5_provided_sp24/srcs/test_memory.sv" into library xil_defaultlib
INFO: [VRFC 10-311] analyzing module test_memory
INFO: [VRFC 10-2263] Analyzing SystemVerilog file "C:/Users/14435/Desktop/ECE385/Lab5/Lab5/Lab5.srcs/sim_1/new/week1test.sv" into library xil_defaultlib
INFO: [VRFC 10-311] analyzing module week1test
INFO: [USF-XSim-69] 'compile' step finished in '2' seconds
Command: launch_simulation -step elaborate -simset sim_1 -mode behavioral
INFO: [Vivado 12-12493] Simulation top is 'week1test'
WARNING: [Vivado 12-13340] Unable to auto find GCC executables from simulator install path! (path not set)
WARNING: [Vivado 12-13277] Compiled library path does not exist: ''
INFO: [Vivado 12-5698] Checking validity of IPs in the design for the 'XSim' simulator...
INFO: [Vivado 12-5682] Launching behavioral simulation in 'C:/Users/14435/Desktop/ECE385/Lab5/Lab5/Lab5.sim/sim_1/behav/xsim'
INFO: [Vivado 12-4795] Using compiled simulation libraries for IPs
INFO: [SIM-utils-51] Simulation object is 'sim_1'
INFO: [USF-XSim-3] XSim::Elaborate design
INFO: [USF-XSim-61] Executing 'ELABORATE' step in 'C:/Users/14435/Desktop/ECE385/Lab5/Lab5/Lab5.sim/sim_1/behav/xsim'
"xelab --incr --debug typical --relax --mt 2 -L xil_defaultlib -L uvm -L unisims_ver -L unimacro_ver -L secureip -L xpm --snapshot week1test_behav xil_defaultlib.week1test xil_defaultlib.glbl -log elaborate.log"
Vivado Simulator v2022.2
Copyright 1986-1999, 2001-2022 Xilinx, Inc. All Rights Reserved.
Running: C:/Users/14435/Desktop/Vivado/2022.2/bin/unwrapped/win64.o/xelab.exe --incr --debug typical --relax --mt 2 -L xil_defaultlib -L uvm -L unisims_ver -L unimacro_ver -L secureip -L xpm --snapshot week1test_behav xil_defaultlib.week1test xil_defaultlib.glbl -log elaborate.log 
Using 2 slave threads.
Starting static elaboration
Pass Through NonSizing Optimizer
WARNING: [VRFC 10-3091] actual bit length 32 differs from formal bit length 16 for port 'd00' [C:/Users/14435/Desktop/ECE385/Lab5/lab5_provided_sp24/srcs/cpu.sv:143]
Completed static elaboration
Starting simulation data flow analysis
Completed simulation data flow analysis
Time Resolution for simulation is 1ps
Compiling package xil_defaultlib.$unit_MUX_sv_1769562423
Compiling package xil_defaultlib.SLC3_TYPES
Compiling module xil_defaultlib.sync_debounce
Compiling module xil_defaultlib.sync_flop
Compiling module xil_defaultlib.control
Compiling module xil_defaultlib.MUX_4
Compiling module xil_defaultlib.MUX_2
Compiling module xil_defaultlib.MUX_16
Compiling module xil_defaultlib.MUX_2(width=3)
Compiling module xil_defaultlib.load_reg(DATA_WIDTH=16)
Compiling module xil_defaultlib.MUX_8
Compiling module xil_defaultlib.Register_file
Compiling module xil_defaultlib.load_reg(DATA_WIDTH=3)
Compiling module xil_defaultlib.load_reg
Compiling module xil_defaultlib.cpu
Compiling module xil_defaultlib.nibble_to_hex
Compiling module xil_defaultlib.hex_driver_default
Compiling module xil_defaultlib.cpu_to_io
Compiling module xil_defaultlib.slc3
Compiling module xil_defaultlib.test_memory
Compiling module xil_defaultlib.memory
Compiling module xil_defaultlib.processor_top_default
Compiling module xil_defaultlib.week1test
Compiling module xil_defaultlib.glbl
Built simulation snapshot week1test_behav
INFO: [USF-XSim-69] 'elaborate' step finished in '3' seconds
Time resolution is 1 ps
relaunch_sim: Time (s): cpu = 00:00:01 ; elapsed = 00:00:08 . Memory (MB): peak = 2344.809 ; gain = 0.906
run 300 ms
relaunch_sim
Command: launch_simulation -step compile -simset sim_1 -mode behavioral
INFO: [Vivado 12-12493] Simulation top is 'week1test'
WARNING: [Vivado 12-13340] Unable to auto find GCC executables from simulator install path! (path not set)
WARNING: [Vivado 12-13277] Compiled library path does not exist: ''
INFO: [Vivado 12-5698] Checking validity of IPs in the design for the 'XSim' simulator...
INFO: [Vivado 12-5682] Launching behavioral simulation in 'C:/Users/14435/Desktop/ECE385/Lab5/Lab5/Lab5.sim/sim_1/behav/xsim'
INFO: [Vivado 12-4795] Using compiled simulation libraries for IPs
INFO: [SIM-utils-51] Simulation object is 'sim_1'
INFO: [USF-XSim-2] XSim::Compile design
INFO: [USF-XSim-61] Executing 'COMPILE and ANALYZE' step in 'C:/Users/14435/Desktop/ECE385/Lab5/Lab5/Lab5.sim/sim_1/behav/xsim'
"xvlog --incr --relax -L uvm -prj week1test_vlog.prj"
INFO: [VRFC 10-2263] Analyzing SystemVerilog file "C:/Users/14435/Desktop/ECE385/Lab5/Lab5/Lab5.srcs/sources_1/new/MUX.sv" into library xil_defaultlib
INFO: [VRFC 10-311] analyzing module MUX_2
INFO: [VRFC 10-311] analyzing module MUX_4
INFO: [VRFC 10-311] analyzing module MUX_16
INFO: [VRFC 10-311] analyzing module MUX_8
INFO: [VRFC 10-2263] Analyzing SystemVerilog file "C:/Users/14435/Desktop/ECE385/Lab5/Lab5/Lab5.srcs/sources_1/new/Register_file.sv" into library xil_defaultlib
INFO: [VRFC 10-311] analyzing module Register_file
INFO: [VRFC 10-2263] Analyzing SystemVerilog file "C:/Users/14435/Desktop/ECE385/Lab5/lab5_provided_sp24/srcs/control.sv" into library xil_defaultlib
INFO: [VRFC 10-311] analyzing module control
INFO: [VRFC 10-2263] Analyzing SystemVerilog file "C:/Users/14435/Desktop/ECE385/Lab5/lab5_provided_sp24/srcs/cpu.sv" into library xil_defaultlib
INFO: [VRFC 10-311] analyzing module cpu
INFO: [VRFC 10-2263] Analyzing SystemVerilog file "C:/Users/14435/Desktop/ECE385/Lab5/lab5_provided_sp24/srcs/cpu_to_io.sv" into library xil_defaultlib
INFO: [VRFC 10-311] analyzing module cpu_to_io
INFO: [VRFC 10-2263] Analyzing SystemVerilog file "C:/Users/14435/Desktop/ECE385/Lab5/lab5_provided_sp24/srcs/hex_driver.sv" into library xil_defaultlib
INFO: [VRFC 10-311] analyzing module hex_driver
INFO: [VRFC 10-311] analyzing module nibble_to_hex
INFO: [VRFC 10-2263] Analyzing SystemVerilog file "C:/Users/14435/Desktop/ECE385/Lab5/lab5_provided_sp24/srcs/instantiate_ram.sv" into library xil_defaultlib
INFO: [VRFC 10-311] analyzing module instantiate_ram
INFO: [VRFC 10-2263] Analyzing SystemVerilog file "C:/Users/14435/Desktop/ECE385/Lab5/lab5_provided_sp24/srcs/load_reg.sv" into library xil_defaultlib
INFO: [VRFC 10-311] analyzing module load_reg
INFO: [VRFC 10-2263] Analyzing SystemVerilog file "C:/Users/14435/Desktop/ECE385/Lab5/lab5_provided_sp24/srcs/memory.sv" into library xil_defaultlib
INFO: [VRFC 10-311] analyzing module memory
INFO: [VRFC 10-2263] Analyzing SystemVerilog file "C:/Users/14435/Desktop/ECE385/Lab5/lab5_provided_sp24/srcs/processor_top.sv" into library xil_defaultlib
INFO: [VRFC 10-311] analyzing module processor_top
INFO: [VRFC 10-2263] Analyzing SystemVerilog file "C:/Users/14435/Desktop/ECE385/Lab5/lab5_provided_sp24/srcs/slc3.sv" into library xil_defaultlib
INFO: [VRFC 10-311] analyzing module slc3
INFO: [VRFC 10-2263] Analyzing SystemVerilog file "C:/Users/14435/Desktop/ECE385/Lab5/lab5_provided_sp24/srcs/sync.sv" into library xil_defaultlib
INFO: [VRFC 10-311] analyzing module sync_debounce
INFO: [VRFC 10-311] analyzing module sync_flop
INFO: [VRFC 10-2263] Analyzing SystemVerilog file "C:/Users/14435/Desktop/ECE385/Lab5/lab5_provided_sp24/srcs/test_memory.sv" into library xil_defaultlib
INFO: [VRFC 10-311] analyzing module test_memory
INFO: [VRFC 10-2263] Analyzing SystemVerilog file "C:/Users/14435/Desktop/ECE385/Lab5/Lab5/Lab5.srcs/sim_1/new/week1test.sv" into library xil_defaultlib
INFO: [VRFC 10-311] analyzing module week1test
INFO: [USF-XSim-69] 'compile' step finished in '2' seconds
Command: launch_simulation -step elaborate -simset sim_1 -mode behavioral
INFO: [Vivado 12-12493] Simulation top is 'week1test'
WARNING: [Vivado 12-13340] Unable to auto find GCC executables from simulator install path! (path not set)
WARNING: [Vivado 12-13277] Compiled library path does not exist: ''
INFO: [Vivado 12-5698] Checking validity of IPs in the design for the 'XSim' simulator...
INFO: [Vivado 12-5682] Launching behavioral simulation in 'C:/Users/14435/Desktop/ECE385/Lab5/Lab5/Lab5.sim/sim_1/behav/xsim'
INFO: [Vivado 12-4795] Using compiled simulation libraries for IPs
INFO: [SIM-utils-51] Simulation object is 'sim_1'
INFO: [USF-XSim-3] XSim::Elaborate design
INFO: [USF-XSim-61] Executing 'ELABORATE' step in 'C:/Users/14435/Desktop/ECE385/Lab5/Lab5/Lab5.sim/sim_1/behav/xsim'
"xelab --incr --debug typical --relax --mt 2 -L xil_defaultlib -L uvm -L unisims_ver -L unimacro_ver -L secureip -L xpm --snapshot week1test_behav xil_defaultlib.week1test xil_defaultlib.glbl -log elaborate.log"
Vivado Simulator v2022.2
Copyright 1986-1999, 2001-2022 Xilinx, Inc. All Rights Reserved.
Running: C:/Users/14435/Desktop/Vivado/2022.2/bin/unwrapped/win64.o/xelab.exe --incr --debug typical --relax --mt 2 -L xil_defaultlib -L uvm -L unisims_ver -L unimacro_ver -L secureip -L xpm --snapshot week1test_behav xil_defaultlib.week1test xil_defaultlib.glbl -log elaborate.log 
Using 2 slave threads.
Starting static elaboration
Pass Through NonSizing Optimizer
WARNING: [VRFC 10-3091] actual bit length 32 differs from formal bit length 16 for port 'd00' [C:/Users/14435/Desktop/ECE385/Lab5/lab5_provided_sp24/srcs/cpu.sv:143]
Completed static elaboration
Starting simulation data flow analysis
Completed simulation data flow analysis
Time Resolution for simulation is 1ps
Compiling package xil_defaultlib.$unit_MUX_sv_1769562423
Compiling package xil_defaultlib.SLC3_TYPES
Compiling module xil_defaultlib.sync_debounce
Compiling module xil_defaultlib.sync_flop
Compiling module xil_defaultlib.control
Compiling module xil_defaultlib.MUX_4
Compiling module xil_defaultlib.MUX_2
Compiling module xil_defaultlib.MUX_16
Compiling module xil_defaultlib.MUX_2(width=3)
Compiling module xil_defaultlib.load_reg(DATA_WIDTH=16)
Compiling module xil_defaultlib.MUX_8
Compiling module xil_defaultlib.Register_file
Compiling module xil_defaultlib.load_reg(DATA_WIDTH=3)
Compiling module xil_defaultlib.load_reg
Compiling module xil_defaultlib.cpu
Compiling module xil_defaultlib.nibble_to_hex
Compiling module xil_defaultlib.hex_driver_default
Compiling module xil_defaultlib.cpu_to_io
Compiling module xil_defaultlib.slc3
Compiling module xil_defaultlib.test_memory
Compiling module xil_defaultlib.memory
Compiling module xil_defaultlib.processor_top_default
Compiling module xil_defaultlib.week1test
Compiling module xil_defaultlib.glbl
Built simulation snapshot week1test_behav
INFO: [USF-XSim-69] 'elaborate' step finished in '4' seconds
Time resolution is 1 ps
relaunch_sim: Time (s): cpu = 00:00:01 ; elapsed = 00:00:09 . Memory (MB): peak = 2345.180 ; gain = 0.000
run 300 ms
relaunch_sim
Command: launch_simulation -step compile -simset sim_1 -mode behavioral
INFO: [Vivado 12-12493] Simulation top is 'week1test'
WARNING: [Vivado 12-13340] Unable to auto find GCC executables from simulator install path! (path not set)
WARNING: [Vivado 12-13277] Compiled library path does not exist: ''
INFO: [Vivado 12-5698] Checking validity of IPs in the design for the 'XSim' simulator...
INFO: [Vivado 12-5682] Launching behavioral simulation in 'C:/Users/14435/Desktop/ECE385/Lab5/Lab5/Lab5.sim/sim_1/behav/xsim'
INFO: [Vivado 12-4795] Using compiled simulation libraries for IPs
INFO: [SIM-utils-51] Simulation object is 'sim_1'
INFO: [USF-XSim-2] XSim::Compile design
INFO: [USF-XSim-61] Executing 'COMPILE and ANALYZE' step in 'C:/Users/14435/Desktop/ECE385/Lab5/Lab5/Lab5.sim/sim_1/behav/xsim'
"xvlog --incr --relax -L uvm -prj week1test_vlog.prj"
INFO: [VRFC 10-2263] Analyzing SystemVerilog file "C:/Users/14435/Desktop/ECE385/Lab5/Lab5/Lab5.srcs/sources_1/new/MUX.sv" into library xil_defaultlib
INFO: [VRFC 10-311] analyzing module MUX_2
INFO: [VRFC 10-311] analyzing module MUX_4
INFO: [VRFC 10-311] analyzing module MUX_16
INFO: [VRFC 10-311] analyzing module MUX_8
INFO: [VRFC 10-2263] Analyzing SystemVerilog file "C:/Users/14435/Desktop/ECE385/Lab5/Lab5/Lab5.srcs/sources_1/new/Register_file.sv" into library xil_defaultlib
INFO: [VRFC 10-311] analyzing module Register_file
INFO: [VRFC 10-2263] Analyzing SystemVerilog file "C:/Users/14435/Desktop/ECE385/Lab5/lab5_provided_sp24/srcs/control.sv" into library xil_defaultlib
INFO: [VRFC 10-311] analyzing module control
INFO: [VRFC 10-2263] Analyzing SystemVerilog file "C:/Users/14435/Desktop/ECE385/Lab5/lab5_provided_sp24/srcs/cpu.sv" into library xil_defaultlib
INFO: [VRFC 10-311] analyzing module cpu
INFO: [VRFC 10-2263] Analyzing SystemVerilog file "C:/Users/14435/Desktop/ECE385/Lab5/lab5_provided_sp24/srcs/cpu_to_io.sv" into library xil_defaultlib
INFO: [VRFC 10-311] analyzing module cpu_to_io
INFO: [VRFC 10-2263] Analyzing SystemVerilog file "C:/Users/14435/Desktop/ECE385/Lab5/lab5_provided_sp24/srcs/hex_driver.sv" into library xil_defaultlib
INFO: [VRFC 10-311] analyzing module hex_driver
INFO: [VRFC 10-311] analyzing module nibble_to_hex
INFO: [VRFC 10-2263] Analyzing SystemVerilog file "C:/Users/14435/Desktop/ECE385/Lab5/lab5_provided_sp24/srcs/instantiate_ram.sv" into library xil_defaultlib
INFO: [VRFC 10-311] analyzing module instantiate_ram
INFO: [VRFC 10-2263] Analyzing SystemVerilog file "C:/Users/14435/Desktop/ECE385/Lab5/lab5_provided_sp24/srcs/load_reg.sv" into library xil_defaultlib
INFO: [VRFC 10-311] analyzing module load_reg
INFO: [VRFC 10-2263] Analyzing SystemVerilog file "C:/Users/14435/Desktop/ECE385/Lab5/lab5_provided_sp24/srcs/memory.sv" into library xil_defaultlib
INFO: [VRFC 10-311] analyzing module memory
INFO: [VRFC 10-2263] Analyzing SystemVerilog file "C:/Users/14435/Desktop/ECE385/Lab5/lab5_provided_sp24/srcs/processor_top.sv" into library xil_defaultlib
INFO: [VRFC 10-311] analyzing module processor_top
INFO: [VRFC 10-2263] Analyzing SystemVerilog file "C:/Users/14435/Desktop/ECE385/Lab5/lab5_provided_sp24/srcs/slc3.sv" into library xil_defaultlib
INFO: [VRFC 10-311] analyzing module slc3
INFO: [VRFC 10-2263] Analyzing SystemVerilog file "C:/Users/14435/Desktop/ECE385/Lab5/lab5_provided_sp24/srcs/sync.sv" into library xil_defaultlib
INFO: [VRFC 10-311] analyzing module sync_debounce
INFO: [VRFC 10-311] analyzing module sync_flop
INFO: [VRFC 10-2263] Analyzing SystemVerilog file "C:/Users/14435/Desktop/ECE385/Lab5/lab5_provided_sp24/srcs/test_memory.sv" into library xil_defaultlib
INFO: [VRFC 10-311] analyzing module test_memory
INFO: [VRFC 10-2263] Analyzing SystemVerilog file "C:/Users/14435/Desktop/ECE385/Lab5/Lab5/Lab5.srcs/sim_1/new/week1test.sv" into library xil_defaultlib
INFO: [VRFC 10-311] analyzing module week1test
INFO: [USF-XSim-69] 'compile' step finished in '2' seconds
Command: launch_simulation -step elaborate -simset sim_1 -mode behavioral
INFO: [Vivado 12-12493] Simulation top is 'week1test'
WARNING: [Vivado 12-13340] Unable to auto find GCC executables from simulator install path! (path not set)
WARNING: [Vivado 12-13277] Compiled library path does not exist: ''
INFO: [Vivado 12-5698] Checking validity of IPs in the design for the 'XSim' simulator...
INFO: [Vivado 12-5682] Launching behavioral simulation in 'C:/Users/14435/Desktop/ECE385/Lab5/Lab5/Lab5.sim/sim_1/behav/xsim'
INFO: [Vivado 12-4795] Using compiled simulation libraries for IPs
INFO: [SIM-utils-51] Simulation object is 'sim_1'
INFO: [USF-XSim-3] XSim::Elaborate design
INFO: [USF-XSim-61] Executing 'ELABORATE' step in 'C:/Users/14435/Desktop/ECE385/Lab5/Lab5/Lab5.sim/sim_1/behav/xsim'
"xelab --incr --debug typical --relax --mt 2 -L xil_defaultlib -L uvm -L unisims_ver -L unimacro_ver -L secureip -L xpm --snapshot week1test_behav xil_defaultlib.week1test xil_defaultlib.glbl -log elaborate.log"
Vivado Simulator v2022.2
Copyright 1986-1999, 2001-2022 Xilinx, Inc. All Rights Reserved.
Running: C:/Users/14435/Desktop/Vivado/2022.2/bin/unwrapped/win64.o/xelab.exe --incr --debug typical --relax --mt 2 -L xil_defaultlib -L uvm -L unisims_ver -L unimacro_ver -L secureip -L xpm --snapshot week1test_behav xil_defaultlib.week1test xil_defaultlib.glbl -log elaborate.log 
Using 2 slave threads.
Starting static elaboration
Pass Through NonSizing Optimizer
WARNING: [VRFC 10-3091] actual bit length 32 differs from formal bit length 16 for port 'd00' [C:/Users/14435/Desktop/ECE385/Lab5/lab5_provided_sp24/srcs/cpu.sv:143]
Completed static elaboration
Starting simulation data flow analysis
Completed simulation data flow analysis
Time Resolution for simulation is 1ps
Compiling package xil_defaultlib.$unit_MUX_sv_1769562423
Compiling package xil_defaultlib.SLC3_TYPES
Compiling module xil_defaultlib.sync_debounce
Compiling module xil_defaultlib.sync_flop
Compiling module xil_defaultlib.control
Compiling module xil_defaultlib.MUX_4
Compiling module xil_defaultlib.MUX_2
Compiling module xil_defaultlib.MUX_16
Compiling module xil_defaultlib.MUX_2(width=3)
Compiling module xil_defaultlib.load_reg(DATA_WIDTH=16)
Compiling module xil_defaultlib.MUX_8
Compiling module xil_defaultlib.Register_file
Compiling module xil_defaultlib.load_reg(DATA_WIDTH=3)
Compiling module xil_defaultlib.load_reg
Compiling module xil_defaultlib.cpu
Compiling module xil_defaultlib.nibble_to_hex
Compiling module xil_defaultlib.hex_driver_default
Compiling module xil_defaultlib.cpu_to_io
Compiling module xil_defaultlib.slc3
Compiling module xil_defaultlib.test_memory
Compiling module xil_defaultlib.memory
Compiling module xil_defaultlib.processor_top_default
Compiling module xil_defaultlib.week1test
Compiling module xil_defaultlib.glbl
Built simulation snapshot week1test_behav
INFO: [USF-XSim-69] 'elaborate' step finished in '4' seconds
Time resolution is 1 ps
relaunch_sim: Time (s): cpu = 00:00:01 ; elapsed = 00:00:08 . Memory (MB): peak = 2347.301 ; gain = 0.688
run 300 ms
relaunch_sim
Command: launch_simulation -step compile -simset sim_1 -mode behavioral
INFO: [Vivado 12-12493] Simulation top is 'week1test'
WARNING: [Vivado 12-13340] Unable to auto find GCC executables from simulator install path! (path not set)
WARNING: [Vivado 12-13277] Compiled library path does not exist: ''
INFO: [Vivado 12-5698] Checking validity of IPs in the design for the 'XSim' simulator...
INFO: [Vivado 12-5682] Launching behavioral simulation in 'C:/Users/14435/Desktop/ECE385/Lab5/Lab5/Lab5.sim/sim_1/behav/xsim'
INFO: [Vivado 12-4795] Using compiled simulation libraries for IPs
INFO: [SIM-utils-51] Simulation object is 'sim_1'
INFO: [USF-XSim-2] XSim::Compile design
INFO: [USF-XSim-61] Executing 'COMPILE and ANALYZE' step in 'C:/Users/14435/Desktop/ECE385/Lab5/Lab5/Lab5.sim/sim_1/behav/xsim'
"xvlog --incr --relax -L uvm -prj week1test_vlog.prj"
INFO: [VRFC 10-2263] Analyzing SystemVerilog file "C:/Users/14435/Desktop/ECE385/Lab5/Lab5/Lab5.srcs/sources_1/new/MUX.sv" into library xil_defaultlib
INFO: [VRFC 10-311] analyzing module MUX_2
INFO: [VRFC 10-311] analyzing module MUX_4
INFO: [VRFC 10-311] analyzing module MUX_16
INFO: [VRFC 10-311] analyzing module MUX_8
INFO: [VRFC 10-2263] Analyzing SystemVerilog file "C:/Users/14435/Desktop/ECE385/Lab5/Lab5/Lab5.srcs/sources_1/new/Register_file.sv" into library xil_defaultlib
INFO: [VRFC 10-311] analyzing module Register_file
INFO: [VRFC 10-2263] Analyzing SystemVerilog file "C:/Users/14435/Desktop/ECE385/Lab5/lab5_provided_sp24/srcs/control.sv" into library xil_defaultlib
INFO: [VRFC 10-311] analyzing module control
INFO: [VRFC 10-2263] Analyzing SystemVerilog file "C:/Users/14435/Desktop/ECE385/Lab5/lab5_provided_sp24/srcs/cpu.sv" into library xil_defaultlib
INFO: [VRFC 10-311] analyzing module cpu
INFO: [VRFC 10-2263] Analyzing SystemVerilog file "C:/Users/14435/Desktop/ECE385/Lab5/lab5_provided_sp24/srcs/cpu_to_io.sv" into library xil_defaultlib
INFO: [VRFC 10-311] analyzing module cpu_to_io
INFO: [VRFC 10-2263] Analyzing SystemVerilog file "C:/Users/14435/Desktop/ECE385/Lab5/lab5_provided_sp24/srcs/hex_driver.sv" into library xil_defaultlib
INFO: [VRFC 10-311] analyzing module hex_driver
INFO: [VRFC 10-311] analyzing module nibble_to_hex
INFO: [VRFC 10-2263] Analyzing SystemVerilog file "C:/Users/14435/Desktop/ECE385/Lab5/lab5_provided_sp24/srcs/instantiate_ram.sv" into library xil_defaultlib
INFO: [VRFC 10-311] analyzing module instantiate_ram
INFO: [VRFC 10-2263] Analyzing SystemVerilog file "C:/Users/14435/Desktop/ECE385/Lab5/lab5_provided_sp24/srcs/load_reg.sv" into library xil_defaultlib
INFO: [VRFC 10-311] analyzing module load_reg
INFO: [VRFC 10-2263] Analyzing SystemVerilog file "C:/Users/14435/Desktop/ECE385/Lab5/lab5_provided_sp24/srcs/memory.sv" into library xil_defaultlib
INFO: [VRFC 10-311] analyzing module memory
INFO: [VRFC 10-2263] Analyzing SystemVerilog file "C:/Users/14435/Desktop/ECE385/Lab5/lab5_provided_sp24/srcs/processor_top.sv" into library xil_defaultlib
INFO: [VRFC 10-311] analyzing module processor_top
INFO: [VRFC 10-2263] Analyzing SystemVerilog file "C:/Users/14435/Desktop/ECE385/Lab5/lab5_provided_sp24/srcs/slc3.sv" into library xil_defaultlib
INFO: [VRFC 10-311] analyzing module slc3
INFO: [VRFC 10-2263] Analyzing SystemVerilog file "C:/Users/14435/Desktop/ECE385/Lab5/lab5_provided_sp24/srcs/sync.sv" into library xil_defaultlib
INFO: [VRFC 10-311] analyzing module sync_debounce
INFO: [VRFC 10-311] analyzing module sync_flop
INFO: [VRFC 10-2263] Analyzing SystemVerilog file "C:/Users/14435/Desktop/ECE385/Lab5/lab5_provided_sp24/srcs/test_memory.sv" into library xil_defaultlib
INFO: [VRFC 10-311] analyzing module test_memory
INFO: [VRFC 10-2263] Analyzing SystemVerilog file "C:/Users/14435/Desktop/ECE385/Lab5/Lab5/Lab5.srcs/sim_1/new/week1test.sv" into library xil_defaultlib
INFO: [VRFC 10-311] analyzing module week1test
INFO: [USF-XSim-69] 'compile' step finished in '2' seconds
Command: launch_simulation -step elaborate -simset sim_1 -mode behavioral
INFO: [Vivado 12-12493] Simulation top is 'week1test'
WARNING: [Vivado 12-13340] Unable to auto find GCC executables from simulator install path! (path not set)
WARNING: [Vivado 12-13277] Compiled library path does not exist: ''
INFO: [Vivado 12-5698] Checking validity of IPs in the design for the 'XSim' simulator...
INFO: [Vivado 12-5682] Launching behavioral simulation in 'C:/Users/14435/Desktop/ECE385/Lab5/Lab5/Lab5.sim/sim_1/behav/xsim'
INFO: [Vivado 12-4795] Using compiled simulation libraries for IPs
INFO: [SIM-utils-51] Simulation object is 'sim_1'
INFO: [USF-XSim-3] XSim::Elaborate design
INFO: [USF-XSim-61] Executing 'ELABORATE' step in 'C:/Users/14435/Desktop/ECE385/Lab5/Lab5/Lab5.sim/sim_1/behav/xsim'
"xelab --incr --debug typical --relax --mt 2 -L xil_defaultlib -L uvm -L unisims_ver -L unimacro_ver -L secureip -L xpm --snapshot week1test_behav xil_defaultlib.week1test xil_defaultlib.glbl -log elaborate.log"
Vivado Simulator v2022.2
Copyright 1986-1999, 2001-2022 Xilinx, Inc. All Rights Reserved.
Running: C:/Users/14435/Desktop/Vivado/2022.2/bin/unwrapped/win64.o/xelab.exe --incr --debug typical --relax --mt 2 -L xil_defaultlib -L uvm -L unisims_ver -L unimacro_ver -L secureip -L xpm --snapshot week1test_behav xil_defaultlib.week1test xil_defaultlib.glbl -log elaborate.log 
Using 2 slave threads.
Starting static elaboration
Pass Through NonSizing Optimizer
WARNING: [VRFC 10-3091] actual bit length 32 differs from formal bit length 16 for port 'd00' [C:/Users/14435/Desktop/ECE385/Lab5/lab5_provided_sp24/srcs/cpu.sv:143]
Completed static elaboration
Starting simulation data flow analysis
Completed simulation data flow analysis
Time Resolution for simulation is 1ps
Compiling package xil_defaultlib.$unit_MUX_sv_1769562423
Compiling package xil_defaultlib.SLC3_TYPES
Compiling module xil_defaultlib.sync_debounce
Compiling module xil_defaultlib.sync_flop
Compiling module xil_defaultlib.control
Compiling module xil_defaultlib.MUX_4
Compiling module xil_defaultlib.MUX_2
Compiling module xil_defaultlib.MUX_16
Compiling module xil_defaultlib.MUX_2(width=3)
Compiling module xil_defaultlib.load_reg(DATA_WIDTH=16)
Compiling module xil_defaultlib.MUX_8
Compiling module xil_defaultlib.Register_file
Compiling module xil_defaultlib.load_reg(DATA_WIDTH=3)
Compiling module xil_defaultlib.load_reg
Compiling module xil_defaultlib.cpu
Compiling module xil_defaultlib.nibble_to_hex
Compiling module xil_defaultlib.hex_driver_default
Compiling module xil_defaultlib.cpu_to_io
Compiling module xil_defaultlib.slc3
Compiling module xil_defaultlib.test_memory
Compiling module xil_defaultlib.memory
Compiling module xil_defaultlib.processor_top_default
Compiling module xil_defaultlib.week1test
Compiling module xil_defaultlib.glbl
Built simulation snapshot week1test_behav
INFO: [USF-XSim-69] 'elaborate' step finished in '4' seconds
Time resolution is 1 ps
relaunch_sim: Time (s): cpu = 00:00:00 ; elapsed = 00:00:08 . Memory (MB): peak = 2366.871 ; gain = 0.453
run 300 ms
close_sim
INFO: [Simtcl 6-16] Simulation closed
exit
INFO: [Common 17-206] Exiting Vivado at Fri Mar  8 18:30:07 2024...
